2024-04-26 22:21:31 epoch [1/10], step [1/20], loss: 1.1332
2024-04-26 22:21:31 epoch [1/10], step [2/20], loss: 1.1339
2024-04-26 22:21:31 epoch [1/10], step [3/20], loss: 1.1132
2024-04-26 22:21:31 epoch [1/10], step [4/20], loss: 1.1070
2024-04-26 22:21:31 epoch [1/10], step [5/20], loss: 1.1158
2024-04-26 22:21:31 epoch [1/10], step [6/20], loss: 1.1192
2024-04-26 22:21:31 epoch [1/10], step [7/20], loss: 1.0817
2024-04-26 22:21:31 epoch [1/10], step [8/20], loss: 1.0698
2024-04-26 22:21:31 epoch [1/10], step [9/20], loss: 1.1143
2024-04-26 22:21:31 epoch [1/10], step [10/20], loss: 1.0202
2024-04-26 22:21:31 epoch [1/10], step [11/20], loss: 1.0665
2024-04-26 22:21:32 epoch [1/10], step [12/20], loss: 1.1221
2024-04-26 22:21:32 epoch [1/10], step [13/20], loss: 1.0635
2024-04-26 22:21:32 epoch [1/10], step [14/20], loss: 0.9372
2024-04-26 22:21:32 epoch [1/10], step [15/20], loss: 0.9416
2024-04-26 22:21:32 epoch [1/10], step [16/20], loss: 1.0184
2024-04-26 22:21:32 epoch [1/10], step [17/20], loss: 1.1098
2024-04-26 22:21:32 epoch [1/10], step [18/20], loss: 1.0622
2024-04-26 22:21:32 epoch [1/10], step [19/20], loss: 1.0615
2024-04-26 22:21:32 epoch [1/10], step [20/20], loss: 1.0774
2024-04-26 22:21:32 epoch [1/10], avg_loss: 1.0734
2024-04-26 22:21:32 epoch [2/10], step [1/20], loss: 0.8629
2024-04-26 22:21:32 epoch [2/10], step [2/20], loss: 0.8737
2024-04-26 22:21:32 epoch [2/10], step [3/20], loss: 0.8112
2024-04-26 22:21:32 epoch [2/10], step [4/20], loss: 0.7446
2024-04-26 22:21:32 epoch [2/10], step [5/20], loss: 1.0022
2024-04-26 22:21:33 epoch [2/10], step [6/20], loss: 0.9519
2024-04-26 22:21:33 epoch [2/10], step [7/20], loss: 0.6804
2024-04-26 22:21:33 epoch [2/10], step [8/20], loss: 0.5331
2024-04-26 22:21:33 epoch [2/10], step [9/20], loss: 0.7875
2024-04-26 22:21:33 epoch [2/10], step [10/20], loss: 1.0998
2024-04-26 22:21:33 epoch [2/10], step [11/20], loss: 0.4730
2024-04-26 22:21:33 epoch [2/10], step [12/20], loss: 1.0780
2024-04-26 22:21:33 epoch [2/10], step [13/20], loss: 0.7937
2024-04-26 22:21:33 epoch [2/10], step [14/20], loss: 1.8653
2024-04-26 22:21:33 epoch [2/10], step [15/20], loss: 1.1192
2024-04-26 22:21:33 epoch [2/10], step [16/20], loss: 1.4240
2024-04-26 22:21:33 epoch [2/10], step [17/20], loss: 0.8544
2024-04-26 22:21:33 epoch [2/10], step [18/20], loss: 1.4833
2024-04-26 22:21:34 epoch [2/10], step [19/20], loss: 0.9942
2024-04-26 22:21:34 epoch [2/10], step [20/20], loss: 0.3970
2024-04-26 22:21:34 epoch [2/10], avg_loss: 0.9415
2024-04-26 22:21:34 epoch [3/10], step [1/20], loss: 1.3343
2024-04-26 22:21:34 epoch [3/10], step [2/20], loss: 0.9656
2024-04-26 22:21:34 epoch [3/10], step [3/20], loss: 0.8751
2024-04-26 22:21:34 epoch [3/10], step [4/20], loss: 0.8482
2024-04-26 22:21:34 epoch [3/10], step [5/20], loss: 0.5716
2024-04-26 22:21:34 epoch [3/10], step [6/20], loss: 0.7783
2024-04-26 22:21:34 epoch [3/10], step [7/20], loss: 0.7449
2024-04-26 22:21:34 epoch [3/10], step [8/20], loss: 0.5443
2024-04-26 22:21:34 epoch [3/10], step [9/20], loss: 0.9861
2024-04-26 22:21:34 epoch [3/10], step [10/20], loss: 1.0221
2024-04-26 22:21:34 epoch [3/10], step [11/20], loss: 0.8564
2024-04-26 22:21:34 epoch [3/10], step [12/20], loss: 0.3941
2024-04-26 22:21:35 epoch [3/10], step [13/20], loss: 0.7883
2024-04-26 22:21:35 epoch [3/10], step [14/20], loss: 0.4420
2024-04-26 22:21:35 epoch [3/10], step [15/20], loss: 0.7095
2024-04-26 22:21:35 epoch [3/10], step [16/20], loss: 0.4177
2024-04-26 22:21:35 epoch [3/10], step [17/20], loss: 1.1192
2024-04-26 22:21:35 epoch [3/10], step [18/20], loss: 0.5749
2024-04-26 22:21:35 epoch [3/10], step [19/20], loss: 0.4590
2024-04-26 22:21:35 epoch [3/10], step [20/20], loss: 0.2710
2024-04-26 22:21:35 epoch [3/10], avg_loss: 0.7351
2024-04-26 22:21:35 epoch [4/10], step [1/20], loss: 0.3320
2024-04-26 22:21:35 epoch [4/10], step [2/20], loss: 0.6535
2024-04-26 22:21:35 epoch [4/10], step [3/20], loss: 1.1590
2024-04-26 22:21:35 epoch [4/10], step [4/20], loss: 0.6894
2024-04-26 22:21:35 epoch [4/10], step [5/20], loss: 1.0123
2024-04-26 22:21:36 epoch [4/10], step [6/20], loss: 0.0608
2024-04-26 22:21:36 epoch [4/10], step [7/20], loss: 0.1015
2024-04-26 22:21:36 epoch [4/10], step [8/20], loss: 0.0677
2024-04-26 22:21:36 epoch [4/10], step [9/20], loss: 0.0406
2024-04-26 22:21:36 epoch [4/10], step [10/20], loss: 0.5030
2024-04-26 22:21:36 epoch [4/10], step [11/20], loss: 0.2852
2024-04-26 22:21:36 epoch [4/10], step [12/20], loss: 0.1576
2024-04-26 22:21:36 epoch [4/10], step [13/20], loss: 0.0636
2024-04-26 22:21:36 epoch [4/10], step [14/20], loss: 0.0256
2024-04-26 22:21:36 epoch [4/10], step [15/20], loss: 0.7469
2024-04-26 22:21:36 epoch [4/10], step [16/20], loss: 1.1624
2024-04-26 22:21:36 epoch [4/10], step [17/20], loss: 0.7414
2024-04-26 22:21:36 epoch [4/10], step [18/20], loss: 0.4386
2024-04-26 22:21:36 epoch [4/10], step [19/20], loss: 0.2463
2024-04-26 22:21:37 epoch [4/10], step [20/20], loss: 0.5263
2024-04-26 22:21:37 epoch [4/10], avg_loss: 0.4507
2024-04-26 22:21:37 epoch [5/10], step [1/20], loss: 0.0332
2024-04-26 22:21:37 epoch [5/10], step [2/20], loss: 0.3240
2024-04-26 22:21:37 epoch [5/10], step [3/20], loss: 0.8422
2024-04-26 22:21:37 epoch [5/10], step [4/20], loss: 0.1405
2024-04-26 22:21:37 epoch [5/10], step [5/20], loss: 0.5756
2024-04-26 22:21:37 epoch [5/10], step [6/20], loss: 0.4490
2024-04-26 22:21:37 epoch [5/10], step [7/20], loss: 0.6016
2024-04-26 22:21:37 epoch [5/10], step [8/20], loss: 0.0955
2024-04-26 22:21:37 epoch [5/10], step [9/20], loss: 0.3404
2024-04-26 22:21:37 epoch [5/10], step [10/20], loss: 0.6887
2024-04-26 22:21:37 epoch [5/10], step [11/20], loss: 0.1965
2024-04-26 22:21:37 epoch [5/10], step [12/20], loss: 0.3536
2024-04-26 22:21:38 epoch [5/10], step [13/20], loss: 0.3844
2024-04-26 22:21:38 epoch [5/10], step [14/20], loss: 0.0803
2024-04-26 22:21:38 epoch [5/10], step [15/20], loss: 0.0121
2024-04-26 22:21:38 epoch [5/10], step [16/20], loss: 0.5971
2024-04-26 22:21:38 epoch [5/10], step [17/20], loss: 0.2373
2024-04-26 22:21:38 epoch [5/10], step [18/20], loss: 0.2889
2024-04-26 22:21:38 epoch [5/10], step [19/20], loss: 0.8783
2024-04-26 22:21:38 epoch [5/10], step [20/20], loss: 0.0107
2024-04-26 22:21:38 epoch [5/10], avg_loss: 0.3565
2024-04-26 22:21:38 epoch [6/10], step [1/20], loss: 0.0126
2024-04-26 22:21:38 epoch [6/10], step [2/20], loss: 0.1370
2024-04-26 22:21:38 epoch [6/10], step [3/20], loss: 0.0176
2024-04-26 22:21:38 epoch [6/10], step [4/20], loss: 0.0264
2024-04-26 22:21:38 epoch [6/10], step [5/20], loss: 0.5069
2024-04-26 22:21:38 epoch [6/10], step [6/20], loss: 0.1689
2024-04-26 22:21:39 epoch [6/10], step [7/20], loss: 0.3373
2024-04-26 22:21:39 epoch [6/10], step [8/20], loss: 0.1775
2024-04-26 22:21:39 epoch [6/10], step [9/20], loss: 0.4230
2024-04-26 22:21:39 epoch [6/10], step [10/20], loss: 0.0076
2024-04-26 22:21:39 epoch [6/10], step [11/20], loss: 0.0065
2024-04-26 22:21:39 epoch [6/10], step [12/20], loss: 0.4507
2024-04-26 22:21:39 epoch [6/10], step [13/20], loss: 0.1317
2024-04-26 22:21:39 epoch [6/10], step [14/20], loss: 0.0105
2024-04-26 22:21:39 epoch [6/10], step [15/20], loss: 0.0564
2024-04-26 22:21:39 epoch [6/10], step [16/20], loss: 0.1859
2024-04-26 22:21:39 epoch [6/10], step [17/20], loss: 0.1522
2024-04-26 22:21:39 epoch [6/10], step [18/20], loss: 0.7709
2024-04-26 22:21:39 epoch [6/10], step [19/20], loss: 0.0060
2024-04-26 22:21:40 epoch [6/10], step [20/20], loss: 0.2921
2024-04-26 22:21:40 epoch [6/10], avg_loss: 0.1939
2024-04-26 22:21:40 epoch [7/10], step [1/20], loss: 0.0671
2024-04-26 22:21:40 epoch [7/10], step [2/20], loss: 0.0050
2024-04-26 22:21:40 epoch [7/10], step [3/20], loss: 0.0708
2024-04-26 22:21:40 epoch [7/10], step [4/20], loss: 0.8025
2024-04-26 22:21:40 epoch [7/10], step [5/20], loss: 0.0052
2024-04-26 22:21:40 epoch [7/10], step [6/20], loss: 0.0072
2024-04-26 22:21:40 epoch [7/10], step [7/20], loss: 0.0997
2024-04-26 22:21:40 epoch [7/10], step [8/20], loss: 0.0538
2024-04-26 22:21:40 epoch [7/10], step [9/20], loss: 0.0565
2024-04-26 22:21:40 epoch [7/10], step [10/20], loss: 0.0570
2024-04-26 22:21:40 epoch [7/10], step [11/20], loss: 0.0045
2024-04-26 22:21:40 epoch [7/10], step [12/20], loss: 0.0045
2024-04-26 22:21:40 epoch [7/10], step [13/20], loss: 0.3031
2024-04-26 22:21:41 epoch [7/10], step [14/20], loss: 0.0060
2024-04-26 22:21:41 epoch [7/10], step [15/20], loss: 0.0308
2024-04-26 22:21:41 epoch [7/10], step [16/20], loss: 0.1411
2024-04-26 22:21:41 epoch [7/10], step [17/20], loss: 0.0044
2024-04-26 22:21:41 epoch [7/10], step [18/20], loss: 0.0052
2024-04-26 22:21:41 epoch [7/10], step [19/20], loss: 0.2477
2024-04-26 22:21:41 epoch [7/10], step [20/20], loss: 0.5246
2024-04-26 22:21:41 epoch [7/10], avg_loss: 0.1248
2024-04-26 22:21:41 epoch [8/10], step [1/20], loss: 0.0302
2024-04-26 22:21:41 epoch [8/10], step [2/20], loss: 0.0606
2024-04-26 22:21:41 epoch [8/10], step [3/20], loss: 0.0053
2024-04-26 22:21:41 epoch [8/10], step [4/20], loss: 0.0814
2024-04-26 22:21:41 epoch [8/10], step [5/20], loss: 0.2315
2024-04-26 22:21:41 epoch [8/10], step [6/20], loss: 0.0259
2024-04-26 22:21:42 epoch [8/10], step [7/20], loss: 0.0176
2024-04-26 22:21:42 epoch [8/10], step [8/20], loss: 0.0035
2024-04-26 22:21:42 epoch [8/10], step [9/20], loss: 0.0041
2024-04-26 22:21:42 epoch [8/10], step [10/20], loss: 0.0036
2024-04-26 22:21:42 epoch [8/10], step [11/20], loss: 0.0461
2024-04-26 22:21:42 epoch [8/10], step [12/20], loss: 0.0194
2024-04-26 22:21:42 epoch [8/10], step [13/20], loss: 0.1733
2024-04-26 22:21:42 epoch [8/10], step [14/20], loss: 0.0172
2024-04-26 22:21:42 epoch [8/10], step [15/20], loss: 0.5382
2024-04-26 22:21:42 epoch [8/10], step [16/20], loss: 0.1624
2024-04-26 22:21:42 epoch [8/10], step [17/20], loss: 0.0038
2024-04-26 22:21:42 epoch [8/10], step [18/20], loss: 0.0037
2024-04-26 22:21:42 epoch [8/10], step [19/20], loss: 0.0300
2024-04-26 22:21:43 epoch [8/10], step [20/20], loss: 0.0047
2024-04-26 22:21:43 epoch [8/10], avg_loss: 0.0731
2024-04-26 22:21:43 epoch [9/10], step [1/20], loss: 0.0048
2024-04-26 22:21:43 epoch [9/10], step [2/20], loss: 0.0133
2024-04-26 22:21:43 epoch [9/10], step [3/20], loss: 0.0230
2024-04-26 22:21:43 epoch [9/10], step [4/20], loss: 0.0239
2024-04-26 22:21:43 epoch [9/10], step [5/20], loss: 0.2584
2024-04-26 22:21:43 epoch [9/10], step [6/20], loss: 0.0037
2024-04-26 22:21:43 epoch [9/10], step [7/20], loss: 0.1258
2024-04-26 22:21:43 epoch [9/10], step [8/20], loss: 0.0045
2024-04-26 22:21:43 epoch [9/10], step [9/20], loss: 0.0099
2024-04-26 22:21:43 epoch [9/10], step [10/20], loss: 0.0035
2024-04-26 22:21:43 epoch [9/10], step [11/20], loss: 0.0030
2024-04-26 22:21:43 epoch [9/10], step [12/20], loss: 0.1185
2024-04-26 22:21:43 epoch [9/10], step [13/20], loss: 0.0180
2024-04-26 22:21:44 epoch [9/10], step [14/20], loss: 0.0095
2024-04-26 22:21:44 epoch [9/10], step [15/20], loss: 0.0037
2024-04-26 22:21:44 epoch [9/10], step [16/20], loss: 0.0133
2024-04-26 22:21:44 epoch [9/10], step [17/20], loss: 0.1514
2024-04-26 22:21:44 epoch [9/10], step [18/20], loss: 0.1102
2024-04-26 22:21:44 epoch [9/10], step [19/20], loss: 2.9824
2024-04-26 22:21:44 epoch [9/10], step [20/20], loss: 0.0042
2024-04-26 22:21:44 epoch [9/10], avg_loss: 0.1942
2024-04-26 22:21:44 epoch [10/10], step [1/20], loss: 0.0155
2024-04-26 22:21:44 epoch [10/10], step [2/20], loss: 0.0047
2024-04-26 22:21:44 epoch [10/10], step [3/20], loss: 0.0062
2024-04-26 22:21:44 epoch [10/10], step [4/20], loss: 0.0084
2024-04-26 22:21:44 epoch [10/10], step [5/20], loss: 0.0065
2024-04-26 22:21:44 epoch [10/10], step [6/20], loss: 0.0117
2024-04-26 22:21:45 epoch [10/10], step [7/20], loss: 0.0821
2024-04-26 22:21:45 epoch [10/10], step [8/20], loss: 0.0066
2024-04-26 22:21:45 epoch [10/10], step [9/20], loss: 0.0136
2024-04-26 22:21:45 epoch [10/10], step [10/20], loss: 0.0095
2024-04-26 22:21:45 epoch [10/10], step [11/20], loss: 0.1067
2024-04-26 22:21:45 epoch [10/10], step [12/20], loss: 0.1674
2024-04-26 22:21:45 epoch [10/10], step [13/20], loss: 0.0726
2024-04-26 22:21:45 epoch [10/10], step [14/20], loss: 0.0132
2024-04-26 22:21:45 epoch [10/10], step [15/20], loss: 0.0093
2024-04-26 22:21:45 epoch [10/10], step [16/20], loss: 0.0179
2024-04-26 22:21:45 epoch [10/10], step [17/20], loss: 0.0704
2024-04-26 22:21:45 epoch [10/10], step [18/20], loss: 0.0103
2024-04-26 22:21:45 epoch [10/10], step [19/20], loss: 0.0176
2024-04-26 22:21:45 epoch [10/10], step [20/20], loss: 0.0120
2024-04-26 22:21:45 epoch [10/10], avg_loss: 0.0331
2024-04-26 22:21:45 训练完成
2024-04-26 22:21:46 close the plot window to continue...
2024-04-26 22:21:59 outputs.data: 
2024-04-26 22:21:59 outputs.data.shape: 
2024-04-26 22:21:59 predicted: 
2024-04-26 22:21:59 labels: 
2024-04-26 22:21:59 predicted.shape: 
2024-04-26 22:21:59 labels.shape: 
2024-04-26 22:21:59 predicted_class: 
2024-04-26 22:21:59 labels_class: 
2024-04-26 22:21:59 all equal
2024-04-26 22:21:59 outputs.data: 
2024-04-26 22:21:59 outputs.data.shape: 
2024-04-26 22:21:59 predicted: 
2024-04-26 22:21:59 labels: 
2024-04-26 22:21:59 predicted.shape: 
2024-04-26 22:21:59 labels.shape: 
2024-04-26 22:21:59 predicted_class: 
2024-04-26 22:21:59 labels_class: 
2024-04-26 22:21:59 all equal
2024-04-26 22:21:59 outputs.data: 
2024-04-26 22:21:59 outputs.data.shape: 
2024-04-26 22:21:59 predicted: 
2024-04-26 22:21:59 labels: 
2024-04-26 22:21:59 predicted.shape: 
2024-04-26 22:21:59 labels.shape: 
2024-04-26 22:21:59 predicted_class: 
2024-04-26 22:21:59 labels_class: 
2024-04-26 22:21:59 all equal
2024-04-26 22:21:59 outputs.data: 
2024-04-26 22:21:59 outputs.data.shape: 
2024-04-26 22:21:59 predicted: 
2024-04-26 22:21:59 labels: 
2024-04-26 22:21:59 predicted.shape: 
2024-04-26 22:21:59 labels.shape: 
2024-04-26 22:21:59 predicted_class: 
2024-04-26 22:21:59 labels_class: 
2024-04-26 22:21:59 all equal
2024-04-26 22:21:59 outputs.data: 
2024-04-26 22:21:59 outputs.data.shape: 
2024-04-26 22:21:59 predicted: 
2024-04-26 22:21:59 labels: 
2024-04-26 22:21:59 predicted.shape: 
2024-04-26 22:21:59 labels.shape: 
2024-04-26 22:21:59 predicted_class: 
2024-04-26 22:21:59 labels_class: 
2024-04-26 22:21:59 all equal
2024-04-26 22:21:59 outputs.data: 
2024-04-26 22:21:59 outputs.data.shape: 
2024-04-26 22:21:59 predicted: 
2024-04-26 22:21:59 labels: 
2024-04-26 22:21:59 predicted.shape: 
2024-04-26 22:21:59 labels.shape: 
2024-04-26 22:21:59 predicted_class: 
2024-04-26 22:21:59 labels_class: 
2024-04-26 22:21:59 all equal
2024-04-26 22:21:59 outputs.data: 
2024-04-26 22:21:59 outputs.data.shape: 
2024-04-26 22:21:59 predicted: 
2024-04-26 22:21:59 labels: 
2024-04-26 22:21:59 predicted.shape: 
2024-04-26 22:21:59 labels.shape: 
2024-04-26 22:21:59 predicted_class: 
2024-04-26 22:21:59 labels_class: 
2024-04-26 22:21:59 all equal
2024-04-26 22:21:59 outputs.data: 
2024-04-26 22:21:59 outputs.data.shape: 
2024-04-26 22:21:59 predicted: 
2024-04-26 22:21:59 labels: 
2024-04-26 22:21:59 predicted.shape: 
2024-04-26 22:21:59 labels.shape: 
2024-04-26 22:21:59 predicted_class: 
2024-04-26 22:21:59 labels_class: 
2024-04-26 22:21:59 all equal
2024-04-26 22:21:59 outputs.data: 
2024-04-26 22:21:59 outputs.data.shape: 
2024-04-26 22:21:59 predicted: 
2024-04-26 22:21:59 labels: 
2024-04-26 22:21:59 predicted.shape: 
2024-04-26 22:21:59 labels.shape: 
2024-04-26 22:21:59 predicted_class: 
2024-04-26 22:21:59 labels_class: 
2024-04-26 22:21:59 all equal
2024-04-26 22:21:59 outputs.data: 
2024-04-26 22:21:59 outputs.data.shape: 
2024-04-26 22:21:59 predicted: 
2024-04-26 22:21:59 labels: 
2024-04-26 22:21:59 predicted.shape: 
2024-04-26 22:21:59 labels.shape: 
2024-04-26 22:21:59 predicted_class: 
2024-04-26 22:21:59 labels_class: 
2024-04-26 22:21:59 all equal
2024-04-26 22:21:59 outputs.data: 
2024-04-26 22:21:59 outputs.data.shape: 
2024-04-26 22:21:59 predicted: 
2024-04-26 22:21:59 labels: 
2024-04-26 22:21:59 predicted.shape: 
2024-04-26 22:21:59 labels.shape: 
2024-04-26 22:21:59 predicted_class: 
2024-04-26 22:21:59 labels_class: 
2024-04-26 22:21:59 all equal
2024-04-26 22:21:59 outputs.data: 
2024-04-26 22:21:59 outputs.data.shape: 
2024-04-26 22:21:59 predicted: 
2024-04-26 22:21:59 labels: 
2024-04-26 22:21:59 predicted.shape: 
2024-04-26 22:21:59 labels.shape: 
2024-04-26 22:21:59 predicted_class: 
2024-04-26 22:21:59 labels_class: 
2024-04-26 22:21:59 all equal
2024-04-26 22:21:59 outputs.data: 
2024-04-26 22:21:59 outputs.data.shape: 
2024-04-26 22:21:59 predicted: 
2024-04-26 22:21:59 labels: 
2024-04-26 22:21:59 predicted.shape: 
2024-04-26 22:21:59 labels.shape: 
2024-04-26 22:21:59 predicted_class: 
2024-04-26 22:21:59 labels_class: 
2024-04-26 22:21:59 all equal
2024-04-26 22:21:59 outputs.data: 
2024-04-26 22:21:59 outputs.data.shape: 
2024-04-26 22:21:59 predicted: 
2024-04-26 22:21:59 labels: 
2024-04-26 22:21:59 predicted.shape: 
2024-04-26 22:21:59 labels.shape: 
2024-04-26 22:21:59 predicted_class: 
2024-04-26 22:21:59 labels_class: 
2024-04-26 22:21:59 all equal
2024-04-26 22:21:59 outputs.data: 
2024-04-26 22:21:59 outputs.data.shape: 
2024-04-26 22:21:59 predicted: 
2024-04-26 22:21:59 labels: 
2024-04-26 22:21:59 predicted.shape: 
2024-04-26 22:21:59 labels.shape: 
2024-04-26 22:21:59 predicted_class: 
2024-04-26 22:21:59 labels_class: 
2024-04-26 22:21:59 all equal
2024-04-26 22:21:59 outputs.data: 
2024-04-26 22:21:59 outputs.data.shape: 
2024-04-26 22:21:59 predicted: 
2024-04-26 22:21:59 labels: 
2024-04-26 22:21:59 predicted.shape: 
2024-04-26 22:21:59 labels.shape: 
2024-04-26 22:21:59 predicted_class: 
2024-04-26 22:21:59 labels_class: 
2024-04-26 22:21:59 all equal
2024-04-26 22:21:59 outputs.data: 
2024-04-26 22:21:59 outputs.data.shape: 
2024-04-26 22:21:59 predicted: 
2024-04-26 22:21:59 labels: 
2024-04-26 22:21:59 predicted.shape: 
2024-04-26 22:21:59 labels.shape: 
2024-04-26 22:21:59 predicted_class: 
2024-04-26 22:21:59 labels_class: 
2024-04-26 22:21:59 all equal
2024-04-26 22:21:59 outputs.data: 
2024-04-26 22:21:59 outputs.data.shape: 
2024-04-26 22:21:59 predicted: 
2024-04-26 22:21:59 labels: 
2024-04-26 22:21:59 predicted.shape: 
2024-04-26 22:21:59 labels.shape: 
2024-04-26 22:21:59 predicted_class: 
2024-04-26 22:21:59 labels_class: 
2024-04-26 22:21:59 all equal
2024-04-26 22:21:59 outputs.data: 
2024-04-26 22:21:59 outputs.data.shape: 
2024-04-26 22:21:59 predicted: 
2024-04-26 22:21:59 labels: 
2024-04-26 22:21:59 predicted.shape: 
2024-04-26 22:21:59 labels.shape: 
2024-04-26 22:21:59 predicted_class: 
2024-04-26 22:21:59 labels_class: 
2024-04-26 22:21:59 all equal
2024-04-26 22:21:59 outputs.data: 
2024-04-26 22:21:59 outputs.data.shape: 
2024-04-26 22:21:59 predicted: 
2024-04-26 22:21:59 labels: 
2024-04-26 22:21:59 predicted.shape: 
2024-04-26 22:21:59 labels.shape: 
2024-04-26 22:21:59 predicted_class: 
2024-04-26 22:21:59 labels_class: 
2024-04-26 22:21:59 all equal
2024-04-26 22:21:59 outputs.data: 
2024-04-26 22:21:59 outputs.data.shape: 
2024-04-26 22:21:59 predicted: 
2024-04-26 22:21:59 labels: 
2024-04-26 22:21:59 predicted.shape: 
2024-04-26 22:21:59 labels.shape: 
2024-04-26 22:21:59 predicted_class: 
2024-04-26 22:21:59 labels_class: 
2024-04-26 22:21:59 all equal
2024-04-26 22:21:59 outputs.data: 
2024-04-26 22:21:59 outputs.data.shape: 
2024-04-26 22:21:59 predicted: 
2024-04-26 22:21:59 labels: 
2024-04-26 22:21:59 predicted.shape: 
2024-04-26 22:21:59 labels.shape: 
2024-04-26 22:21:59 predicted_class: 
2024-04-26 22:21:59 labels_class: 
2024-04-26 22:21:59 all equal
2024-04-26 22:22:00 outputs.data: 
2024-04-26 22:22:00 outputs.data.shape: 
2024-04-26 22:22:00 predicted: 
2024-04-26 22:22:00 labels: 
2024-04-26 22:22:00 predicted.shape: 
2024-04-26 22:22:00 labels.shape: 
2024-04-26 22:22:00 predicted_class: 
2024-04-26 22:22:00 labels_class: 
2024-04-26 22:22:00 all equal
2024-04-26 22:22:00 outputs.data: 
2024-04-26 22:22:00 outputs.data.shape: 
2024-04-26 22:22:00 predicted: 
2024-04-26 22:22:00 labels: 
2024-04-26 22:22:00 predicted.shape: 
2024-04-26 22:22:00 labels.shape: 
2024-04-26 22:22:00 predicted_class: 
2024-04-26 22:22:00 labels_class: 
2024-04-26 22:22:00 all equal
2024-04-26 22:22:00 outputs.data: 
2024-04-26 22:22:00 outputs.data.shape: 
2024-04-26 22:22:00 predicted: 
2024-04-26 22:22:00 labels: 
2024-04-26 22:22:00 predicted.shape: 
2024-04-26 22:22:00 labels.shape: 
2024-04-26 22:22:00 predicted_class: 
2024-04-26 22:22:00 labels_class: 
2024-04-26 22:22:00 all equal
2024-04-26 22:22:00 outputs.data: 
2024-04-26 22:22:00 outputs.data.shape: 
2024-04-26 22:22:00 predicted: 
2024-04-26 22:22:00 labels: 
2024-04-26 22:22:00 predicted.shape: 
2024-04-26 22:22:00 labels.shape: 
2024-04-26 22:22:00 predicted_class: 
2024-04-26 22:22:00 labels_class: 
2024-04-26 22:22:00 all equal
2024-04-26 22:22:00 outputs.data: 
2024-04-26 22:22:00 outputs.data.shape: 
2024-04-26 22:22:00 predicted: 
2024-04-26 22:22:00 labels: 
2024-04-26 22:22:00 predicted.shape: 
2024-04-26 22:22:00 labels.shape: 
2024-04-26 22:22:00 predicted_class: 
2024-04-26 22:22:00 labels_class: 
2024-04-26 22:22:00 all equal
2024-04-26 22:22:00 outputs.data: 
2024-04-26 22:22:00 outputs.data.shape: 
2024-04-26 22:22:00 predicted: 
2024-04-26 22:22:00 labels: 
2024-04-26 22:22:00 predicted.shape: 
2024-04-26 22:22:00 labels.shape: 
2024-04-26 22:22:00 predicted_class: 
2024-04-26 22:22:00 labels_class: 
2024-04-26 22:22:00 all equal
2024-04-26 22:22:00 outputs.data: 
2024-04-26 22:22:00 outputs.data.shape: 
2024-04-26 22:22:00 predicted: 
2024-04-26 22:22:00 labels: 
2024-04-26 22:22:00 predicted.shape: 
2024-04-26 22:22:00 labels.shape: 
2024-04-26 22:22:00 predicted_class: 
2024-04-26 22:22:00 labels_class: 
2024-04-26 22:22:00 all equal
2024-04-26 22:22:00 outputs.data: 
2024-04-26 22:22:00 outputs.data.shape: 
2024-04-26 22:22:00 predicted: 
2024-04-26 22:22:00 labels: 
2024-04-26 22:22:00 predicted.shape: 
2024-04-26 22:22:00 labels.shape: 
2024-04-26 22:22:00 predicted_class: 
2024-04-26 22:22:00 labels_class: 
2024-04-26 22:22:00 all equal
2024-04-26 22:22:00 outputs.data: 
2024-04-26 22:22:00 outputs.data.shape: 
2024-04-26 22:22:00 predicted: 
2024-04-26 22:22:00 labels: 
2024-04-26 22:22:00 predicted.shape: 
2024-04-26 22:22:00 labels.shape: 
2024-04-26 22:22:00 predicted_class: 
2024-04-26 22:22:00 labels_class: 
2024-04-26 22:22:00 all equal
2024-04-26 22:22:00 outputs.data: 
2024-04-26 22:22:00 outputs.data.shape: 
2024-04-26 22:22:00 predicted: 
2024-04-26 22:22:00 labels: 
2024-04-26 22:22:00 predicted.shape: 
2024-04-26 22:22:00 labels.shape: 
2024-04-26 22:22:00 predicted_class: 
2024-04-26 22:22:00 labels_class: 
2024-04-26 22:22:00 all equal
2024-04-26 22:22:00 outputs.data: 
2024-04-26 22:22:00 outputs.data.shape: 
2024-04-26 22:22:00 predicted: 
2024-04-26 22:22:00 labels: 
2024-04-26 22:22:00 predicted.shape: 
2024-04-26 22:22:00 labels.shape: 
2024-04-26 22:22:00 predicted_class: 
2024-04-26 22:22:00 labels_class: 
2024-04-26 22:22:00 all equal
2024-04-26 22:22:00 outputs.data: 
2024-04-26 22:22:00 outputs.data.shape: 
2024-04-26 22:22:00 predicted: 
2024-04-26 22:22:00 labels: 
2024-04-26 22:22:00 predicted.shape: 
2024-04-26 22:22:00 labels.shape: 
2024-04-26 22:22:00 predicted_class: 
2024-04-26 22:22:00 labels_class: 
2024-04-26 22:22:00 all equal
2024-04-26 22:22:00 outputs.data: 
2024-04-26 22:22:00 outputs.data.shape: 
2024-04-26 22:22:00 predicted: 
2024-04-26 22:22:00 labels: 
2024-04-26 22:22:00 predicted.shape: 
2024-04-26 22:22:00 labels.shape: 
2024-04-26 22:22:00 predicted_class: 
2024-04-26 22:22:00 labels_class: 
2024-04-26 22:22:00 all equal
2024-04-26 22:22:00 outputs.data: 
2024-04-26 22:22:00 outputs.data.shape: 
2024-04-26 22:22:00 predicted: 
2024-04-26 22:22:00 labels: 
2024-04-26 22:22:00 predicted.shape: 
2024-04-26 22:22:00 labels.shape: 
2024-04-26 22:22:00 predicted_class: 
2024-04-26 22:22:00 labels_class: 
2024-04-26 22:22:00 all equal
2024-04-26 22:22:00 outputs.data: 
2024-04-26 22:22:00 outputs.data.shape: 
2024-04-26 22:22:00 predicted: 
2024-04-26 22:22:00 labels: 
2024-04-26 22:22:00 predicted.shape: 
2024-04-26 22:22:00 labels.shape: 
2024-04-26 22:22:00 predicted_class: 
2024-04-26 22:22:00 labels_class: 
2024-04-26 22:22:00 all equal
2024-04-26 22:22:00 outputs.data: 
2024-04-26 22:22:00 outputs.data.shape: 
2024-04-26 22:22:00 predicted: 
2024-04-26 22:22:00 labels: 
2024-04-26 22:22:00 predicted.shape: 
2024-04-26 22:22:00 labels.shape: 
2024-04-26 22:22:00 predicted_class: 
2024-04-26 22:22:00 labels_class: 
2024-04-26 22:22:00 all equal
2024-04-26 22:22:00 outputs.data: 
2024-04-26 22:22:00 outputs.data.shape: 
2024-04-26 22:22:00 predicted: 
2024-04-26 22:22:00 labels: 
2024-04-26 22:22:00 predicted.shape: 
2024-04-26 22:22:00 labels.shape: 
2024-04-26 22:22:00 predicted_class: 
2024-04-26 22:22:00 labels_class: 
2024-04-26 22:22:00 all equal
2024-04-26 22:22:00 outputs.data: 
2024-04-26 22:22:00 outputs.data.shape: 
2024-04-26 22:22:00 predicted: 
2024-04-26 22:22:00 labels: 
2024-04-26 22:22:00 predicted.shape: 
2024-04-26 22:22:00 labels.shape: 
2024-04-26 22:22:00 predicted_class: 
2024-04-26 22:22:00 labels_class: 
2024-04-26 22:22:00 all equal
2024-04-26 22:22:00 Accuracy on the test set: 100.00%
