2024-04-27 04:02:22.533 | INFO     | pre_process:train_model:150 - epoch [1/30], step [5/27], loss: 1.0939
2024-04-27 04:02:23.140 | INFO     | pre_process:train_model:150 - epoch [1/30], step [10/27], loss: 1.0504
2024-04-27 04:02:23.746 | INFO     | pre_process:train_model:150 - epoch [1/30], step [15/27], loss: 1.1941
2024-04-27 04:02:24.371 | INFO     | pre_process:train_model:150 - epoch [1/30], step [20/27], loss: 1.0838
2024-04-27 04:02:24.980 | INFO     | pre_process:train_model:150 - epoch [1/30], step [25/27], loss: 1.0023
2024-04-27 04:02:25.224 | INFO     | pre_process:train_model:155 - epoch [1/30], avg_loss: 1.0623
2024-04-27 04:02:25.802 | INFO     | pre_process:train_model:150 - epoch [2/30], step [5/27], loss: 0.9646
2024-04-27 04:02:26.392 | INFO     | pre_process:train_model:150 - epoch [2/30], step [10/27], loss: 0.8911
2024-04-27 04:02:26.997 | INFO     | pre_process:train_model:150 - epoch [2/30], step [15/27], loss: 1.4118
2024-04-27 04:02:27.617 | INFO     | pre_process:train_model:150 - epoch [2/30], step [20/27], loss: 1.1852
2024-04-27 04:02:28.240 | INFO     | pre_process:train_model:150 - epoch [2/30], step [25/27], loss: 0.5562
2024-04-27 04:02:28.484 | INFO     | pre_process:train_model:155 - epoch [2/30], avg_loss: 0.9414
2024-04-27 04:02:29.140 | INFO     | pre_process:train_model:150 - epoch [3/30], step [5/27], loss: 0.7184
2024-04-27 04:02:29.762 | INFO     | pre_process:train_model:150 - epoch [3/30], step [10/27], loss: 0.8825
2024-04-27 04:02:30.361 | INFO     | pre_process:train_model:150 - epoch [3/30], step [15/27], loss: 0.5987
2024-04-27 04:02:30.948 | INFO     | pre_process:train_model:150 - epoch [3/30], step [20/27], loss: 0.9370
2024-04-27 04:02:31.581 | INFO     | pre_process:train_model:150 - epoch [3/30], step [25/27], loss: 0.5367
2024-04-27 04:02:31.838 | INFO     | pre_process:train_model:155 - epoch [3/30], avg_loss: 0.6746
2024-04-27 04:02:32.434 | INFO     | pre_process:train_model:150 - epoch [4/30], step [5/27], loss: 0.6215
2024-04-27 04:02:33.063 | INFO     | pre_process:train_model:150 - epoch [4/30], step [10/27], loss: 0.1955
2024-04-27 04:02:33.718 | INFO     | pre_process:train_model:150 - epoch [4/30], step [15/27], loss: 0.0574
2024-04-27 04:02:34.290 | INFO     | pre_process:train_model:150 - epoch [4/30], step [20/27], loss: 0.6644
2024-04-27 04:02:34.781 | INFO     | pre_process:train_model:150 - epoch [4/30], step [25/27], loss: 0.0567
2024-04-27 04:02:34.975 | INFO     | pre_process:train_model:155 - epoch [4/30], avg_loss: 0.4305
2024-04-27 04:02:35.447 | INFO     | pre_process:train_model:150 - epoch [5/30], step [5/27], loss: 0.1522
2024-04-27 04:02:35.905 | INFO     | pre_process:train_model:150 - epoch [5/30], step [10/27], loss: 0.4214
2024-04-27 04:02:36.387 | INFO     | pre_process:train_model:150 - epoch [5/30], step [15/27], loss: 0.0319
2024-04-27 04:02:36.895 | INFO     | pre_process:train_model:150 - epoch [5/30], step [20/27], loss: 0.2070
2024-04-27 04:02:37.377 | INFO     | pre_process:train_model:150 - epoch [5/30], step [25/27], loss: 0.1647
2024-04-27 04:02:37.576 | INFO     | pre_process:train_model:155 - epoch [5/30], avg_loss: 0.2492
2024-04-27 04:02:38.044 | INFO     | pre_process:train_model:150 - epoch [6/30], step [5/27], loss: 0.0503
2024-04-27 04:02:38.528 | INFO     | pre_process:train_model:150 - epoch [6/30], step [10/27], loss: 0.0410
2024-04-27 04:02:39.016 | INFO     | pre_process:train_model:150 - epoch [6/30], step [15/27], loss: 0.1982
2024-04-27 04:02:39.499 | INFO     | pre_process:train_model:150 - epoch [6/30], step [20/27], loss: 0.0176
2024-04-27 04:02:39.964 | INFO     | pre_process:train_model:150 - epoch [6/30], step [25/27], loss: 0.1115
2024-04-27 04:02:40.159 | INFO     | pre_process:train_model:155 - epoch [6/30], avg_loss: 0.1018
2024-04-27 04:02:40.645 | INFO     | pre_process:train_model:150 - epoch [7/30], step [5/27], loss: 0.0240
2024-04-27 04:02:41.134 | INFO     | pre_process:train_model:150 - epoch [7/30], step [10/27], loss: 0.0328
2024-04-27 04:02:41.600 | INFO     | pre_process:train_model:150 - epoch [7/30], step [15/27], loss: 0.0961
2024-04-27 04:02:42.071 | INFO     | pre_process:train_model:150 - epoch [7/30], step [20/27], loss: 0.0051
2024-04-27 04:02:42.544 | INFO     | pre_process:train_model:150 - epoch [7/30], step [25/27], loss: 0.0172
2024-04-27 04:02:42.737 | INFO     | pre_process:train_model:155 - epoch [7/30], avg_loss: 0.0367
2024-04-27 04:02:43.203 | INFO     | pre_process:train_model:150 - epoch [8/30], step [5/27], loss: 0.0031
2024-04-27 04:02:43.678 | INFO     | pre_process:train_model:150 - epoch [8/30], step [10/27], loss: 0.0064
2024-04-27 04:02:44.146 | INFO     | pre_process:train_model:150 - epoch [8/30], step [15/27], loss: 0.0212
2024-04-27 04:02:44.619 | INFO     | pre_process:train_model:150 - epoch [8/30], step [20/27], loss: 0.0159
2024-04-27 04:02:45.089 | INFO     | pre_process:train_model:150 - epoch [8/30], step [25/27], loss: 0.0044
2024-04-27 04:02:45.279 | INFO     | pre_process:train_model:155 - epoch [8/30], avg_loss: 0.0201
2024-04-27 04:02:45.757 | INFO     | pre_process:train_model:150 - epoch [9/30], step [5/27], loss: 0.0012
2024-04-27 04:02:46.221 | INFO     | pre_process:train_model:150 - epoch [9/30], step [10/27], loss: 0.0012
2024-04-27 04:02:46.699 | INFO     | pre_process:train_model:150 - epoch [9/30], step [15/27], loss: 0.0049
2024-04-27 04:02:47.156 | INFO     | pre_process:train_model:150 - epoch [9/30], step [20/27], loss: 0.0267
2024-04-27 04:02:47.634 | INFO     | pre_process:train_model:150 - epoch [9/30], step [25/27], loss: 0.0040
2024-04-27 04:02:47.820 | INFO     | pre_process:train_model:155 - epoch [9/30], avg_loss: 0.0090
2024-04-27 04:02:48.269 | INFO     | pre_process:train_model:150 - epoch [10/30], step [5/27], loss: 0.0010
2024-04-27 04:02:48.746 | INFO     | pre_process:train_model:150 - epoch [10/30], step [10/27], loss: 0.0128
2024-04-27 04:02:49.225 | INFO     | pre_process:train_model:150 - epoch [10/30], step [15/27], loss: 0.0041
2024-04-27 04:02:49.705 | INFO     | pre_process:train_model:150 - epoch [10/30], step [20/27], loss: 0.0100
2024-04-27 04:02:50.174 | INFO     | pre_process:train_model:150 - epoch [10/30], step [25/27], loss: 0.0016
2024-04-27 04:02:50.364 | INFO     | pre_process:train_model:155 - epoch [10/30], avg_loss: 0.0059
2024-04-27 04:02:50.836 | INFO     | pre_process:train_model:150 - epoch [11/30], step [5/27], loss: 0.0036
2024-04-27 04:02:51.300 | INFO     | pre_process:train_model:150 - epoch [11/30], step [10/27], loss: 0.0011
2024-04-27 04:02:51.782 | INFO     | pre_process:train_model:150 - epoch [11/30], step [15/27], loss: 0.0023
2024-04-27 04:02:52.257 | INFO     | pre_process:train_model:150 - epoch [11/30], step [20/27], loss: 0.0008
2024-04-27 04:02:52.772 | INFO     | pre_process:train_model:150 - epoch [11/30], step [25/27], loss: 0.0059
2024-04-27 04:02:52.968 | INFO     | pre_process:train_model:155 - epoch [11/30], avg_loss: 0.0044
2024-04-27 04:02:53.474 | INFO     | pre_process:train_model:150 - epoch [12/30], step [5/27], loss: 0.0024
2024-04-27 04:02:53.962 | INFO     | pre_process:train_model:150 - epoch [12/30], step [10/27], loss: 0.0006
2024-04-27 04:02:54.422 | INFO     | pre_process:train_model:150 - epoch [12/30], step [15/27], loss: 0.0013
2024-04-27 04:02:54.900 | INFO     | pre_process:train_model:150 - epoch [12/30], step [20/27], loss: 0.0018
2024-04-27 04:02:55.377 | INFO     | pre_process:train_model:150 - epoch [12/30], step [25/27], loss: 0.0009
2024-04-27 04:02:55.583 | INFO     | pre_process:train_model:155 - epoch [12/30], avg_loss: 0.0045
2024-04-27 04:02:56.092 | INFO     | pre_process:train_model:150 - epoch [13/30], step [5/27], loss: 0.0022
2024-04-27 04:02:56.607 | INFO     | pre_process:train_model:150 - epoch [13/30], step [10/27], loss: 0.0009
2024-04-27 04:02:57.108 | INFO     | pre_process:train_model:150 - epoch [13/30], step [15/27], loss: 0.0008
2024-04-27 04:02:57.615 | INFO     | pre_process:train_model:150 - epoch [13/30], step [20/27], loss: 0.0005
2024-04-27 04:02:58.112 | INFO     | pre_process:train_model:150 - epoch [13/30], step [25/27], loss: 0.0031
2024-04-27 04:02:58.309 | INFO     | pre_process:train_model:155 - epoch [13/30], avg_loss: 0.0032
2024-04-27 04:02:58.793 | INFO     | pre_process:train_model:150 - epoch [14/30], step [5/27], loss: 0.0026
2024-04-27 04:02:59.280 | INFO     | pre_process:train_model:150 - epoch [14/30], step [10/27], loss: 0.0019
2024-04-27 04:02:59.762 | INFO     | pre_process:train_model:150 - epoch [14/30], step [15/27], loss: 0.0006
2024-04-27 04:03:00.250 | INFO     | pre_process:train_model:150 - epoch [14/30], step [20/27], loss: 0.0096
2024-04-27 04:03:00.748 | INFO     | pre_process:train_model:150 - epoch [14/30], step [25/27], loss: 0.0006
2024-04-27 04:03:00.946 | INFO     | pre_process:train_model:155 - epoch [14/30], avg_loss: 0.0029
2024-04-27 04:03:01.494 | INFO     | pre_process:train_model:150 - epoch [15/30], step [5/27], loss: 0.0033
2024-04-27 04:03:02.103 | INFO     | pre_process:train_model:150 - epoch [15/30], step [10/27], loss: 0.0030
2024-04-27 04:03:02.714 | INFO     | pre_process:train_model:150 - epoch [15/30], step [15/27], loss: 0.0004
2024-04-27 04:03:03.311 | INFO     | pre_process:train_model:150 - epoch [15/30], step [20/27], loss: 0.0025
2024-04-27 04:03:03.926 | INFO     | pre_process:train_model:150 - epoch [15/30], step [25/27], loss: 0.0090
2024-04-27 04:03:04.175 | INFO     | pre_process:train_model:155 - epoch [15/30], avg_loss: 0.0020
2024-04-27 04:03:04.814 | INFO     | pre_process:train_model:150 - epoch [16/30], step [5/27], loss: 0.0065
2024-04-27 04:03:05.425 | INFO     | pre_process:train_model:150 - epoch [16/30], step [10/27], loss: 0.0033
2024-04-27 04:03:06.035 | INFO     | pre_process:train_model:150 - epoch [16/30], step [15/27], loss: 0.0011
2024-04-27 04:03:06.630 | INFO     | pre_process:train_model:150 - epoch [16/30], step [20/27], loss: 0.0003
2024-04-27 04:03:07.235 | INFO     | pre_process:train_model:150 - epoch [16/30], step [25/27], loss: 0.0005
2024-04-27 04:03:07.481 | INFO     | pre_process:train_model:155 - epoch [16/30], avg_loss: 0.0020
2024-04-27 04:03:08.077 | INFO     | pre_process:train_model:150 - epoch [17/30], step [5/27], loss: 0.0046
2024-04-27 04:03:08.698 | INFO     | pre_process:train_model:150 - epoch [17/30], step [10/27], loss: 0.0048
2024-04-27 04:03:09.286 | INFO     | pre_process:train_model:150 - epoch [17/30], step [15/27], loss: 0.0003
2024-04-27 04:03:09.881 | INFO     | pre_process:train_model:150 - epoch [17/30], step [20/27], loss: 0.0005
2024-04-27 04:03:10.355 | INFO     | pre_process:train_model:150 - epoch [17/30], step [25/27], loss: 0.0025
2024-04-27 04:03:10.541 | INFO     | pre_process:train_model:155 - epoch [17/30], avg_loss: 0.0015
2024-04-27 04:03:11.019 | INFO     | pre_process:train_model:150 - epoch [18/30], step [5/27], loss: 0.0015
2024-04-27 04:03:11.486 | INFO     | pre_process:train_model:150 - epoch [18/30], step [10/27], loss: 0.0006
2024-04-27 04:03:11.968 | INFO     | pre_process:train_model:150 - epoch [18/30], step [15/27], loss: 0.0008
2024-04-27 04:03:12.436 | INFO     | pre_process:train_model:150 - epoch [18/30], step [20/27], loss: 0.0007
2024-04-27 04:03:12.912 | INFO     | pre_process:train_model:150 - epoch [18/30], step [25/27], loss: 0.0919
2024-04-27 04:03:13.103 | INFO     | pre_process:train_model:155 - epoch [18/30], avg_loss: 0.0086
2024-04-27 04:03:13.557 | INFO     | pre_process:train_model:150 - epoch [19/30], step [5/27], loss: 0.0002
2024-04-27 04:03:14.037 | INFO     | pre_process:train_model:150 - epoch [19/30], step [10/27], loss: 0.0011
2024-04-27 04:03:14.490 | INFO     | pre_process:train_model:150 - epoch [19/30], step [15/27], loss: 0.0004
2024-04-27 04:03:14.970 | INFO     | pre_process:train_model:150 - epoch [19/30], step [20/27], loss: 0.0013
2024-04-27 04:03:15.448 | INFO     | pre_process:train_model:150 - epoch [19/30], step [25/27], loss: 0.0032
2024-04-27 04:03:15.641 | INFO     | pre_process:train_model:155 - epoch [19/30], avg_loss: 0.0139
2024-04-27 04:03:16.115 | INFO     | pre_process:train_model:150 - epoch [20/30], step [5/27], loss: 0.0221
2024-04-27 04:03:16.574 | INFO     | pre_process:train_model:150 - epoch [20/30], step [10/27], loss: 0.0182
2024-04-27 04:03:17.054 | INFO     | pre_process:train_model:150 - epoch [20/30], step [15/27], loss: 0.1097
2024-04-27 04:03:17.519 | INFO     | pre_process:train_model:150 - epoch [20/30], step [20/27], loss: 0.0062
2024-04-27 04:03:17.999 | INFO     | pre_process:train_model:150 - epoch [20/30], step [25/27], loss: 0.0039
2024-04-27 04:03:18.191 | INFO     | pre_process:train_model:155 - epoch [20/30], avg_loss: 0.0682
2024-04-27 04:03:18.664 | INFO     | pre_process:train_model:150 - epoch [21/30], step [5/27], loss: 0.0168
2024-04-27 04:03:19.151 | INFO     | pre_process:train_model:150 - epoch [21/30], step [10/27], loss: 0.0107
2024-04-27 04:03:19.619 | INFO     | pre_process:train_model:150 - epoch [21/30], step [15/27], loss: 0.0063
2024-04-27 04:03:20.100 | INFO     | pre_process:train_model:150 - epoch [21/30], step [20/27], loss: 0.0088
2024-04-27 04:03:20.583 | INFO     | pre_process:train_model:150 - epoch [21/30], step [25/27], loss: 0.0040
2024-04-27 04:03:20.774 | INFO     | pre_process:train_model:155 - epoch [21/30], avg_loss: 0.0343
2024-04-27 04:03:21.243 | INFO     | pre_process:train_model:150 - epoch [22/30], step [5/27], loss: 0.0051
2024-04-27 04:03:21.711 | INFO     | pre_process:train_model:150 - epoch [22/30], step [10/27], loss: 0.0088
2024-04-27 04:03:22.190 | INFO     | pre_process:train_model:150 - epoch [22/30], step [15/27], loss: 0.0077
2024-04-27 04:03:22.657 | INFO     | pre_process:train_model:150 - epoch [22/30], step [20/27], loss: 0.0083
2024-04-27 04:03:23.135 | INFO     | pre_process:train_model:150 - epoch [22/30], step [25/27], loss: 1.0468
2024-04-27 04:03:23.328 | INFO     | pre_process:train_model:155 - epoch [22/30], avg_loss: 0.0549
2024-04-27 04:03:23.767 | INFO     | pre_process:train_model:150 - epoch [23/30], step [5/27], loss: 0.0056
2024-04-27 04:03:24.255 | INFO     | pre_process:train_model:150 - epoch [23/30], step [10/27], loss: 0.4460
2024-04-27 04:03:24.735 | INFO     | pre_process:train_model:150 - epoch [23/30], step [15/27], loss: 0.1547
2024-04-27 04:03:25.217 | INFO     | pre_process:train_model:150 - epoch [23/30], step [20/27], loss: 0.1001
2024-04-27 04:03:25.686 | INFO     | pre_process:train_model:150 - epoch [23/30], step [25/27], loss: 0.0315
2024-04-27 04:03:25.876 | INFO     | pre_process:train_model:155 - epoch [23/30], avg_loss: 0.1867
2024-04-27 04:03:26.352 | INFO     | pre_process:train_model:150 - epoch [24/30], step [5/27], loss: 0.0032
2024-04-27 04:03:26.815 | INFO     | pre_process:train_model:150 - epoch [24/30], step [10/27], loss: 0.0119
2024-04-27 04:03:27.294 | INFO     | pre_process:train_model:150 - epoch [24/30], step [15/27], loss: 0.3953
2024-04-27 04:03:27.761 | INFO     | pre_process:train_model:150 - epoch [24/30], step [20/27], loss: 0.0010
2024-04-27 04:03:28.233 | INFO     | pre_process:train_model:150 - epoch [24/30], step [25/27], loss: 0.0364
2024-04-27 04:03:28.424 | INFO     | pre_process:train_model:155 - epoch [24/30], avg_loss: 0.0727
2024-04-27 04:03:28.889 | INFO     | pre_process:train_model:150 - epoch [25/30], step [5/27], loss: 0.0020
2024-04-27 04:03:29.363 | INFO     | pre_process:train_model:150 - epoch [25/30], step [10/27], loss: 0.0145
2024-04-27 04:03:29.852 | INFO     | pre_process:train_model:150 - epoch [25/30], step [15/27], loss: 0.0273
2024-04-27 04:03:30.314 | INFO     | pre_process:train_model:150 - epoch [25/30], step [20/27], loss: 0.0034
2024-04-27 04:03:30.783 | INFO     | pre_process:train_model:150 - epoch [25/30], step [25/27], loss: 0.0114
2024-04-27 04:03:30.981 | INFO     | pre_process:train_model:155 - epoch [25/30], avg_loss: 0.0252
2024-04-27 04:03:31.455 | INFO     | pre_process:train_model:150 - epoch [26/30], step [5/27], loss: 0.0034
2024-04-27 04:03:31.921 | INFO     | pre_process:train_model:150 - epoch [26/30], step [10/27], loss: 0.0242
2024-04-27 04:03:32.398 | INFO     | pre_process:train_model:150 - epoch [26/30], step [15/27], loss: 0.0114
2024-04-27 04:03:32.862 | INFO     | pre_process:train_model:150 - epoch [26/30], step [20/27], loss: 0.0062
2024-04-27 04:03:33.340 | INFO     | pre_process:train_model:150 - epoch [26/30], step [25/27], loss: 0.0066
2024-04-27 04:03:33.523 | INFO     | pre_process:train_model:155 - epoch [26/30], avg_loss: 0.0097
2024-04-27 04:03:33.997 | INFO     | pre_process:train_model:150 - epoch [27/30], step [5/27], loss: 0.0075
2024-04-27 04:03:34.465 | INFO     | pre_process:train_model:150 - epoch [27/30], step [10/27], loss: 0.0023
2024-04-27 04:03:34.921 | INFO     | pre_process:train_model:150 - epoch [27/30], step [15/27], loss: 0.0058
2024-04-27 04:03:35.400 | INFO     | pre_process:train_model:150 - epoch [27/30], step [20/27], loss: 0.0016
2024-04-27 04:03:35.867 | INFO     | pre_process:train_model:150 - epoch [27/30], step [25/27], loss: 0.0018
2024-04-27 04:03:36.063 | INFO     | pre_process:train_model:155 - epoch [27/30], avg_loss: 0.0044
2024-04-27 04:03:36.530 | INFO     | pre_process:train_model:150 - epoch [28/30], step [5/27], loss: 0.0039
2024-04-27 04:03:36.999 | INFO     | pre_process:train_model:150 - epoch [28/30], step [10/27], loss: 0.0022
2024-04-27 04:03:37.466 | INFO     | pre_process:train_model:150 - epoch [28/30], step [15/27], loss: 0.0009
2024-04-27 04:03:37.940 | INFO     | pre_process:train_model:150 - epoch [28/30], step [20/27], loss: 0.0004
2024-04-27 04:03:38.413 | INFO     | pre_process:train_model:150 - epoch [28/30], step [25/27], loss: 0.0008
2024-04-27 04:03:38.609 | INFO     | pre_process:train_model:155 - epoch [28/30], avg_loss: 0.0039
2024-04-27 04:03:39.085 | INFO     | pre_process:train_model:150 - epoch [29/30], step [5/27], loss: 0.0042
2024-04-27 04:03:39.574 | INFO     | pre_process:train_model:150 - epoch [29/30], step [10/27], loss: 0.0151
2024-04-27 04:03:40.047 | INFO     | pre_process:train_model:150 - epoch [29/30], step [15/27], loss: 0.0120
2024-04-27 04:03:40.529 | INFO     | pre_process:train_model:150 - epoch [29/30], step [20/27], loss: 0.0009
2024-04-27 04:03:40.995 | INFO     | pre_process:train_model:150 - epoch [29/30], step [25/27], loss: 0.0019
2024-04-27 04:03:41.192 | INFO     | pre_process:train_model:155 - epoch [29/30], avg_loss: 0.0046
2024-04-27 04:03:41.666 | INFO     | pre_process:train_model:150 - epoch [30/30], step [5/27], loss: 0.0058
2024-04-27 04:03:42.137 | INFO     | pre_process:train_model:150 - epoch [30/30], step [10/27], loss: 0.0042
2024-04-27 04:03:42.611 | INFO     | pre_process:train_model:150 - epoch [30/30], step [15/27], loss: 0.0049
2024-04-27 04:03:43.076 | INFO     | pre_process:train_model:150 - epoch [30/30], step [20/27], loss: 0.0011
2024-04-27 04:03:43.550 | INFO     | pre_process:train_model:150 - epoch [30/30], step [25/27], loss: 0.0011
2024-04-27 04:03:43.743 | INFO     | pre_process:train_model:155 - epoch [30/30], avg_loss: 0.0031
2024-04-27 04:03:43.744 | SUCCESS  | pre_process:train_model:157 - 训练完成
2024-04-27 04:03:43.944 | WARNING  | pre_process:train_model:165 - close the plot window to continue...
2024-04-27 04:03:59.562 | SUCCESS  | pre_process:test_model:209 - all equal
2024-04-27 04:03:59.595 | SUCCESS  | pre_process:test_model:209 - all equal
2024-04-27 04:03:59.628 | SUCCESS  | pre_process:test_model:209 - all equal
2024-04-27 04:03:59.663 | SUCCESS  | pre_process:test_model:209 - all equal
2024-04-27 04:03:59.697 | SUCCESS  | pre_process:test_model:209 - all equal
2024-04-27 04:03:59.729 | ERROR    | pre_process:test_model:211 - not equal
2024-04-27 04:03:59.763 | SUCCESS  | pre_process:test_model:209 - all equal
2024-04-27 04:03:59.797 | SUCCESS  | pre_process:test_model:209 - all equal
2024-04-27 04:03:59.830 | SUCCESS  | pre_process:test_model:209 - all equal
2024-04-27 04:03:59.863 | SUCCESS  | pre_process:test_model:209 - all equal
2024-04-27 04:03:59.896 | ERROR    | pre_process:test_model:211 - not equal
2024-04-27 04:03:59.929 | SUCCESS  | pre_process:test_model:209 - all equal
2024-04-27 04:03:59.963 | SUCCESS  | pre_process:test_model:209 - all equal
2024-04-27 04:03:59.996 | SUCCESS  | pre_process:test_model:209 - all equal
2024-04-27 04:04:00.031 | SUCCESS  | pre_process:test_model:209 - all equal
2024-04-27 04:04:00.068 | SUCCESS  | pre_process:test_model:209 - all equal
2024-04-27 04:04:00.102 | SUCCESS  | pre_process:test_model:209 - all equal
2024-04-27 04:04:00.134 | ERROR    | pre_process:test_model:211 - not equal
2024-04-27 04:04:00.168 | SUCCESS  | pre_process:test_model:209 - all equal
2024-04-27 04:04:00.200 | SUCCESS  | pre_process:test_model:209 - all equal
2024-04-27 04:04:00.201 | DEBUG    | pre_process:test_model:216 - Accuracy on the test set: 85.00%
2024-04-27 04:04:13.124 | INFO     | pre_process:train_model:150 - epoch [1/30], step [5/27], loss: 1.0876
2024-04-27 04:04:13.668 | INFO     | pre_process:train_model:150 - epoch [1/30], step [10/27], loss: 1.1510
2024-04-27 04:04:14.210 | INFO     | pre_process:train_model:150 - epoch [1/30], step [15/27], loss: 0.9443
2024-04-27 04:04:14.746 | INFO     | pre_process:train_model:150 - epoch [1/30], step [20/27], loss: 0.9800
2024-04-27 04:04:15.279 | INFO     | pre_process:train_model:150 - epoch [1/30], step [25/27], loss: 1.1739
2024-04-27 04:04:15.493 | INFO     | pre_process:train_model:155 - epoch [1/30], avg_loss: 1.0607
2024-04-27 04:04:16.024 | INFO     | pre_process:train_model:150 - epoch [2/30], step [5/27], loss: 1.0015
2024-04-27 04:04:16.535 | INFO     | pre_process:train_model:150 - epoch [2/30], step [10/27], loss: 0.8759
2024-04-27 04:04:17.043 | INFO     | pre_process:train_model:150 - epoch [2/30], step [15/27], loss: 0.7208
2024-04-27 04:04:17.547 | INFO     | pre_process:train_model:150 - epoch [2/30], step [20/27], loss: 1.0396
2024-04-27 04:04:18.079 | INFO     | pre_process:train_model:150 - epoch [2/30], step [25/27], loss: 1.0903
2024-04-27 04:04:18.325 | INFO     | pre_process:train_model:155 - epoch [2/30], avg_loss: 0.9415
2024-04-27 04:04:18.933 | INFO     | pre_process:train_model:150 - epoch [3/30], step [5/27], loss: 1.1224
2024-04-27 04:04:19.593 | INFO     | pre_process:train_model:150 - epoch [3/30], step [10/27], loss: 0.7287
2024-04-27 04:04:20.218 | INFO     | pre_process:train_model:150 - epoch [3/30], step [15/27], loss: 0.2726
2024-04-27 04:04:20.814 | INFO     | pre_process:train_model:150 - epoch [3/30], step [20/27], loss: 0.8887
2024-04-27 04:04:21.432 | INFO     | pre_process:train_model:150 - epoch [3/30], step [25/27], loss: 0.6566
2024-04-27 04:04:21.676 | INFO     | pre_process:train_model:155 - epoch [3/30], avg_loss: 0.6767
2024-04-27 04:04:22.320 | INFO     | pre_process:train_model:150 - epoch [4/30], step [5/27], loss: 0.4530
2024-04-27 04:04:23.004 | INFO     | pre_process:train_model:150 - epoch [4/30], step [10/27], loss: 0.4932
2024-04-27 04:04:23.633 | INFO     | pre_process:train_model:150 - epoch [4/30], step [15/27], loss: 0.2475
2024-04-27 04:04:24.254 | INFO     | pre_process:train_model:150 - epoch [4/30], step [20/27], loss: 0.5693
2024-04-27 04:04:24.892 | INFO     | pre_process:train_model:150 - epoch [4/30], step [25/27], loss: 0.5462
2024-04-27 04:04:25.152 | INFO     | pre_process:train_model:155 - epoch [4/30], avg_loss: 0.4351
2024-04-27 04:04:25.751 | INFO     | pre_process:train_model:150 - epoch [5/30], step [5/27], loss: 0.0671
2024-04-27 04:04:26.366 | INFO     | pre_process:train_model:150 - epoch [5/30], step [10/27], loss: 0.3093
2024-04-27 04:04:26.970 | INFO     | pre_process:train_model:150 - epoch [5/30], step [15/27], loss: 0.6994
2024-04-27 04:04:27.586 | INFO     | pre_process:train_model:150 - epoch [5/30], step [20/27], loss: 0.3939
2024-04-27 04:04:28.165 | INFO     | pre_process:train_model:150 - epoch [5/30], step [25/27], loss: 0.2861
2024-04-27 04:04:28.434 | INFO     | pre_process:train_model:155 - epoch [5/30], avg_loss: 0.2966
2024-04-27 04:04:29.047 | INFO     | pre_process:train_model:150 - epoch [6/30], step [5/27], loss: 0.1262
2024-04-27 04:04:29.662 | INFO     | pre_process:train_model:150 - epoch [6/30], step [10/27], loss: 0.1513
2024-04-27 04:04:30.321 | INFO     | pre_process:train_model:150 - epoch [6/30], step [15/27], loss: 0.2991
2024-04-27 04:04:30.952 | INFO     | pre_process:train_model:150 - epoch [6/30], step [20/27], loss: 0.3794
2024-04-27 04:04:31.580 | INFO     | pre_process:train_model:150 - epoch [6/30], step [25/27], loss: 0.0148
2024-04-27 04:04:31.829 | INFO     | pre_process:train_model:155 - epoch [6/30], avg_loss: 0.1412
2024-04-27 04:04:32.451 | INFO     | pre_process:train_model:150 - epoch [7/30], step [5/27], loss: 0.0133
2024-04-27 04:04:33.061 | INFO     | pre_process:train_model:150 - epoch [7/30], step [10/27], loss: 0.0225
2024-04-27 04:04:33.632 | INFO     | pre_process:train_model:150 - epoch [7/30], step [15/27], loss: 0.0628
2024-04-27 04:04:34.141 | INFO     | pre_process:train_model:150 - epoch [7/30], step [20/27], loss: 0.1739
2024-04-27 04:04:34.622 | INFO     | pre_process:train_model:150 - epoch [7/30], step [25/27], loss: 0.1642
2024-04-27 04:04:34.821 | INFO     | pre_process:train_model:155 - epoch [7/30], avg_loss: 0.1229
2024-04-27 04:04:35.309 | INFO     | pre_process:train_model:150 - epoch [8/30], step [5/27], loss: 0.6882
2024-04-27 04:04:35.801 | INFO     | pre_process:train_model:150 - epoch [8/30], step [10/27], loss: 0.4686
2024-04-27 04:04:36.268 | INFO     | pre_process:train_model:150 - epoch [8/30], step [15/27], loss: 0.0417
2024-04-27 04:04:36.750 | INFO     | pre_process:train_model:150 - epoch [8/30], step [20/27], loss: 0.2079
2024-04-27 04:04:37.226 | INFO     | pre_process:train_model:150 - epoch [8/30], step [25/27], loss: 0.1145
2024-04-27 04:04:37.412 | INFO     | pre_process:train_model:155 - epoch [8/30], avg_loss: 0.2613
2024-04-27 04:04:37.899 | INFO     | pre_process:train_model:150 - epoch [9/30], step [5/27], loss: 0.0604
2024-04-27 04:04:38.380 | INFO     | pre_process:train_model:150 - epoch [9/30], step [10/27], loss: 0.0815
2024-04-27 04:04:38.864 | INFO     | pre_process:train_model:150 - epoch [9/30], step [15/27], loss: 0.0714
2024-04-27 04:04:39.343 | INFO     | pre_process:train_model:150 - epoch [9/30], step [20/27], loss: 0.0259
2024-04-27 04:04:39.826 | INFO     | pre_process:train_model:150 - epoch [9/30], step [25/27], loss: 0.0321
2024-04-27 04:04:40.019 | INFO     | pre_process:train_model:155 - epoch [9/30], avg_loss: 0.1188
2024-04-27 04:04:40.497 | INFO     | pre_process:train_model:150 - epoch [10/30], step [5/27], loss: 0.0112
2024-04-27 04:04:40.963 | INFO     | pre_process:train_model:150 - epoch [10/30], step [10/27], loss: 0.0452
2024-04-27 04:04:41.445 | INFO     | pre_process:train_model:150 - epoch [10/30], step [15/27], loss: 0.0394
2024-04-27 04:04:41.916 | INFO     | pre_process:train_model:150 - epoch [10/30], step [20/27], loss: 0.0500
2024-04-27 04:04:42.396 | INFO     | pre_process:train_model:150 - epoch [10/30], step [25/27], loss: 0.0237
2024-04-27 04:04:42.596 | INFO     | pre_process:train_model:155 - epoch [10/30], avg_loss: 0.0504
2024-04-27 04:04:43.072 | INFO     | pre_process:train_model:150 - epoch [11/30], step [5/27], loss: 0.0757
2024-04-27 04:04:43.537 | INFO     | pre_process:train_model:150 - epoch [11/30], step [10/27], loss: 0.0333
2024-04-27 04:04:44.012 | INFO     | pre_process:train_model:150 - epoch [11/30], step [15/27], loss: 0.0201
2024-04-27 04:04:44.478 | INFO     | pre_process:train_model:150 - epoch [11/30], step [20/27], loss: 0.0153
2024-04-27 04:04:44.959 | INFO     | pre_process:train_model:150 - epoch [11/30], step [25/27], loss: 0.0185
2024-04-27 04:04:45.147 | INFO     | pre_process:train_model:155 - epoch [11/30], avg_loss: 0.0216
2024-04-27 04:04:45.624 | INFO     | pre_process:train_model:150 - epoch [12/30], step [5/27], loss: 0.0056
2024-04-27 04:04:46.099 | INFO     | pre_process:train_model:150 - epoch [12/30], step [10/27], loss: 0.0264
2024-04-27 04:04:46.547 | INFO     | pre_process:train_model:150 - epoch [12/30], step [15/27], loss: 0.0039
2024-04-27 04:04:47.025 | INFO     | pre_process:train_model:150 - epoch [12/30], step [20/27], loss: 0.0667
2024-04-27 04:04:47.493 | INFO     | pre_process:train_model:150 - epoch [12/30], step [25/27], loss: 0.0051
2024-04-27 04:04:47.683 | INFO     | pre_process:train_model:155 - epoch [12/30], avg_loss: 0.0217
2024-04-27 04:04:48.167 | INFO     | pre_process:train_model:150 - epoch [13/30], step [5/27], loss: 0.0141
2024-04-27 04:04:48.643 | INFO     | pre_process:train_model:150 - epoch [13/30], step [10/27], loss: 0.0036
2024-04-27 04:04:49.136 | INFO     | pre_process:train_model:150 - epoch [13/30], step [15/27], loss: 0.0234
2024-04-27 04:04:49.648 | INFO     | pre_process:train_model:150 - epoch [13/30], step [20/27], loss: 0.0027
2024-04-27 04:04:50.164 | INFO     | pre_process:train_model:150 - epoch [13/30], step [25/27], loss: 0.0084
2024-04-27 04:04:50.356 | INFO     | pre_process:train_model:155 - epoch [13/30], avg_loss: 0.0099
2024-04-27 04:04:50.854 | INFO     | pre_process:train_model:150 - epoch [14/30], step [5/27], loss: 0.0007
2024-04-27 04:04:51.357 | INFO     | pre_process:train_model:150 - epoch [14/30], step [10/27], loss: 0.0099
2024-04-27 04:04:51.848 | INFO     | pre_process:train_model:150 - epoch [14/30], step [15/27], loss: 0.0327
2024-04-27 04:04:52.339 | INFO     | pre_process:train_model:150 - epoch [14/30], step [20/27], loss: 0.0086
2024-04-27 04:04:52.822 | INFO     | pre_process:train_model:150 - epoch [14/30], step [25/27], loss: 0.0053
2024-04-27 04:04:53.020 | INFO     | pre_process:train_model:155 - epoch [14/30], avg_loss: 0.0080
2024-04-27 04:04:53.498 | INFO     | pre_process:train_model:150 - epoch [15/30], step [5/27], loss: 0.0163
2024-04-27 04:04:53.991 | INFO     | pre_process:train_model:150 - epoch [15/30], step [10/27], loss: 0.0041
2024-04-27 04:04:54.464 | INFO     | pre_process:train_model:150 - epoch [15/30], step [15/27], loss: 0.0113
2024-04-27 04:04:54.945 | INFO     | pre_process:train_model:150 - epoch [15/30], step [20/27], loss: 0.0027
2024-04-27 04:04:55.415 | INFO     | pre_process:train_model:150 - epoch [15/30], step [25/27], loss: 0.0029
2024-04-27 04:04:55.607 | INFO     | pre_process:train_model:155 - epoch [15/30], avg_loss: 0.0072
2024-04-27 04:04:56.083 | INFO     | pre_process:train_model:150 - epoch [16/30], step [5/27], loss: 0.0152
2024-04-27 04:04:56.549 | INFO     | pre_process:train_model:150 - epoch [16/30], step [10/27], loss: 0.0053
2024-04-27 04:04:57.025 | INFO     | pre_process:train_model:150 - epoch [16/30], step [15/27], loss: 0.0023
2024-04-27 04:04:57.493 | INFO     | pre_process:train_model:150 - epoch [16/30], step [20/27], loss: 0.0041
2024-04-27 04:04:57.967 | INFO     | pre_process:train_model:150 - epoch [16/30], step [25/27], loss: 0.0022
2024-04-27 04:04:58.152 | INFO     | pre_process:train_model:155 - epoch [16/30], avg_loss: 0.0061
2024-04-27 04:04:58.625 | INFO     | pre_process:train_model:150 - epoch [17/30], step [5/27], loss: 0.0091
2024-04-27 04:04:59.103 | INFO     | pre_process:train_model:150 - epoch [17/30], step [10/27], loss: 0.0025
2024-04-27 04:04:59.561 | INFO     | pre_process:train_model:150 - epoch [17/30], step [15/27], loss: 0.0009
2024-04-27 04:05:00.050 | INFO     | pre_process:train_model:150 - epoch [17/30], step [20/27], loss: 0.0294
2024-04-27 04:05:00.500 | INFO     | pre_process:train_model:150 - epoch [17/30], step [25/27], loss: 0.0002
2024-04-27 04:05:00.698 | INFO     | pre_process:train_model:155 - epoch [17/30], avg_loss: 0.0053
2024-04-27 04:05:01.172 | INFO     | pre_process:train_model:150 - epoch [18/30], step [5/27], loss: 0.0053
2024-04-27 04:05:01.633 | INFO     | pre_process:train_model:150 - epoch [18/30], step [10/27], loss: 0.0079
2024-04-27 04:05:02.116 | INFO     | pre_process:train_model:150 - epoch [18/30], step [15/27], loss: 0.0046
2024-04-27 04:05:02.587 | INFO     | pre_process:train_model:150 - epoch [18/30], step [20/27], loss: 0.0016
2024-04-27 04:05:03.058 | INFO     | pre_process:train_model:150 - epoch [18/30], step [25/27], loss: 0.0059
2024-04-27 04:05:03.255 | INFO     | pre_process:train_model:155 - epoch [18/30], avg_loss: 0.0050
2024-04-27 04:05:03.701 | INFO     | pre_process:train_model:150 - epoch [19/30], step [5/27], loss: 0.0034
2024-04-27 04:05:04.197 | INFO     | pre_process:train_model:150 - epoch [19/30], step [10/27], loss: 0.0070
2024-04-27 04:05:04.665 | INFO     | pre_process:train_model:150 - epoch [19/30], step [15/27], loss: 0.0115
2024-04-27 04:05:05.154 | INFO     | pre_process:train_model:150 - epoch [19/30], step [20/27], loss: 0.0036
2024-04-27 04:05:05.625 | INFO     | pre_process:train_model:150 - epoch [19/30], step [25/27], loss: 0.0009
2024-04-27 04:05:05.818 | INFO     | pre_process:train_model:155 - epoch [19/30], avg_loss: 0.0059
2024-04-27 04:05:06.297 | INFO     | pre_process:train_model:150 - epoch [20/30], step [5/27], loss: 0.0004
2024-04-27 04:05:06.775 | INFO     | pre_process:train_model:150 - epoch [20/30], step [10/27], loss: 0.0043
2024-04-27 04:05:07.233 | INFO     | pre_process:train_model:150 - epoch [20/30], step [15/27], loss: 0.0018
2024-04-27 04:05:07.703 | INFO     | pre_process:train_model:150 - epoch [20/30], step [20/27], loss: 0.0021
2024-04-27 04:05:08.183 | INFO     | pre_process:train_model:150 - epoch [20/30], step [25/27], loss: 0.0059
2024-04-27 04:05:08.379 | INFO     | pre_process:train_model:155 - epoch [20/30], avg_loss: 0.0029
2024-04-27 04:05:08.860 | INFO     | pre_process:train_model:150 - epoch [21/30], step [5/27], loss: 0.0021
2024-04-27 04:05:09.330 | INFO     | pre_process:train_model:150 - epoch [21/30], step [10/27], loss: 0.0032
2024-04-27 04:05:09.810 | INFO     | pre_process:train_model:150 - epoch [21/30], step [15/27], loss: 0.0021
2024-04-27 04:05:10.293 | INFO     | pre_process:train_model:150 - epoch [21/30], step [20/27], loss: 0.0064
2024-04-27 04:05:10.756 | INFO     | pre_process:train_model:150 - epoch [21/30], step [25/27], loss: 0.0021
2024-04-27 04:05:10.949 | INFO     | pre_process:train_model:155 - epoch [21/30], avg_loss: 0.0025
2024-04-27 04:05:11.425 | INFO     | pre_process:train_model:150 - epoch [22/30], step [5/27], loss: 0.0017
2024-04-27 04:05:11.896 | INFO     | pre_process:train_model:150 - epoch [22/30], step [10/27], loss: 0.0025
2024-04-27 04:05:12.367 | INFO     | pre_process:train_model:150 - epoch [22/30], step [15/27], loss: 0.0017
2024-04-27 04:05:12.836 | INFO     | pre_process:train_model:150 - epoch [22/30], step [20/27], loss: 0.0027
2024-04-27 04:05:13.303 | INFO     | pre_process:train_model:150 - epoch [22/30], step [25/27], loss: 0.0007
2024-04-27 04:05:13.497 | INFO     | pre_process:train_model:155 - epoch [22/30], avg_loss: 0.0023
2024-04-27 04:05:13.976 | INFO     | pre_process:train_model:150 - epoch [23/30], step [5/27], loss: 0.0011
2024-04-27 04:05:14.452 | INFO     | pre_process:train_model:150 - epoch [23/30], step [10/27], loss: 0.0033
2024-04-27 04:05:14.934 | INFO     | pre_process:train_model:150 - epoch [23/30], step [15/27], loss: 0.0015
2024-04-27 04:05:15.410 | INFO     | pre_process:train_model:150 - epoch [23/30], step [20/27], loss: 0.0020
2024-04-27 04:05:15.891 | INFO     | pre_process:train_model:150 - epoch [23/30], step [25/27], loss: 0.0016
2024-04-27 04:05:16.085 | INFO     | pre_process:train_model:155 - epoch [23/30], avg_loss: 0.0021
2024-04-27 04:05:16.557 | INFO     | pre_process:train_model:150 - epoch [24/30], step [5/27], loss: 0.0008
2024-04-27 04:05:17.039 | INFO     | pre_process:train_model:150 - epoch [24/30], step [10/27], loss: 0.0009
2024-04-27 04:05:17.510 | INFO     | pre_process:train_model:150 - epoch [24/30], step [15/27], loss: 0.0005
2024-04-27 04:05:17.995 | INFO     | pre_process:train_model:150 - epoch [24/30], step [20/27], loss: 0.0031
2024-04-27 04:05:18.478 | INFO     | pre_process:train_model:150 - epoch [24/30], step [25/27], loss: 0.0002
2024-04-27 04:05:18.662 | INFO     | pre_process:train_model:155 - epoch [24/30], avg_loss: 0.0017
2024-04-27 04:05:19.120 | INFO     | pre_process:train_model:150 - epoch [25/30], step [5/27], loss: 0.0023
2024-04-27 04:05:19.582 | INFO     | pre_process:train_model:150 - epoch [25/30], step [10/27], loss: 0.0005
2024-04-27 04:05:20.069 | INFO     | pre_process:train_model:150 - epoch [25/30], step [15/27], loss: 0.0002
2024-04-27 04:05:20.520 | INFO     | pre_process:train_model:150 - epoch [25/30], step [20/27], loss: 0.0011
2024-04-27 04:05:21.012 | INFO     | pre_process:train_model:150 - epoch [25/30], step [25/27], loss: 0.0092
2024-04-27 04:05:21.203 | INFO     | pre_process:train_model:155 - epoch [25/30], avg_loss: 0.0025
2024-04-27 04:05:21.682 | INFO     | pre_process:train_model:150 - epoch [26/30], step [5/27], loss: 0.0003
2024-04-27 04:05:22.179 | INFO     | pre_process:train_model:150 - epoch [26/30], step [10/27], loss: 0.0003
2024-04-27 04:05:22.658 | INFO     | pre_process:train_model:150 - epoch [26/30], step [15/27], loss: 0.0006
2024-04-27 04:05:23.139 | INFO     | pre_process:train_model:150 - epoch [26/30], step [20/27], loss: 0.0013
2024-04-27 04:05:23.636 | INFO     | pre_process:train_model:150 - epoch [26/30], step [25/27], loss: 0.0002
2024-04-27 04:05:23.841 | INFO     | pre_process:train_model:155 - epoch [26/30], avg_loss: 0.0020
2024-04-27 04:05:24.387 | INFO     | pre_process:train_model:150 - epoch [27/30], step [5/27], loss: 0.0001
2024-04-27 04:05:24.905 | INFO     | pre_process:train_model:150 - epoch [27/30], step [10/27], loss: 0.0009
2024-04-27 04:05:25.447 | INFO     | pre_process:train_model:150 - epoch [27/30], step [15/27], loss: 0.0009
2024-04-27 04:05:25.933 | INFO     | pre_process:train_model:150 - epoch [27/30], step [20/27], loss: 0.0002
2024-04-27 04:05:26.409 | INFO     | pre_process:train_model:150 - epoch [27/30], step [25/27], loss: 0.0012
2024-04-27 04:05:26.609 | INFO     | pre_process:train_model:155 - epoch [27/30], avg_loss: 0.0016
2024-04-27 04:05:27.091 | INFO     | pre_process:train_model:150 - epoch [28/30], step [5/27], loss: 0.0023
2024-04-27 04:05:27.590 | INFO     | pre_process:train_model:150 - epoch [28/30], step [10/27], loss: 0.0014
2024-04-27 04:05:28.077 | INFO     | pre_process:train_model:150 - epoch [28/30], step [15/27], loss: 0.0061
2024-04-27 04:05:28.559 | INFO     | pre_process:train_model:150 - epoch [28/30], step [20/27], loss: 0.0001
2024-04-27 04:05:29.072 | INFO     | pre_process:train_model:150 - epoch [28/30], step [25/27], loss: 0.0003
2024-04-27 04:05:29.287 | INFO     | pre_process:train_model:155 - epoch [28/30], avg_loss: 0.0025
2024-04-27 04:05:29.787 | INFO     | pre_process:train_model:150 - epoch [29/30], step [5/27], loss: 0.0005
2024-04-27 04:05:30.294 | INFO     | pre_process:train_model:150 - epoch [29/30], step [10/27], loss: 0.0032
2024-04-27 04:05:30.788 | INFO     | pre_process:train_model:150 - epoch [29/30], step [15/27], loss: 0.0012
2024-04-27 04:05:31.271 | INFO     | pre_process:train_model:150 - epoch [29/30], step [20/27], loss: 0.0009
2024-04-27 04:05:31.752 | INFO     | pre_process:train_model:150 - epoch [29/30], step [25/27], loss: 0.0001
2024-04-27 04:05:31.952 | INFO     | pre_process:train_model:155 - epoch [29/30], avg_loss: 0.0012
2024-04-27 04:05:32.430 | INFO     | pre_process:train_model:150 - epoch [30/30], step [5/27], loss: 0.0004
2024-04-27 04:05:32.910 | INFO     | pre_process:train_model:150 - epoch [30/30], step [10/27], loss: 0.0028
2024-04-27 04:05:33.386 | INFO     | pre_process:train_model:150 - epoch [30/30], step [15/27], loss: 0.0003
2024-04-27 04:05:33.866 | INFO     | pre_process:train_model:150 - epoch [30/30], step [20/27], loss: 0.0012
2024-04-27 04:05:34.422 | INFO     | pre_process:train_model:150 - epoch [30/30], step [25/27], loss: 0.0015
2024-04-27 04:05:34.654 | INFO     | pre_process:train_model:155 - epoch [30/30], avg_loss: 0.0010
2024-04-27 04:05:34.655 | SUCCESS  | pre_process:train_model:157 - 训练完成
2024-04-27 04:05:34.793 | WARNING  | pre_process:train_model:165 - close the plot window to continue...
2024-04-27 04:05:47.872 | SUCCESS  | pre_process:test_model:209 - all equal
2024-04-27 04:05:47.908 | SUCCESS  | pre_process:test_model:209 - all equal
2024-04-27 04:05:47.942 | SUCCESS  | pre_process:test_model:209 - all equal
2024-04-27 04:05:47.976 | SUCCESS  | pre_process:test_model:209 - all equal
2024-04-27 04:05:48.011 | SUCCESS  | pre_process:test_model:209 - all equal
2024-04-27 04:05:48.047 | SUCCESS  | pre_process:test_model:209 - all equal
2024-04-27 04:05:48.082 | SUCCESS  | pre_process:test_model:209 - all equal
2024-04-27 04:05:48.118 | ERROR    | pre_process:test_model:211 - not equal
2024-04-27 04:05:48.153 | SUCCESS  | pre_process:test_model:209 - all equal
2024-04-27 04:05:48.186 | SUCCESS  | pre_process:test_model:209 - all equal
2024-04-27 04:05:48.221 | SUCCESS  | pre_process:test_model:209 - all equal
2024-04-27 04:05:48.255 | SUCCESS  | pre_process:test_model:209 - all equal
2024-04-27 04:05:48.287 | SUCCESS  | pre_process:test_model:209 - all equal
2024-04-27 04:05:48.321 | SUCCESS  | pre_process:test_model:209 - all equal
2024-04-27 04:05:48.355 | SUCCESS  | pre_process:test_model:209 - all equal
2024-04-27 04:05:48.392 | SUCCESS  | pre_process:test_model:209 - all equal
2024-04-27 04:05:48.424 | SUCCESS  | pre_process:test_model:209 - all equal
2024-04-27 04:05:48.456 | SUCCESS  | pre_process:test_model:209 - all equal
2024-04-27 04:05:48.491 | SUCCESS  | pre_process:test_model:209 - all equal
2024-04-27 04:05:48.523 | ERROR    | pre_process:test_model:211 - not equal
2024-04-27 04:05:48.524 | DEBUG    | pre_process:test_model:216 - Accuracy on the test set: 90.00%
2024-04-27 04:06:01.358 | INFO     | pre_process:train_model:150 - epoch [1/30], step [5/27], loss: 1.0823
2024-04-27 04:06:01.969 | INFO     | pre_process:train_model:150 - epoch [1/30], step [10/27], loss: 1.0915
2024-04-27 04:06:02.552 | INFO     | pre_process:train_model:150 - epoch [1/30], step [15/27], loss: 1.0026
2024-04-27 04:06:03.149 | INFO     | pre_process:train_model:150 - epoch [1/30], step [20/27], loss: 1.1428
2024-04-27 04:06:03.731 | INFO     | pre_process:train_model:150 - epoch [1/30], step [25/27], loss: 0.9593
2024-04-27 04:06:03.975 | INFO     | pre_process:train_model:155 - epoch [1/30], avg_loss: 1.0557
2024-04-27 04:06:04.571 | INFO     | pre_process:train_model:150 - epoch [2/30], step [5/27], loss: 0.8804
2024-04-27 04:06:05.171 | INFO     | pre_process:train_model:150 - epoch [2/30], step [10/27], loss: 0.8290
2024-04-27 04:06:05.756 | INFO     | pre_process:train_model:150 - epoch [2/30], step [15/27], loss: 1.0857
2024-04-27 04:06:06.345 | INFO     | pre_process:train_model:150 - epoch [2/30], step [20/27], loss: 0.7179
2024-04-27 04:06:06.935 | INFO     | pre_process:train_model:150 - epoch [2/30], step [25/27], loss: 1.1517
2024-04-27 04:06:07.180 | INFO     | pre_process:train_model:155 - epoch [2/30], avg_loss: 0.9517
2024-04-27 04:06:07.751 | INFO     | pre_process:train_model:150 - epoch [3/30], step [5/27], loss: 0.6138
2024-04-27 04:06:08.367 | INFO     | pre_process:train_model:150 - epoch [3/30], step [10/27], loss: 0.7759
2024-04-27 04:06:08.963 | INFO     | pre_process:train_model:150 - epoch [3/30], step [15/27], loss: 0.5911
2024-04-27 04:06:09.554 | INFO     | pre_process:train_model:150 - epoch [3/30], step [20/27], loss: 1.1473
2024-04-27 04:06:10.140 | INFO     | pre_process:train_model:150 - epoch [3/30], step [25/27], loss: 1.0366
2024-04-27 04:06:10.380 | INFO     | pre_process:train_model:155 - epoch [3/30], avg_loss: 0.7562
2024-04-27 04:06:10.986 | INFO     | pre_process:train_model:150 - epoch [4/30], step [5/27], loss: 0.6103
2024-04-27 04:06:11.591 | INFO     | pre_process:train_model:150 - epoch [4/30], step [10/27], loss: 0.2054
2024-04-27 04:06:12.184 | INFO     | pre_process:train_model:150 - epoch [4/30], step [15/27], loss: 0.5505
2024-04-27 04:06:12.763 | INFO     | pre_process:train_model:150 - epoch [4/30], step [20/27], loss: 0.1831
2024-04-27 04:06:13.342 | INFO     | pre_process:train_model:150 - epoch [4/30], step [25/27], loss: 0.5171
2024-04-27 04:06:13.588 | INFO     | pre_process:train_model:155 - epoch [4/30], avg_loss: 0.4416
2024-04-27 04:06:14.182 | INFO     | pre_process:train_model:150 - epoch [5/30], step [5/27], loss: 0.1572
2024-04-27 04:06:14.766 | INFO     | pre_process:train_model:150 - epoch [5/30], step [10/27], loss: 0.1690
2024-04-27 04:06:15.363 | INFO     | pre_process:train_model:150 - epoch [5/30], step [15/27], loss: 0.0571
2024-04-27 04:06:15.944 | INFO     | pre_process:train_model:150 - epoch [5/30], step [20/27], loss: 0.4578
2024-04-27 04:06:16.550 | INFO     | pre_process:train_model:150 - epoch [5/30], step [25/27], loss: 0.1334
2024-04-27 04:06:16.789 | INFO     | pre_process:train_model:155 - epoch [5/30], avg_loss: 0.2467
2024-04-27 04:06:17.385 | INFO     | pre_process:train_model:150 - epoch [6/30], step [5/27], loss: 0.0152
2024-04-27 04:06:17.975 | INFO     | pre_process:train_model:150 - epoch [6/30], step [10/27], loss: 0.3003
2024-04-27 04:06:18.559 | INFO     | pre_process:train_model:150 - epoch [6/30], step [15/27], loss: 0.0080
2024-04-27 04:06:19.153 | INFO     | pre_process:train_model:150 - epoch [6/30], step [20/27], loss: 0.1475
2024-04-27 04:06:19.752 | INFO     | pre_process:train_model:150 - epoch [6/30], step [25/27], loss: 0.0116
2024-04-27 04:06:19.996 | INFO     | pre_process:train_model:155 - epoch [6/30], avg_loss: 0.0844
2024-04-27 04:06:20.594 | INFO     | pre_process:train_model:150 - epoch [7/30], step [5/27], loss: 0.0157
2024-04-27 04:06:21.181 | INFO     | pre_process:train_model:150 - epoch [7/30], step [10/27], loss: 0.0238
2024-04-27 04:06:21.770 | INFO     | pre_process:train_model:150 - epoch [7/30], step [15/27], loss: 0.0335
2024-04-27 04:06:22.370 | INFO     | pre_process:train_model:150 - epoch [7/30], step [20/27], loss: 0.1423
2024-04-27 04:06:23.002 | INFO     | pre_process:train_model:150 - epoch [7/30], step [25/27], loss: 0.0050
2024-04-27 04:06:23.261 | INFO     | pre_process:train_model:155 - epoch [7/30], avg_loss: 0.0895
2024-04-27 04:06:23.919 | INFO     | pre_process:train_model:150 - epoch [8/30], step [5/27], loss: 0.1954
2024-04-27 04:06:24.529 | INFO     | pre_process:train_model:150 - epoch [8/30], step [10/27], loss: 0.0083
2024-04-27 04:06:25.146 | INFO     | pre_process:train_model:150 - epoch [8/30], step [15/27], loss: 0.0617
2024-04-27 04:06:25.756 | INFO     | pre_process:train_model:150 - epoch [8/30], step [20/27], loss: 0.0066
2024-04-27 04:06:26.354 | INFO     | pre_process:train_model:150 - epoch [8/30], step [25/27], loss: 0.0680
2024-04-27 04:06:26.586 | INFO     | pre_process:train_model:155 - epoch [8/30], avg_loss: 0.0565
2024-04-27 04:06:27.216 | INFO     | pre_process:train_model:150 - epoch [9/30], step [5/27], loss: 0.0116
2024-04-27 04:06:27.833 | INFO     | pre_process:train_model:150 - epoch [9/30], step [10/27], loss: 0.0315
2024-04-27 04:06:28.411 | INFO     | pre_process:train_model:150 - epoch [9/30], step [15/27], loss: 0.0062
2024-04-27 04:06:28.915 | INFO     | pre_process:train_model:150 - epoch [9/30], step [20/27], loss: 0.0126
2024-04-27 04:06:29.391 | INFO     | pre_process:train_model:150 - epoch [9/30], step [25/27], loss: 0.0065
2024-04-27 04:06:29.579 | INFO     | pre_process:train_model:155 - epoch [9/30], avg_loss: 0.0342
2024-04-27 04:06:30.069 | INFO     | pre_process:train_model:150 - epoch [10/30], step [5/27], loss: 0.0117
2024-04-27 04:06:30.551 | INFO     | pre_process:train_model:150 - epoch [10/30], step [10/27], loss: 0.0180
2024-04-27 04:06:31.050 | INFO     | pre_process:train_model:150 - epoch [10/30], step [15/27], loss: 0.0292
2024-04-27 04:06:31.548 | INFO     | pre_process:train_model:150 - epoch [10/30], step [20/27], loss: 0.0016
2024-04-27 04:06:32.044 | INFO     | pre_process:train_model:150 - epoch [10/30], step [25/27], loss: 0.0062
2024-04-27 04:06:32.217 | INFO     | pre_process:train_model:155 - epoch [10/30], avg_loss: 0.0190
2024-04-27 04:06:32.695 | INFO     | pre_process:train_model:150 - epoch [11/30], step [5/27], loss: 0.0043
2024-04-27 04:06:33.182 | INFO     | pre_process:train_model:150 - epoch [11/30], step [10/27], loss: 0.0394
2024-04-27 04:06:33.656 | INFO     | pre_process:train_model:150 - epoch [11/30], step [15/27], loss: 0.0014
2024-04-27 04:06:34.142 | INFO     | pre_process:train_model:150 - epoch [11/30], step [20/27], loss: 0.0232
2024-04-27 04:06:34.632 | INFO     | pre_process:train_model:150 - epoch [11/30], step [25/27], loss: 0.0084
2024-04-27 04:06:34.833 | INFO     | pre_process:train_model:155 - epoch [11/30], avg_loss: 0.0132
2024-04-27 04:06:35.318 | INFO     | pre_process:train_model:150 - epoch [12/30], step [5/27], loss: 0.0032
2024-04-27 04:06:35.794 | INFO     | pre_process:train_model:150 - epoch [12/30], step [10/27], loss: 0.0019
2024-04-27 04:06:36.281 | INFO     | pre_process:train_model:150 - epoch [12/30], step [15/27], loss: 0.2060
2024-04-27 04:06:36.781 | INFO     | pre_process:train_model:150 - epoch [12/30], step [20/27], loss: 0.0055
2024-04-27 04:06:37.284 | INFO     | pre_process:train_model:150 - epoch [12/30], step [25/27], loss: 0.0112
2024-04-27 04:06:37.479 | INFO     | pre_process:train_model:155 - epoch [12/30], avg_loss: 0.0149
2024-04-27 04:06:37.985 | INFO     | pre_process:train_model:150 - epoch [13/30], step [5/27], loss: 0.0038
2024-04-27 04:06:38.457 | INFO     | pre_process:train_model:150 - epoch [13/30], step [10/27], loss: 0.0145
2024-04-27 04:06:38.958 | INFO     | pre_process:train_model:150 - epoch [13/30], step [15/27], loss: 0.0102
2024-04-27 04:06:39.450 | INFO     | pre_process:train_model:150 - epoch [13/30], step [20/27], loss: 0.0006
2024-04-27 04:06:39.937 | INFO     | pre_process:train_model:150 - epoch [13/30], step [25/27], loss: 0.0018
2024-04-27 04:06:40.129 | INFO     | pre_process:train_model:155 - epoch [13/30], avg_loss: 0.0066
2024-04-27 04:06:40.614 | INFO     | pre_process:train_model:150 - epoch [14/30], step [5/27], loss: 0.0021
2024-04-27 04:06:41.111 | INFO     | pre_process:train_model:150 - epoch [14/30], step [10/27], loss: 0.0060
2024-04-27 04:06:41.608 | INFO     | pre_process:train_model:150 - epoch [14/30], step [15/27], loss: 0.0023
2024-04-27 04:06:42.133 | INFO     | pre_process:train_model:150 - epoch [14/30], step [20/27], loss: 0.0018
2024-04-27 04:06:42.619 | INFO     | pre_process:train_model:150 - epoch [14/30], step [25/27], loss: 0.0028
2024-04-27 04:06:42.814 | INFO     | pre_process:train_model:155 - epoch [14/30], avg_loss: 0.0049
2024-04-27 04:06:43.314 | INFO     | pre_process:train_model:150 - epoch [15/30], step [5/27], loss: 0.0022
2024-04-27 04:06:43.805 | INFO     | pre_process:train_model:150 - epoch [15/30], step [10/27], loss: 0.0010
2024-04-27 04:06:44.309 | INFO     | pre_process:train_model:150 - epoch [15/30], step [15/27], loss: 0.0030
2024-04-27 04:06:44.815 | INFO     | pre_process:train_model:150 - epoch [15/30], step [20/27], loss: 0.0043
2024-04-27 04:06:45.319 | INFO     | pre_process:train_model:150 - epoch [15/30], step [25/27], loss: 0.0055
2024-04-27 04:06:45.513 | INFO     | pre_process:train_model:155 - epoch [15/30], avg_loss: 0.0038
2024-04-27 04:06:45.995 | INFO     | pre_process:train_model:150 - epoch [16/30], step [5/27], loss: 0.0017
2024-04-27 04:06:46.485 | INFO     | pre_process:train_model:150 - epoch [16/30], step [10/27], loss: 0.0173
2024-04-27 04:06:46.988 | INFO     | pre_process:train_model:150 - epoch [16/30], step [15/27], loss: 0.0045
2024-04-27 04:06:47.482 | INFO     | pre_process:train_model:150 - epoch [16/30], step [20/27], loss: 0.0014
2024-04-27 04:06:47.964 | INFO     | pre_process:train_model:150 - epoch [16/30], step [25/27], loss: 0.0071
2024-04-27 04:06:48.158 | INFO     | pre_process:train_model:155 - epoch [16/30], avg_loss: 0.0037
2024-04-27 04:06:48.628 | INFO     | pre_process:train_model:150 - epoch [17/30], step [5/27], loss: 0.0104
2024-04-27 04:06:49.113 | INFO     | pre_process:train_model:150 - epoch [17/30], step [10/27], loss: 0.0006
2024-04-27 04:06:49.583 | INFO     | pre_process:train_model:150 - epoch [17/30], step [15/27], loss: 0.0009
2024-04-27 04:06:50.072 | INFO     | pre_process:train_model:150 - epoch [17/30], step [20/27], loss: 0.0028
2024-04-27 04:06:50.542 | INFO     | pre_process:train_model:150 - epoch [17/30], step [25/27], loss: 0.0028
2024-04-27 04:06:50.733 | INFO     | pre_process:train_model:155 - epoch [17/30], avg_loss: 0.0034
2024-04-27 04:06:51.232 | INFO     | pre_process:train_model:150 - epoch [18/30], step [5/27], loss: 0.0007
2024-04-27 04:06:51.741 | INFO     | pre_process:train_model:150 - epoch [18/30], step [10/27], loss: 0.0024
2024-04-27 04:06:52.256 | INFO     | pre_process:train_model:150 - epoch [18/30], step [15/27], loss: 0.0020
2024-04-27 04:06:52.787 | INFO     | pre_process:train_model:150 - epoch [18/30], step [20/27], loss: 0.0035
2024-04-27 04:06:53.283 | INFO     | pre_process:train_model:150 - epoch [18/30], step [25/27], loss: 0.0011
2024-04-27 04:06:53.472 | INFO     | pre_process:train_model:155 - epoch [18/30], avg_loss: 0.0031
2024-04-27 04:06:53.941 | INFO     | pre_process:train_model:150 - epoch [19/30], step [5/27], loss: 0.0019
2024-04-27 04:06:54.421 | INFO     | pre_process:train_model:150 - epoch [19/30], step [10/27], loss: 0.0029
2024-04-27 04:06:54.906 | INFO     | pre_process:train_model:150 - epoch [19/30], step [15/27], loss: 0.0037
2024-04-27 04:06:55.422 | INFO     | pre_process:train_model:150 - epoch [19/30], step [20/27], loss: 0.0009
2024-04-27 04:06:55.941 | INFO     | pre_process:train_model:150 - epoch [19/30], step [25/27], loss: 0.0061
2024-04-27 04:06:56.154 | INFO     | pre_process:train_model:155 - epoch [19/30], avg_loss: 0.0032
2024-04-27 04:06:56.637 | INFO     | pre_process:train_model:150 - epoch [20/30], step [5/27], loss: 0.0013
2024-04-27 04:06:57.131 | INFO     | pre_process:train_model:150 - epoch [20/30], step [10/27], loss: 0.0020
2024-04-27 04:06:57.638 | INFO     | pre_process:train_model:150 - epoch [20/30], step [15/27], loss: 0.0001
2024-04-27 04:06:58.157 | INFO     | pre_process:train_model:150 - epoch [20/30], step [20/27], loss: 0.0007
2024-04-27 04:06:58.656 | INFO     | pre_process:train_model:150 - epoch [20/30], step [25/27], loss: 0.0019
2024-04-27 04:06:58.855 | INFO     | pre_process:train_model:155 - epoch [20/30], avg_loss: 0.0022
2024-04-27 04:06:59.337 | INFO     | pre_process:train_model:150 - epoch [21/30], step [5/27], loss: 0.0018
2024-04-27 04:06:59.814 | INFO     | pre_process:train_model:150 - epoch [21/30], step [10/27], loss: 0.0018
2024-04-27 04:07:00.312 | INFO     | pre_process:train_model:150 - epoch [21/30], step [15/27], loss: 0.0020
2024-04-27 04:07:00.794 | INFO     | pre_process:train_model:150 - epoch [21/30], step [20/27], loss: 0.0006
2024-04-27 04:07:01.297 | INFO     | pre_process:train_model:150 - epoch [21/30], step [25/27], loss: 0.0004
2024-04-27 04:07:01.490 | INFO     | pre_process:train_model:155 - epoch [21/30], avg_loss: 0.0019
2024-04-27 04:07:01.970 | INFO     | pre_process:train_model:150 - epoch [22/30], step [5/27], loss: 0.0018
2024-04-27 04:07:02.451 | INFO     | pre_process:train_model:150 - epoch [22/30], step [10/27], loss: 0.0047
2024-04-27 04:07:02.965 | INFO     | pre_process:train_model:150 - epoch [22/30], step [15/27], loss: 0.0015
2024-04-27 04:07:03.577 | INFO     | pre_process:train_model:150 - epoch [22/30], step [20/27], loss: 0.0015
2024-04-27 04:07:04.221 | INFO     | pre_process:train_model:150 - epoch [22/30], step [25/27], loss: 0.0085
2024-04-27 04:07:04.466 | INFO     | pre_process:train_model:155 - epoch [22/30], avg_loss: 0.0026
2024-04-27 04:07:05.064 | INFO     | pre_process:train_model:150 - epoch [23/30], step [5/27], loss: 0.0017
2024-04-27 04:07:05.676 | INFO     | pre_process:train_model:150 - epoch [23/30], step [10/27], loss: 0.0010
2024-04-27 04:07:06.282 | INFO     | pre_process:train_model:150 - epoch [23/30], step [15/27], loss: 0.0034
2024-04-27 04:07:06.888 | INFO     | pre_process:train_model:150 - epoch [23/30], step [20/27], loss: 0.0018
2024-04-27 04:07:07.495 | INFO     | pre_process:train_model:150 - epoch [23/30], step [25/27], loss: 0.0008
2024-04-27 04:07:07.731 | INFO     | pre_process:train_model:155 - epoch [23/30], avg_loss: 0.0021
2024-04-27 04:07:08.341 | INFO     | pre_process:train_model:150 - epoch [24/30], step [5/27], loss: 0.0035
2024-04-27 04:07:08.904 | INFO     | pre_process:train_model:150 - epoch [24/30], step [10/27], loss: 0.0009
2024-04-27 04:07:09.396 | INFO     | pre_process:train_model:150 - epoch [24/30], step [15/27], loss: 0.0008
2024-04-27 04:07:09.882 | INFO     | pre_process:train_model:150 - epoch [24/30], step [20/27], loss: 0.0006
2024-04-27 04:07:10.368 | INFO     | pre_process:train_model:150 - epoch [24/30], step [25/27], loss: 0.0025
2024-04-27 04:07:10.554 | INFO     | pre_process:train_model:155 - epoch [24/30], avg_loss: 0.0016
2024-04-27 04:07:11.032 | INFO     | pre_process:train_model:150 - epoch [25/30], step [5/27], loss: 0.0003
2024-04-27 04:07:11.508 | INFO     | pre_process:train_model:150 - epoch [25/30], step [10/27], loss: 0.0011
2024-04-27 04:07:11.976 | INFO     | pre_process:train_model:150 - epoch [25/30], step [15/27], loss: 0.0014
2024-04-27 04:07:12.488 | INFO     | pre_process:train_model:150 - epoch [25/30], step [20/27], loss: 0.0014
2024-04-27 04:07:12.967 | INFO     | pre_process:train_model:150 - epoch [25/30], step [25/27], loss: 0.0002
2024-04-27 04:07:13.163 | INFO     | pre_process:train_model:155 - epoch [25/30], avg_loss: 0.0014
2024-04-27 04:07:13.637 | INFO     | pre_process:train_model:150 - epoch [26/30], step [5/27], loss: 0.0004
2024-04-27 04:07:14.112 | INFO     | pre_process:train_model:150 - epoch [26/30], step [10/27], loss: 0.0006
2024-04-27 04:07:14.584 | INFO     | pre_process:train_model:150 - epoch [26/30], step [15/27], loss: 0.0003
2024-04-27 04:07:15.068 | INFO     | pre_process:train_model:150 - epoch [26/30], step [20/27], loss: 0.0004
2024-04-27 04:07:15.542 | INFO     | pre_process:train_model:150 - epoch [26/30], step [25/27], loss: 0.0001
2024-04-27 04:07:15.729 | INFO     | pre_process:train_model:155 - epoch [26/30], avg_loss: 0.0012
2024-04-27 04:07:16.199 | INFO     | pre_process:train_model:150 - epoch [27/30], step [5/27], loss: 0.0013
2024-04-27 04:07:16.663 | INFO     | pre_process:train_model:150 - epoch [27/30], step [10/27], loss: 0.0003
2024-04-27 04:07:17.130 | INFO     | pre_process:train_model:150 - epoch [27/30], step [15/27], loss: 0.0008
2024-04-27 04:07:17.606 | INFO     | pre_process:train_model:150 - epoch [27/30], step [20/27], loss: 0.0015
2024-04-27 04:07:18.073 | INFO     | pre_process:train_model:150 - epoch [27/30], step [25/27], loss: 0.0005
2024-04-27 04:07:18.267 | INFO     | pre_process:train_model:155 - epoch [27/30], avg_loss: 0.0018
2024-04-27 04:07:18.733 | INFO     | pre_process:train_model:150 - epoch [28/30], step [5/27], loss: 0.0028
2024-04-27 04:07:19.201 | INFO     | pre_process:train_model:150 - epoch [28/30], step [10/27], loss: 0.0009
2024-04-27 04:07:19.667 | INFO     | pre_process:train_model:150 - epoch [28/30], step [15/27], loss: 0.0017
2024-04-27 04:07:20.131 | INFO     | pre_process:train_model:150 - epoch [28/30], step [20/27], loss: 0.0014
2024-04-27 04:07:20.601 | INFO     | pre_process:train_model:150 - epoch [28/30], step [25/27], loss: 0.0017
2024-04-27 04:07:20.794 | INFO     | pre_process:train_model:155 - epoch [28/30], avg_loss: 0.0010
2024-04-27 04:07:21.265 | INFO     | pre_process:train_model:150 - epoch [29/30], step [5/27], loss: 0.0030
2024-04-27 04:07:21.739 | INFO     | pre_process:train_model:150 - epoch [29/30], step [10/27], loss: 0.0006
2024-04-27 04:07:22.209 | INFO     | pre_process:train_model:150 - epoch [29/30], step [15/27], loss: 0.0003
2024-04-27 04:07:22.676 | INFO     | pre_process:train_model:150 - epoch [29/30], step [20/27], loss: 0.0004
2024-04-27 04:07:23.145 | INFO     | pre_process:train_model:150 - epoch [29/30], step [25/27], loss: 0.0002
2024-04-27 04:07:23.335 | INFO     | pre_process:train_model:155 - epoch [29/30], avg_loss: 0.0009
2024-04-27 04:07:23.803 | INFO     | pre_process:train_model:150 - epoch [30/30], step [5/27], loss: 0.0007
2024-04-27 04:07:24.272 | INFO     | pre_process:train_model:150 - epoch [30/30], step [10/27], loss: 0.0000
2024-04-27 04:07:24.743 | INFO     | pre_process:train_model:150 - epoch [30/30], step [15/27], loss: 0.0005
2024-04-27 04:07:25.213 | INFO     | pre_process:train_model:150 - epoch [30/30], step [20/27], loss: 0.0013
2024-04-27 04:07:25.684 | INFO     | pre_process:train_model:150 - epoch [30/30], step [25/27], loss: 0.0005
2024-04-27 04:07:25.872 | INFO     | pre_process:train_model:155 - epoch [30/30], avg_loss: 0.0008
2024-04-27 04:07:25.873 | SUCCESS  | pre_process:train_model:157 - 训练完成
2024-04-27 04:07:25.999 | WARNING  | pre_process:train_model:165 - close the plot window to continue...
2024-04-27 04:07:44.937 | SUCCESS  | pre_process:test_model:209 - all equal
2024-04-27 04:07:44.971 | SUCCESS  | pre_process:test_model:209 - all equal
2024-04-27 04:07:45.007 | SUCCESS  | pre_process:test_model:209 - all equal
2024-04-27 04:07:45.042 | SUCCESS  | pre_process:test_model:209 - all equal
2024-04-27 04:07:45.076 | SUCCESS  | pre_process:test_model:209 - all equal
2024-04-27 04:07:45.113 | SUCCESS  | pre_process:test_model:209 - all equal
2024-04-27 04:07:45.147 | SUCCESS  | pre_process:test_model:209 - all equal
2024-04-27 04:07:45.184 | SUCCESS  | pre_process:test_model:209 - all equal
2024-04-27 04:07:45.219 | SUCCESS  | pre_process:test_model:209 - all equal
2024-04-27 04:07:45.253 | ERROR    | pre_process:test_model:211 - not equal
2024-04-27 04:07:45.300 | SUCCESS  | pre_process:test_model:209 - all equal
2024-04-27 04:07:45.334 | SUCCESS  | pre_process:test_model:209 - all equal
2024-04-27 04:07:45.368 | SUCCESS  | pre_process:test_model:209 - all equal
2024-04-27 04:07:45.402 | SUCCESS  | pre_process:test_model:209 - all equal
2024-04-27 04:07:45.436 | SUCCESS  | pre_process:test_model:209 - all equal
2024-04-27 04:07:45.472 | SUCCESS  | pre_process:test_model:209 - all equal
2024-04-27 04:07:45.507 | ERROR    | pre_process:test_model:211 - not equal
2024-04-27 04:07:45.541 | ERROR    | pre_process:test_model:211 - not equal
2024-04-27 04:07:45.573 | SUCCESS  | pre_process:test_model:209 - all equal
2024-04-27 04:07:45.606 | ERROR    | pre_process:test_model:211 - not equal
2024-04-27 04:07:45.606 | DEBUG    | pre_process:test_model:216 - Accuracy on the test set: 80.00%
2024-04-27 04:15:04.669 | INFO     | pre_process:train_model:153 - epoch [1/30], step [5/27], loss: 1.1234
2024-04-27 04:15:05.556 | INFO     | pre_process:train_model:153 - epoch [1/30], step [10/27], loss: 1.4052
2024-04-27 04:15:06.434 | INFO     | pre_process:train_model:153 - epoch [1/30], step [15/27], loss: 1.3007
2024-04-27 04:15:07.322 | INFO     | pre_process:train_model:153 - epoch [1/30], step [20/27], loss: 1.1768
2024-04-27 04:15:08.206 | INFO     | pre_process:train_model:153 - epoch [1/30], step [25/27], loss: 0.7408
2024-04-27 04:15:08.545 | INFO     | pre_process:train_model:158 - epoch [1/30], avg_loss: 1.1004
2024-04-27 04:15:09.405 | INFO     | pre_process:train_model:153 - epoch [2/30], step [5/27], loss: 0.9577
2024-04-27 04:15:10.270 | INFO     | pre_process:train_model:153 - epoch [2/30], step [10/27], loss: 0.5778
2024-04-27 04:15:11.142 | INFO     | pre_process:train_model:153 - epoch [2/30], step [15/27], loss: 1.2139
2024-04-27 04:15:12.016 | INFO     | pre_process:train_model:153 - epoch [2/30], step [20/27], loss: 0.3433
2024-04-27 04:15:12.908 | INFO     | pre_process:train_model:153 - epoch [2/30], step [25/27], loss: 0.6650
2024-04-27 04:15:13.249 | INFO     | pre_process:train_model:158 - epoch [2/30], avg_loss: 0.7500
2024-04-27 04:15:14.161 | INFO     | pre_process:train_model:153 - epoch [3/30], step [5/27], loss: 0.2791
2024-04-27 04:15:15.038 | INFO     | pre_process:train_model:153 - epoch [3/30], step [10/27], loss: 0.5082
2024-04-27 04:15:15.926 | INFO     | pre_process:train_model:153 - epoch [3/30], step [15/27], loss: 1.0150
2024-04-27 04:15:16.817 | INFO     | pre_process:train_model:153 - epoch [3/30], step [20/27], loss: 1.1111
2024-04-27 04:15:17.695 | INFO     | pre_process:train_model:153 - epoch [3/30], step [25/27], loss: 0.3373
2024-04-27 04:15:18.043 | INFO     | pre_process:train_model:158 - epoch [3/30], avg_loss: 0.5946
2024-04-27 04:15:18.929 | INFO     | pre_process:train_model:153 - epoch [4/30], step [5/27], loss: 0.3200
2024-04-27 04:15:19.796 | INFO     | pre_process:train_model:153 - epoch [4/30], step [10/27], loss: 0.2571
2024-04-27 04:15:20.672 | INFO     | pre_process:train_model:153 - epoch [4/30], step [15/27], loss: 0.4307
2024-04-27 04:15:21.547 | INFO     | pre_process:train_model:153 - epoch [4/30], step [20/27], loss: 0.4335
2024-04-27 04:15:22.435 | INFO     | pre_process:train_model:153 - epoch [4/30], step [25/27], loss: 0.2439
2024-04-27 04:15:22.778 | INFO     | pre_process:train_model:158 - epoch [4/30], avg_loss: 0.4531
2024-04-27 04:15:23.638 | INFO     | pre_process:train_model:153 - epoch [5/30], step [5/27], loss: 0.1447
2024-04-27 04:15:24.503 | INFO     | pre_process:train_model:153 - epoch [5/30], step [10/27], loss: 0.6873
2024-04-27 04:15:25.380 | INFO     | pre_process:train_model:153 - epoch [5/30], step [15/27], loss: 0.2897
2024-04-27 04:15:26.310 | INFO     | pre_process:train_model:153 - epoch [5/30], step [20/27], loss: 0.3394
2024-04-27 04:15:27.212 | INFO     | pre_process:train_model:153 - epoch [5/30], step [25/27], loss: 0.1936
2024-04-27 04:15:27.574 | INFO     | pre_process:train_model:158 - epoch [5/30], avg_loss: 0.3957
2024-04-27 04:15:28.484 | INFO     | pre_process:train_model:153 - epoch [6/30], step [5/27], loss: 0.4492
2024-04-27 04:15:29.359 | INFO     | pre_process:train_model:153 - epoch [6/30], step [10/27], loss: 0.3481
2024-04-27 04:15:30.239 | INFO     | pre_process:train_model:153 - epoch [6/30], step [15/27], loss: 0.1000
2024-04-27 04:15:31.122 | INFO     | pre_process:train_model:153 - epoch [6/30], step [20/27], loss: 0.0110
2024-04-27 04:15:32.017 | INFO     | pre_process:train_model:153 - epoch [6/30], step [25/27], loss: 0.1445
2024-04-27 04:15:32.366 | INFO     | pre_process:train_model:158 - epoch [6/30], avg_loss: 0.4020
2024-04-27 04:15:33.255 | INFO     | pre_process:train_model:153 - epoch [7/30], step [5/27], loss: 0.1144
2024-04-27 04:15:34.152 | INFO     | pre_process:train_model:153 - epoch [7/30], step [10/27], loss: 1.0669
2024-04-27 04:15:35.040 | INFO     | pre_process:train_model:153 - epoch [7/30], step [15/27], loss: 0.3609
2024-04-27 04:15:35.923 | INFO     | pre_process:train_model:153 - epoch [7/30], step [20/27], loss: 0.9372
2024-04-27 04:15:36.801 | INFO     | pre_process:train_model:153 - epoch [7/30], step [25/27], loss: 0.2003
2024-04-27 04:15:37.149 | INFO     | pre_process:train_model:158 - epoch [7/30], avg_loss: 0.4529
2024-04-27 04:15:38.028 | INFO     | pre_process:train_model:153 - epoch [8/30], step [5/27], loss: 0.1215
2024-04-27 04:15:38.908 | INFO     | pre_process:train_model:153 - epoch [8/30], step [10/27], loss: 0.2287
2024-04-27 04:15:39.793 | INFO     | pre_process:train_model:153 - epoch [8/30], step [15/27], loss: 0.4920
2024-04-27 04:15:40.693 | INFO     | pre_process:train_model:153 - epoch [8/30], step [20/27], loss: 0.1025
2024-04-27 04:15:41.608 | INFO     | pre_process:train_model:153 - epoch [8/30], step [25/27], loss: 0.1273
2024-04-27 04:15:41.941 | INFO     | pre_process:train_model:158 - epoch [8/30], avg_loss: 0.3503
2024-04-27 04:15:42.899 | INFO     | pre_process:train_model:153 - epoch [9/30], step [5/27], loss: 0.2354
2024-04-27 04:15:43.767 | INFO     | pre_process:train_model:153 - epoch [9/30], step [10/27], loss: 1.6253
2024-04-27 04:15:44.681 | INFO     | pre_process:train_model:153 - epoch [9/30], step [15/27], loss: 0.2926
2024-04-27 04:15:45.624 | INFO     | pre_process:train_model:153 - epoch [9/30], step [20/27], loss: 0.0248
2024-04-27 04:15:46.539 | INFO     | pre_process:train_model:153 - epoch [9/30], step [25/27], loss: 0.0509
2024-04-27 04:15:46.911 | INFO     | pre_process:train_model:158 - epoch [9/30], avg_loss: 0.3066
2024-04-27 04:15:47.835 | INFO     | pre_process:train_model:153 - epoch [10/30], step [5/27], loss: 0.0800
2024-04-27 04:15:48.788 | INFO     | pre_process:train_model:153 - epoch [10/30], step [10/27], loss: 0.0366
2024-04-27 04:15:49.693 | INFO     | pre_process:train_model:153 - epoch [10/30], step [15/27], loss: 0.0323
2024-04-27 04:15:50.595 | INFO     | pre_process:train_model:153 - epoch [10/30], step [20/27], loss: 0.1517
2024-04-27 04:15:51.528 | INFO     | pre_process:train_model:153 - epoch [10/30], step [25/27], loss: 0.0162
2024-04-27 04:15:51.882 | INFO     | pre_process:train_model:158 - epoch [10/30], avg_loss: 0.2327
2024-04-27 04:15:52.825 | INFO     | pre_process:train_model:153 - epoch [11/30], step [5/27], loss: 0.2777
2024-04-27 04:15:53.733 | INFO     | pre_process:train_model:153 - epoch [11/30], step [10/27], loss: 0.0046
2024-04-27 04:15:54.657 | INFO     | pre_process:train_model:153 - epoch [11/30], step [15/27], loss: 0.0768
2024-04-27 04:15:55.585 | INFO     | pre_process:train_model:153 - epoch [11/30], step [20/27], loss: 0.9135
2024-04-27 04:15:56.561 | INFO     | pre_process:train_model:153 - epoch [11/30], step [25/27], loss: 0.0984
2024-04-27 04:15:56.938 | INFO     | pre_process:train_model:158 - epoch [11/30], avg_loss: 0.2443
2024-04-27 04:15:57.868 | INFO     | pre_process:train_model:153 - epoch [12/30], step [5/27], loss: 0.0307
2024-04-27 04:15:58.793 | INFO     | pre_process:train_model:153 - epoch [12/30], step [10/27], loss: 0.5556
2024-04-27 04:15:59.753 | INFO     | pre_process:train_model:153 - epoch [12/30], step [15/27], loss: 0.2400
2024-04-27 04:16:00.696 | INFO     | pre_process:train_model:153 - epoch [12/30], step [20/27], loss: 0.0531
2024-04-27 04:16:01.604 | INFO     | pre_process:train_model:153 - epoch [12/30], step [25/27], loss: 0.0398
2024-04-27 04:16:01.975 | INFO     | pre_process:train_model:158 - epoch [12/30], avg_loss: 0.1998
2024-04-27 04:16:02.890 | INFO     | pre_process:train_model:153 - epoch [13/30], step [5/27], loss: 0.7207
2024-04-27 04:16:03.785 | INFO     | pre_process:train_model:153 - epoch [13/30], step [10/27], loss: 0.0127
2024-04-27 04:16:04.749 | INFO     | pre_process:train_model:153 - epoch [13/30], step [15/27], loss: 0.9448
2024-04-27 04:16:05.658 | INFO     | pre_process:train_model:153 - epoch [13/30], step [20/27], loss: 0.1049
2024-04-27 04:16:06.591 | INFO     | pre_process:train_model:153 - epoch [13/30], step [25/27], loss: 1.0204
2024-04-27 04:16:06.940 | INFO     | pre_process:train_model:158 - epoch [13/30], avg_loss: 0.2480
2024-04-27 04:16:07.847 | INFO     | pre_process:train_model:153 - epoch [14/30], step [5/27], loss: 0.0860
2024-04-27 04:16:08.783 | INFO     | pre_process:train_model:153 - epoch [14/30], step [10/27], loss: 0.0319
2024-04-27 04:16:09.691 | INFO     | pre_process:train_model:153 - epoch [14/30], step [15/27], loss: 0.0091
2024-04-27 04:16:10.609 | INFO     | pre_process:train_model:153 - epoch [14/30], step [20/27], loss: 0.0729
2024-04-27 04:16:11.502 | INFO     | pre_process:train_model:153 - epoch [14/30], step [25/27], loss: 0.0136
2024-04-27 04:16:11.843 | INFO     | pre_process:train_model:158 - epoch [14/30], avg_loss: 0.2998
2024-04-27 04:16:12.805 | INFO     | pre_process:train_model:153 - epoch [15/30], step [5/27], loss: 0.2695
2024-04-27 04:16:13.681 | INFO     | pre_process:train_model:153 - epoch [15/30], step [10/27], loss: 0.0495
2024-04-27 04:16:14.609 | INFO     | pre_process:train_model:153 - epoch [15/30], step [15/27], loss: 0.1495
2024-04-27 04:16:15.572 | INFO     | pre_process:train_model:153 - epoch [15/30], step [20/27], loss: 0.0346
2024-04-27 04:16:16.538 | INFO     | pre_process:train_model:153 - epoch [15/30], step [25/27], loss: 0.1066
2024-04-27 04:16:16.920 | INFO     | pre_process:train_model:158 - epoch [15/30], avg_loss: 0.3052
2024-04-27 04:16:17.927 | INFO     | pre_process:train_model:153 - epoch [16/30], step [5/27], loss: 0.0014
2024-04-27 04:16:18.930 | INFO     | pre_process:train_model:153 - epoch [16/30], step [10/27], loss: 0.1148
2024-04-27 04:16:19.869 | INFO     | pre_process:train_model:153 - epoch [16/30], step [15/27], loss: 0.0333
2024-04-27 04:16:20.849 | INFO     | pre_process:train_model:153 - epoch [16/30], step [20/27], loss: 0.0452
2024-04-27 04:16:21.822 | INFO     | pre_process:train_model:153 - epoch [16/30], step [25/27], loss: 0.1655
2024-04-27 04:16:22.196 | INFO     | pre_process:train_model:158 - epoch [16/30], avg_loss: 0.2594
2024-04-27 04:16:23.114 | INFO     | pre_process:train_model:153 - epoch [17/30], step [5/27], loss: 0.0448
2024-04-27 04:16:24.010 | INFO     | pre_process:train_model:153 - epoch [17/30], step [10/27], loss: 0.0064
2024-04-27 04:16:24.909 | INFO     | pre_process:train_model:153 - epoch [17/30], step [15/27], loss: 0.5656
2024-04-27 04:16:25.805 | INFO     | pre_process:train_model:153 - epoch [17/30], step [20/27], loss: 0.0174
2024-04-27 04:16:26.705 | INFO     | pre_process:train_model:153 - epoch [17/30], step [25/27], loss: 0.1614
2024-04-27 04:16:27.036 | INFO     | pre_process:train_model:158 - epoch [17/30], avg_loss: 0.2436
2024-04-27 04:16:27.904 | INFO     | pre_process:train_model:153 - epoch [18/30], step [5/27], loss: 0.0900
2024-04-27 04:16:28.779 | INFO     | pre_process:train_model:153 - epoch [18/30], step [10/27], loss: 0.5867
2024-04-27 04:16:29.655 | INFO     | pre_process:train_model:153 - epoch [18/30], step [15/27], loss: 0.1179
2024-04-27 04:16:30.527 | INFO     | pre_process:train_model:153 - epoch [18/30], step [20/27], loss: 0.0297
2024-04-27 04:16:31.441 | INFO     | pre_process:train_model:153 - epoch [18/30], step [25/27], loss: 1.6142
2024-04-27 04:16:31.803 | INFO     | pre_process:train_model:158 - epoch [18/30], avg_loss: 0.2744
2024-04-27 04:16:32.730 | INFO     | pre_process:train_model:153 - epoch [19/30], step [5/27], loss: 0.0398
2024-04-27 04:16:33.614 | INFO     | pre_process:train_model:153 - epoch [19/30], step [10/27], loss: 0.1257
2024-04-27 04:16:34.487 | INFO     | pre_process:train_model:153 - epoch [19/30], step [15/27], loss: 1.9378
2024-04-27 04:16:35.350 | INFO     | pre_process:train_model:153 - epoch [19/30], step [20/27], loss: 0.0608
2024-04-27 04:16:36.220 | INFO     | pre_process:train_model:153 - epoch [19/30], step [25/27], loss: 0.7549
2024-04-27 04:16:36.597 | INFO     | pre_process:train_model:158 - epoch [19/30], avg_loss: 0.3244
2024-04-27 04:16:37.488 | INFO     | pre_process:train_model:153 - epoch [20/30], step [5/27], loss: 0.0776
2024-04-27 04:16:38.363 | INFO     | pre_process:train_model:153 - epoch [20/30], step [10/27], loss: 0.1030
2024-04-27 04:16:39.257 | INFO     | pre_process:train_model:153 - epoch [20/30], step [15/27], loss: 0.0368
2024-04-27 04:16:40.141 | INFO     | pre_process:train_model:153 - epoch [20/30], step [20/27], loss: 0.0584
2024-04-27 04:16:41.038 | INFO     | pre_process:train_model:153 - epoch [20/30], step [25/27], loss: 0.6285
2024-04-27 04:16:41.378 | INFO     | pre_process:train_model:158 - epoch [20/30], avg_loss: 0.1805
2024-04-27 04:16:42.267 | INFO     | pre_process:train_model:153 - epoch [21/30], step [5/27], loss: 0.3216
2024-04-27 04:16:43.207 | INFO     | pre_process:train_model:153 - epoch [21/30], step [10/27], loss: 0.1745
2024-04-27 04:16:44.100 | INFO     | pre_process:train_model:153 - epoch [21/30], step [15/27], loss: 0.0878
2024-04-27 04:16:45.023 | INFO     | pre_process:train_model:153 - epoch [21/30], step [20/27], loss: 0.0009
2024-04-27 04:16:45.956 | INFO     | pre_process:train_model:153 - epoch [21/30], step [25/27], loss: 0.0327
2024-04-27 04:16:46.323 | INFO     | pre_process:train_model:158 - epoch [21/30], avg_loss: 0.2242
2024-04-27 04:16:47.257 | INFO     | pre_process:train_model:153 - epoch [22/30], step [5/27], loss: 0.3939
2024-04-27 04:16:48.166 | INFO     | pre_process:train_model:153 - epoch [22/30], step [10/27], loss: 0.0063
2024-04-27 04:16:49.075 | INFO     | pre_process:train_model:153 - epoch [22/30], step [15/27], loss: 0.0128
2024-04-27 04:16:50.003 | INFO     | pre_process:train_model:153 - epoch [22/30], step [20/27], loss: 0.1993
2024-04-27 04:16:50.915 | INFO     | pre_process:train_model:153 - epoch [22/30], step [25/27], loss: 0.7577
2024-04-27 04:16:51.286 | INFO     | pre_process:train_model:158 - epoch [22/30], avg_loss: 0.1727
2024-04-27 04:16:52.195 | INFO     | pre_process:train_model:153 - epoch [23/30], step [5/27], loss: 0.0827
2024-04-27 04:16:53.125 | INFO     | pre_process:train_model:153 - epoch [23/30], step [10/27], loss: 0.0862
2024-04-27 04:16:54.037 | INFO     | pre_process:train_model:153 - epoch [23/30], step [15/27], loss: 0.0067
2024-04-27 04:16:54.932 | INFO     | pre_process:train_model:153 - epoch [23/30], step [20/27], loss: 0.0080
2024-04-27 04:16:55.925 | INFO     | pre_process:train_model:153 - epoch [23/30], step [25/27], loss: 0.3892
2024-04-27 04:16:56.276 | INFO     | pre_process:train_model:158 - epoch [23/30], avg_loss: 0.1364
2024-04-27 04:16:57.167 | INFO     | pre_process:train_model:153 - epoch [24/30], step [5/27], loss: 0.2683
2024-04-27 04:16:58.056 | INFO     | pre_process:train_model:153 - epoch [24/30], step [10/27], loss: 0.1228
2024-04-27 04:16:58.942 | INFO     | pre_process:train_model:153 - epoch [24/30], step [15/27], loss: 0.8164
2024-04-27 04:16:59.837 | INFO     | pre_process:train_model:153 - epoch [24/30], step [20/27], loss: 0.0414
2024-04-27 04:17:00.854 | INFO     | pre_process:train_model:153 - epoch [24/30], step [25/27], loss: 0.1716
2024-04-27 04:17:01.301 | INFO     | pre_process:train_model:158 - epoch [24/30], avg_loss: 0.1537
2024-04-27 04:17:02.246 | INFO     | pre_process:train_model:153 - epoch [25/30], step [5/27], loss: 0.0011
2024-04-27 04:17:03.139 | INFO     | pre_process:train_model:153 - epoch [25/30], step [10/27], loss: 0.0008
2024-04-27 04:17:04.032 | INFO     | pre_process:train_model:153 - epoch [25/30], step [15/27], loss: 0.0036
2024-04-27 04:17:04.932 | INFO     | pre_process:train_model:153 - epoch [25/30], step [20/27], loss: 0.0036
2024-04-27 04:17:05.942 | INFO     | pre_process:train_model:153 - epoch [25/30], step [25/27], loss: 0.3406
2024-04-27 04:17:06.300 | INFO     | pre_process:train_model:158 - epoch [25/30], avg_loss: 0.2536
2024-04-27 04:17:07.200 | INFO     | pre_process:train_model:153 - epoch [26/30], step [5/27], loss: 0.0293
2024-04-27 04:17:08.130 | INFO     | pre_process:train_model:153 - epoch [26/30], step [10/27], loss: 0.0029
2024-04-27 04:17:09.069 | INFO     | pre_process:train_model:153 - epoch [26/30], step [15/27], loss: 0.0270
2024-04-27 04:17:09.979 | INFO     | pre_process:train_model:153 - epoch [26/30], step [20/27], loss: 0.1530
2024-04-27 04:17:10.866 | INFO     | pre_process:train_model:153 - epoch [26/30], step [25/27], loss: 0.0014
2024-04-27 04:17:11.202 | INFO     | pre_process:train_model:158 - epoch [26/30], avg_loss: 0.1505
2024-04-27 04:17:12.161 | INFO     | pre_process:train_model:153 - epoch [27/30], step [5/27], loss: 0.3596
2024-04-27 04:17:13.093 | INFO     | pre_process:train_model:153 - epoch [27/30], step [10/27], loss: 0.0253
2024-04-27 04:17:14.031 | INFO     | pre_process:train_model:153 - epoch [27/30], step [15/27], loss: 0.0004
2024-04-27 04:17:14.959 | INFO     | pre_process:train_model:153 - epoch [27/30], step [20/27], loss: 0.0261
2024-04-27 04:17:15.891 | INFO     | pre_process:train_model:153 - epoch [27/30], step [25/27], loss: 0.2020
2024-04-27 04:17:16.269 | INFO     | pre_process:train_model:158 - epoch [27/30], avg_loss: 0.2163
2024-04-27 04:17:17.189 | INFO     | pre_process:train_model:153 - epoch [28/30], step [5/27], loss: 0.4315
2024-04-27 04:17:18.088 | INFO     | pre_process:train_model:153 - epoch [28/30], step [10/27], loss: 0.0001
2024-04-27 04:17:19.027 | INFO     | pre_process:train_model:153 - epoch [28/30], step [15/27], loss: 0.9234
2024-04-27 04:17:19.966 | INFO     | pre_process:train_model:153 - epoch [28/30], step [20/27], loss: 0.0238
2024-04-27 04:17:20.879 | INFO     | pre_process:train_model:153 - epoch [28/30], step [25/27], loss: 0.0073
2024-04-27 04:17:21.231 | INFO     | pre_process:train_model:158 - epoch [28/30], avg_loss: 0.1622
2024-04-27 04:17:22.122 | INFO     | pre_process:train_model:153 - epoch [29/30], step [5/27], loss: 0.1273
2024-04-27 04:17:23.087 | INFO     | pre_process:train_model:153 - epoch [29/30], step [10/27], loss: 0.0171
2024-04-27 04:17:24.085 | INFO     | pre_process:train_model:153 - epoch [29/30], step [15/27], loss: 0.0032
2024-04-27 04:17:24.981 | INFO     | pre_process:train_model:153 - epoch [29/30], step [20/27], loss: 0.3754
2024-04-27 04:17:25.886 | INFO     | pre_process:train_model:153 - epoch [29/30], step [25/27], loss: 1.3983
2024-04-27 04:17:26.229 | INFO     | pre_process:train_model:158 - epoch [29/30], avg_loss: 0.2637
2024-04-27 04:17:27.099 | INFO     | pre_process:train_model:153 - epoch [30/30], step [5/27], loss: 0.2590
2024-04-27 04:17:27.982 | INFO     | pre_process:train_model:153 - epoch [30/30], step [10/27], loss: 0.0996
2024-04-27 04:17:29.072 | INFO     | pre_process:train_model:153 - epoch [30/30], step [15/27], loss: 0.0113
2024-04-27 04:17:30.167 | INFO     | pre_process:train_model:153 - epoch [30/30], step [20/27], loss: 0.0823
2024-04-27 04:17:31.332 | INFO     | pre_process:train_model:153 - epoch [30/30], step [25/27], loss: 0.6284
2024-04-27 04:17:31.804 | INFO     | pre_process:train_model:158 - epoch [30/30], avg_loss: 0.1402
2024-04-27 04:17:31.805 | SUCCESS  | pre_process:train_model:160 - 训练完成
2024-04-27 04:17:32.048 | WARNING  | pre_process:train_model:168 - close the plot window to continue...
2024-04-27 04:17:53.541 | SUCCESS  | pre_process:test_model:212 - all equal
2024-04-27 04:17:53.579 | SUCCESS  | pre_process:test_model:212 - all equal
2024-04-27 04:17:53.618 | SUCCESS  | pre_process:test_model:212 - all equal
2024-04-27 04:17:53.658 | SUCCESS  | pre_process:test_model:212 - all equal
2024-04-27 04:17:53.700 | ERROR    | pre_process:test_model:214 - not equal
2024-04-27 04:17:53.741 | SUCCESS  | pre_process:test_model:212 - all equal
2024-04-27 04:17:53.782 | ERROR    | pre_process:test_model:214 - not equal
2024-04-27 04:17:53.821 | SUCCESS  | pre_process:test_model:212 - all equal
2024-04-27 04:17:53.862 | SUCCESS  | pre_process:test_model:212 - all equal
2024-04-27 04:17:53.902 | ERROR    | pre_process:test_model:214 - not equal
2024-04-27 04:17:53.940 | SUCCESS  | pre_process:test_model:212 - all equal
2024-04-27 04:17:53.979 | SUCCESS  | pre_process:test_model:212 - all equal
2024-04-27 04:17:54.020 | SUCCESS  | pre_process:test_model:212 - all equal
2024-04-27 04:17:54.060 | SUCCESS  | pre_process:test_model:212 - all equal
2024-04-27 04:17:54.101 | SUCCESS  | pre_process:test_model:212 - all equal
2024-04-27 04:17:54.139 | SUCCESS  | pre_process:test_model:212 - all equal
2024-04-27 04:17:54.178 | SUCCESS  | pre_process:test_model:212 - all equal
2024-04-27 04:17:54.214 | SUCCESS  | pre_process:test_model:212 - all equal
2024-04-27 04:17:54.249 | SUCCESS  | pre_process:test_model:212 - all equal
2024-04-27 04:17:54.289 | SUCCESS  | pre_process:test_model:212 - all equal
2024-04-27 04:17:54.289 | DEBUG    | pre_process:test_model:219 - Accuracy on the test set: 85.00%
2024-04-27 04:18:07.785 | INFO     | pre_process:train_model:153 - epoch [1/30], step [5/27], loss: 0.9228
2024-04-27 04:18:08.698 | INFO     | pre_process:train_model:153 - epoch [1/30], step [10/27], loss: 1.1267
2024-04-27 04:18:09.570 | INFO     | pre_process:train_model:153 - epoch [1/30], step [15/27], loss: 1.2398
2024-04-27 04:18:10.454 | INFO     | pre_process:train_model:153 - epoch [1/30], step [20/27], loss: 0.9192
2024-04-27 04:18:11.335 | INFO     | pre_process:train_model:153 - epoch [1/30], step [25/27], loss: 1.0935
2024-04-27 04:18:11.680 | INFO     | pre_process:train_model:158 - epoch [1/30], avg_loss: 1.0226
2024-04-27 04:18:12.610 | INFO     | pre_process:train_model:153 - epoch [2/30], step [5/27], loss: 0.7691
