2024-04-27 03:00:17.518 | INFO     | pre_process:train_model:194 - epoch [1/30], step [5/10], loss: 0.9697
2024-04-27 03:00:17.746 | INFO     | pre_process:train_model:194 - epoch [1/30], step [10/10], loss: 1.1106
2024-04-27 03:00:17.747 | INFO     | pre_process:train_model:199 - epoch [1/30], avg_loss: 1.0208
2024-04-27 03:00:17.962 | INFO     | pre_process:train_model:194 - epoch [2/30], step [5/10], loss: 2.0424
2024-04-27 03:00:18.163 | INFO     | pre_process:train_model:194 - epoch [2/30], step [10/10], loss: 0.7647
2024-04-27 03:00:18.163 | INFO     | pre_process:train_model:199 - epoch [2/30], avg_loss: 0.9735
2024-04-27 03:00:18.377 | INFO     | pre_process:train_model:194 - epoch [3/30], step [5/10], loss: 0.8590
2024-04-27 03:00:18.590 | INFO     | pre_process:train_model:194 - epoch [3/30], step [10/10], loss: 0.8584
2024-04-27 03:00:18.590 | INFO     | pre_process:train_model:199 - epoch [3/30], avg_loss: 0.8638
2024-04-27 03:00:18.812 | INFO     | pre_process:train_model:194 - epoch [4/30], step [5/10], loss: 0.8997
2024-04-27 03:00:19.027 | INFO     | pre_process:train_model:194 - epoch [4/30], step [10/10], loss: 0.7726
2024-04-27 03:00:19.028 | INFO     | pre_process:train_model:199 - epoch [4/30], avg_loss: 0.7705
2024-04-27 03:00:19.236 | INFO     | pre_process:train_model:194 - epoch [5/30], step [5/10], loss: 0.3867
2024-04-27 03:00:19.453 | INFO     | pre_process:train_model:194 - epoch [5/30], step [10/10], loss: 0.3331
2024-04-27 03:00:19.453 | INFO     | pre_process:train_model:199 - epoch [5/30], avg_loss: 0.5013
2024-04-27 03:00:19.667 | INFO     | pre_process:train_model:194 - epoch [6/30], step [5/10], loss: 0.2416
2024-04-27 03:00:19.885 | INFO     | pre_process:train_model:194 - epoch [6/30], step [10/10], loss: 0.4093
2024-04-27 03:00:19.886 | INFO     | pre_process:train_model:199 - epoch [6/30], avg_loss: 0.3538
2024-04-27 03:00:20.096 | INFO     | pre_process:train_model:194 - epoch [7/30], step [5/10], loss: 0.4382
2024-04-27 03:00:20.303 | INFO     | pre_process:train_model:194 - epoch [7/30], step [10/10], loss: 0.3390
2024-04-27 03:00:20.304 | INFO     | pre_process:train_model:199 - epoch [7/30], avg_loss: 0.2923
2024-04-27 03:00:20.527 | INFO     | pre_process:train_model:194 - epoch [8/30], step [5/10], loss: 0.1908
2024-04-27 03:00:20.741 | INFO     | pre_process:train_model:194 - epoch [8/30], step [10/10], loss: 0.3866
2024-04-27 03:00:20.742 | INFO     | pre_process:train_model:199 - epoch [8/30], avg_loss: 0.2694
2024-04-27 03:00:20.954 | INFO     | pre_process:train_model:194 - epoch [9/30], step [5/10], loss: 0.2626
2024-04-27 03:00:21.167 | INFO     | pre_process:train_model:194 - epoch [9/30], step [10/10], loss: 0.2506
2024-04-27 03:00:21.169 | INFO     | pre_process:train_model:199 - epoch [9/30], avg_loss: 0.2649
2024-04-27 03:00:21.401 | INFO     | pre_process:train_model:194 - epoch [10/30], step [5/10], loss: 0.1666
2024-04-27 03:00:21.619 | INFO     | pre_process:train_model:194 - epoch [10/30], step [10/10], loss: 0.2469
2024-04-27 03:00:21.619 | INFO     | pre_process:train_model:199 - epoch [10/30], avg_loss: 0.2497
2024-04-27 03:00:21.828 | INFO     | pre_process:train_model:194 - epoch [11/30], step [5/10], loss: 0.0969
2024-04-27 03:00:22.039 | INFO     | pre_process:train_model:194 - epoch [11/30], step [10/10], loss: 0.0830
2024-04-27 03:00:22.040 | INFO     | pre_process:train_model:199 - epoch [11/30], avg_loss: 0.2360
2024-04-27 03:00:22.252 | INFO     | pre_process:train_model:194 - epoch [12/30], step [5/10], loss: 0.3760
2024-04-27 03:00:22.467 | INFO     | pre_process:train_model:194 - epoch [12/30], step [10/10], loss: 0.1883
2024-04-27 03:00:22.468 | INFO     | pre_process:train_model:199 - epoch [12/30], avg_loss: 0.2592
2024-04-27 03:00:22.692 | INFO     | pre_process:train_model:194 - epoch [13/30], step [5/10], loss: 0.1926
2024-04-27 03:00:22.903 | INFO     | pre_process:train_model:194 - epoch [13/30], step [10/10], loss: 0.1097
2024-04-27 03:00:22.903 | INFO     | pre_process:train_model:199 - epoch [13/30], avg_loss: 0.2511
2024-04-27 03:00:23.111 | INFO     | pre_process:train_model:194 - epoch [14/30], step [5/10], loss: 0.2450
2024-04-27 03:00:23.327 | INFO     | pre_process:train_model:194 - epoch [14/30], step [10/10], loss: 0.2609
2024-04-27 03:00:23.328 | INFO     | pre_process:train_model:199 - epoch [14/30], avg_loss: 0.2432
2024-04-27 03:00:23.538 | INFO     | pre_process:train_model:194 - epoch [15/30], step [5/10], loss: 0.1071
2024-04-27 03:00:23.747 | INFO     | pre_process:train_model:194 - epoch [15/30], step [10/10], loss: 0.0010
2024-04-27 03:00:23.747 | INFO     | pre_process:train_model:199 - epoch [15/30], avg_loss: 0.4153
2024-04-27 03:00:23.964 | INFO     | pre_process:train_model:194 - epoch [16/30], step [5/10], loss: 2.6560
2024-04-27 03:00:24.180 | INFO     | pre_process:train_model:194 - epoch [16/30], step [10/10], loss: 1.7071
2024-04-27 03:00:24.180 | INFO     | pre_process:train_model:199 - epoch [16/30], avg_loss: 2.3187
2024-04-27 03:00:24.394 | INFO     | pre_process:train_model:194 - epoch [17/30], step [5/10], loss: 1.0330
2024-04-27 03:00:24.600 | INFO     | pre_process:train_model:194 - epoch [17/30], step [10/10], loss: 0.8746
2024-04-27 03:00:24.600 | INFO     | pre_process:train_model:199 - epoch [17/30], avg_loss: 1.1172
2024-04-27 03:00:24.811 | INFO     | pre_process:train_model:194 - epoch [18/30], step [5/10], loss: 1.0865
2024-04-27 03:00:25.029 | INFO     | pre_process:train_model:194 - epoch [18/30], step [10/10], loss: 1.4224
2024-04-27 03:00:25.030 | INFO     | pre_process:train_model:199 - epoch [18/30], avg_loss: 0.9436
2024-04-27 03:00:25.246 | INFO     | pre_process:train_model:194 - epoch [19/30], step [5/10], loss: 0.9819
2024-04-27 03:00:25.455 | INFO     | pre_process:train_model:194 - epoch [19/30], step [10/10], loss: 0.7226
2024-04-27 03:00:25.455 | INFO     | pre_process:train_model:199 - epoch [19/30], avg_loss: 0.9547
2024-04-27 03:00:25.668 | INFO     | pre_process:train_model:194 - epoch [20/30], step [5/10], loss: 0.9721
2024-04-27 03:00:25.887 | INFO     | pre_process:train_model:194 - epoch [20/30], step [10/10], loss: 1.0802
2024-04-27 03:00:25.888 | INFO     | pre_process:train_model:199 - epoch [20/30], avg_loss: 0.9329
2024-04-27 03:00:26.103 | INFO     | pre_process:train_model:194 - epoch [21/30], step [5/10], loss: 0.9143
2024-04-27 03:00:26.313 | INFO     | pre_process:train_model:194 - epoch [21/30], step [10/10], loss: 0.6737
2024-04-27 03:00:26.314 | INFO     | pre_process:train_model:199 - epoch [21/30], avg_loss: 0.9074
2024-04-27 03:00:26.527 | INFO     | pre_process:train_model:194 - epoch [22/30], step [5/10], loss: 0.4641
2024-04-27 03:00:26.739 | INFO     | pre_process:train_model:194 - epoch [22/30], step [10/10], loss: 0.9692
2024-04-27 03:00:26.740 | INFO     | pre_process:train_model:199 - epoch [22/30], avg_loss: 0.9027
2024-04-27 03:00:26.949 | INFO     | pre_process:train_model:194 - epoch [23/30], step [5/10], loss: 0.3490
2024-04-27 03:00:27.166 | INFO     | pre_process:train_model:194 - epoch [23/30], step [10/10], loss: 0.5050
2024-04-27 03:00:27.168 | INFO     | pre_process:train_model:199 - epoch [23/30], avg_loss: 0.8049
2024-04-27 03:00:27.380 | INFO     | pre_process:train_model:194 - epoch [24/30], step [5/10], loss: 0.4720
2024-04-27 03:00:27.596 | INFO     | pre_process:train_model:194 - epoch [24/30], step [10/10], loss: 0.1078
2024-04-27 03:00:27.597 | INFO     | pre_process:train_model:199 - epoch [24/30], avg_loss: 0.6213
2024-04-27 03:00:27.818 | INFO     | pre_process:train_model:194 - epoch [25/30], step [5/10], loss: 0.3043
2024-04-27 03:00:28.035 | INFO     | pre_process:train_model:194 - epoch [25/30], step [10/10], loss: 0.3253
2024-04-27 03:00:28.035 | INFO     | pre_process:train_model:199 - epoch [25/30], avg_loss: 0.4001
2024-04-27 03:00:28.249 | INFO     | pre_process:train_model:194 - epoch [26/30], step [5/10], loss: 0.2185
2024-04-27 03:00:28.455 | INFO     | pre_process:train_model:194 - epoch [26/30], step [10/10], loss: 0.4475
2024-04-27 03:00:28.456 | INFO     | pre_process:train_model:199 - epoch [26/30], avg_loss: 0.3306
2024-04-27 03:00:28.670 | INFO     | pre_process:train_model:194 - epoch [27/30], step [5/10], loss: 0.1518
2024-04-27 03:00:28.891 | INFO     | pre_process:train_model:194 - epoch [27/30], step [10/10], loss: 0.5317
2024-04-27 03:00:28.891 | INFO     | pre_process:train_model:199 - epoch [27/30], avg_loss: 0.3130
2024-04-27 03:00:29.119 | INFO     | pre_process:train_model:194 - epoch [28/30], step [5/10], loss: 0.0037
2024-04-27 03:00:29.334 | INFO     | pre_process:train_model:194 - epoch [28/30], step [10/10], loss: 0.4391
2024-04-27 03:00:29.334 | INFO     | pre_process:train_model:199 - epoch [28/30], avg_loss: 0.2817
2024-04-27 03:00:29.546 | INFO     | pre_process:train_model:194 - epoch [29/30], step [5/10], loss: 0.4744
2024-04-27 03:00:29.763 | INFO     | pre_process:train_model:194 - epoch [29/30], step [10/10], loss: 0.0027
2024-04-27 03:00:29.764 | INFO     | pre_process:train_model:199 - epoch [29/30], avg_loss: 0.2512
2024-04-27 03:00:29.974 | INFO     | pre_process:train_model:194 - epoch [30/30], step [5/10], loss: 0.2414
2024-04-27 03:00:30.187 | INFO     | pre_process:train_model:194 - epoch [30/30], step [10/10], loss: 0.1077
2024-04-27 03:00:30.188 | INFO     | pre_process:train_model:199 - epoch [30/30], avg_loss: 0.2686
2024-04-27 03:00:30.188 | SUCCESS  | pre_process:train_model:201 - 训练完成
2024-04-27 03:00:30.388 | WARNING  | pre_process:train_model:209 - close the plot window to continue...
2024-04-27 03:00:54.793 | SUCCESS  | pre_process:test_model:253 - all equal
2024-04-27 03:00:54.820 | ERROR    | pre_process:test_model:255 - not equal
2024-04-27 03:00:54.848 | ERROR    | pre_process:test_model:255 - not equal
2024-04-27 03:00:54.873 | SUCCESS  | pre_process:test_model:253 - all equal
2024-04-27 03:00:54.895 | ERROR    | pre_process:test_model:255 - not equal
2024-04-27 03:00:54.926 | SUCCESS  | pre_process:test_model:253 - all equal
2024-04-27 03:00:54.958 | SUCCESS  | pre_process:test_model:253 - all equal
2024-04-27 03:00:54.987 | SUCCESS  | pre_process:test_model:253 - all equal
2024-04-27 03:00:55.016 | SUCCESS  | pre_process:test_model:253 - all equal
2024-04-27 03:00:55.044 | ERROR    | pre_process:test_model:255 - not equal
2024-04-27 03:00:55.045 | DEBUG    | pre_process:test_model:260 - Accuracy on the test set: 87.50%
2024-04-27 03:06:09.356 | INFO     | pre_process:train_model:223 - epoch [1/20], step [5/10], loss: 1.0612
2024-04-27 03:06:10.720 | INFO     | pre_process:train_model:223 - epoch [1/20], step [10/10], loss: 1.2730
2024-04-27 03:06:10.721 | INFO     | pre_process:train_model:228 - epoch [1/20], avg_loss: 1.0501
2024-04-27 03:06:12.095 | INFO     | pre_process:train_model:223 - epoch [2/20], step [5/10], loss: 1.1093
2024-04-27 03:06:13.431 | INFO     | pre_process:train_model:223 - epoch [2/20], step [10/10], loss: 0.9992
2024-04-27 03:06:13.431 | INFO     | pre_process:train_model:228 - epoch [2/20], avg_loss: 0.8722
2024-04-27 03:06:14.756 | INFO     | pre_process:train_model:223 - epoch [3/20], step [5/10], loss: 0.5054
2024-04-27 03:06:16.150 | INFO     | pre_process:train_model:223 - epoch [3/20], step [10/10], loss: 0.6609
2024-04-27 03:06:16.151 | INFO     | pre_process:train_model:228 - epoch [3/20], avg_loss: 0.6373
2024-04-27 03:06:17.534 | INFO     | pre_process:train_model:223 - epoch [4/20], step [5/10], loss: 0.4452
2024-04-27 03:06:18.976 | INFO     | pre_process:train_model:223 - epoch [4/20], step [10/10], loss: 0.6861
2024-04-27 03:06:18.977 | INFO     | pre_process:train_model:228 - epoch [4/20], avg_loss: 0.4904
2024-04-27 03:06:20.417 | INFO     | pre_process:train_model:223 - epoch [5/20], step [5/10], loss: 0.1487
2024-04-27 03:06:21.802 | INFO     | pre_process:train_model:223 - epoch [5/20], step [10/10], loss: 0.1969
2024-04-27 03:06:21.802 | INFO     | pre_process:train_model:228 - epoch [5/20], avg_loss: 0.3496
2024-04-27 03:06:23.199 | INFO     | pre_process:train_model:223 - epoch [6/20], step [5/10], loss: 0.2243
2024-04-27 03:06:25.107 | INFO     | pre_process:train_model:223 - epoch [6/20], step [10/10], loss: 1.0328
2024-04-27 03:06:25.107 | INFO     | pre_process:train_model:228 - epoch [6/20], avg_loss: 0.3211
2024-04-27 03:06:27.838 | INFO     | pre_process:train_model:223 - epoch [7/20], step [5/10], loss: 0.0908
2024-04-27 03:06:30.554 | INFO     | pre_process:train_model:223 - epoch [7/20], step [10/10], loss: 0.1772
2024-04-27 03:06:30.555 | INFO     | pre_process:train_model:228 - epoch [7/20], avg_loss: 0.1830
2024-04-27 03:06:33.290 | INFO     | pre_process:train_model:223 - epoch [8/20], step [5/10], loss: 0.2644
2024-04-27 03:06:36.003 | INFO     | pre_process:train_model:223 - epoch [8/20], step [10/10], loss: 0.1939
2024-04-27 03:06:36.004 | INFO     | pre_process:train_model:228 - epoch [8/20], avg_loss: 0.1211
2024-04-27 03:06:38.743 | INFO     | pre_process:train_model:223 - epoch [9/20], step [5/10], loss: 0.0673
2024-04-27 03:06:41.460 | INFO     | pre_process:train_model:223 - epoch [9/20], step [10/10], loss: 0.1800
2024-04-27 03:06:41.460 | INFO     | pre_process:train_model:228 - epoch [9/20], avg_loss: 0.2166
2024-04-27 03:06:44.183 | INFO     | pre_process:train_model:223 - epoch [10/20], step [5/10], loss: 0.0102
2024-04-27 03:06:46.928 | INFO     | pre_process:train_model:223 - epoch [10/20], step [10/10], loss: 0.9576
2024-04-27 03:06:46.929 | INFO     | pre_process:train_model:228 - epoch [10/20], avg_loss: 0.1371
2024-04-27 03:06:49.713 | INFO     | pre_process:train_model:223 - epoch [11/20], step [5/10], loss: 0.0072
2024-04-27 03:06:51.329 | INFO     | pre_process:train_model:223 - epoch [11/20], step [10/10], loss: 0.0124
2024-04-27 03:06:51.330 | INFO     | pre_process:train_model:228 - epoch [11/20], avg_loss: 0.0281
2024-04-27 03:06:52.866 | INFO     | pre_process:train_model:223 - epoch [12/20], step [5/10], loss: 0.0083
2024-04-27 03:06:54.324 | INFO     | pre_process:train_model:223 - epoch [12/20], step [10/10], loss: 0.0042
2024-04-27 03:06:54.325 | INFO     | pre_process:train_model:228 - epoch [12/20], avg_loss: 0.0493
2024-04-27 03:06:55.747 | INFO     | pre_process:train_model:223 - epoch [13/20], step [5/10], loss: 0.0400
2024-04-27 03:06:57.137 | INFO     | pre_process:train_model:223 - epoch [13/20], step [10/10], loss: 0.5244
2024-04-27 03:06:57.137 | INFO     | pre_process:train_model:228 - epoch [13/20], avg_loss: 0.0874
2024-04-27 03:06:58.522 | INFO     | pre_process:train_model:223 - epoch [14/20], step [5/10], loss: 0.0751
2024-04-27 03:06:59.932 | INFO     | pre_process:train_model:223 - epoch [14/20], step [10/10], loss: 0.0039
2024-04-27 03:06:59.932 | INFO     | pre_process:train_model:228 - epoch [14/20], avg_loss: 0.0225
2024-04-27 03:07:01.387 | INFO     | pre_process:train_model:223 - epoch [15/20], step [5/10], loss: 0.6565
2024-04-27 03:07:02.815 | INFO     | pre_process:train_model:223 - epoch [15/20], step [10/10], loss: 0.0038
2024-04-27 03:07:02.815 | INFO     | pre_process:train_model:228 - epoch [15/20], avg_loss: 0.0743
2024-04-27 03:07:04.248 | INFO     | pre_process:train_model:223 - epoch [16/20], step [5/10], loss: 0.0020
2024-04-27 03:07:05.692 | INFO     | pre_process:train_model:223 - epoch [16/20], step [10/10], loss: 0.0014
2024-04-27 03:07:05.693 | INFO     | pre_process:train_model:228 - epoch [16/20], avg_loss: 0.0920
2024-04-27 03:07:07.081 | INFO     | pre_process:train_model:223 - epoch [17/20], step [5/10], loss: 0.0072
2024-04-27 03:07:08.418 | INFO     | pre_process:train_model:223 - epoch [17/20], step [10/10], loss: 0.0159
2024-04-27 03:07:08.419 | INFO     | pre_process:train_model:228 - epoch [17/20], avg_loss: 0.0050
2024-04-27 03:07:09.854 | INFO     | pre_process:train_model:223 - epoch [18/20], step [5/10], loss: 0.0033
2024-04-27 03:07:11.312 | INFO     | pre_process:train_model:223 - epoch [18/20], step [10/10], loss: 0.0070
2024-04-27 03:07:11.312 | INFO     | pre_process:train_model:228 - epoch [18/20], avg_loss: 0.0083
2024-04-27 03:07:12.824 | INFO     | pre_process:train_model:223 - epoch [19/20], step [5/10], loss: 0.0010
2024-04-27 03:07:14.263 | INFO     | pre_process:train_model:223 - epoch [19/20], step [10/10], loss: 0.0017
2024-04-27 03:07:14.265 | INFO     | pre_process:train_model:228 - epoch [19/20], avg_loss: 0.0023
2024-04-27 03:07:15.735 | INFO     | pre_process:train_model:223 - epoch [20/20], step [5/10], loss: 0.0010
2024-04-27 03:07:17.246 | INFO     | pre_process:train_model:223 - epoch [20/20], step [10/10], loss: 0.0011
2024-04-27 03:07:17.247 | INFO     | pre_process:train_model:228 - epoch [20/20], avg_loss: 0.0024
2024-04-27 03:07:17.248 | SUCCESS  | pre_process:train_model:230 - 训练完成
2024-04-27 03:07:17.468 | WARNING  | pre_process:train_model:238 - close the plot window to continue...
2024-04-27 03:07:36.518 | SUCCESS  | pre_process:test_model:282 - all equal
2024-04-27 03:07:36.755 | SUCCESS  | pre_process:test_model:282 - all equal
2024-04-27 03:07:36.924 | SUCCESS  | pre_process:test_model:282 - all equal
2024-04-27 03:07:37.108 | SUCCESS  | pre_process:test_model:282 - all equal
2024-04-27 03:07:37.269 | SUCCESS  | pre_process:test_model:282 - all equal
2024-04-27 03:07:37.440 | SUCCESS  | pre_process:test_model:282 - all equal
2024-04-27 03:07:37.618 | SUCCESS  | pre_process:test_model:282 - all equal
2024-04-27 03:07:37.791 | SUCCESS  | pre_process:test_model:282 - all equal
2024-04-27 03:07:37.969 | SUCCESS  | pre_process:test_model:282 - all equal
2024-04-27 03:07:38.145 | SUCCESS  | pre_process:test_model:282 - all equal
2024-04-27 03:07:38.146 | DEBUG    | pre_process:test_model:289 - Accuracy on the test set: 100.00%
2024-04-27 03:08:18.740 | INFO     | pre_process:train_model:223 - epoch [1/20], step [5/8], loss: 1.0487
2024-04-27 03:08:20.411 | INFO     | pre_process:train_model:228 - epoch [1/20], avg_loss: 1.0516
2024-04-27 03:08:23.164 | INFO     | pre_process:train_model:223 - epoch [2/20], step [5/8], loss: 1.0201
2024-04-27 03:08:24.815 | INFO     | pre_process:train_model:228 - epoch [2/20], avg_loss: 0.8915
2024-04-27 03:08:27.585 | INFO     | pre_process:train_model:223 - epoch [3/20], step [5/8], loss: 0.7886
2024-04-27 03:08:29.210 | INFO     | pre_process:train_model:228 - epoch [3/20], avg_loss: 0.7994
2024-04-27 03:08:31.965 | INFO     | pre_process:train_model:223 - epoch [4/20], step [5/8], loss: 0.4164
2024-04-27 03:08:33.670 | INFO     | pre_process:train_model:228 - epoch [4/20], avg_loss: 0.6118
2024-04-27 03:08:36.409 | INFO     | pre_process:train_model:223 - epoch [5/20], step [5/8], loss: 0.5111
2024-04-27 03:08:37.550 | INFO     | pre_process:train_model:228 - epoch [5/20], avg_loss: 0.4066
2024-04-27 03:08:38.966 | INFO     | pre_process:train_model:223 - epoch [6/20], step [5/8], loss: 0.1839
2024-04-27 03:08:39.831 | INFO     | pre_process:train_model:228 - epoch [6/20], avg_loss: 0.2845
2024-04-27 03:08:41.266 | INFO     | pre_process:train_model:223 - epoch [7/20], step [5/8], loss: 0.0085
2024-04-27 03:08:42.111 | INFO     | pre_process:train_model:228 - epoch [7/20], avg_loss: 0.2137
2024-04-27 03:08:43.522 | INFO     | pre_process:train_model:223 - epoch [8/20], step [5/8], loss: 0.0174
2024-04-27 03:08:44.385 | INFO     | pre_process:train_model:228 - epoch [8/20], avg_loss: 0.1745
2024-04-27 03:08:45.831 | INFO     | pre_process:train_model:223 - epoch [9/20], step [5/8], loss: 0.0137
2024-04-27 03:08:46.718 | INFO     | pre_process:train_model:228 - epoch [9/20], avg_loss: 0.1451
2024-04-27 03:08:48.177 | INFO     | pre_process:train_model:223 - epoch [10/20], step [5/8], loss: 0.0140
2024-04-27 03:08:49.026 | INFO     | pre_process:train_model:228 - epoch [10/20], avg_loss: 0.1675
2024-04-27 03:08:50.482 | INFO     | pre_process:train_model:223 - epoch [11/20], step [5/8], loss: 0.1959
2024-04-27 03:08:51.357 | INFO     | pre_process:train_model:228 - epoch [11/20], avg_loss: 0.0778
2024-04-27 03:08:52.746 | INFO     | pre_process:train_model:223 - epoch [12/20], step [5/8], loss: 0.0013
2024-04-27 03:08:53.602 | INFO     | pre_process:train_model:228 - epoch [12/20], avg_loss: 0.0538
2024-04-27 03:08:55.068 | INFO     | pre_process:train_model:223 - epoch [13/20], step [5/8], loss: 0.0325
2024-04-27 03:08:55.920 | INFO     | pre_process:train_model:228 - epoch [13/20], avg_loss: 0.0326
2024-04-27 03:08:57.377 | INFO     | pre_process:train_model:223 - epoch [14/20], step [5/8], loss: 0.0014
2024-04-27 03:08:58.220 | INFO     | pre_process:train_model:228 - epoch [14/20], avg_loss: 0.1528
2024-04-27 03:08:59.636 | INFO     | pre_process:train_model:223 - epoch [15/20], step [5/8], loss: 0.1085
2024-04-27 03:09:00.492 | INFO     | pre_process:train_model:228 - epoch [15/20], avg_loss: 0.0578
2024-04-27 03:09:01.916 | INFO     | pre_process:train_model:223 - epoch [16/20], step [5/8], loss: 0.0073
2024-04-27 03:09:02.784 | INFO     | pre_process:train_model:228 - epoch [16/20], avg_loss: 0.3747
2024-04-27 03:09:04.211 | INFO     | pre_process:train_model:223 - epoch [17/20], step [5/8], loss: 0.0049
2024-04-27 03:09:05.084 | INFO     | pre_process:train_model:228 - epoch [17/20], avg_loss: 0.1700
2024-04-27 03:09:06.541 | INFO     | pre_process:train_model:223 - epoch [18/20], step [5/8], loss: 0.0485
2024-04-27 03:09:07.416 | INFO     | pre_process:train_model:228 - epoch [18/20], avg_loss: 0.0272
2024-04-27 03:09:08.882 | INFO     | pre_process:train_model:223 - epoch [19/20], step [5/8], loss: 0.0163
2024-04-27 03:09:09.770 | INFO     | pre_process:train_model:228 - epoch [19/20], avg_loss: 0.0351
2024-04-27 03:09:11.113 | INFO     | pre_process:train_model:223 - epoch [20/20], step [5/8], loss: 0.0047
2024-04-27 03:09:11.956 | INFO     | pre_process:train_model:228 - epoch [20/20], avg_loss: 0.0089
2024-04-27 03:09:11.956 | SUCCESS  | pre_process:train_model:230 - 训练完成
2024-04-27 03:09:12.154 | WARNING  | pre_process:train_model:238 - close the plot window to continue...
2024-04-27 03:09:26.010 | SUCCESS  | pre_process:test_model:282 - all equal
2024-04-27 03:09:26.068 | SUCCESS  | pre_process:test_model:282 - all equal
2024-04-27 03:09:26.123 | ERROR    | pre_process:test_model:284 - not equal
2024-04-27 03:09:26.176 | SUCCESS  | pre_process:test_model:282 - all equal
2024-04-27 03:09:26.230 | SUCCESS  | pre_process:test_model:282 - all equal
2024-04-27 03:09:26.285 | ERROR    | pre_process:test_model:284 - not equal
2024-04-27 03:09:26.342 | SUCCESS  | pre_process:test_model:282 - all equal
2024-04-27 03:09:26.399 | SUCCESS  | pre_process:test_model:282 - all equal
2024-04-27 03:09:26.400 | DEBUG    | pre_process:test_model:289 - Accuracy on the test set: 75.00%
2024-04-27 03:09:40.228 | INFO     | pre_process:train_model:223 - epoch [1/20], step [5/8], loss: 0.9455
2024-04-27 03:09:41.074 | INFO     | pre_process:train_model:228 - epoch [1/20], avg_loss: 1.0430
2024-04-27 03:09:42.485 | INFO     | pre_process:train_model:223 - epoch [2/20], step [5/8], loss: 1.0062
2024-04-27 03:09:43.365 | INFO     | pre_process:train_model:228 - epoch [2/20], avg_loss: 0.9092
2024-04-27 03:09:44.816 | INFO     | pre_process:train_model:223 - epoch [3/20], step [5/8], loss: 0.9757
2024-04-27 03:09:45.654 | INFO     | pre_process:train_model:228 - epoch [3/20], avg_loss: 0.7169
2024-04-27 03:09:47.032 | INFO     | pre_process:train_model:223 - epoch [4/20], step [5/8], loss: 0.1050
2024-04-27 03:09:47.877 | INFO     | pre_process:train_model:228 - epoch [4/20], avg_loss: 0.5260
2024-04-27 03:09:49.274 | INFO     | pre_process:train_model:223 - epoch [5/20], step [5/8], loss: 0.5415
2024-04-27 03:09:50.204 | INFO     | pre_process:train_model:228 - epoch [5/20], avg_loss: 0.3540
2024-04-27 03:15:12.949 | INFO     | pre_process:train_model:216 - epoch [1/20], step [5/8], loss: 1.0486
2024-04-27 03:15:13.254 | INFO     | pre_process:train_model:221 - epoch [1/20], avg_loss: 1.0757
2024-04-27 03:15:13.741 | INFO     | pre_process:train_model:216 - epoch [2/20], step [5/8], loss: 1.0113
2024-04-27 03:15:14.034 | INFO     | pre_process:train_model:221 - epoch [2/20], avg_loss: 0.9621
2024-04-27 03:15:14.515 | INFO     | pre_process:train_model:216 - epoch [3/20], step [5/8], loss: 1.0950
2024-04-27 03:15:14.831 | INFO     | pre_process:train_model:221 - epoch [3/20], avg_loss: 0.8460
2024-04-27 03:15:15.337 | INFO     | pre_process:train_model:216 - epoch [4/20], step [5/8], loss: 0.6035
2024-04-27 03:15:15.625 | INFO     | pre_process:train_model:221 - epoch [4/20], avg_loss: 0.7562
2024-04-27 03:15:16.113 | INFO     | pre_process:train_model:216 - epoch [5/20], step [5/8], loss: 1.0432
2024-04-27 03:15:16.436 | INFO     | pre_process:train_model:221 - epoch [5/20], avg_loss: 0.6842
2024-04-27 03:15:16.919 | INFO     | pre_process:train_model:216 - epoch [6/20], step [5/8], loss: 0.3960
2024-04-27 03:15:17.218 | INFO     | pre_process:train_model:221 - epoch [6/20], avg_loss: 0.5387
2024-04-27 03:15:17.678 | INFO     | pre_process:train_model:216 - epoch [7/20], step [5/8], loss: 0.4079
2024-04-27 03:15:17.974 | INFO     | pre_process:train_model:221 - epoch [7/20], avg_loss: 0.4102
2024-04-27 03:15:18.473 | INFO     | pre_process:train_model:216 - epoch [8/20], step [5/8], loss: 0.5513
2024-04-27 03:15:18.752 | INFO     | pre_process:train_model:221 - epoch [8/20], avg_loss: 0.3207
2024-04-27 03:15:19.261 | INFO     | pre_process:train_model:216 - epoch [9/20], step [5/8], loss: 0.2803
2024-04-27 03:15:19.549 | INFO     | pre_process:train_model:221 - epoch [9/20], avg_loss: 0.2736
2024-04-27 03:15:20.027 | INFO     | pre_process:train_model:216 - epoch [10/20], step [5/8], loss: 0.0527
2024-04-27 03:15:20.318 | INFO     | pre_process:train_model:221 - epoch [10/20], avg_loss: 0.1700
2024-04-27 03:15:20.794 | INFO     | pre_process:train_model:216 - epoch [11/20], step [5/8], loss: 0.1369
2024-04-27 03:15:21.093 | INFO     | pre_process:train_model:221 - epoch [11/20], avg_loss: 0.1254
2024-04-27 03:15:21.581 | INFO     | pre_process:train_model:216 - epoch [12/20], step [5/8], loss: 0.2075
2024-04-27 03:15:21.866 | INFO     | pre_process:train_model:221 - epoch [12/20], avg_loss: 0.1072
2024-04-27 03:15:22.362 | INFO     | pre_process:train_model:216 - epoch [13/20], step [5/8], loss: 0.1360
2024-04-27 03:15:22.660 | INFO     | pre_process:train_model:221 - epoch [13/20], avg_loss: 0.0698
2024-04-27 03:15:23.150 | INFO     | pre_process:train_model:216 - epoch [14/20], step [5/8], loss: 0.0312
2024-04-27 03:15:23.438 | INFO     | pre_process:train_model:221 - epoch [14/20], avg_loss: 0.0563
2024-04-27 03:15:23.930 | INFO     | pre_process:train_model:216 - epoch [15/20], step [5/8], loss: 0.0555
2024-04-27 03:15:24.230 | INFO     | pre_process:train_model:221 - epoch [15/20], avg_loss: 0.0473
2024-04-27 03:15:24.720 | INFO     | pre_process:train_model:216 - epoch [16/20], step [5/8], loss: 0.0084
2024-04-27 03:15:25.012 | INFO     | pre_process:train_model:221 - epoch [16/20], avg_loss: 0.0355
2024-04-27 03:15:25.491 | INFO     | pre_process:train_model:216 - epoch [17/20], step [5/8], loss: 0.0465
2024-04-27 03:15:25.790 | INFO     | pre_process:train_model:221 - epoch [17/20], avg_loss: 0.0276
2024-04-27 03:15:26.283 | INFO     | pre_process:train_model:216 - epoch [18/20], step [5/8], loss: 0.0651
2024-04-27 03:15:26.583 | INFO     | pre_process:train_model:221 - epoch [18/20], avg_loss: 0.0289
2024-04-27 03:15:27.085 | INFO     | pre_process:train_model:216 - epoch [19/20], step [5/8], loss: 0.0458
2024-04-27 03:15:27.385 | INFO     | pre_process:train_model:221 - epoch [19/20], avg_loss: 0.0170
2024-04-27 03:15:27.863 | INFO     | pre_process:train_model:216 - epoch [20/20], step [5/8], loss: 0.0144
2024-04-27 03:15:28.161 | INFO     | pre_process:train_model:221 - epoch [20/20], avg_loss: 0.0188
2024-04-27 03:15:28.161 | SUCCESS  | pre_process:train_model:223 - 训练完成
2024-04-27 03:15:28.368 | WARNING  | pre_process:train_model:231 - close the plot window to continue...
2024-04-27 03:15:41.436 | SUCCESS  | pre_process:test_model:275 - all equal
2024-04-27 03:15:41.480 | SUCCESS  | pre_process:test_model:275 - all equal
2024-04-27 03:15:41.513 | ERROR    | pre_process:test_model:277 - not equal
2024-04-27 03:15:41.545 | SUCCESS  | pre_process:test_model:275 - all equal
2024-04-27 03:15:41.579 | ERROR    | pre_process:test_model:277 - not equal
2024-04-27 03:15:41.613 | SUCCESS  | pre_process:test_model:275 - all equal
2024-04-27 03:15:41.647 | SUCCESS  | pre_process:test_model:275 - all equal
2024-04-27 03:15:41.682 | SUCCESS  | pre_process:test_model:275 - all equal
2024-04-27 03:15:41.682 | DEBUG    | pre_process:test_model:282 - Accuracy on the test set: 75.00%
2024-04-27 03:31:10.412 | INFO     | pre_process:train_model:169 - epoch [1/20], step [5/10], loss: 1.0709
2024-04-27 03:31:10.927 | INFO     | pre_process:train_model:169 - epoch [1/20], step [10/10], loss: 0.9831
2024-04-27 03:31:10.927 | INFO     | pre_process:train_model:174 - epoch [1/20], avg_loss: 1.0711
2024-04-27 03:31:11.460 | INFO     | pre_process:train_model:169 - epoch [2/20], step [5/10], loss: 1.0442
2024-04-27 03:31:11.979 | INFO     | pre_process:train_model:169 - epoch [2/20], step [10/10], loss: 1.0499
2024-04-27 03:31:11.979 | INFO     | pre_process:train_model:174 - epoch [2/20], avg_loss: 0.9941
2024-04-27 03:31:12.490 | INFO     | pre_process:train_model:169 - epoch [3/20], step [5/10], loss: 0.8292
2024-04-27 03:31:12.989 | INFO     | pre_process:train_model:169 - epoch [3/20], step [10/10], loss: 0.8475
2024-04-27 03:31:12.990 | INFO     | pre_process:train_model:174 - epoch [3/20], avg_loss: 0.8887
2024-04-27 03:31:13.467 | INFO     | pre_process:train_model:169 - epoch [4/20], step [5/10], loss: 0.6576
2024-04-27 03:31:13.962 | INFO     | pre_process:train_model:169 - epoch [4/20], step [10/10], loss: 0.6076
2024-04-27 03:31:13.963 | INFO     | pre_process:train_model:174 - epoch [4/20], avg_loss: 0.7795
2024-04-27 03:31:14.442 | INFO     | pre_process:train_model:169 - epoch [5/20], step [5/10], loss: 0.5507
2024-04-27 03:31:14.935 | INFO     | pre_process:train_model:169 - epoch [5/20], step [10/10], loss: 0.4751
2024-04-27 03:31:14.935 | INFO     | pre_process:train_model:174 - epoch [5/20], avg_loss: 0.6184
2024-04-27 03:31:15.404 | INFO     | pre_process:train_model:169 - epoch [6/20], step [5/10], loss: 0.6059
2024-04-27 03:31:15.889 | INFO     | pre_process:train_model:169 - epoch [6/20], step [10/10], loss: 0.2090
2024-04-27 03:31:15.889 | INFO     | pre_process:train_model:174 - epoch [6/20], avg_loss: 0.4772
2024-04-27 03:31:16.373 | INFO     | pre_process:train_model:169 - epoch [7/20], step [5/10], loss: 0.5354
2024-04-27 03:31:16.866 | INFO     | pre_process:train_model:169 - epoch [7/20], step [10/10], loss: 0.1011
2024-04-27 03:31:16.866 | INFO     | pre_process:train_model:174 - epoch [7/20], avg_loss: 0.2966
2024-04-27 03:31:17.359 | INFO     | pre_process:train_model:169 - epoch [8/20], step [5/10], loss: 0.2268
2024-04-27 03:31:17.871 | INFO     | pre_process:train_model:169 - epoch [8/20], step [10/10], loss: 0.0281
2024-04-27 03:31:17.871 | INFO     | pre_process:train_model:174 - epoch [8/20], avg_loss: 0.1873
2024-04-27 03:31:18.387 | INFO     | pre_process:train_model:169 - epoch [9/20], step [5/10], loss: 0.0358
2024-04-27 03:31:18.905 | INFO     | pre_process:train_model:169 - epoch [9/20], step [10/10], loss: 0.1096
2024-04-27 03:31:18.906 | INFO     | pre_process:train_model:174 - epoch [9/20], avg_loss: 0.1134
2024-04-27 03:31:19.423 | INFO     | pre_process:train_model:169 - epoch [10/20], step [5/10], loss: 0.0260
2024-04-27 03:31:19.935 | INFO     | pre_process:train_model:169 - epoch [10/20], step [10/10], loss: 0.0047
2024-04-27 03:31:19.935 | INFO     | pre_process:train_model:174 - epoch [10/20], avg_loss: 0.0709
2024-04-27 03:31:20.466 | INFO     | pre_process:train_model:169 - epoch [11/20], step [5/10], loss: 0.1833
2024-04-27 03:31:20.992 | INFO     | pre_process:train_model:169 - epoch [11/20], step [10/10], loss: 0.0204
2024-04-27 03:31:20.992 | INFO     | pre_process:train_model:174 - epoch [11/20], avg_loss: 0.0437
2024-04-27 03:31:21.532 | INFO     | pre_process:train_model:169 - epoch [12/20], step [5/10], loss: 0.0129
2024-04-27 03:31:22.057 | INFO     | pre_process:train_model:169 - epoch [12/20], step [10/10], loss: 0.0619
2024-04-27 03:31:22.057 | INFO     | pre_process:train_model:174 - epoch [12/20], avg_loss: 0.0338
2024-04-27 03:31:22.561 | INFO     | pre_process:train_model:169 - epoch [13/20], step [5/10], loss: 0.0316
2024-04-27 03:31:23.056 | INFO     | pre_process:train_model:169 - epoch [13/20], step [10/10], loss: 0.0045
2024-04-27 03:31:23.056 | INFO     | pre_process:train_model:174 - epoch [13/20], avg_loss: 0.0254
2024-04-27 03:31:23.546 | INFO     | pre_process:train_model:169 - epoch [14/20], step [5/10], loss: 0.0279
2024-04-27 03:31:24.065 | INFO     | pre_process:train_model:169 - epoch [14/20], step [10/10], loss: 0.0026
2024-04-27 03:31:24.065 | INFO     | pre_process:train_model:174 - epoch [14/20], avg_loss: 0.0159
2024-04-27 03:31:24.555 | INFO     | pre_process:train_model:169 - epoch [15/20], step [5/10], loss: 0.0044
2024-04-27 03:31:25.066 | INFO     | pre_process:train_model:169 - epoch [15/20], step [10/10], loss: 0.0010
2024-04-27 03:31:25.066 | INFO     | pre_process:train_model:174 - epoch [15/20], avg_loss: 0.0149
2024-04-27 03:31:25.568 | INFO     | pre_process:train_model:169 - epoch [16/20], step [5/10], loss: 0.0033
2024-04-27 03:31:26.073 | INFO     | pre_process:train_model:169 - epoch [16/20], step [10/10], loss: 0.0292
2024-04-27 03:31:26.074 | INFO     | pre_process:train_model:174 - epoch [16/20], avg_loss: 0.0108
2024-04-27 03:31:26.570 | INFO     | pre_process:train_model:169 - epoch [17/20], step [5/10], loss: 0.0017
2024-04-27 03:31:27.072 | INFO     | pre_process:train_model:169 - epoch [17/20], step [10/10], loss: 0.0018
2024-04-27 03:31:27.072 | INFO     | pre_process:train_model:174 - epoch [17/20], avg_loss: 0.0061
2024-04-27 03:31:27.566 | INFO     | pre_process:train_model:169 - epoch [18/20], step [5/10], loss: 0.0168
2024-04-27 03:31:28.057 | INFO     | pre_process:train_model:169 - epoch [18/20], step [10/10], loss: 0.0018
2024-04-27 03:31:28.057 | INFO     | pre_process:train_model:174 - epoch [18/20], avg_loss: 0.0086
2024-04-27 03:31:28.560 | INFO     | pre_process:train_model:169 - epoch [19/20], step [5/10], loss: 0.0010
2024-04-27 03:31:29.068 | INFO     | pre_process:train_model:169 - epoch [19/20], step [10/10], loss: 0.0025
2024-04-27 03:31:29.069 | INFO     | pre_process:train_model:174 - epoch [19/20], avg_loss: 0.0044
2024-04-27 03:31:29.548 | INFO     | pre_process:train_model:169 - epoch [20/20], step [5/10], loss: 0.0042
2024-04-27 03:31:30.049 | INFO     | pre_process:train_model:169 - epoch [20/20], step [10/10], loss: 0.0080
2024-04-27 03:31:30.049 | INFO     | pre_process:train_model:174 - epoch [20/20], avg_loss: 0.0043
2024-04-27 03:31:30.049 | SUCCESS  | pre_process:train_model:176 - 训练完成
2024-04-27 03:31:30.334 | WARNING  | pre_process:train_model:184 - close the plot window to continue...
2024-04-27 03:31:46.450 | ERROR    | pre_process:test_model:230 - not equal
2024-04-27 03:31:46.510 | ERROR    | pre_process:test_model:230 - not equal
2024-04-27 03:31:46.570 | ERROR    | pre_process:test_model:230 - not equal
2024-04-27 03:31:46.632 | ERROR    | pre_process:test_model:230 - not equal
2024-04-27 03:31:46.694 | ERROR    | pre_process:test_model:230 - not equal
2024-04-27 03:31:46.754 | SUCCESS  | pre_process:test_model:228 - all equal
2024-04-27 03:31:46.817 | ERROR    | pre_process:test_model:230 - not equal
2024-04-27 03:31:46.878 | SUCCESS  | pre_process:test_model:228 - all equal
2024-04-27 03:31:46.939 | ERROR    | pre_process:test_model:230 - not equal
2024-04-27 03:31:47.000 | SUCCESS  | pre_process:test_model:228 - all equal
2024-04-27 03:31:47.001 | DEBUG    | pre_process:test_model:235 - Accuracy on the test set: 72.50%
2024-04-27 03:33:27.120 | INFO     | pre_process:train_model:169 - epoch [1/20], step [5/10], loss: 1.0039
2024-04-27 03:33:27.622 | INFO     | pre_process:train_model:169 - epoch [1/20], step [10/10], loss: 0.9393
2024-04-27 03:33:27.623 | INFO     | pre_process:train_model:174 - epoch [1/20], avg_loss: 1.0614
2024-04-27 03:33:28.112 | INFO     | pre_process:train_model:169 - epoch [2/20], step [5/10], loss: 0.9594
2024-04-27 03:33:28.601 | INFO     | pre_process:train_model:169 - epoch [2/20], step [10/10], loss: 0.8609
2024-04-27 03:33:28.602 | INFO     | pre_process:train_model:174 - epoch [2/20], avg_loss: 0.9575
2024-04-27 03:33:29.092 | INFO     | pre_process:train_model:169 - epoch [3/20], step [5/10], loss: 1.0681
2024-04-27 03:33:29.586 | INFO     | pre_process:train_model:169 - epoch [3/20], step [10/10], loss: 0.8861
2024-04-27 03:33:29.587 | INFO     | pre_process:train_model:174 - epoch [3/20], avg_loss: 0.8351
2024-04-27 03:33:30.066 | INFO     | pre_process:train_model:169 - epoch [4/20], step [5/10], loss: 1.1807
2024-04-27 03:33:30.559 | INFO     | pre_process:train_model:169 - epoch [4/20], step [10/10], loss: 0.1579
2024-04-27 03:33:30.559 | INFO     | pre_process:train_model:174 - epoch [4/20], avg_loss: 0.6186
2024-04-27 03:33:31.049 | INFO     | pre_process:train_model:169 - epoch [5/20], step [5/10], loss: 0.8663
2024-04-27 03:33:31.544 | INFO     | pre_process:train_model:169 - epoch [5/20], step [10/10], loss: 0.4357
2024-04-27 03:33:31.544 | INFO     | pre_process:train_model:174 - epoch [5/20], avg_loss: 0.4330
2024-04-27 03:33:32.030 | INFO     | pre_process:train_model:169 - epoch [6/20], step [5/10], loss: 0.1329
2024-04-27 03:33:32.525 | INFO     | pre_process:train_model:169 - epoch [6/20], step [10/10], loss: 0.2656
2024-04-27 03:33:32.525 | INFO     | pre_process:train_model:174 - epoch [6/20], avg_loss: 0.3294
2024-04-27 03:33:33.000 | INFO     | pre_process:train_model:169 - epoch [7/20], step [5/10], loss: 0.3248
2024-04-27 03:33:33.482 | INFO     | pre_process:train_model:169 - epoch [7/20], step [10/10], loss: 0.2694
2024-04-27 03:33:33.482 | INFO     | pre_process:train_model:174 - epoch [7/20], avg_loss: 0.2583
2024-04-27 03:33:33.983 | INFO     | pre_process:train_model:169 - epoch [8/20], step [5/10], loss: 0.3135
2024-04-27 03:33:34.468 | INFO     | pre_process:train_model:169 - epoch [8/20], step [10/10], loss: 0.0065
2024-04-27 03:33:34.468 | INFO     | pre_process:train_model:174 - epoch [8/20], avg_loss: 0.1880
2024-04-27 03:33:34.979 | INFO     | pre_process:train_model:169 - epoch [9/20], step [5/10], loss: 0.1320
2024-04-27 03:33:35.474 | INFO     | pre_process:train_model:169 - epoch [9/20], step [10/10], loss: 0.0323
2024-04-27 03:33:35.475 | INFO     | pre_process:train_model:174 - epoch [9/20], avg_loss: 0.1255
2024-04-27 03:33:35.959 | INFO     | pre_process:train_model:169 - epoch [10/20], step [5/10], loss: 0.0932
2024-04-27 03:33:36.455 | INFO     | pre_process:train_model:169 - epoch [10/20], step [10/10], loss: 0.0024
2024-04-27 03:33:36.456 | INFO     | pre_process:train_model:174 - epoch [10/20], avg_loss: 0.0759
2024-04-27 03:33:36.940 | INFO     | pre_process:train_model:169 - epoch [11/20], step [5/10], loss: 0.0059
2024-04-27 03:33:37.440 | INFO     | pre_process:train_model:169 - epoch [11/20], step [10/10], loss: 0.0306
2024-04-27 03:33:37.440 | INFO     | pre_process:train_model:174 - epoch [11/20], avg_loss: 0.0508
2024-04-27 03:33:37.921 | INFO     | pre_process:train_model:169 - epoch [12/20], step [5/10], loss: 0.0114
2024-04-27 03:33:38.420 | INFO     | pre_process:train_model:169 - epoch [12/20], step [10/10], loss: 0.0227
2024-04-27 03:33:38.420 | INFO     | pre_process:train_model:174 - epoch [12/20], avg_loss: 0.0304
2024-04-27 03:33:38.897 | INFO     | pre_process:train_model:169 - epoch [13/20], step [5/10], loss: 0.0769
2024-04-27 03:33:39.410 | INFO     | pre_process:train_model:169 - epoch [13/20], step [10/10], loss: 0.0335
2024-04-27 03:33:39.410 | INFO     | pre_process:train_model:174 - epoch [13/20], avg_loss: 0.0263
2024-04-27 03:33:39.901 | INFO     | pre_process:train_model:169 - epoch [14/20], step [5/10], loss: 0.0230
2024-04-27 03:33:40.413 | INFO     | pre_process:train_model:169 - epoch [14/20], step [10/10], loss: 0.0210
2024-04-27 03:33:40.414 | INFO     | pre_process:train_model:174 - epoch [14/20], avg_loss: 0.0096
2024-04-27 03:33:40.911 | INFO     | pre_process:train_model:169 - epoch [15/20], step [5/10], loss: 0.0202
2024-04-27 03:33:41.417 | INFO     | pre_process:train_model:169 - epoch [15/20], step [10/10], loss: 0.0272
2024-04-27 03:33:41.418 | INFO     | pre_process:train_model:174 - epoch [15/20], avg_loss: 0.0115
2024-04-27 03:33:41.920 | INFO     | pre_process:train_model:169 - epoch [16/20], step [5/10], loss: 0.0233
2024-04-27 03:33:42.437 | INFO     | pre_process:train_model:169 - epoch [16/20], step [10/10], loss: 0.0011
2024-04-27 03:33:42.438 | INFO     | pre_process:train_model:174 - epoch [16/20], avg_loss: 0.0109
2024-04-27 03:33:42.939 | INFO     | pre_process:train_model:169 - epoch [17/20], step [5/10], loss: 0.0068
2024-04-27 03:33:43.449 | INFO     | pre_process:train_model:169 - epoch [17/20], step [10/10], loss: 0.0076
2024-04-27 03:33:43.450 | INFO     | pre_process:train_model:174 - epoch [17/20], avg_loss: 0.0082
2024-04-27 03:33:43.944 | INFO     | pre_process:train_model:169 - epoch [18/20], step [5/10], loss: 0.0070
2024-04-27 03:33:44.449 | INFO     | pre_process:train_model:169 - epoch [18/20], step [10/10], loss: 0.0125
2024-04-27 03:33:44.450 | INFO     | pre_process:train_model:174 - epoch [18/20], avg_loss: 0.0051
2024-04-27 03:33:44.959 | INFO     | pre_process:train_model:169 - epoch [19/20], step [5/10], loss: 0.0032
2024-04-27 03:33:45.453 | INFO     | pre_process:train_model:169 - epoch [19/20], step [10/10], loss: 0.0203
2024-04-27 03:33:45.453 | INFO     | pre_process:train_model:174 - epoch [19/20], avg_loss: 0.0079
2024-04-27 03:33:45.968 | INFO     | pre_process:train_model:169 - epoch [20/20], step [5/10], loss: 0.0096
2024-04-27 03:33:46.502 | INFO     | pre_process:train_model:169 - epoch [20/20], step [10/10], loss: 0.0011
2024-04-27 03:33:46.502 | INFO     | pre_process:train_model:174 - epoch [20/20], avg_loss: 0.0054
2024-04-27 03:33:46.502 | SUCCESS  | pre_process:train_model:176 - 训练完成
2024-04-27 03:33:46.718 | WARNING  | pre_process:train_model:184 - close the plot window to continue...
2024-04-27 03:34:04.639 | SUCCESS  | pre_process:test_model:228 - all equal
2024-04-27 03:34:04.700 | SUCCESS  | pre_process:test_model:228 - all equal
2024-04-27 03:34:04.760 | SUCCESS  | pre_process:test_model:228 - all equal
2024-04-27 03:34:04.822 | SUCCESS  | pre_process:test_model:228 - all equal
2024-04-27 03:34:04.886 | SUCCESS  | pre_process:test_model:228 - all equal
2024-04-27 03:34:04.947 | SUCCESS  | pre_process:test_model:228 - all equal
2024-04-27 03:34:05.011 | SUCCESS  | pre_process:test_model:228 - all equal
2024-04-27 03:34:05.072 | SUCCESS  | pre_process:test_model:228 - all equal
2024-04-27 03:34:05.136 | SUCCESS  | pre_process:test_model:228 - all equal
2024-04-27 03:34:05.195 | SUCCESS  | pre_process:test_model:228 - all equal
2024-04-27 03:34:05.196 | DEBUG    | pre_process:test_model:235 - Accuracy on the test set: 100.00%
