2024-04-27 14:09:33.188 | INFO     | pre_process:train_model:166 - epoch [1/30], avg_loss: 1.1179
2024-04-27 14:09:33.311 | INFO     | pre_process:train_model:166 - epoch [2/30], avg_loss: 0.9884
2024-04-27 14:09:33.433 | INFO     | pre_process:train_model:166 - epoch [3/30], avg_loss: 0.9249
2024-04-27 14:09:33.551 | INFO     | pre_process:train_model:166 - epoch [4/30], avg_loss: 0.8616
2024-04-27 14:09:33.675 | INFO     | pre_process:train_model:166 - epoch [5/30], avg_loss: 0.8539
2024-04-27 14:09:33.790 | INFO     | pre_process:train_model:166 - epoch [6/30], avg_loss: 0.7390
2024-04-27 14:09:33.910 | INFO     | pre_process:train_model:166 - epoch [7/30], avg_loss: 0.7378
2024-04-27 14:09:34.040 | INFO     | pre_process:train_model:166 - epoch [8/30], avg_loss: 0.6749
2024-04-27 14:09:34.163 | INFO     | pre_process:train_model:166 - epoch [9/30], avg_loss: 0.6800
2024-04-27 14:09:34.290 | INFO     | pre_process:train_model:166 - epoch [10/30], avg_loss: 0.5142
2024-04-27 14:09:34.413 | INFO     | pre_process:train_model:166 - epoch [11/30], avg_loss: 0.3843
2024-04-27 14:09:34.539 | INFO     | pre_process:train_model:166 - epoch [12/30], avg_loss: 0.4912
2024-04-27 14:09:34.667 | INFO     | pre_process:train_model:166 - epoch [13/30], avg_loss: 0.2563
2024-04-27 14:09:34.791 | INFO     | pre_process:train_model:166 - epoch [14/30], avg_loss: 0.3018
2024-04-27 14:09:34.920 | INFO     | pre_process:train_model:166 - epoch [15/30], avg_loss: 0.1401
2024-04-27 14:09:35.052 | INFO     | pre_process:train_model:166 - epoch [16/30], avg_loss: 0.0923
2024-04-27 14:09:35.176 | INFO     | pre_process:train_model:166 - epoch [17/30], avg_loss: 0.1580
2024-04-27 14:09:35.303 | INFO     | pre_process:train_model:166 - epoch [18/30], avg_loss: 0.0843
2024-04-27 14:09:35.412 | INFO     | pre_process:train_model:166 - epoch [19/30], avg_loss: 0.1115
2024-04-27 14:09:35.513 | INFO     | pre_process:train_model:166 - epoch [20/30], avg_loss: 0.0412
2024-04-27 14:09:35.615 | INFO     | pre_process:train_model:166 - epoch [21/30], avg_loss: 0.0255
2024-04-27 14:09:35.718 | INFO     | pre_process:train_model:166 - epoch [22/30], avg_loss: 0.0177
2024-04-27 14:09:35.829 | INFO     | pre_process:train_model:166 - epoch [23/30], avg_loss: 0.0131
2024-04-27 14:09:35.934 | INFO     | pre_process:train_model:166 - epoch [24/30], avg_loss: 0.0360
2024-04-27 14:09:36.037 | INFO     | pre_process:train_model:166 - epoch [25/30], avg_loss: 0.0119
2024-04-27 14:09:36.142 | INFO     | pre_process:train_model:166 - epoch [26/30], avg_loss: 0.0140
2024-04-27 14:09:36.245 | INFO     | pre_process:train_model:166 - epoch [27/30], avg_loss: 0.0127
2024-04-27 14:09:36.350 | INFO     | pre_process:train_model:166 - epoch [28/30], avg_loss: 0.0150
2024-04-27 14:09:36.448 | INFO     | pre_process:train_model:166 - epoch [29/30], avg_loss: 0.0106
2024-04-27 14:09:36.549 | INFO     | pre_process:train_model:166 - epoch [30/30], avg_loss: 0.0035
2024-04-27 14:09:36.550 | SUCCESS  | pre_process:train_model:168 - 训练完成
2024-04-27 14:09:49.008 | SUCCESS  | pre_process:test_model:229 - all equal
2024-04-27 14:09:49.009 | DEBUG    | pre_process:test_model:236 - Accuracy on the test set: 100.00%
2024-04-27 14:11:38.159 | INFO     | pre_process:train_model:161 - epoch [1/30], step [5/25], loss: 1.0842
2024-04-27 14:11:39.189 | INFO     | pre_process:train_model:161 - epoch [1/30], step [10/25], loss: 1.1499
2024-04-27 14:11:40.239 | INFO     | pre_process:train_model:161 - epoch [1/30], step [15/25], loss: 0.9563
2024-04-27 14:11:41.461 | INFO     | pre_process:train_model:161 - epoch [1/30], step [20/25], loss: 1.0354
2024-04-27 14:11:43.065 | INFO     | pre_process:train_model:161 - epoch [1/30], step [25/25], loss: 0.9052
2024-04-27 14:11:43.065 | INFO     | pre_process:train_model:166 - epoch [1/30], avg_loss: 1.0663
2024-04-27 14:11:44.727 | INFO     | pre_process:train_model:161 - epoch [2/30], step [5/25], loss: 0.8065
2024-04-27 14:11:46.327 | INFO     | pre_process:train_model:161 - epoch [2/30], step [10/25], loss: 0.7697
2024-04-27 14:11:47.954 | INFO     | pre_process:train_model:161 - epoch [2/30], step [15/25], loss: 1.1113
2024-04-27 14:11:49.264 | INFO     | pre_process:train_model:161 - epoch [2/30], step [20/25], loss: 1.1032
2024-04-27 14:11:50.653 | INFO     | pre_process:train_model:161 - epoch [2/30], step [25/25], loss: 0.8256
2024-04-27 14:11:50.653 | INFO     | pre_process:train_model:166 - epoch [2/30], avg_loss: 0.9299
2024-04-27 14:11:52.146 | INFO     | pre_process:train_model:161 - epoch [3/30], step [5/25], loss: 1.0609
2024-04-27 14:11:53.644 | INFO     | pre_process:train_model:161 - epoch [3/30], step [10/25], loss: 0.5450
2024-04-27 14:11:54.789 | INFO     | pre_process:train_model:161 - epoch [3/30], step [15/25], loss: 0.2248
2024-04-27 14:11:55.900 | INFO     | pre_process:train_model:161 - epoch [3/30], step [20/25], loss: 0.4705
2024-04-27 14:11:56.964 | INFO     | pre_process:train_model:161 - epoch [3/30], step [25/25], loss: 0.4806
2024-04-27 14:11:56.964 | INFO     | pre_process:train_model:166 - epoch [3/30], avg_loss: 0.6810
2024-04-27 14:11:58.028 | INFO     | pre_process:train_model:161 - epoch [4/30], step [5/25], loss: 0.7059
2024-04-27 14:11:59.628 | INFO     | pre_process:train_model:161 - epoch [4/30], step [10/25], loss: 0.3350
2024-04-27 14:12:01.308 | INFO     | pre_process:train_model:161 - epoch [4/30], step [15/25], loss: 0.7112
2024-04-27 14:12:02.907 | INFO     | pre_process:train_model:161 - epoch [4/30], step [20/25], loss: 0.2881
2024-04-27 14:12:04.569 | INFO     | pre_process:train_model:161 - epoch [4/30], step [25/25], loss: 0.4758
2024-04-27 14:12:04.570 | INFO     | pre_process:train_model:166 - epoch [4/30], avg_loss: 0.3734
2024-04-27 14:12:06.033 | INFO     | pre_process:train_model:161 - epoch [5/30], step [5/25], loss: 0.1532
2024-04-27 14:12:07.434 | INFO     | pre_process:train_model:161 - epoch [5/30], step [10/25], loss: 0.3168
2024-04-27 14:12:08.860 | INFO     | pre_process:train_model:161 - epoch [5/30], step [15/25], loss: 0.0137
2024-04-27 14:12:10.393 | INFO     | pre_process:train_model:161 - epoch [5/30], step [20/25], loss: 0.0628
2024-04-27 14:12:11.541 | INFO     | pre_process:train_model:161 - epoch [5/30], step [25/25], loss: 0.1548
2024-04-27 14:12:11.541 | INFO     | pre_process:train_model:166 - epoch [5/30], avg_loss: 0.1703
2024-04-27 14:12:12.604 | INFO     | pre_process:train_model:161 - epoch [6/30], step [5/25], loss: 0.0849
2024-04-27 14:12:13.615 | INFO     | pre_process:train_model:161 - epoch [6/30], step [10/25], loss: 0.0901
2024-04-27 14:12:14.690 | INFO     | pre_process:train_model:161 - epoch [6/30], step [15/25], loss: 0.0134
2024-04-27 14:12:16.045 | INFO     | pre_process:train_model:161 - epoch [6/30], step [20/25], loss: 0.2737
2024-04-27 14:12:17.726 | INFO     | pre_process:train_model:161 - epoch [6/30], step [25/25], loss: 0.0083
2024-04-27 14:12:17.726 | INFO     | pre_process:train_model:166 - epoch [6/30], avg_loss: 0.0807
2024-04-27 14:12:19.377 | INFO     | pre_process:train_model:161 - epoch [7/30], step [5/25], loss: 0.0835
2024-04-27 14:12:21.041 | INFO     | pre_process:train_model:161 - epoch [7/30], step [10/25], loss: 0.0353
2024-04-27 14:12:22.485 | INFO     | pre_process:train_model:161 - epoch [7/30], step [15/25], loss: 0.0170
2024-04-27 14:12:23.798 | INFO     | pre_process:train_model:161 - epoch [7/30], step [20/25], loss: 0.0127
2024-04-27 14:12:25.236 | INFO     | pre_process:train_model:161 - epoch [7/30], step [25/25], loss: 0.0436
2024-04-27 14:12:25.237 | INFO     | pre_process:train_model:166 - epoch [7/30], avg_loss: 0.0343
2024-04-27 14:12:26.870 | INFO     | pre_process:train_model:161 - epoch [8/30], step [5/25], loss: 0.0296
2024-04-27 14:12:28.026 | INFO     | pre_process:train_model:161 - epoch [8/30], step [10/25], loss: 0.0569
2024-04-27 14:12:29.107 | INFO     | pre_process:train_model:161 - epoch [8/30], step [15/25], loss: 0.0140
2024-04-27 14:12:30.108 | INFO     | pre_process:train_model:161 - epoch [8/30], step [20/25], loss: 0.0278
2024-04-27 14:12:31.185 | INFO     | pre_process:train_model:161 - epoch [8/30], step [25/25], loss: 0.0122
2024-04-27 14:12:31.186 | INFO     | pre_process:train_model:166 - epoch [8/30], avg_loss: 0.0214
2024-04-27 14:12:32.497 | INFO     | pre_process:train_model:161 - epoch [9/30], step [5/25], loss: 0.0193
2024-04-27 14:12:34.194 | INFO     | pre_process:train_model:161 - epoch [9/30], step [10/25], loss: 0.0080
2024-04-27 14:12:35.839 | INFO     | pre_process:train_model:161 - epoch [9/30], step [15/25], loss: 0.0072
2024-04-27 14:12:37.497 | INFO     | pre_process:train_model:161 - epoch [9/30], step [20/25], loss: 0.0101
2024-04-27 14:12:39.008 | INFO     | pre_process:train_model:161 - epoch [9/30], step [25/25], loss: 0.0104
2024-04-27 14:12:39.008 | INFO     | pre_process:train_model:166 - epoch [9/30], avg_loss: 0.0111
2024-04-27 14:12:40.361 | INFO     | pre_process:train_model:161 - epoch [10/30], step [5/25], loss: 0.0026
2024-04-27 14:12:41.750 | INFO     | pre_process:train_model:161 - epoch [10/30], step [10/25], loss: 0.0158
2024-04-27 14:12:43.360 | INFO     | pre_process:train_model:161 - epoch [10/30], step [15/25], loss: 0.0082
2024-04-27 14:12:44.512 | INFO     | pre_process:train_model:161 - epoch [10/30], step [20/25], loss: 0.0008
2024-04-27 14:12:45.518 | INFO     | pre_process:train_model:161 - epoch [10/30], step [25/25], loss: 0.0070
2024-04-27 14:12:45.533 | INFO     | pre_process:train_model:166 - epoch [10/30], avg_loss: 0.0079
2024-04-27 14:12:46.601 | INFO     | pre_process:train_model:161 - epoch [11/30], step [5/25], loss: 0.0069
2024-04-27 14:12:47.617 | INFO     | pre_process:train_model:161 - epoch [11/30], step [10/25], loss: 0.0052
2024-04-27 14:12:48.872 | INFO     | pre_process:train_model:161 - epoch [11/30], step [15/25], loss: 0.0074
2024-04-27 14:12:50.617 | INFO     | pre_process:train_model:161 - epoch [11/30], step [20/25], loss: 0.0004
2024-04-27 14:12:52.250 | INFO     | pre_process:train_model:161 - epoch [11/30], step [25/25], loss: 0.0063
2024-04-27 14:12:52.251 | INFO     | pre_process:train_model:166 - epoch [11/30], avg_loss: 0.0040
2024-04-27 14:12:53.950 | INFO     | pre_process:train_model:161 - epoch [12/30], step [5/25], loss: 0.0035
2024-04-27 14:12:55.420 | INFO     | pre_process:train_model:161 - epoch [12/30], step [10/25], loss: 0.0008
2024-04-27 14:12:56.752 | INFO     | pre_process:train_model:161 - epoch [12/30], step [15/25], loss: 0.0006
2024-04-27 14:12:58.092 | INFO     | pre_process:train_model:161 - epoch [12/30], step [20/25], loss: 0.0012
2024-04-27 14:12:59.713 | INFO     | pre_process:train_model:161 - epoch [12/30], step [25/25], loss: 0.0017
2024-04-27 14:12:59.714 | INFO     | pre_process:train_model:166 - epoch [12/30], avg_loss: 0.0040
2024-04-27 14:13:00.952 | INFO     | pre_process:train_model:161 - epoch [13/30], step [5/25], loss: 0.0072
2024-04-27 14:13:02.019 | INFO     | pre_process:train_model:161 - epoch [13/30], step [10/25], loss: 0.0034
2024-04-27 14:13:03.083 | INFO     | pre_process:train_model:161 - epoch [13/30], step [15/25], loss: 0.0031
2024-04-27 14:13:04.150 | INFO     | pre_process:train_model:161 - epoch [13/30], step [20/25], loss: 0.0017
2024-04-27 14:13:05.413 | INFO     | pre_process:train_model:161 - epoch [13/30], step [25/25], loss: 0.0024
2024-04-27 14:13:05.413 | INFO     | pre_process:train_model:166 - epoch [13/30], avg_loss: 0.0036
2024-04-27 14:13:07.080 | INFO     | pre_process:train_model:161 - epoch [14/30], step [5/25], loss: 0.0007
2024-04-27 14:13:08.736 | INFO     | pre_process:train_model:161 - epoch [14/30], step [10/25], loss: 0.0012
2024-04-27 14:13:10.433 | INFO     | pre_process:train_model:161 - epoch [14/30], step [15/25], loss: 0.0033
2024-04-27 14:13:12.103 | INFO     | pre_process:train_model:161 - epoch [14/30], step [20/25], loss: 0.0055
2024-04-27 14:13:13.438 | INFO     | pre_process:train_model:161 - epoch [14/30], step [25/25], loss: 0.0020
2024-04-27 14:13:13.439 | INFO     | pre_process:train_model:166 - epoch [14/30], avg_loss: 0.0032
2024-04-27 14:13:14.783 | INFO     | pre_process:train_model:161 - epoch [15/30], step [5/25], loss: 0.0020
2024-04-27 14:13:16.344 | INFO     | pre_process:train_model:161 - epoch [15/30], step [10/25], loss: 0.0016
2024-04-27 14:13:17.626 | INFO     | pre_process:train_model:161 - epoch [15/30], step [15/25], loss: 0.0019
2024-04-27 14:13:18.741 | INFO     | pre_process:train_model:161 - epoch [15/30], step [20/25], loss: 0.0046
2024-04-27 14:13:19.757 | INFO     | pre_process:train_model:161 - epoch [15/30], step [25/25], loss: 0.0003
2024-04-27 14:13:19.757 | INFO     | pre_process:train_model:166 - epoch [15/30], avg_loss: 0.0020
2024-04-27 14:13:20.846 | INFO     | pre_process:train_model:161 - epoch [16/30], step [5/25], loss: 0.0010
2024-04-27 14:13:21.922 | INFO     | pre_process:train_model:161 - epoch [16/30], step [10/25], loss: 0.0004
2024-04-27 14:13:23.575 | INFO     | pre_process:train_model:161 - epoch [16/30], step [15/25], loss: 0.0011
2024-04-27 14:13:25.254 | INFO     | pre_process:train_model:161 - epoch [16/30], step [20/25], loss: 0.0012
2024-04-27 14:13:26.821 | INFO     | pre_process:train_model:161 - epoch [16/30], step [25/25], loss: 0.0013
2024-04-27 14:13:26.822 | INFO     | pre_process:train_model:166 - epoch [16/30], avg_loss: 0.0018
2024-04-27 14:13:28.522 | INFO     | pre_process:train_model:161 - epoch [17/30], step [5/25], loss: 0.0028
2024-04-27 14:13:30.090 | INFO     | pre_process:train_model:161 - epoch [17/30], step [10/25], loss: 0.0016
2024-04-27 14:13:31.447 | INFO     | pre_process:train_model:161 - epoch [17/30], step [15/25], loss: 0.0023
2024-04-27 14:13:32.900 | INFO     | pre_process:train_model:161 - epoch [17/30], step [20/25], loss: 0.0022
2024-04-27 14:13:34.498 | INFO     | pre_process:train_model:161 - epoch [17/30], step [25/25], loss: 0.0011
2024-04-27 14:13:34.498 | INFO     | pre_process:train_model:166 - epoch [17/30], avg_loss: 0.0015
2024-04-27 14:13:35.632 | INFO     | pre_process:train_model:161 - epoch [18/30], step [5/25], loss: 0.0008
2024-04-27 14:13:36.681 | INFO     | pre_process:train_model:161 - epoch [18/30], step [10/25], loss: 0.0018
2024-04-27 14:13:37.866 | INFO     | pre_process:train_model:161 - epoch [18/30], step [15/25], loss: 0.0001
2024-04-27 14:13:38.943 | INFO     | pre_process:train_model:161 - epoch [18/30], step [20/25], loss: 0.0032
2024-04-27 14:13:40.552 | INFO     | pre_process:train_model:161 - epoch [18/30], step [25/25], loss: 0.0035
2024-04-27 14:13:40.553 | INFO     | pre_process:train_model:166 - epoch [18/30], avg_loss: 0.0016
2024-04-27 14:13:42.334 | INFO     | pre_process:train_model:161 - epoch [19/30], step [5/25], loss: 0.0010
2024-04-27 14:13:43.980 | INFO     | pre_process:train_model:161 - epoch [19/30], step [10/25], loss: 0.0008
2024-04-27 14:13:45.748 | INFO     | pre_process:train_model:161 - epoch [19/30], step [15/25], loss: 0.0011
2024-04-27 14:13:47.320 | INFO     | pre_process:train_model:161 - epoch [19/30], step [20/25], loss: 0.0006
2024-04-27 14:13:48.711 | INFO     | pre_process:train_model:161 - epoch [19/30], step [25/25], loss: 0.0003
2024-04-27 14:13:48.714 | INFO     | pre_process:train_model:166 - epoch [19/30], avg_loss: 0.0010
2024-04-27 14:13:50.280 | INFO     | pre_process:train_model:161 - epoch [20/30], step [5/25], loss: 0.0019
2024-04-27 14:13:51.889 | INFO     | pre_process:train_model:161 - epoch [20/30], step [10/25], loss: 0.0031
2024-04-27 14:13:52.989 | INFO     | pre_process:train_model:161 - epoch [20/30], step [15/25], loss: 0.0004
2024-04-27 14:13:54.039 | INFO     | pre_process:train_model:161 - epoch [20/30], step [20/25], loss: 0.0003
2024-04-27 14:13:55.165 | INFO     | pre_process:train_model:161 - epoch [20/30], step [25/25], loss: 0.0140
2024-04-27 14:13:55.166 | INFO     | pre_process:train_model:166 - epoch [20/30], avg_loss: 0.0027
2024-04-27 14:13:56.292 | INFO     | pre_process:train_model:161 - epoch [21/30], step [5/25], loss: 0.0011
2024-04-27 14:13:57.980 | INFO     | pre_process:train_model:161 - epoch [21/30], step [10/25], loss: 0.0006
2024-04-27 14:13:59.612 | INFO     | pre_process:train_model:161 - epoch [21/30], step [15/25], loss: 0.0005
2024-04-27 14:14:01.173 | INFO     | pre_process:train_model:161 - epoch [21/30], step [20/25], loss: 0.0014
2024-04-27 14:14:02.884 | INFO     | pre_process:train_model:161 - epoch [21/30], step [25/25], loss: 0.0026
2024-04-27 14:14:02.885 | INFO     | pre_process:train_model:166 - epoch [21/30], avg_loss: 0.0015
2024-04-27 14:14:04.315 | INFO     | pre_process:train_model:161 - epoch [22/30], step [5/25], loss: 0.0006
2024-04-27 14:14:05.746 | INFO     | pre_process:train_model:161 - epoch [22/30], step [10/25], loss: 0.0009
2024-04-27 14:14:07.287 | INFO     | pre_process:train_model:161 - epoch [22/30], step [15/25], loss: 0.0010
2024-04-27 14:14:08.845 | INFO     | pre_process:train_model:161 - epoch [22/30], step [20/25], loss: 0.0005
2024-04-27 14:14:09.959 | INFO     | pre_process:train_model:161 - epoch [22/30], step [25/25], loss: 0.0005
2024-04-27 14:14:09.960 | INFO     | pre_process:train_model:166 - epoch [22/30], avg_loss: 0.0010
2024-04-27 14:14:11.078 | INFO     | pre_process:train_model:161 - epoch [23/30], step [5/25], loss: 0.0012
2024-04-27 14:14:12.186 | INFO     | pre_process:train_model:161 - epoch [23/30], step [10/25], loss: 0.0001
2024-04-27 14:14:13.315 | INFO     | pre_process:train_model:161 - epoch [23/30], step [15/25], loss: 0.0005
2024-04-27 14:14:14.932 | INFO     | pre_process:train_model:161 - epoch [23/30], step [20/25], loss: 0.0012
2024-04-27 14:14:16.560 | INFO     | pre_process:train_model:161 - epoch [23/30], step [25/25], loss: 0.0014
2024-04-27 14:14:16.561 | INFO     | pre_process:train_model:166 - epoch [23/30], avg_loss: 0.0010
2024-04-27 14:14:18.226 | INFO     | pre_process:train_model:161 - epoch [24/30], step [5/25], loss: 0.0008
2024-04-27 14:14:19.872 | INFO     | pre_process:train_model:161 - epoch [24/30], step [10/25], loss: 0.0003
2024-04-27 14:14:21.299 | INFO     | pre_process:train_model:161 - epoch [24/30], step [15/25], loss: 0.0009
2024-04-27 14:14:22.615 | INFO     | pre_process:train_model:161 - epoch [24/30], step [20/25], loss: 0.0002
2024-04-27 14:14:24.022 | INFO     | pre_process:train_model:161 - epoch [24/30], step [25/25], loss: 0.0004
2024-04-27 14:14:24.023 | INFO     | pre_process:train_model:166 - epoch [24/30], avg_loss: 0.0006
2024-04-27 14:14:25.616 | INFO     | pre_process:train_model:161 - epoch [25/30], step [5/25], loss: 0.0004
2024-04-27 14:14:26.723 | INFO     | pre_process:train_model:161 - epoch [25/30], step [10/25], loss: 0.0001
2024-04-27 14:14:27.885 | INFO     | pre_process:train_model:161 - epoch [25/30], step [15/25], loss: 0.0005
2024-04-27 14:14:28.956 | INFO     | pre_process:train_model:161 - epoch [25/30], step [20/25], loss: 0.0008
2024-04-27 14:14:30.052 | INFO     | pre_process:train_model:161 - epoch [25/30], step [25/25], loss: 0.0008
2024-04-27 14:14:30.052 | INFO     | pre_process:train_model:166 - epoch [25/30], avg_loss: 0.0006
2024-04-27 14:14:31.377 | INFO     | pre_process:train_model:161 - epoch [26/30], step [5/25], loss: 0.0004
2024-04-27 14:14:32.985 | INFO     | pre_process:train_model:161 - epoch [26/30], step [10/25], loss: 0.0004
2024-04-27 14:14:34.932 | INFO     | pre_process:train_model:161 - epoch [26/30], step [15/25], loss: 0.0001
2024-04-27 14:14:36.665 | INFO     | pre_process:train_model:161 - epoch [26/30], step [20/25], loss: 0.0007
2024-04-27 14:14:38.212 | INFO     | pre_process:train_model:161 - epoch [26/30], step [25/25], loss: 0.0003
2024-04-27 14:14:38.213 | INFO     | pre_process:train_model:166 - epoch [26/30], avg_loss: 0.0006
2024-04-27 14:14:39.665 | INFO     | pre_process:train_model:161 - epoch [27/30], step [5/25], loss: 0.0013
2024-04-27 14:14:41.031 | INFO     | pre_process:train_model:161 - epoch [27/30], step [10/25], loss: 0.0001
2024-04-27 14:14:42.678 | INFO     | pre_process:train_model:161 - epoch [27/30], step [15/25], loss: 0.0004
2024-04-27 14:14:43.812 | INFO     | pre_process:train_model:161 - epoch [27/30], step [20/25], loss: 0.0009
2024-04-27 14:14:44.884 | INFO     | pre_process:train_model:161 - epoch [27/30], step [25/25], loss: 0.0001
2024-04-27 14:14:44.885 | INFO     | pre_process:train_model:166 - epoch [27/30], avg_loss: 0.0007
2024-04-27 14:14:45.950 | INFO     | pre_process:train_model:161 - epoch [28/30], step [5/25], loss: 0.0006
2024-04-27 14:14:47.008 | INFO     | pre_process:train_model:161 - epoch [28/30], step [10/25], loss: 0.0013
2024-04-27 14:14:48.175 | INFO     | pre_process:train_model:161 - epoch [28/30], step [15/25], loss: 0.0004
2024-04-27 14:14:49.919 | INFO     | pre_process:train_model:161 - epoch [28/30], step [20/25], loss: 0.0004
2024-04-27 14:14:51.530 | INFO     | pre_process:train_model:161 - epoch [28/30], step [25/25], loss: 0.0002
2024-04-27 14:14:51.532 | INFO     | pre_process:train_model:166 - epoch [28/30], avg_loss: 0.0007
2024-04-27 14:14:53.142 | INFO     | pre_process:train_model:161 - epoch [29/30], step [5/25], loss: 0.0008
2024-04-27 14:14:54.814 | INFO     | pre_process:train_model:161 - epoch [29/30], step [10/25], loss: 0.0001
2024-04-27 14:14:56.203 | INFO     | pre_process:train_model:161 - epoch [29/30], step [15/25], loss: 0.0006
2024-04-27 14:14:57.536 | INFO     | pre_process:train_model:161 - epoch [29/30], step [20/25], loss: 0.0025
2024-04-27 14:14:58.998 | INFO     | pre_process:train_model:161 - epoch [29/30], step [25/25], loss: 0.0005
2024-04-27 14:14:58.999 | INFO     | pre_process:train_model:166 - epoch [29/30], avg_loss: 0.0005
2024-04-27 14:15:00.544 | INFO     | pre_process:train_model:161 - epoch [30/30], step [5/25], loss: 0.0003
2024-04-27 14:15:01.669 | INFO     | pre_process:train_model:161 - epoch [30/30], step [10/25], loss: 0.0004
2024-04-27 14:15:02.728 | INFO     | pre_process:train_model:161 - epoch [30/30], step [15/25], loss: 0.0001
2024-04-27 14:15:03.768 | INFO     | pre_process:train_model:161 - epoch [30/30], step [20/25], loss: 0.0007
2024-04-27 14:15:04.829 | INFO     | pre_process:train_model:161 - epoch [30/30], step [25/25], loss: 0.0002
2024-04-27 14:15:04.831 | INFO     | pre_process:train_model:166 - epoch [30/30], avg_loss: 0.0005
2024-04-27 14:15:04.831 | SUCCESS  | pre_process:train_model:168 - 训练完成
2024-04-27 14:15:31.016 | SUCCESS  | pre_process:test_model:229 - all equal
2024-04-27 14:15:31.201 | SUCCESS  | pre_process:test_model:229 - all equal
2024-04-27 14:15:31.384 | SUCCESS  | pre_process:test_model:229 - all equal
2024-04-27 14:15:31.564 | SUCCESS  | pre_process:test_model:229 - all equal
2024-04-27 14:15:31.744 | SUCCESS  | pre_process:test_model:229 - all equal
2024-04-27 14:15:31.953 | SUCCESS  | pre_process:test_model:229 - all equal
2024-04-27 14:15:32.135 | SUCCESS  | pre_process:test_model:229 - all equal
2024-04-27 14:15:32.325 | SUCCESS  | pre_process:test_model:229 - all equal
2024-04-27 14:15:32.535 | SUCCESS  | pre_process:test_model:229 - all equal
2024-04-27 14:15:32.726 | SUCCESS  | pre_process:test_model:229 - all equal
2024-04-27 14:15:32.926 | SUCCESS  | pre_process:test_model:229 - all equal
2024-04-27 14:15:33.118 | SUCCESS  | pre_process:test_model:229 - all equal
2024-04-27 14:15:33.306 | SUCCESS  | pre_process:test_model:229 - all equal
2024-04-27 14:15:33.504 | SUCCESS  | pre_process:test_model:229 - all equal
2024-04-27 14:15:33.791 | SUCCESS  | pre_process:test_model:229 - all equal
2024-04-27 14:15:34.031 | SUCCESS  | pre_process:test_model:229 - all equal
2024-04-27 14:15:34.280 | SUCCESS  | pre_process:test_model:229 - all equal
2024-04-27 14:15:34.500 | SUCCESS  | pre_process:test_model:229 - all equal
2024-04-27 14:15:34.693 | SUCCESS  | pre_process:test_model:229 - all equal
2024-04-27 14:15:34.891 | SUCCESS  | pre_process:test_model:229 - all equal
2024-04-27 14:15:35.064 | SUCCESS  | pre_process:test_model:229 - all equal
2024-04-27 14:15:35.227 | SUCCESS  | pre_process:test_model:229 - all equal
2024-04-27 14:15:35.414 | SUCCESS  | pre_process:test_model:229 - all equal
2024-04-27 14:15:35.604 | SUCCESS  | pre_process:test_model:229 - all equal
2024-04-27 14:15:35.783 | SUCCESS  | pre_process:test_model:229 - all equal
2024-04-27 14:15:35.784 | DEBUG    | pre_process:test_model:236 - Accuracy on the test set: 100.00%
2024-04-27 14:21:43.380 | INFO     | pre_process:train_model:161 - epoch [1/30], step [5/27], loss: 1.0601
2024-04-27 14:21:44.645 | INFO     | pre_process:train_model:161 - epoch [1/30], step [10/27], loss: 1.0879
2024-04-27 14:21:46.302 | INFO     | pre_process:train_model:161 - epoch [1/30], step [15/27], loss: 1.1872
2024-04-27 14:21:47.966 | INFO     | pre_process:train_model:161 - epoch [1/30], step [20/27], loss: 0.9802
2024-04-27 14:21:49.620 | INFO     | pre_process:train_model:161 - epoch [1/30], step [25/27], loss: 1.0177
2024-04-27 14:21:50.151 | INFO     | pre_process:train_model:166 - epoch [1/30], avg_loss: 1.0553
2024-04-27 14:21:51.871 | INFO     | pre_process:train_model:161 - epoch [2/30], step [5/27], loss: 0.9342
2024-04-27 14:21:53.389 | INFO     | pre_process:train_model:161 - epoch [2/30], step [10/27], loss: 0.8313
2024-04-27 14:21:54.937 | INFO     | pre_process:train_model:161 - epoch [2/30], step [15/27], loss: 0.7697
2024-04-27 14:21:56.034 | INFO     | pre_process:train_model:161 - epoch [2/30], step [20/27], loss: 0.8974
2024-04-27 14:21:57.133 | INFO     | pre_process:train_model:161 - epoch [2/30], step [25/27], loss: 1.0158
2024-04-27 14:21:57.537 | INFO     | pre_process:train_model:166 - epoch [2/30], avg_loss: 0.9147
2024-04-27 14:21:58.634 | INFO     | pre_process:train_model:161 - epoch [3/30], step [5/27], loss: 0.7082
2024-04-27 14:21:59.732 | INFO     | pre_process:train_model:161 - epoch [3/30], step [10/27], loss: 0.5701
2024-04-27 14:22:01.381 | INFO     | pre_process:train_model:161 - epoch [3/30], step [15/27], loss: 0.6635
2024-04-27 14:22:03.345 | INFO     | pre_process:train_model:161 - epoch [3/30], step [20/27], loss: 0.2512
2024-04-27 14:22:04.995 | INFO     | pre_process:train_model:161 - epoch [3/30], step [25/27], loss: 0.6259
2024-04-27 14:22:05.660 | INFO     | pre_process:train_model:166 - epoch [3/30], avg_loss: 0.6991
2024-04-27 14:22:07.190 | INFO     | pre_process:train_model:161 - epoch [4/30], step [5/27], loss: 0.2695
2024-04-27 14:22:08.542 | INFO     | pre_process:train_model:161 - epoch [4/30], step [10/27], loss: 0.2275
2024-04-27 14:22:09.882 | INFO     | pre_process:train_model:161 - epoch [4/30], step [15/27], loss: 0.3522
2024-04-27 14:22:11.400 | INFO     | pre_process:train_model:161 - epoch [4/30], step [20/27], loss: 0.7751
2024-04-27 14:22:12.681 | INFO     | pre_process:train_model:161 - epoch [4/30], step [25/27], loss: 0.2397
2024-04-27 14:22:13.244 | INFO     | pre_process:train_model:166 - epoch [4/30], avg_loss: 0.4226
2024-04-27 14:22:14.532 | INFO     | pre_process:train_model:161 - epoch [5/30], step [5/27], loss: 0.1895
2024-04-27 14:22:15.610 | INFO     | pre_process:train_model:161 - epoch [5/30], step [10/27], loss: 0.2999
2024-04-27 14:22:16.626 | INFO     | pre_process:train_model:161 - epoch [5/30], step [15/27], loss: 0.0887
2024-04-27 14:22:18.115 | INFO     | pre_process:train_model:161 - epoch [5/30], step [20/27], loss: 0.0446
2024-04-27 14:22:19.677 | INFO     | pre_process:train_model:161 - epoch [5/30], step [25/27], loss: 0.0178
2024-04-27 14:22:20.288 | INFO     | pre_process:train_model:166 - epoch [5/30], avg_loss: 0.1722
2024-04-27 14:22:22.168 | INFO     | pre_process:train_model:161 - epoch [6/30], step [5/27], loss: 0.0367
2024-04-27 14:22:24.087 | INFO     | pre_process:train_model:161 - epoch [6/30], step [10/27], loss: 0.0093
2024-04-27 14:22:25.717 | INFO     | pre_process:train_model:161 - epoch [6/30], step [15/27], loss: 0.1301
2024-04-27 14:22:27.117 | INFO     | pre_process:train_model:161 - epoch [6/30], step [20/27], loss: 0.4512
2024-04-27 14:22:28.707 | INFO     | pre_process:train_model:161 - epoch [6/30], step [25/27], loss: 0.2320
2024-04-27 14:22:29.316 | INFO     | pre_process:train_model:166 - epoch [6/30], avg_loss: 0.0978
2024-04-27 14:22:30.362 | INFO     | pre_process:train_model:161 - epoch [7/30], step [5/27], loss: 0.1095
2024-04-27 14:22:31.379 | INFO     | pre_process:train_model:161 - epoch [7/30], step [10/27], loss: 0.0893
2024-04-27 14:22:32.435 | INFO     | pre_process:train_model:161 - epoch [7/30], step [15/27], loss: 0.0238
2024-04-27 14:22:33.476 | INFO     | pre_process:train_model:161 - epoch [7/30], step [20/27], loss: 0.0165
2024-04-27 14:22:34.715 | INFO     | pre_process:train_model:161 - epoch [7/30], step [25/27], loss: 0.0120
2024-04-27 14:22:35.627 | INFO     | pre_process:train_model:166 - epoch [7/30], avg_loss: 0.0338
2024-04-27 14:22:37.213 | INFO     | pre_process:train_model:161 - epoch [8/30], step [5/27], loss: 0.0099
2024-04-27 14:22:38.793 | INFO     | pre_process:train_model:161 - epoch [8/30], step [10/27], loss: 0.0158
2024-04-27 14:22:40.363 | INFO     | pre_process:train_model:161 - epoch [8/30], step [15/27], loss: 0.0378
2024-04-27 14:22:41.792 | INFO     | pre_process:train_model:161 - epoch [8/30], step [20/27], loss: 0.0041
2024-04-27 14:22:43.134 | INFO     | pre_process:train_model:161 - epoch [8/30], step [25/27], loss: 0.0109
2024-04-27 14:22:43.645 | INFO     | pre_process:train_model:166 - epoch [8/30], avg_loss: 0.0147
2024-04-27 14:22:45.062 | INFO     | pre_process:train_model:161 - epoch [9/30], step [5/27], loss: 0.0036
2024-04-27 14:22:46.838 | INFO     | pre_process:train_model:161 - epoch [9/30], step [10/27], loss: 0.0063
2024-04-27 14:22:47.912 | INFO     | pre_process:train_model:161 - epoch [9/30], step [15/27], loss: 0.0096
2024-04-27 14:22:48.886 | INFO     | pre_process:train_model:161 - epoch [9/30], step [20/27], loss: 0.0063
2024-04-27 14:22:50.015 | INFO     | pre_process:train_model:161 - epoch [9/30], step [25/27], loss: 0.0081
2024-04-27 14:22:50.448 | INFO     | pre_process:train_model:166 - epoch [9/30], avg_loss: 0.0082
2024-04-27 14:22:51.512 | INFO     | pre_process:train_model:161 - epoch [10/30], step [5/27], loss: 0.0068
2024-04-27 14:22:53.036 | INFO     | pre_process:train_model:161 - epoch [10/30], step [10/27], loss: 0.0029
2024-04-27 14:22:54.773 | INFO     | pre_process:train_model:161 - epoch [10/30], step [15/27], loss: 0.0039
2024-04-27 14:22:56.577 | INFO     | pre_process:train_model:161 - epoch [10/30], step [20/27], loss: 0.0024
2024-04-27 14:22:58.609 | INFO     | pre_process:train_model:161 - epoch [10/30], step [25/27], loss: 0.0143
2024-04-27 14:22:59.138 | INFO     | pre_process:train_model:166 - epoch [10/30], avg_loss: 0.0069
2024-04-27 14:23:00.450 | INFO     | pre_process:train_model:161 - epoch [11/30], step [5/27], loss: 0.0016
2024-04-27 14:23:01.799 | INFO     | pre_process:train_model:161 - epoch [11/30], step [10/27], loss: 0.0012
2024-04-27 14:23:03.416 | INFO     | pre_process:train_model:161 - epoch [11/30], step [15/27], loss: 0.0034
2024-04-27 14:23:04.748 | INFO     | pre_process:train_model:161 - epoch [11/30], step [20/27], loss: 0.0041
2024-04-27 14:23:05.756 | INFO     | pre_process:train_model:161 - epoch [11/30], step [25/27], loss: 0.0011
2024-04-27 14:23:06.151 | INFO     | pre_process:train_model:166 - epoch [11/30], avg_loss: 0.0049
2024-04-27 14:23:07.239 | INFO     | pre_process:train_model:161 - epoch [12/30], step [5/27], loss: 0.0015
2024-04-27 14:23:08.415 | INFO     | pre_process:train_model:161 - epoch [12/30], step [10/27], loss: 0.0029
2024-04-27 14:23:09.635 | INFO     | pre_process:train_model:161 - epoch [12/30], step [15/27], loss: 0.0027
2024-04-27 14:23:11.187 | INFO     | pre_process:train_model:161 - epoch [12/30], step [20/27], loss: 0.0049
2024-04-27 14:23:12.795 | INFO     | pre_process:train_model:161 - epoch [12/30], step [25/27], loss: 0.0043
2024-04-27 14:23:13.421 | INFO     | pre_process:train_model:166 - epoch [12/30], avg_loss: 0.0045
2024-04-27 14:23:15.034 | INFO     | pre_process:train_model:161 - epoch [13/30], step [5/27], loss: 0.0106
2024-04-27 14:23:16.450 | INFO     | pre_process:train_model:161 - epoch [13/30], step [10/27], loss: 0.0014
2024-04-27 14:23:17.880 | INFO     | pre_process:train_model:161 - epoch [13/30], step [15/27], loss: 0.0013
2024-04-27 14:23:19.897 | INFO     | pre_process:train_model:161 - epoch [13/30], step [20/27], loss: 0.0057
2024-04-27 14:23:21.333 | INFO     | pre_process:train_model:161 - epoch [13/30], step [25/27], loss: 0.0023
2024-04-27 14:23:21.762 | INFO     | pre_process:train_model:166 - epoch [13/30], avg_loss: 0.0033
2024-04-27 14:23:22.818 | INFO     | pre_process:train_model:161 - epoch [14/30], step [5/27], loss: 0.0009
2024-04-27 14:23:23.850 | INFO     | pre_process:train_model:161 - epoch [14/30], step [10/27], loss: 0.0012
2024-04-27 14:23:24.885 | INFO     | pre_process:train_model:161 - epoch [14/30], step [15/27], loss: 0.0005
2024-04-27 14:23:26.022 | INFO     | pre_process:train_model:161 - epoch [14/30], step [20/27], loss: 0.0026
2024-04-27 14:23:27.649 | INFO     | pre_process:train_model:161 - epoch [14/30], step [25/27], loss: 0.0047
2024-04-27 14:23:28.365 | INFO     | pre_process:train_model:166 - epoch [14/30], avg_loss: 0.0020
2024-04-27 14:23:30.357 | INFO     | pre_process:train_model:161 - epoch [15/30], step [5/27], loss: 0.0007
2024-04-27 14:23:32.147 | INFO     | pre_process:train_model:161 - epoch [15/30], step [10/27], loss: 0.0025
2024-04-27 14:23:33.756 | INFO     | pre_process:train_model:161 - epoch [15/30], step [15/27], loss: 0.0023
2024-04-27 14:23:35.247 | INFO     | pre_process:train_model:161 - epoch [15/30], step [20/27], loss: 0.0054
2024-04-27 14:23:36.737 | INFO     | pre_process:train_model:161 - epoch [15/30], step [25/27], loss: 0.0030
2024-04-27 14:23:37.415 | INFO     | pre_process:train_model:166 - epoch [15/30], avg_loss: 0.0024
2024-04-27 14:23:38.836 | INFO     | pre_process:train_model:161 - epoch [16/30], step [5/27], loss: 0.0035
2024-04-27 14:23:39.958 | INFO     | pre_process:train_model:161 - epoch [16/30], step [10/27], loss: 0.0010
2024-04-27 14:23:41.123 | INFO     | pre_process:train_model:161 - epoch [16/30], step [15/27], loss: 0.0006
2024-04-27 14:23:42.177 | INFO     | pre_process:train_model:161 - epoch [16/30], step [20/27], loss: 0.0042
2024-04-27 14:23:43.229 | INFO     | pre_process:train_model:161 - epoch [16/30], step [25/27], loss: 0.0007
2024-04-27 14:23:43.858 | INFO     | pre_process:train_model:166 - epoch [16/30], avg_loss: 0.0019
2024-04-27 14:23:45.566 | INFO     | pre_process:train_model:161 - epoch [17/30], step [5/27], loss: 0.0007
2024-04-27 14:23:47.164 | INFO     | pre_process:train_model:161 - epoch [17/30], step [10/27], loss: 0.0036
2024-04-27 14:23:48.771 | INFO     | pre_process:train_model:161 - epoch [17/30], step [15/27], loss: 0.0009
2024-04-27 14:23:50.394 | INFO     | pre_process:train_model:161 - epoch [17/30], step [20/27], loss: 0.0010
2024-04-27 14:23:51.910 | INFO     | pre_process:train_model:161 - epoch [17/30], step [25/27], loss: 0.0012
2024-04-27 14:23:52.517 | INFO     | pre_process:train_model:166 - epoch [17/30], avg_loss: 0.0016
2024-04-27 14:23:53.849 | INFO     | pre_process:train_model:161 - epoch [18/30], step [5/27], loss: 0.0023
2024-04-27 14:23:55.451 | INFO     | pre_process:train_model:161 - epoch [18/30], step [10/27], loss: 0.0010
2024-04-27 14:23:56.596 | INFO     | pre_process:train_model:161 - epoch [18/30], step [15/27], loss: 0.0006
2024-04-27 14:23:57.674 | INFO     | pre_process:train_model:161 - epoch [18/30], step [20/27], loss: 0.0011
2024-04-27 14:23:58.758 | INFO     | pre_process:train_model:161 - epoch [18/30], step [25/27], loss: 0.0006
2024-04-27 14:23:59.249 | INFO     | pre_process:train_model:166 - epoch [18/30], avg_loss: 0.0015
2024-04-27 14:24:00.458 | INFO     | pre_process:train_model:161 - epoch [19/30], step [5/27], loss: 0.0010
2024-04-27 14:24:02.118 | INFO     | pre_process:train_model:161 - epoch [19/30], step [10/27], loss: 0.0009
2024-04-27 14:24:03.966 | INFO     | pre_process:train_model:161 - epoch [19/30], step [15/27], loss: 0.0010
2024-04-27 14:24:05.539 | INFO     | pre_process:train_model:161 - epoch [19/30], step [20/27], loss: 0.0007
2024-04-27 14:24:07.129 | INFO     | pre_process:train_model:161 - epoch [19/30], step [25/27], loss: 0.0023
2024-04-27 14:24:07.650 | INFO     | pre_process:train_model:166 - epoch [19/30], avg_loss: 0.0016
2024-04-27 14:24:08.961 | INFO     | pre_process:train_model:161 - epoch [20/30], step [5/27], loss: 0.0009
2024-04-27 14:24:10.274 | INFO     | pre_process:train_model:161 - epoch [20/30], step [10/27], loss: 0.0016
2024-04-27 14:24:11.930 | INFO     | pre_process:train_model:161 - epoch [20/30], step [15/27], loss: 0.0007
2024-04-27 14:24:13.036 | INFO     | pre_process:train_model:161 - epoch [20/30], step [20/27], loss: 0.0034
2024-04-27 14:24:14.194 | INFO     | pre_process:train_model:161 - epoch [20/30], step [25/27], loss: 0.0007
2024-04-27 14:24:14.590 | INFO     | pre_process:train_model:166 - epoch [20/30], avg_loss: 0.0014
2024-04-27 14:24:15.599 | INFO     | pre_process:train_model:161 - epoch [21/30], step [5/27], loss: 0.0006
2024-04-27 14:24:16.613 | INFO     | pre_process:train_model:161 - epoch [21/30], step [10/27], loss: 0.0003
2024-04-27 14:24:17.984 | INFO     | pre_process:train_model:161 - epoch [21/30], step [15/27], loss: 0.0072
2024-04-27 14:24:19.652 | INFO     | pre_process:train_model:161 - epoch [21/30], step [20/27], loss: 0.0007
2024-04-27 14:24:21.309 | INFO     | pre_process:train_model:161 - epoch [21/30], step [25/27], loss: 0.0003
2024-04-27 14:24:21.990 | INFO     | pre_process:train_model:166 - epoch [21/30], avg_loss: 0.0015
2024-04-27 14:24:23.600 | INFO     | pre_process:train_model:161 - epoch [22/30], step [5/27], loss: 0.0006
2024-04-27 14:24:25.163 | INFO     | pre_process:train_model:161 - epoch [22/30], step [10/27], loss: 0.0005
2024-04-27 14:24:26.457 | INFO     | pre_process:train_model:161 - epoch [22/30], step [15/27], loss: 0.0007
2024-04-27 14:24:28.019 | INFO     | pre_process:train_model:161 - epoch [22/30], step [20/27], loss: 0.0006
2024-04-27 14:24:29.397 | INFO     | pre_process:train_model:161 - epoch [22/30], step [25/27], loss: 0.0014
2024-04-27 14:24:29.850 | INFO     | pre_process:train_model:166 - epoch [22/30], avg_loss: 0.0011
2024-04-27 14:24:30.936 | INFO     | pre_process:train_model:161 - epoch [23/30], step [5/27], loss: 0.0003
2024-04-27 14:24:32.000 | INFO     | pre_process:train_model:161 - epoch [23/30], step [10/27], loss: 0.0004
2024-04-27 14:24:33.018 | INFO     | pre_process:train_model:161 - epoch [23/30], step [15/27], loss: 0.0009
2024-04-27 14:24:34.171 | INFO     | pre_process:train_model:161 - epoch [23/30], step [20/27], loss: 0.0007
2024-04-27 14:24:36.097 | INFO     | pre_process:train_model:161 - epoch [23/30], step [25/27], loss: 0.0001
2024-04-27 14:24:36.712 | INFO     | pre_process:train_model:166 - epoch [23/30], avg_loss: 0.0008
2024-04-27 14:24:38.232 | INFO     | pre_process:train_model:161 - epoch [24/30], step [5/27], loss: 0.0004
2024-04-27 14:24:39.865 | INFO     | pre_process:train_model:161 - epoch [24/30], step [10/27], loss: 0.0007
2024-04-27 14:24:41.304 | INFO     | pre_process:train_model:161 - epoch [24/30], step [15/27], loss: 0.0024
2024-04-27 14:24:42.591 | INFO     | pre_process:train_model:161 - epoch [24/30], step [20/27], loss: 0.0013
2024-04-27 14:24:43.940 | INFO     | pre_process:train_model:161 - epoch [24/30], step [25/27], loss: 0.0007
2024-04-27 14:24:44.614 | INFO     | pre_process:train_model:166 - epoch [24/30], avg_loss: 0.0008
2024-04-27 14:24:46.049 | INFO     | pre_process:train_model:161 - epoch [25/30], step [5/27], loss: 0.0020
2024-04-27 14:24:47.217 | INFO     | pre_process:train_model:161 - epoch [25/30], step [10/27], loss: 0.0009
2024-04-27 14:24:48.202 | INFO     | pre_process:train_model:161 - epoch [25/30], step [15/27], loss: 0.0016
2024-04-27 14:24:49.191 | INFO     | pre_process:train_model:161 - epoch [25/30], step [20/27], loss: 0.0005
2024-04-27 14:24:50.191 | INFO     | pre_process:train_model:161 - epoch [25/30], step [25/27], loss: 0.0014
2024-04-27 14:24:50.611 | INFO     | pre_process:train_model:166 - epoch [25/30], avg_loss: 0.0010
2024-04-27 14:24:52.234 | INFO     | pre_process:train_model:161 - epoch [26/30], step [5/27], loss: 0.0010
2024-04-27 14:24:53.866 | INFO     | pre_process:train_model:161 - epoch [26/30], step [10/27], loss: 0.0007
2024-04-27 14:24:55.535 | INFO     | pre_process:train_model:161 - epoch [26/30], step [15/27], loss: 0.0002
2024-04-27 14:24:57.822 | INFO     | pre_process:train_model:161 - epoch [26/30], step [20/27], loss: 0.0004
2024-04-27 14:24:59.203 | INFO     | pre_process:train_model:161 - epoch [26/30], step [25/27], loss: 0.0008
2024-04-27 14:24:59.743 | INFO     | pre_process:train_model:166 - epoch [26/30], avg_loss: 0.0009
2024-04-27 14:25:01.109 | INFO     | pre_process:train_model:161 - epoch [27/30], step [5/27], loss: 0.0014
2024-04-27 14:25:02.671 | INFO     | pre_process:train_model:161 - epoch [27/30], step [10/27], loss: 0.0004
2024-04-27 14:25:03.967 | INFO     | pre_process:train_model:161 - epoch [27/30], step [15/27], loss: 0.0001
2024-04-27 14:25:05.076 | INFO     | pre_process:train_model:161 - epoch [27/30], step [20/27], loss: 0.0003
2024-04-27 14:25:06.174 | INFO     | pre_process:train_model:161 - epoch [27/30], step [25/27], loss: 0.0003
2024-04-27 14:25:06.604 | INFO     | pre_process:train_model:166 - epoch [27/30], avg_loss: 0.0006
2024-04-27 14:25:07.692 | INFO     | pre_process:train_model:161 - epoch [28/30], step [5/27], loss: 0.0017
2024-04-27 14:25:09.245 | INFO     | pre_process:train_model:161 - epoch [28/30], step [10/27], loss: 0.0005
2024-04-27 14:25:10.863 | INFO     | pre_process:train_model:161 - epoch [28/30], step [15/27], loss: 0.0009
2024-04-27 14:25:12.483 | INFO     | pre_process:train_model:161 - epoch [28/30], step [20/27], loss: 0.0003
2024-04-27 14:25:14.038 | INFO     | pre_process:train_model:161 - epoch [28/30], step [25/27], loss: 0.0012
2024-04-27 14:25:14.679 | INFO     | pre_process:train_model:166 - epoch [28/30], avg_loss: 0.0007
2024-04-27 14:25:16.061 | INFO     | pre_process:train_model:161 - epoch [29/30], step [5/27], loss: 0.0010
2024-04-27 14:25:17.492 | INFO     | pre_process:train_model:161 - epoch [29/30], step [10/27], loss: 0.0008
2024-04-27 14:25:19.325 | INFO     | pre_process:train_model:161 - epoch [29/30], step [15/27], loss: 0.0002
2024-04-27 14:25:20.836 | INFO     | pre_process:train_model:161 - epoch [29/30], step [20/27], loss: 0.0002
2024-04-27 14:25:21.907 | INFO     | pre_process:train_model:161 - epoch [29/30], step [25/27], loss: 0.0006
2024-04-27 14:25:22.312 | INFO     | pre_process:train_model:166 - epoch [29/30], avg_loss: 0.0006
2024-04-27 14:25:23.368 | INFO     | pre_process:train_model:161 - epoch [30/30], step [5/27], loss: 0.0001
2024-04-27 14:25:24.455 | INFO     | pre_process:train_model:161 - epoch [30/30], step [10/27], loss: 0.0003
2024-04-27 14:25:25.687 | INFO     | pre_process:train_model:161 - epoch [30/30], step [15/27], loss: 0.0004
2024-04-27 14:25:27.285 | INFO     | pre_process:train_model:161 - epoch [30/30], step [20/27], loss: 0.0014
2024-04-27 14:25:28.905 | INFO     | pre_process:train_model:161 - epoch [30/30], step [25/27], loss: 0.0008
2024-04-27 14:25:29.538 | INFO     | pre_process:train_model:166 - epoch [30/30], avg_loss: 0.0006
2024-04-27 14:25:29.540 | SUCCESS  | pre_process:train_model:168 - 训练完成
2024-04-27 14:25:47.160 | SUCCESS  | pre_process:test_model:229 - all equal
2024-04-27 14:25:47.265 | SUCCESS  | pre_process:test_model:229 - all equal
2024-04-27 14:25:47.367 | SUCCESS  | pre_process:test_model:229 - all equal
2024-04-27 14:25:47.472 | SUCCESS  | pre_process:test_model:229 - all equal
2024-04-27 14:25:47.572 | SUCCESS  | pre_process:test_model:229 - all equal
2024-04-27 14:25:47.677 | SUCCESS  | pre_process:test_model:229 - all equal
2024-04-27 14:25:47.778 | SUCCESS  | pre_process:test_model:229 - all equal
2024-04-27 14:25:47.888 | SUCCESS  | pre_process:test_model:229 - all equal
2024-04-27 14:25:47.991 | ERROR    | pre_process:test_model:231 - not equal
2024-04-27 14:25:48.099 | SUCCESS  | pre_process:test_model:229 - all equal
2024-04-27 14:25:48.200 | ERROR    | pre_process:test_model:231 - not equal
2024-04-27 14:25:48.304 | SUCCESS  | pre_process:test_model:229 - all equal
2024-04-27 14:25:48.405 | SUCCESS  | pre_process:test_model:229 - all equal
2024-04-27 14:25:48.508 | ERROR    | pre_process:test_model:231 - not equal
2024-04-27 14:25:48.606 | SUCCESS  | pre_process:test_model:229 - all equal
2024-04-27 14:25:48.704 | SUCCESS  | pre_process:test_model:229 - all equal
2024-04-27 14:25:48.799 | ERROR    | pre_process:test_model:231 - not equal
2024-04-27 14:25:48.899 | SUCCESS  | pre_process:test_model:229 - all equal
2024-04-27 14:25:48.993 | SUCCESS  | pre_process:test_model:229 - all equal
2024-04-27 14:25:49.089 | SUCCESS  | pre_process:test_model:229 - all equal
2024-04-27 14:25:49.090 | DEBUG    | pre_process:test_model:236 - Accuracy on the test set: 80.00%
