2024-04-27 13:15:00.487 | INFO     | pre_process:train_model:157 - epoch [1/30], avg_loss: 1.1169
2024-04-27 13:15:00.498 | INFO     | pre_process:train_model:157 - epoch [2/30], avg_loss: 0.9975
2024-04-27 13:15:00.511 | INFO     | pre_process:train_model:157 - epoch [3/30], avg_loss: 0.8458
2024-04-27 13:15:00.522 | INFO     | pre_process:train_model:157 - epoch [4/30], avg_loss: 0.7688
2024-04-27 13:15:00.533 | INFO     | pre_process:train_model:157 - epoch [5/30], avg_loss: 0.5538
2024-04-27 13:15:00.544 | INFO     | pre_process:train_model:157 - epoch [6/30], avg_loss: 0.4829
2024-04-27 13:15:00.558 | INFO     | pre_process:train_model:157 - epoch [7/30], avg_loss: 0.4685
2024-04-27 13:15:00.570 | INFO     | pre_process:train_model:157 - epoch [8/30], avg_loss: 0.4162
2024-04-27 13:15:00.580 | INFO     | pre_process:train_model:157 - epoch [9/30], avg_loss: 0.3808
2024-04-27 13:15:00.593 | INFO     | pre_process:train_model:157 - epoch [10/30], avg_loss: 0.2506
2024-04-27 13:15:00.605 | INFO     | pre_process:train_model:157 - epoch [11/30], avg_loss: 0.2480
2024-04-27 13:15:00.615 | INFO     | pre_process:train_model:157 - epoch [12/30], avg_loss: 0.1688
2024-04-27 13:15:00.628 | INFO     | pre_process:train_model:157 - epoch [13/30], avg_loss: 0.0916
2024-04-27 13:15:00.641 | INFO     | pre_process:train_model:157 - epoch [14/30], avg_loss: 0.1380
2024-04-27 13:15:00.654 | INFO     | pre_process:train_model:157 - epoch [15/30], avg_loss: 0.0672
2024-04-27 13:15:00.664 | INFO     | pre_process:train_model:157 - epoch [16/30], avg_loss: 0.0339
2024-04-27 13:15:00.678 | INFO     | pre_process:train_model:157 - epoch [17/30], avg_loss: 0.0423
2024-04-27 13:15:00.690 | INFO     | pre_process:train_model:157 - epoch [18/30], avg_loss: 0.0532
2024-04-27 13:15:00.702 | INFO     | pre_process:train_model:157 - epoch [19/30], avg_loss: 0.0302
2024-04-27 13:15:00.713 | INFO     | pre_process:train_model:157 - epoch [20/30], avg_loss: 0.0246
2024-04-27 13:15:00.726 | INFO     | pre_process:train_model:157 - epoch [21/30], avg_loss: 0.0057
2024-04-27 13:15:00.739 | INFO     | pre_process:train_model:157 - epoch [22/30], avg_loss: 0.0195
2024-04-27 13:15:00.750 | INFO     | pre_process:train_model:157 - epoch [23/30], avg_loss: 0.0052
2024-04-27 13:15:00.761 | INFO     | pre_process:train_model:157 - epoch [24/30], avg_loss: 0.0088
2024-04-27 13:15:00.774 | INFO     | pre_process:train_model:157 - epoch [25/30], avg_loss: 0.0086
2024-04-27 13:15:00.787 | INFO     | pre_process:train_model:157 - epoch [26/30], avg_loss: 0.0143
2024-04-27 13:15:00.797 | INFO     | pre_process:train_model:157 - epoch [27/30], avg_loss: 0.0035
2024-04-27 13:15:00.810 | INFO     | pre_process:train_model:157 - epoch [28/30], avg_loss: 0.0041
2024-04-27 13:15:00.821 | INFO     | pre_process:train_model:157 - epoch [29/30], avg_loss: 0.0054
2024-04-27 13:15:00.833 | INFO     | pre_process:train_model:157 - epoch [30/30], avg_loss: 0.0022
2024-04-27 13:15:00.833 | SUCCESS  | pre_process:train_model:159 - 训练完成
2024-04-27 13:15:01.038 | WARNING  | pre_process:train_model:167 - close the plot window to continue...
2024-04-27 13:15:19.838 | SUCCESS  | pre_process:test_model:211 - all equal
2024-04-27 13:15:19.852 | DEBUG    | pre_process:test_model:218 - Accuracy on the test set: 100.00%
2024-04-27 13:39:03.041 | INFO     | pre_process:train_model:160 - epoch [1/30], avg_loss: 1.0712
2024-04-27 13:39:03.053 | INFO     | pre_process:train_model:160 - epoch [2/30], avg_loss: 0.9615
2024-04-27 13:39:03.064 | INFO     | pre_process:train_model:160 - epoch [3/30], avg_loss: 0.8356
2024-04-27 13:39:03.078 | INFO     | pre_process:train_model:160 - epoch [4/30], avg_loss: 0.7530
2024-04-27 13:39:03.091 | INFO     | pre_process:train_model:160 - epoch [5/30], avg_loss: 0.6399
2024-04-27 13:39:03.104 | INFO     | pre_process:train_model:160 - epoch [6/30], avg_loss: 0.5320
2024-04-27 13:39:03.115 | INFO     | pre_process:train_model:160 - epoch [7/30], avg_loss: 0.4699
2024-04-27 13:39:03.129 | INFO     | pre_process:train_model:160 - epoch [8/30], avg_loss: 0.5012
2024-04-27 13:39:03.142 | INFO     | pre_process:train_model:160 - epoch [9/30], avg_loss: 0.2724
2024-04-27 13:39:03.154 | INFO     | pre_process:train_model:160 - epoch [10/30], avg_loss: 0.2277
2024-04-27 13:39:03.166 | INFO     | pre_process:train_model:160 - epoch [11/30], avg_loss: 0.1596
2024-04-27 13:39:03.179 | INFO     | pre_process:train_model:160 - epoch [12/30], avg_loss: 0.1257
2024-04-27 13:39:03.191 | INFO     | pre_process:train_model:160 - epoch [13/30], avg_loss: 0.1263
2024-04-27 13:39:03.203 | INFO     | pre_process:train_model:160 - epoch [14/30], avg_loss: 0.1196
2024-04-27 13:39:03.216 | INFO     | pre_process:train_model:160 - epoch [15/30], avg_loss: 0.0875
2024-04-27 13:39:03.228 | INFO     | pre_process:train_model:160 - epoch [16/30], avg_loss: 0.0948
2024-04-27 13:39:03.240 | INFO     | pre_process:train_model:160 - epoch [17/30], avg_loss: 0.0770
2024-04-27 13:39:03.253 | INFO     | pre_process:train_model:160 - epoch [18/30], avg_loss: 0.0541
2024-04-27 13:39:03.264 | INFO     | pre_process:train_model:160 - epoch [19/30], avg_loss: 0.0309
2024-04-27 13:39:03.278 | INFO     | pre_process:train_model:160 - epoch [20/30], avg_loss: 0.0191
2024-04-27 13:39:03.291 | INFO     | pre_process:train_model:160 - epoch [21/30], avg_loss: 0.0082
2024-04-27 13:39:03.304 | INFO     | pre_process:train_model:160 - epoch [22/30], avg_loss: 0.0314
2024-04-27 13:39:03.315 | INFO     | pre_process:train_model:160 - epoch [23/30], avg_loss: 0.0102
2024-04-27 13:39:03.329 | INFO     | pre_process:train_model:160 - epoch [24/30], avg_loss: 0.0066
2024-04-27 13:39:03.343 | INFO     | pre_process:train_model:160 - epoch [25/30], avg_loss: 0.0104
2024-04-27 13:39:03.356 | INFO     | pre_process:train_model:160 - epoch [26/30], avg_loss: 0.0018
2024-04-27 13:39:03.367 | INFO     | pre_process:train_model:160 - epoch [27/30], avg_loss: 0.0126
2024-04-27 13:39:03.380 | INFO     | pre_process:train_model:160 - epoch [28/30], avg_loss: 0.0091
2024-04-27 13:39:03.393 | INFO     | pre_process:train_model:160 - epoch [29/30], avg_loss: 0.0047
2024-04-27 13:39:03.406 | INFO     | pre_process:train_model:160 - epoch [30/30], avg_loss: 0.0088
2024-04-27 13:39:03.406 | SUCCESS  | pre_process:train_model:162 - 训练完成
2024-04-27 13:39:03.631 | WARNING  | pre_process:train_model:170 - close the plot window to continue...
2024-04-27 13:55:46.095 | INFO     | pre_process:train_model:162 - epoch [1/30], avg_loss: 1.1365
2024-04-27 13:55:46.184 | INFO     | pre_process:train_model:162 - epoch [2/30], avg_loss: 1.0717
2024-04-27 13:55:46.263 | INFO     | pre_process:train_model:162 - epoch [3/30], avg_loss: 1.0307
2024-04-27 13:55:46.346 | INFO     | pre_process:train_model:162 - epoch [4/30], avg_loss: 1.0391
2024-04-27 13:55:46.433 | INFO     | pre_process:train_model:162 - epoch [5/30], avg_loss: 0.9896
2024-04-27 13:55:46.520 | INFO     | pre_process:train_model:162 - epoch [6/30], avg_loss: 0.8966
2024-04-27 13:55:46.605 | INFO     | pre_process:train_model:162 - epoch [7/30], avg_loss: 0.8665
2024-04-27 13:55:46.689 | INFO     | pre_process:train_model:162 - epoch [8/30], avg_loss: 0.8235
2024-04-27 13:55:46.780 | INFO     | pre_process:train_model:162 - epoch [9/30], avg_loss: 0.7828
2024-04-27 13:55:46.864 | INFO     | pre_process:train_model:162 - epoch [10/30], avg_loss: 0.6169
2024-04-27 13:55:46.959 | INFO     | pre_process:train_model:162 - epoch [11/30], avg_loss: 0.5278
2024-04-27 13:55:47.046 | INFO     | pre_process:train_model:162 - epoch [12/30], avg_loss: 0.5695
2024-04-27 13:55:47.133 | INFO     | pre_process:train_model:162 - epoch [13/30], avg_loss: 0.4754
2024-04-27 13:55:47.218 | INFO     | pre_process:train_model:162 - epoch [14/30], avg_loss: 0.4055
2024-04-27 13:55:47.306 | INFO     | pre_process:train_model:162 - epoch [15/30], avg_loss: 0.2704
2024-04-27 13:55:47.399 | INFO     | pre_process:train_model:162 - epoch [16/30], avg_loss: 0.2463
2024-04-27 13:55:47.491 | INFO     | pre_process:train_model:162 - epoch [17/30], avg_loss: 0.1890
2024-04-27 13:55:47.576 | INFO     | pre_process:train_model:162 - epoch [18/30], avg_loss: 0.1224
2024-04-27 13:55:47.664 | INFO     | pre_process:train_model:162 - epoch [19/30], avg_loss: 0.1871
2024-04-27 13:55:47.751 | INFO     | pre_process:train_model:162 - epoch [20/30], avg_loss: 0.1168
2024-04-27 13:55:47.837 | INFO     | pre_process:train_model:162 - epoch [21/30], avg_loss: 0.0557
2024-04-27 13:55:47.923 | INFO     | pre_process:train_model:162 - epoch [22/30], avg_loss: 0.0283
2024-04-27 13:55:48.011 | INFO     | pre_process:train_model:162 - epoch [23/30], avg_loss: 0.0196
2024-04-27 13:55:48.097 | INFO     | pre_process:train_model:162 - epoch [24/30], avg_loss: 0.0254
2024-04-27 13:55:48.186 | INFO     | pre_process:train_model:162 - epoch [25/30], avg_loss: 0.0087
2024-04-27 13:55:48.278 | INFO     | pre_process:train_model:162 - epoch [26/30], avg_loss: 0.0259
2024-04-27 13:55:48.364 | INFO     | pre_process:train_model:162 - epoch [27/30], avg_loss: 0.0173
2024-04-27 13:55:48.453 | INFO     | pre_process:train_model:162 - epoch [28/30], avg_loss: 0.0097
2024-04-27 13:55:48.535 | INFO     | pre_process:train_model:162 - epoch [29/30], avg_loss: 0.0016
2024-04-27 13:55:48.621 | INFO     | pre_process:train_model:162 - epoch [30/30], avg_loss: 0.0082
2024-04-27 13:55:48.621 | SUCCESS  | pre_process:train_model:164 - 训练完成
2024-04-27 13:55:48.826 | WARNING  | pre_process:train_model:172 - close the plot window to continue...
2024-04-27 13:56:04.329 | SUCCESS  | pre_process:test_model:216 - all equal
2024-04-27 13:56:04.330 | DEBUG    | pre_process:test_model:223 - Accuracy on the test set: 100.00%
2024-04-27 14:00:04.922 | INFO     | pre_process:train_model:162 - epoch [1/30], avg_loss: 1.0779
2024-04-27 14:00:05.034 | INFO     | pre_process:train_model:162 - epoch [2/30], avg_loss: 0.9661
2024-04-27 14:00:05.152 | INFO     | pre_process:train_model:162 - epoch [3/30], avg_loss: 0.9512
2024-04-27 14:00:05.264 | INFO     | pre_process:train_model:162 - epoch [4/30], avg_loss: 0.8817
2024-04-27 14:00:05.371 | INFO     | pre_process:train_model:162 - epoch [5/30], avg_loss: 0.7934
2024-04-27 14:00:05.481 | INFO     | pre_process:train_model:162 - epoch [6/30], avg_loss: 0.7224
2024-04-27 14:00:05.586 | INFO     | pre_process:train_model:162 - epoch [7/30], avg_loss: 0.6860
2024-04-27 14:00:05.705 | INFO     | pre_process:train_model:162 - epoch [8/30], avg_loss: 0.6102
2024-04-27 14:00:05.826 | INFO     | pre_process:train_model:162 - epoch [9/30], avg_loss: 0.5621
2024-04-27 14:00:05.945 | INFO     | pre_process:train_model:162 - epoch [10/30], avg_loss: 0.5511
2024-04-27 14:00:06.060 | INFO     | pre_process:train_model:162 - epoch [11/30], avg_loss: 0.4406
2024-04-27 14:00:06.178 | INFO     | pre_process:train_model:162 - epoch [12/30], avg_loss: 0.3281
2024-04-27 14:00:06.286 | INFO     | pre_process:train_model:162 - epoch [13/30], avg_loss: 0.2219
2024-04-27 14:00:06.396 | INFO     | pre_process:train_model:162 - epoch [14/30], avg_loss: 0.3952
2024-04-27 14:00:06.499 | INFO     | pre_process:train_model:162 - epoch [15/30], avg_loss: 0.1759
2024-04-27 14:00:06.585 | INFO     | pre_process:train_model:162 - epoch [16/30], avg_loss: 0.1266
2024-04-27 14:00:06.669 | INFO     | pre_process:train_model:162 - epoch [17/30], avg_loss: 0.1362
2024-04-27 14:00:06.751 | INFO     | pre_process:train_model:162 - epoch [18/30], avg_loss: 0.0355
2024-04-27 14:00:06.839 | INFO     | pre_process:train_model:162 - epoch [19/30], avg_loss: 0.0385
2024-04-27 14:00:06.923 | INFO     | pre_process:train_model:162 - epoch [20/30], avg_loss: 0.0179
2024-04-27 14:00:07.009 | INFO     | pre_process:train_model:162 - epoch [21/30], avg_loss: 0.0273
2024-04-27 14:00:07.102 | INFO     | pre_process:train_model:162 - epoch [22/30], avg_loss: 0.0252
2024-04-27 14:00:07.189 | INFO     | pre_process:train_model:162 - epoch [23/30], avg_loss: 0.0092
2024-04-27 14:00:07.276 | INFO     | pre_process:train_model:162 - epoch [24/30], avg_loss: 0.0228
2024-04-27 14:00:07.366 | INFO     | pre_process:train_model:162 - epoch [25/30], avg_loss: 0.0102
2024-04-27 14:00:07.469 | INFO     | pre_process:train_model:162 - epoch [26/30], avg_loss: 0.0138
2024-04-27 14:00:07.554 | INFO     | pre_process:train_model:162 - epoch [27/30], avg_loss: 0.0059
2024-04-27 14:00:07.639 | INFO     | pre_process:train_model:162 - epoch [28/30], avg_loss: 0.0035
2024-04-27 14:00:07.721 | INFO     | pre_process:train_model:162 - epoch [29/30], avg_loss: 0.0049
2024-04-27 14:00:07.806 | INFO     | pre_process:train_model:162 - epoch [30/30], avg_loss: 0.0037
2024-04-27 14:00:07.806 | SUCCESS  | pre_process:train_model:164 - 训练完成
2024-04-27 14:00:08.008 | WARNING  | pre_process:train_model:172 - close the plot window to continue...
2024-04-27 14:00:23.091 | SUCCESS  | pre_process:test_model:216 - all equal
2024-04-27 14:00:23.091 | DEBUG    | pre_process:test_model:223 - Accuracy on the test set: 100.00%
