2024-04-27 02:02:30.879 | INFO     | pre_process:train_model:145 - epoch [1/15], step [5/20], loss: 1.0640
2024-04-27 02:02:31.489 | INFO     | pre_process:train_model:145 - epoch [1/15], step [10/20], loss: 1.0225
2024-04-27 02:02:32.096 | INFO     | pre_process:train_model:145 - epoch [1/15], step [15/20], loss: 1.0357
2024-04-27 02:02:32.702 | INFO     | pre_process:train_model:145 - epoch [1/15], step [20/20], loss: 0.8610
2024-04-27 02:02:32.703 | INFO     | pre_process:train_model:151 - epoch [1/15], avg_loss: 1.0441
2024-04-27 02:02:33.314 | INFO     | pre_process:train_model:145 - epoch [2/15], step [5/20], loss: 1.0326
2024-04-27 02:02:33.931 | INFO     | pre_process:train_model:145 - epoch [2/15], step [10/20], loss: 0.8967
2024-04-27 02:02:34.523 | INFO     | pre_process:train_model:145 - epoch [2/15], step [15/20], loss: 1.0842
2024-04-27 02:02:35.139 | INFO     | pre_process:train_model:145 - epoch [2/15], step [20/20], loss: 1.9430
2024-04-27 02:02:35.139 | INFO     | pre_process:train_model:151 - epoch [2/15], avg_loss: 0.9072
2024-04-27 02:02:35.740 | INFO     | pre_process:train_model:145 - epoch [3/15], step [5/20], loss: 0.7085
2024-04-27 02:02:36.341 | INFO     | pre_process:train_model:145 - epoch [3/15], step [10/20], loss: 0.9506
2024-04-27 02:02:36.953 | INFO     | pre_process:train_model:145 - epoch [3/15], step [15/20], loss: 0.5899
2024-04-27 02:02:37.560 | INFO     | pre_process:train_model:145 - epoch [3/15], step [20/20], loss: 0.9688
2024-04-27 02:02:37.560 | INFO     | pre_process:train_model:151 - epoch [3/15], avg_loss: 0.8759
2024-04-27 02:02:38.156 | INFO     | pre_process:train_model:145 - epoch [4/15], step [5/20], loss: 0.2431
2024-04-27 02:02:38.779 | INFO     | pre_process:train_model:145 - epoch [4/15], step [10/20], loss: 0.1756
2024-04-27 02:02:39.379 | INFO     | pre_process:train_model:145 - epoch [4/15], step [15/20], loss: 0.1142
2024-04-27 02:02:39.986 | INFO     | pre_process:train_model:145 - epoch [4/15], step [20/20], loss: 0.0592
2024-04-27 02:02:39.988 | INFO     | pre_process:train_model:151 - epoch [4/15], avg_loss: 0.6530
2024-04-27 02:02:40.590 | INFO     | pre_process:train_model:145 - epoch [5/15], step [5/20], loss: 0.2855
2024-04-27 02:02:41.192 | INFO     | pre_process:train_model:145 - epoch [5/15], step [10/20], loss: 0.5258
2024-04-27 02:02:41.801 | INFO     | pre_process:train_model:145 - epoch [5/15], step [15/20], loss: 0.6484
2024-04-27 02:02:42.406 | INFO     | pre_process:train_model:145 - epoch [5/15], step [20/20], loss: 0.4274
2024-04-27 02:02:42.407 | INFO     | pre_process:train_model:151 - epoch [5/15], avg_loss: 0.4910
2024-04-27 02:02:43.014 | INFO     | pre_process:train_model:145 - epoch [6/15], step [5/20], loss: 0.0125
2024-04-27 02:02:43.620 | INFO     | pre_process:train_model:145 - epoch [6/15], step [10/20], loss: 0.9082
2024-04-27 02:02:44.228 | INFO     | pre_process:train_model:145 - epoch [6/15], step [15/20], loss: 0.0082
2024-04-27 02:02:44.834 | INFO     | pre_process:train_model:145 - epoch [6/15], step [20/20], loss: 0.4042
2024-04-27 02:02:44.835 | INFO     | pre_process:train_model:151 - epoch [6/15], avg_loss: 0.4426
2024-04-27 02:02:45.437 | INFO     | pre_process:train_model:145 - epoch [7/15], step [5/20], loss: 0.8756
2024-04-27 02:02:46.042 | INFO     | pre_process:train_model:145 - epoch [7/15], step [10/20], loss: 0.8398
2024-04-27 02:02:46.656 | INFO     | pre_process:train_model:145 - epoch [7/15], step [15/20], loss: 0.0150
2024-04-27 02:02:47.266 | INFO     | pre_process:train_model:145 - epoch [7/15], step [20/20], loss: 0.0186
2024-04-27 02:02:47.267 | INFO     | pre_process:train_model:151 - epoch [7/15], avg_loss: 0.3303
2024-04-27 02:02:47.872 | INFO     | pre_process:train_model:145 - epoch [8/15], step [5/20], loss: 0.3453
2024-04-27 02:02:48.479 | INFO     | pre_process:train_model:145 - epoch [8/15], step [10/20], loss: 0.3765
2024-04-27 02:02:49.084 | INFO     | pre_process:train_model:145 - epoch [8/15], step [15/20], loss: 0.0103
2024-04-27 02:02:49.688 | INFO     | pre_process:train_model:145 - epoch [8/15], step [20/20], loss: 0.0101
2024-04-27 02:02:49.689 | INFO     | pre_process:train_model:151 - epoch [8/15], avg_loss: 0.2712
2024-04-27 02:02:50.291 | INFO     | pre_process:train_model:145 - epoch [9/15], step [5/20], loss: 0.0098
2024-04-27 02:02:50.910 | INFO     | pre_process:train_model:145 - epoch [9/15], step [10/20], loss: 0.2426
2024-04-27 02:02:51.536 | INFO     | pre_process:train_model:145 - epoch [9/15], step [15/20], loss: 0.0090
2024-04-27 02:02:52.151 | INFO     | pre_process:train_model:145 - epoch [9/15], step [20/20], loss: 0.1757
2024-04-27 02:02:52.152 | INFO     | pre_process:train_model:151 - epoch [9/15], avg_loss: 0.2217
2024-04-27 02:02:52.762 | INFO     | pre_process:train_model:145 - epoch [10/15], step [5/20], loss: 0.1824
2024-04-27 02:02:53.377 | INFO     | pre_process:train_model:145 - epoch [10/15], step [10/20], loss: 0.1337
2024-04-27 02:02:53.994 | INFO     | pre_process:train_model:145 - epoch [10/15], step [15/20], loss: 0.2665
2024-04-27 02:02:54.624 | INFO     | pre_process:train_model:145 - epoch [10/15], step [20/20], loss: 0.0058
2024-04-27 02:02:54.625 | INFO     | pre_process:train_model:151 - epoch [10/15], avg_loss: 0.1657
2024-04-27 02:02:55.243 | INFO     | pre_process:train_model:145 - epoch [11/15], step [5/20], loss: 0.0908
2024-04-27 02:02:55.863 | INFO     | pre_process:train_model:145 - epoch [11/15], step [10/20], loss: 0.0059
2024-04-27 02:02:56.506 | INFO     | pre_process:train_model:145 - epoch [11/15], step [15/20], loss: 1.2586
2024-04-27 02:02:57.130 | INFO     | pre_process:train_model:145 - epoch [11/15], step [20/20], loss: 0.0059
2024-04-27 02:02:57.131 | INFO     | pre_process:train_model:151 - epoch [11/15], avg_loss: 0.2253
2024-04-27 02:02:57.739 | INFO     | pre_process:train_model:145 - epoch [12/15], step [5/20], loss: 0.0054
2024-04-27 02:02:58.344 | INFO     | pre_process:train_model:145 - epoch [12/15], step [10/20], loss: 0.0941
2024-04-27 02:02:58.961 | INFO     | pre_process:train_model:145 - epoch [12/15], step [15/20], loss: 0.1310
2024-04-27 02:02:59.563 | INFO     | pre_process:train_model:145 - epoch [12/15], step [20/20], loss: 0.7705
2024-04-27 02:02:59.563 | INFO     | pre_process:train_model:151 - epoch [12/15], avg_loss: 0.1492
2024-04-27 02:03:00.197 | INFO     | pre_process:train_model:145 - epoch [13/15], step [5/20], loss: 0.1492
2024-04-27 02:03:00.838 | INFO     | pre_process:train_model:145 - epoch [13/15], step [10/20], loss: 0.1572
2024-04-27 02:03:01.464 | INFO     | pre_process:train_model:145 - epoch [13/15], step [15/20], loss: 0.0041
2024-04-27 02:03:02.085 | INFO     | pre_process:train_model:145 - epoch [13/15], step [20/20], loss: 0.0042
2024-04-27 02:03:02.086 | INFO     | pre_process:train_model:151 - epoch [13/15], avg_loss: 0.1431
2024-04-27 02:03:02.704 | INFO     | pre_process:train_model:145 - epoch [14/15], step [5/20], loss: 0.1001
2024-04-27 02:03:03.309 | INFO     | pre_process:train_model:145 - epoch [14/15], step [10/20], loss: 0.1249
2024-04-27 02:03:03.904 | INFO     | pre_process:train_model:145 - epoch [14/15], step [15/20], loss: 0.1350
2024-04-27 02:03:04.528 | INFO     | pre_process:train_model:145 - epoch [14/15], step [20/20], loss: 0.0303
2024-04-27 02:03:04.528 | INFO     | pre_process:train_model:151 - epoch [14/15], avg_loss: 0.1293
2024-04-27 02:03:05.152 | INFO     | pre_process:train_model:145 - epoch [15/15], step [5/20], loss: 0.0028
2024-04-27 02:03:05.782 | INFO     | pre_process:train_model:145 - epoch [15/15], step [10/20], loss: 0.1435
2024-04-27 02:03:06.385 | INFO     | pre_process:train_model:145 - epoch [15/15], step [15/20], loss: 0.8262
2024-04-27 02:03:06.997 | INFO     | pre_process:train_model:145 - epoch [15/15], step [20/20], loss: 0.0224
2024-04-27 02:03:06.998 | INFO     | pre_process:train_model:151 - epoch [15/15], avg_loss: 0.1130
2024-04-27 02:03:06.998 | SUCCESS  | pre_process:train_model:153 - 训练完成
2024-04-27 02:03:07.205 | WARNING  | pre_process:train_model:161 - close the plot window to continue...
2024-04-27 02:03:25.067 | SUCCESS  | pre_process:test_model:205 - all equal
2024-04-27 02:03:25.119 | SUCCESS  | pre_process:test_model:205 - all equal
2024-04-27 02:03:25.166 | SUCCESS  | pre_process:test_model:205 - all equal
2024-04-27 02:03:25.216 | SUCCESS  | pre_process:test_model:205 - all equal
2024-04-27 02:03:25.264 | ERROR    | pre_process:test_model:207 - not equal
2024-04-27 02:03:25.314 | SUCCESS  | pre_process:test_model:205 - all equal
2024-04-27 02:03:25.364 | SUCCESS  | pre_process:test_model:205 - all equal
2024-04-27 02:03:25.414 | SUCCESS  | pre_process:test_model:205 - all equal
2024-04-27 02:03:25.462 | SUCCESS  | pre_process:test_model:205 - all equal
2024-04-27 02:03:25.511 | SUCCESS  | pre_process:test_model:205 - all equal
2024-04-27 02:03:25.560 | SUCCESS  | pre_process:test_model:205 - all equal
2024-04-27 02:03:25.613 | SUCCESS  | pre_process:test_model:205 - all equal
2024-04-27 02:03:25.666 | SUCCESS  | pre_process:test_model:205 - all equal
2024-04-27 02:03:25.718 | SUCCESS  | pre_process:test_model:205 - all equal
2024-04-27 02:03:25.768 | SUCCESS  | pre_process:test_model:205 - all equal
2024-04-27 02:03:25.819 | SUCCESS  | pre_process:test_model:205 - all equal
2024-04-27 02:03:25.868 | SUCCESS  | pre_process:test_model:205 - all equal
2024-04-27 02:03:25.916 | SUCCESS  | pre_process:test_model:205 - all equal
2024-04-27 02:03:25.967 | SUCCESS  | pre_process:test_model:205 - all equal
2024-04-27 02:03:26.015 | SUCCESS  | pre_process:test_model:205 - all equal
2024-04-27 02:03:26.016 | DEBUG    | pre_process:test_model:212 - Accuracy on the test set: 97.50%
2024-04-27 02:09:48.474 | INFO     | pre_process:train_model:167 - epoch [1/10], step [5/20], loss: 1.0725
2024-04-27 02:09:54.288 | INFO     | pre_process:train_model:167 - epoch [1/10], step [10/20], loss: 0.8916
2024-04-27 02:10:00.052 | INFO     | pre_process:train_model:167 - epoch [1/10], step [15/20], loss: 1.0252
2024-04-27 02:10:05.684 | INFO     | pre_process:train_model:167 - epoch [1/10], step [20/20], loss: 1.0584
2024-04-27 02:10:05.684 | INFO     | pre_process:train_model:173 - epoch [1/10], avg_loss: 1.0163
2024-04-27 02:10:11.300 | INFO     | pre_process:train_model:167 - epoch [2/10], step [5/20], loss: 0.9521
2024-04-27 02:10:16.887 | INFO     | pre_process:train_model:167 - epoch [2/10], step [10/20], loss: 0.9273
2024-04-27 02:10:22.501 | INFO     | pre_process:train_model:167 - epoch [2/10], step [15/20], loss: 1.2035
2024-04-27 02:10:28.124 | INFO     | pre_process:train_model:167 - epoch [2/10], step [20/20], loss: 1.2813
2024-04-27 02:10:28.125 | INFO     | pre_process:train_model:173 - epoch [2/10], avg_loss: 0.9062
2024-04-27 02:10:33.745 | INFO     | pre_process:train_model:167 - epoch [3/10], step [5/20], loss: 0.9737
2024-04-27 02:14:53.319 | INFO     | pre_process:train_model:196 - epoch [1/10], avg_loss: 1.1964
2024-04-27 02:14:54.461 | INFO     | pre_process:train_model:196 - epoch [2/10], avg_loss: 1.1673
2024-04-27 02:14:55.593 | INFO     | pre_process:train_model:196 - epoch [3/10], avg_loss: 1.1375
2024-04-27 02:14:56.718 | INFO     | pre_process:train_model:196 - epoch [4/10], avg_loss: 1.1261
2024-04-27 02:14:57.845 | INFO     | pre_process:train_model:196 - epoch [5/10], avg_loss: 1.0738
2024-04-27 02:14:58.999 | INFO     | pre_process:train_model:196 - epoch [6/10], avg_loss: 1.0721
2024-04-27 02:15:00.341 | INFO     | pre_process:train_model:196 - epoch [7/10], avg_loss: 1.0622
2024-04-27 02:15:01.513 | INFO     | pre_process:train_model:196 - epoch [8/10], avg_loss: 1.0292
2024-04-27 02:15:02.685 | INFO     | pre_process:train_model:196 - epoch [9/10], avg_loss: 0.9697
2024-04-27 02:15:03.835 | INFO     | pre_process:train_model:196 - epoch [10/10], avg_loss: 0.9479
2024-04-27 02:15:03.836 | SUCCESS  | pre_process:train_model:198 - 训练完成
2024-04-27 02:15:04.041 | WARNING  | pre_process:train_model:206 - close the plot window to continue...
2024-04-27 02:15:20.280 | SUCCESS  | pre_process:test_model:250 - all equal
2024-04-27 02:15:20.280 | DEBUG    | pre_process:test_model:257 - Accuracy on the test set: 100.00%
2024-04-27 02:16:37.554 | INFO     | pre_process:train_model:191 - epoch [1/10], step [5/20], loss: 1.0469
2024-04-27 02:16:43.204 | INFO     | pre_process:train_model:191 - epoch [1/10], step [10/20], loss: 0.9897
2024-04-27 02:16:48.861 | INFO     | pre_process:train_model:191 - epoch [1/10], step [15/20], loss: 1.7177
2024-04-27 02:16:54.989 | INFO     | pre_process:train_model:191 - epoch [1/10], step [20/20], loss: 0.5010
2024-04-27 02:16:54.990 | INFO     | pre_process:train_model:197 - epoch [1/10], avg_loss: 1.0010
2024-04-27 02:17:02.561 | INFO     | pre_process:train_model:191 - epoch [2/10], step [5/20], loss: 0.9297
2024-04-27 02:17:09.749 | INFO     | pre_process:train_model:191 - epoch [2/10], step [10/20], loss: 0.6609
2024-04-27 02:17:17.014 | INFO     | pre_process:train_model:191 - epoch [2/10], step [15/20], loss: 0.5617
2024-04-27 02:17:23.538 | INFO     | pre_process:train_model:191 - epoch [2/10], step [20/20], loss: 0.3462
2024-04-27 02:17:23.538 | INFO     | pre_process:train_model:197 - epoch [2/10], avg_loss: 0.9624
2024-04-27 02:17:29.365 | INFO     | pre_process:train_model:191 - epoch [3/10], step [5/20], loss: 0.4040
2024-04-27 02:17:35.191 | INFO     | pre_process:train_model:191 - epoch [3/10], step [10/20], loss: 1.1196
2024-04-27 02:17:41.089 | INFO     | pre_process:train_model:191 - epoch [3/10], step [15/20], loss: 0.3020
2024-04-27 02:17:46.952 | INFO     | pre_process:train_model:191 - epoch [3/10], step [20/20], loss: 1.7405
2024-04-27 02:17:46.953 | INFO     | pre_process:train_model:197 - epoch [3/10], avg_loss: 0.9359
2024-04-27 02:17:52.691 | INFO     | pre_process:train_model:191 - epoch [4/10], step [5/20], loss: 1.3336
2024-04-27 02:17:58.380 | INFO     | pre_process:train_model:191 - epoch [4/10], step [10/20], loss: 0.9985
2024-04-27 02:18:04.032 | INFO     | pre_process:train_model:191 - epoch [4/10], step [15/20], loss: 0.9681
2024-04-27 02:18:09.704 | INFO     | pre_process:train_model:191 - epoch [4/10], step [20/20], loss: 0.9258
2024-04-27 02:18:09.704 | INFO     | pre_process:train_model:197 - epoch [4/10], avg_loss: 0.9053
2024-04-27 02:18:15.439 | INFO     | pre_process:train_model:191 - epoch [5/10], step [5/20], loss: 1.6745
2024-04-27 02:18:21.152 | INFO     | pre_process:train_model:191 - epoch [5/10], step [10/20], loss: 0.6710
2024-04-27 02:18:26.877 | INFO     | pre_process:train_model:191 - epoch [5/10], step [15/20], loss: 0.8218
2024-04-27 02:18:32.606 | INFO     | pre_process:train_model:191 - epoch [5/10], step [20/20], loss: 1.0884
2024-04-27 02:18:32.607 | INFO     | pre_process:train_model:197 - epoch [5/10], avg_loss: 0.8775
2024-04-27 02:18:38.422 | INFO     | pre_process:train_model:191 - epoch [6/10], step [5/20], loss: 0.8404
2024-04-27 02:18:44.418 | INFO     | pre_process:train_model:191 - epoch [6/10], step [10/20], loss: 2.9115
2024-04-27 02:18:50.335 | INFO     | pre_process:train_model:191 - epoch [6/10], step [15/20], loss: 0.6177
2024-04-27 02:18:56.937 | INFO     | pre_process:train_model:191 - epoch [6/10], step [20/20], loss: 0.5228
2024-04-27 02:18:56.938 | INFO     | pre_process:train_model:197 - epoch [6/10], avg_loss: 0.9075
2024-04-27 02:19:04.522 | INFO     | pre_process:train_model:191 - epoch [7/10], step [5/20], loss: 0.4047
2024-04-27 02:19:10.658 | INFO     | pre_process:train_model:191 - epoch [7/10], step [10/20], loss: 1.5558
2024-04-27 02:19:16.568 | INFO     | pre_process:train_model:191 - epoch [7/10], step [15/20], loss: 0.4682
2024-04-27 02:19:22.642 | INFO     | pre_process:train_model:191 - epoch [7/10], step [20/20], loss: 1.4088
2024-04-27 02:19:22.642 | INFO     | pre_process:train_model:197 - epoch [7/10], avg_loss: 0.9261
2024-04-27 02:19:28.708 | INFO     | pre_process:train_model:191 - epoch [8/10], step [5/20], loss: 0.7937
2024-04-27 02:19:34.791 | INFO     | pre_process:train_model:191 - epoch [8/10], step [10/20], loss: 1.0562
2024-04-27 02:19:41.073 | INFO     | pre_process:train_model:191 - epoch [8/10], step [15/20], loss: 0.4040
2024-04-27 02:19:47.138 | INFO     | pre_process:train_model:191 - epoch [8/10], step [20/20], loss: 0.4992
2024-04-27 02:19:47.140 | INFO     | pre_process:train_model:197 - epoch [8/10], avg_loss: 0.8937
2024-04-27 02:19:53.087 | INFO     | pre_process:train_model:191 - epoch [9/10], step [5/20], loss: 0.5312
2024-04-27 02:19:58.960 | INFO     | pre_process:train_model:191 - epoch [9/10], step [10/20], loss: 0.8818
2024-04-27 02:20:04.961 | INFO     | pre_process:train_model:191 - epoch [9/10], step [15/20], loss: 0.5432
2024-04-27 02:20:11.147 | INFO     | pre_process:train_model:191 - epoch [9/10], step [20/20], loss: 0.2005
2024-04-27 02:20:11.147 | INFO     | pre_process:train_model:197 - epoch [9/10], avg_loss: 0.8251
2024-04-27 02:20:16.906 | INFO     | pre_process:train_model:191 - epoch [10/10], step [5/20], loss: 0.4026
2024-04-27 02:20:22.835 | INFO     | pre_process:train_model:191 - epoch [10/10], step [10/20], loss: 0.2058
2024-04-27 02:20:28.941 | INFO     | pre_process:train_model:191 - epoch [10/10], step [15/20], loss: 0.3171
2024-04-27 02:20:34.911 | INFO     | pre_process:train_model:191 - epoch [10/10], step [20/20], loss: 0.9621
2024-04-27 02:20:34.911 | INFO     | pre_process:train_model:197 - epoch [10/10], avg_loss: 0.7504
2024-04-27 02:20:34.912 | SUCCESS  | pre_process:train_model:199 - 训练完成
2024-04-27 02:20:35.147 | WARNING  | pre_process:train_model:207 - close the plot window to continue...
2024-04-27 02:20:53.091 | SUCCESS  | pre_process:test_model:251 - all equal
2024-04-27 02:20:53.533 | ERROR    | pre_process:test_model:253 - not equal
2024-04-27 02:20:53.947 | ERROR    | pre_process:test_model:253 - not equal
2024-04-27 02:20:54.401 | ERROR    | pre_process:test_model:253 - not equal
2024-04-27 02:20:54.843 | SUCCESS  | pre_process:test_model:251 - all equal
2024-04-27 02:20:55.285 | ERROR    | pre_process:test_model:253 - not equal
2024-04-27 02:20:55.700 | SUCCESS  | pre_process:test_model:251 - all equal
2024-04-27 02:20:56.110 | ERROR    | pre_process:test_model:253 - not equal
2024-04-27 02:20:56.519 | SUCCESS  | pre_process:test_model:251 - all equal
2024-04-27 02:20:56.930 | ERROR    | pre_process:test_model:253 - not equal
2024-04-27 02:20:57.340 | ERROR    | pre_process:test_model:253 - not equal
2024-04-27 02:20:57.745 | SUCCESS  | pre_process:test_model:251 - all equal
2024-04-27 02:20:58.144 | SUCCESS  | pre_process:test_model:251 - all equal
2024-04-27 02:20:58.559 | ERROR    | pre_process:test_model:253 - not equal
2024-04-27 02:20:58.962 | ERROR    | pre_process:test_model:253 - not equal
2024-04-27 02:20:59.387 | ERROR    | pre_process:test_model:253 - not equal
2024-04-27 02:20:59.897 | ERROR    | pre_process:test_model:253 - not equal
2024-04-27 02:21:00.400 | SUCCESS  | pre_process:test_model:251 - all equal
2024-04-27 02:21:00.906 | SUCCESS  | pre_process:test_model:251 - all equal
2024-04-27 02:21:01.413 | SUCCESS  | pre_process:test_model:251 - all equal
2024-04-27 02:21:01.414 | DEBUG    | pre_process:test_model:258 - Accuracy on the test set: 65.00%
2024-04-27 02:27:09.409 | INFO     | pre_process:train_model:184 - epoch [1/10], step [5/20], loss: 1.1352
2024-04-27 02:27:09.991 | INFO     | pre_process:train_model:184 - epoch [1/10], step [10/20], loss: 1.0637
2024-04-27 02:27:10.585 | INFO     | pre_process:train_model:184 - epoch [1/10], step [15/20], loss: 0.9317
2024-04-27 02:27:11.188 | INFO     | pre_process:train_model:184 - epoch [1/10], step [20/20], loss: 0.6675
2024-04-27 02:27:11.188 | INFO     | pre_process:train_model:190 - epoch [1/10], avg_loss: 1.0523
2024-04-27 02:27:11.978 | INFO     | pre_process:train_model:200 - epoch [1/10], val_loss: 0.8602
2024-04-27 02:27:12.576 | INFO     | pre_process:train_model:184 - epoch [2/10], step [5/20], loss: 1.1729
2024-04-27 02:27:13.165 | INFO     | pre_process:train_model:184 - epoch [2/10], step [10/20], loss: 1.5976
2024-04-27 02:27:13.767 | INFO     | pre_process:train_model:184 - epoch [2/10], step [15/20], loss: 1.3373
2024-04-27 02:27:14.362 | INFO     | pre_process:train_model:184 - epoch [2/10], step [20/20], loss: 1.3686
2024-04-27 02:27:14.362 | INFO     | pre_process:train_model:190 - epoch [2/10], avg_loss: 0.8630
2024-04-27 02:27:15.166 | INFO     | pre_process:train_model:200 - epoch [2/10], val_loss: 0.7799
2024-04-27 02:27:15.768 | INFO     | pre_process:train_model:184 - epoch [3/10], step [5/20], loss: 0.7939
2024-04-27 02:27:16.358 | INFO     | pre_process:train_model:184 - epoch [3/10], step [10/20], loss: 0.6177
2024-04-27 02:27:16.955 | INFO     | pre_process:train_model:184 - epoch [3/10], step [15/20], loss: 0.7158
2024-04-27 02:27:17.554 | INFO     | pre_process:train_model:184 - epoch [3/10], step [20/20], loss: 0.0510
2024-04-27 02:27:17.555 | INFO     | pre_process:train_model:190 - epoch [3/10], avg_loss: 0.6157
2024-04-27 02:27:18.369 | INFO     | pre_process:train_model:200 - epoch [3/10], val_loss: 0.4228
2024-04-27 02:27:18.974 | INFO     | pre_process:train_model:184 - epoch [4/10], step [5/20], loss: 1.1358
2024-04-27 02:27:19.584 | INFO     | pre_process:train_model:184 - epoch [4/10], step [10/20], loss: 0.0129
2024-04-27 02:27:20.209 | INFO     | pre_process:train_model:184 - epoch [4/10], step [15/20], loss: 0.0333
2024-04-27 02:27:20.821 | INFO     | pre_process:train_model:184 - epoch [4/10], step [20/20], loss: 0.7610
2024-04-27 02:27:20.822 | INFO     | pre_process:train_model:190 - epoch [4/10], avg_loss: 0.4753
2024-04-27 02:27:21.640 | INFO     | pre_process:train_model:200 - epoch [4/10], val_loss: 0.3769
2024-04-27 02:27:22.263 | INFO     | pre_process:train_model:184 - epoch [5/10], step [5/20], loss: 0.4577
2024-04-27 02:27:22.846 | INFO     | pre_process:train_model:184 - epoch [5/10], step [10/20], loss: 0.0380
2024-04-27 02:27:23.450 | INFO     | pre_process:train_model:184 - epoch [5/10], step [15/20], loss: 0.4603
2024-04-27 02:27:24.064 | INFO     | pre_process:train_model:184 - epoch [5/10], step [20/20], loss: 0.4572
2024-04-27 02:27:24.065 | INFO     | pre_process:train_model:190 - epoch [5/10], avg_loss: 0.3401
2024-04-27 02:27:24.888 | INFO     | pre_process:train_model:200 - epoch [5/10], val_loss: 0.3041
2024-04-27 02:27:25.491 | INFO     | pre_process:train_model:184 - epoch [6/10], step [5/20], loss: 0.0077
2024-04-27 02:27:26.104 | INFO     | pre_process:train_model:184 - epoch [6/10], step [10/20], loss: 0.2881
2024-04-27 02:27:26.699 | INFO     | pre_process:train_model:184 - epoch [6/10], step [15/20], loss: 0.3724
2024-04-27 02:27:27.302 | INFO     | pre_process:train_model:184 - epoch [6/10], step [20/20], loss: 0.0044
2024-04-27 02:27:27.302 | INFO     | pre_process:train_model:190 - epoch [6/10], avg_loss: 0.2927
2024-04-27 02:27:28.120 | INFO     | pre_process:train_model:200 - epoch [6/10], val_loss: 0.2309
2024-04-27 02:27:28.713 | INFO     | pre_process:train_model:184 - epoch [7/10], step [5/20], loss: 0.1840
2024-04-27 02:27:29.326 | INFO     | pre_process:train_model:184 - epoch [7/10], step [10/20], loss: 0.0029
2024-04-27 02:27:29.917 | INFO     | pre_process:train_model:184 - epoch [7/10], step [15/20], loss: 0.4753
2024-04-27 02:27:30.518 | INFO     | pre_process:train_model:184 - epoch [7/10], step [20/20], loss: 0.1603
2024-04-27 02:27:30.518 | INFO     | pre_process:train_model:190 - epoch [7/10], avg_loss: 0.2368
2024-04-27 02:27:31.353 | INFO     | pre_process:train_model:200 - epoch [7/10], val_loss: 0.1680
2024-04-27 02:27:31.940 | INFO     | pre_process:train_model:184 - epoch [8/10], step [5/20], loss: 0.0026
2024-04-27 02:27:32.542 | INFO     | pre_process:train_model:184 - epoch [8/10], step [10/20], loss: 0.7127
2024-04-27 02:27:33.127 | INFO     | pre_process:train_model:184 - epoch [8/10], step [15/20], loss: 0.3297
2024-04-27 02:27:33.719 | INFO     | pre_process:train_model:184 - epoch [8/10], step [20/20], loss: 0.0018
2024-04-27 02:27:33.720 | INFO     | pre_process:train_model:190 - epoch [8/10], avg_loss: 0.2398
2024-04-27 02:27:34.557 | INFO     | pre_process:train_model:200 - epoch [8/10], val_loss: 0.3335
2024-04-27 02:27:35.150 | INFO     | pre_process:train_model:184 - epoch [9/10], step [5/20], loss: 0.6348
2024-04-27 02:27:35.744 | INFO     | pre_process:train_model:184 - epoch [9/10], step [10/20], loss: 0.2985
2024-04-27 02:27:36.331 | INFO     | pre_process:train_model:184 - epoch [9/10], step [15/20], loss: 0.1775
2024-04-27 02:27:36.918 | INFO     | pre_process:train_model:184 - epoch [9/10], step [20/20], loss: 0.2196
2024-04-27 02:27:36.919 | INFO     | pre_process:train_model:190 - epoch [9/10], avg_loss: 0.3785
2024-04-27 02:27:37.745 | INFO     | pre_process:train_model:200 - epoch [9/10], val_loss: 0.4883
2024-04-27 02:27:38.340 | INFO     | pre_process:train_model:184 - epoch [10/10], step [5/20], loss: 3.0504
2024-04-27 02:27:38.934 | INFO     | pre_process:train_model:184 - epoch [10/10], step [10/20], loss: 0.0124
2024-04-27 02:27:39.529 | INFO     | pre_process:train_model:184 - epoch [10/10], step [15/20], loss: 0.3490
2024-04-27 02:27:40.111 | INFO     | pre_process:train_model:184 - epoch [10/10], step [20/20], loss: 0.0411
2024-04-27 02:27:40.112 | INFO     | pre_process:train_model:190 - epoch [10/10], avg_loss: 0.4737
2024-04-27 02:27:40.930 | INFO     | pre_process:train_model:200 - epoch [10/10], val_loss: 0.2819
2024-04-27 02:27:40.931 | SUCCESS  | pre_process:train_model:206 - 训练完成
2024-04-27 02:27:41.132 | WARNING  | pre_process:train_model:214 - close the plot window to continue...
2024-04-27 02:27:55.640 | SUCCESS  | pre_process:test_model:258 - all equal
2024-04-27 02:27:55.695 | SUCCESS  | pre_process:test_model:258 - all equal
2024-04-27 02:27:55.745 | SUCCESS  | pre_process:test_model:258 - all equal
2024-04-27 02:27:55.793 | SUCCESS  | pre_process:test_model:258 - all equal
2024-04-27 02:27:55.842 | SUCCESS  | pre_process:test_model:258 - all equal
2024-04-27 02:27:55.890 | SUCCESS  | pre_process:test_model:258 - all equal
2024-04-27 02:27:55.938 | SUCCESS  | pre_process:test_model:258 - all equal
2024-04-27 02:27:55.985 | SUCCESS  | pre_process:test_model:258 - all equal
2024-04-27 02:27:56.033 | SUCCESS  | pre_process:test_model:258 - all equal
2024-04-27 02:27:56.085 | SUCCESS  | pre_process:test_model:258 - all equal
2024-04-27 02:27:56.134 | ERROR    | pre_process:test_model:260 - not equal
2024-04-27 02:27:56.182 | SUCCESS  | pre_process:test_model:258 - all equal
2024-04-27 02:27:56.235 | SUCCESS  | pre_process:test_model:258 - all equal
2024-04-27 02:27:56.279 | SUCCESS  | pre_process:test_model:258 - all equal
2024-04-27 02:27:56.330 | SUCCESS  | pre_process:test_model:258 - all equal
2024-04-27 02:27:56.381 | SUCCESS  | pre_process:test_model:258 - all equal
2024-04-27 02:27:56.433 | SUCCESS  | pre_process:test_model:258 - all equal
2024-04-27 02:27:56.485 | SUCCESS  | pre_process:test_model:258 - all equal
2024-04-27 02:27:56.531 | ERROR    | pre_process:test_model:260 - not equal
2024-04-27 02:27:56.579 | SUCCESS  | pre_process:test_model:258 - all equal
2024-04-27 02:27:56.579 | DEBUG    | pre_process:test_model:265 - Accuracy on the test set: 95.00%
2024-04-27 02:28:52.871 | INFO     | pre_process:train_model:191 - epoch [1/10], step [5/20], loss: 1.1628
2024-04-27 02:28:53.462 | INFO     | pre_process:train_model:191 - epoch [1/10], step [10/20], loss: 1.0357
2024-04-27 02:28:54.057 | INFO     | pre_process:train_model:191 - epoch [1/10], step [15/20], loss: 1.0518
2024-04-27 02:28:54.646 | INFO     | pre_process:train_model:191 - epoch [1/10], step [20/20], loss: 1.3547
2024-04-27 02:28:54.647 | INFO     | pre_process:train_model:197 - epoch [1/10], avg_loss: 1.0971
2024-04-27 02:28:55.247 | INFO     | pre_process:train_model:191 - epoch [2/10], step [5/20], loss: 0.6346
2024-04-27 02:28:55.849 | INFO     | pre_process:train_model:191 - epoch [2/10], step [10/20], loss: 1.1802
2024-04-27 02:28:56.451 | INFO     | pre_process:train_model:191 - epoch [2/10], step [15/20], loss: 1.0114
2024-04-27 02:28:57.060 | INFO     | pre_process:train_model:191 - epoch [2/10], step [20/20], loss: 1.1979
2024-04-27 02:28:57.061 | INFO     | pre_process:train_model:197 - epoch [2/10], avg_loss: 0.8586
2024-04-27 02:28:57.686 | INFO     | pre_process:train_model:191 - epoch [3/10], step [5/20], loss: 0.6252
2024-04-27 02:28:58.350 | INFO     | pre_process:train_model:191 - epoch [3/10], step [10/20], loss: 0.6164
2024-04-27 02:28:58.966 | INFO     | pre_process:train_model:191 - epoch [3/10], step [15/20], loss: 0.9593
2024-04-27 02:28:59.647 | INFO     | pre_process:train_model:191 - epoch [3/10], step [20/20], loss: 2.5040
2024-04-27 02:28:59.647 | INFO     | pre_process:train_model:197 - epoch [3/10], avg_loss: 0.7131
2024-04-27 02:29:00.273 | INFO     | pre_process:train_model:191 - epoch [4/10], step [5/20], loss: 0.0152
2024-04-27 02:29:00.891 | INFO     | pre_process:train_model:191 - epoch [4/10], step [10/20], loss: 0.8486
2024-04-27 02:29:01.491 | INFO     | pre_process:train_model:191 - epoch [4/10], step [15/20], loss: 0.6219
2024-04-27 02:29:02.108 | INFO     | pre_process:train_model:191 - epoch [4/10], step [20/20], loss: 0.4259
2024-04-27 02:29:02.109 | INFO     | pre_process:train_model:197 - epoch [4/10], avg_loss: 0.5083
2024-04-27 02:29:02.714 | INFO     | pre_process:train_model:191 - epoch [5/10], step [5/20], loss: 0.7273
2024-04-27 02:29:03.314 | INFO     | pre_process:train_model:191 - epoch [5/10], step [10/20], loss: 0.0161
2024-04-27 02:29:03.921 | INFO     | pre_process:train_model:191 - epoch [5/10], step [15/20], loss: 0.0199
2024-04-27 02:29:04.528 | INFO     | pre_process:train_model:191 - epoch [5/10], step [20/20], loss: 0.3400
2024-04-27 02:29:04.529 | INFO     | pre_process:train_model:197 - epoch [5/10], avg_loss: 0.3702
2024-04-27 02:29:05.148 | INFO     | pre_process:train_model:191 - epoch [6/10], step [5/20], loss: 0.4180
2024-04-27 02:29:05.731 | INFO     | pre_process:train_model:191 - epoch [6/10], step [10/20], loss: 0.0077
2024-04-27 02:29:06.321 | INFO     | pre_process:train_model:191 - epoch [6/10], step [15/20], loss: 0.2150
2024-04-27 02:29:06.909 | INFO     | pre_process:train_model:191 - epoch [6/10], step [20/20], loss: 0.0037
2024-04-27 02:29:06.909 | INFO     | pre_process:train_model:197 - epoch [6/10], avg_loss: 0.2617
2024-04-27 02:29:07.498 | INFO     | pre_process:train_model:191 - epoch [7/10], step [5/20], loss: 0.0035
2024-04-27 02:29:08.090 | INFO     | pre_process:train_model:191 - epoch [7/10], step [10/20], loss: 0.0115
2024-04-27 02:29:08.657 | INFO     | pre_process:train_model:191 - epoch [7/10], step [15/20], loss: 0.0539
2024-04-27 02:29:09.268 | INFO     | pre_process:train_model:191 - epoch [7/10], step [20/20], loss: 0.0313
2024-04-27 02:29:09.268 | INFO     | pre_process:train_model:197 - epoch [7/10], avg_loss: 0.1724
2024-04-27 02:29:09.863 | INFO     | pre_process:train_model:191 - epoch [8/10], step [5/20], loss: 0.0455
2024-04-27 02:29:10.460 | INFO     | pre_process:train_model:191 - epoch [8/10], step [10/20], loss: 0.0064
2024-04-27 02:29:11.063 | INFO     | pre_process:train_model:191 - epoch [8/10], step [15/20], loss: 0.0023
2024-04-27 02:29:11.646 | INFO     | pre_process:train_model:191 - epoch [8/10], step [20/20], loss: 0.0018
2024-04-27 02:29:11.647 | INFO     | pre_process:train_model:197 - epoch [8/10], avg_loss: 0.2466
2024-04-27 02:29:12.238 | INFO     | pre_process:train_model:191 - epoch [9/10], step [5/20], loss: 0.0014
2024-04-27 02:29:12.827 | INFO     | pre_process:train_model:191 - epoch [9/10], step [10/20], loss: 0.0012
2024-04-27 02:29:13.423 | INFO     | pre_process:train_model:191 - epoch [9/10], step [15/20], loss: 0.2398
2024-04-27 02:29:14.005 | INFO     | pre_process:train_model:191 - epoch [9/10], step [20/20], loss: 0.1953
2024-04-27 02:29:14.005 | INFO     | pre_process:train_model:197 - epoch [9/10], avg_loss: 0.3891
2024-04-27 02:29:14.611 | INFO     | pre_process:train_model:191 - epoch [10/10], step [5/20], loss: 0.0045
2024-04-27 02:29:15.206 | INFO     | pre_process:train_model:191 - epoch [10/10], step [10/20], loss: 0.0019
2024-04-27 02:29:15.786 | INFO     | pre_process:train_model:191 - epoch [10/10], step [15/20], loss: 0.0026
2024-04-27 02:29:16.377 | INFO     | pre_process:train_model:191 - epoch [10/10], step [20/20], loss: 0.0020
2024-04-27 02:29:16.378 | INFO     | pre_process:train_model:197 - epoch [10/10], avg_loss: 0.4254
2024-04-27 02:29:16.378 | SUCCESS  | pre_process:train_model:199 - 训练完成
2024-04-27 02:29:16.581 | WARNING  | pre_process:train_model:207 - close the plot window to continue...
2024-04-27 02:29:31.798 | SUCCESS  | pre_process:test_model:251 - all equal
2024-04-27 02:29:31.846 | SUCCESS  | pre_process:test_model:251 - all equal
2024-04-27 02:29:31.897 | ERROR    | pre_process:test_model:253 - not equal
2024-04-27 02:29:31.946 | SUCCESS  | pre_process:test_model:251 - all equal
2024-04-27 02:29:31.997 | SUCCESS  | pre_process:test_model:251 - all equal
2024-04-27 02:29:32.047 | SUCCESS  | pre_process:test_model:251 - all equal
2024-04-27 02:29:32.101 | SUCCESS  | pre_process:test_model:251 - all equal
2024-04-27 02:29:32.151 | SUCCESS  | pre_process:test_model:251 - all equal
2024-04-27 02:29:32.200 | SUCCESS  | pre_process:test_model:251 - all equal
2024-04-27 02:29:32.251 | SUCCESS  | pre_process:test_model:251 - all equal
2024-04-27 02:29:32.299 | ERROR    | pre_process:test_model:253 - not equal
2024-04-27 02:29:32.348 | SUCCESS  | pre_process:test_model:251 - all equal
2024-04-27 02:29:32.398 | SUCCESS  | pre_process:test_model:251 - all equal
2024-04-27 02:29:32.442 | SUCCESS  | pre_process:test_model:251 - all equal
2024-04-27 02:29:32.497 | SUCCESS  | pre_process:test_model:251 - all equal
2024-04-27 02:29:32.545 | SUCCESS  | pre_process:test_model:251 - all equal
2024-04-27 02:29:32.582 | SUCCESS  | pre_process:test_model:251 - all equal
2024-04-27 02:29:32.639 | ERROR    | pre_process:test_model:253 - not equal
2024-04-27 02:29:32.694 | ERROR    | pre_process:test_model:253 - not equal
2024-04-27 02:29:32.750 | SUCCESS  | pre_process:test_model:251 - all equal
2024-04-27 02:29:32.750 | DEBUG    | pre_process:test_model:258 - Accuracy on the test set: 90.00%
2024-04-27 02:31:02.118 | INFO     | pre_process:train_model:161 - epoch [1/10], step [5/20], loss: 0.9621
2024-04-27 02:31:02.377 | INFO     | pre_process:train_model:161 - epoch [1/10], step [10/20], loss: 1.1929
2024-04-27 02:31:02.613 | INFO     | pre_process:train_model:161 - epoch [1/10], step [15/20], loss: 0.8707
2024-04-27 02:31:02.853 | INFO     | pre_process:train_model:161 - epoch [1/10], step [20/20], loss: 1.0198
2024-04-27 02:31:02.853 | INFO     | pre_process:train_model:167 - epoch [1/10], avg_loss: 1.0224
2024-04-27 02:31:03.087 | INFO     | pre_process:train_model:161 - epoch [2/10], step [5/20], loss: 0.7197
2024-04-27 02:31:03.323 | INFO     | pre_process:train_model:161 - epoch [2/10], step [10/20], loss: 1.2217
2024-04-27 02:31:03.555 | INFO     | pre_process:train_model:161 - epoch [2/10], step [15/20], loss: 1.4798
2024-04-27 02:31:03.797 | INFO     | pre_process:train_model:161 - epoch [2/10], step [20/20], loss: 0.4112
2024-04-27 02:31:03.798 | INFO     | pre_process:train_model:167 - epoch [2/10], avg_loss: 0.9138
2024-04-27 02:31:04.037 | INFO     | pre_process:train_model:161 - epoch [3/10], step [5/20], loss: 0.4510
2024-04-27 02:31:04.273 | INFO     | pre_process:train_model:161 - epoch [3/10], step [10/20], loss: 0.9438
2024-04-27 02:31:04.528 | INFO     | pre_process:train_model:161 - epoch [3/10], step [15/20], loss: 0.7592
2024-04-27 02:31:04.776 | INFO     | pre_process:train_model:161 - epoch [3/10], step [20/20], loss: 0.2342
2024-04-27 02:31:04.776 | INFO     | pre_process:train_model:167 - epoch [3/10], avg_loss: 0.7282
2024-04-27 02:31:05.015 | INFO     | pre_process:train_model:161 - epoch [4/10], step [5/20], loss: 0.5736
2024-04-27 02:31:05.258 | INFO     | pre_process:train_model:161 - epoch [4/10], step [10/20], loss: 0.6019
2024-04-27 02:31:05.502 | INFO     | pre_process:train_model:161 - epoch [4/10], step [15/20], loss: 0.2563
2024-04-27 02:31:05.746 | INFO     | pre_process:train_model:161 - epoch [4/10], step [20/20], loss: 0.5041
2024-04-27 02:31:05.747 | INFO     | pre_process:train_model:167 - epoch [4/10], avg_loss: 0.5397
2024-04-27 02:31:05.990 | INFO     | pre_process:train_model:161 - epoch [5/10], step [5/20], loss: 0.4880
2024-04-27 02:31:06.223 | INFO     | pre_process:train_model:161 - epoch [5/10], step [10/20], loss: 0.0162
2024-04-27 02:31:06.451 | INFO     | pre_process:train_model:161 - epoch [5/10], step [15/20], loss: 0.3965
2024-04-27 02:31:06.696 | INFO     | pre_process:train_model:161 - epoch [5/10], step [20/20], loss: 0.0081
2024-04-27 02:31:06.697 | INFO     | pre_process:train_model:167 - epoch [5/10], avg_loss: 0.3820
2024-04-27 02:31:06.937 | INFO     | pre_process:train_model:161 - epoch [6/10], step [5/20], loss: 0.4433
2024-04-27 02:31:07.170 | INFO     | pre_process:train_model:161 - epoch [6/10], step [10/20], loss: 0.3728
2024-04-27 02:31:07.396 | INFO     | pre_process:train_model:161 - epoch [6/10], step [15/20], loss: 0.0054
2024-04-27 02:31:07.637 | INFO     | pre_process:train_model:161 - epoch [6/10], step [20/20], loss: 0.0078
2024-04-27 02:31:07.637 | INFO     | pre_process:train_model:167 - epoch [6/10], avg_loss: 0.3672
2024-04-27 02:31:07.881 | INFO     | pre_process:train_model:161 - epoch [7/10], step [5/20], loss: 0.3772
2024-04-27 02:31:08.118 | INFO     | pre_process:train_model:161 - epoch [7/10], step [10/20], loss: 0.1695
2024-04-27 02:31:08.363 | INFO     | pre_process:train_model:161 - epoch [7/10], step [15/20], loss: 0.0088
2024-04-27 02:31:08.592 | INFO     | pre_process:train_model:161 - epoch [7/10], step [20/20], loss: 0.1720
2024-04-27 02:31:08.592 | INFO     | pre_process:train_model:167 - epoch [7/10], avg_loss: 0.2579
2024-04-27 02:31:08.828 | INFO     | pre_process:train_model:161 - epoch [8/10], step [5/20], loss: 0.1177
2024-04-27 02:31:09.068 | INFO     | pre_process:train_model:161 - epoch [8/10], step [10/20], loss: 0.1835
2024-04-27 02:31:09.295 | INFO     | pre_process:train_model:161 - epoch [8/10], step [15/20], loss: 0.0168
2024-04-27 02:31:09.529 | INFO     | pre_process:train_model:161 - epoch [8/10], step [20/20], loss: 1.3327
2024-04-27 02:31:09.531 | INFO     | pre_process:train_model:167 - epoch [8/10], avg_loss: 0.2232
2024-04-27 02:31:09.771 | INFO     | pre_process:train_model:161 - epoch [9/10], step [5/20], loss: 0.0099
2024-04-27 02:31:10.008 | INFO     | pre_process:train_model:161 - epoch [9/10], step [10/20], loss: 0.0865
2024-04-27 02:31:10.238 | INFO     | pre_process:train_model:161 - epoch [9/10], step [15/20], loss: 0.4228
2024-04-27 02:31:10.466 | INFO     | pre_process:train_model:161 - epoch [9/10], step [20/20], loss: 0.4352
2024-04-27 02:31:10.467 | INFO     | pre_process:train_model:167 - epoch [9/10], avg_loss: 0.1642
2024-04-27 02:31:10.695 | INFO     | pre_process:train_model:161 - epoch [10/10], step [5/20], loss: 0.1828
2024-04-27 02:31:10.922 | INFO     | pre_process:train_model:161 - epoch [10/10], step [10/20], loss: 0.0038
2024-04-27 02:31:11.170 | INFO     | pre_process:train_model:161 - epoch [10/10], step [15/20], loss: 0.4910
2024-04-27 02:31:11.401 | INFO     | pre_process:train_model:161 - epoch [10/10], step [20/20], loss: 0.0030
2024-04-27 02:31:11.402 | INFO     | pre_process:train_model:167 - epoch [10/10], avg_loss: 0.1148
2024-04-27 02:31:11.402 | SUCCESS  | pre_process:train_model:169 - 训练完成
2024-04-27 02:31:11.618 | WARNING  | pre_process:train_model:177 - close the plot window to continue...
2024-04-27 02:31:27.182 | SUCCESS  | pre_process:test_model:221 - all equal
2024-04-27 02:31:27.217 | SUCCESS  | pre_process:test_model:221 - all equal
2024-04-27 02:31:27.251 | SUCCESS  | pre_process:test_model:221 - all equal
2024-04-27 02:31:27.296 | SUCCESS  | pre_process:test_model:221 - all equal
2024-04-27 02:31:27.332 | SUCCESS  | pre_process:test_model:221 - all equal
2024-04-27 02:31:27.369 | SUCCESS  | pre_process:test_model:221 - all equal
2024-04-27 02:31:27.404 | SUCCESS  | pre_process:test_model:221 - all equal
2024-04-27 02:31:27.435 | SUCCESS  | pre_process:test_model:221 - all equal
2024-04-27 02:31:27.468 | SUCCESS  | pre_process:test_model:221 - all equal
2024-04-27 02:31:27.504 | SUCCESS  | pre_process:test_model:221 - all equal
2024-04-27 02:31:27.534 | SUCCESS  | pre_process:test_model:221 - all equal
2024-04-27 02:31:27.564 | SUCCESS  | pre_process:test_model:221 - all equal
2024-04-27 02:31:27.597 | SUCCESS  | pre_process:test_model:221 - all equal
2024-04-27 02:31:27.629 | SUCCESS  | pre_process:test_model:221 - all equal
2024-04-27 02:31:27.660 | SUCCESS  | pre_process:test_model:221 - all equal
2024-04-27 02:31:27.694 | SUCCESS  | pre_process:test_model:221 - all equal
2024-04-27 02:31:27.726 | SUCCESS  | pre_process:test_model:221 - all equal
2024-04-27 02:31:27.757 | SUCCESS  | pre_process:test_model:221 - all equal
2024-04-27 02:31:27.790 | SUCCESS  | pre_process:test_model:221 - all equal
2024-04-27 02:31:27.822 | SUCCESS  | pre_process:test_model:221 - all equal
2024-04-27 02:31:27.823 | DEBUG    | pre_process:test_model:228 - Accuracy on the test set: 100.00%
