2024-04-27 17:02:14.376 | INFO     | pre_process:__init__:141 - target_length: 150
2024-04-27 17:02:14.388 | SUCCESS  | pre_process:__init__:148 - 插值完成
2024-04-27 17:02:14.388 | SUCCESS  | pre_process:__init__:153 - 转置完成
2024-04-27 17:02:14.390 | SUCCESS  | pre_process:__init__:161 - 转换为张量完成
2024-04-27 17:04:08.033 | INFO     | pre_process:__init__:141 - target_length: 150
2024-04-27 17:04:08.056 | SUCCESS  | pre_process:__init__:148 - 插值完成
2024-04-27 17:04:08.056 | SUCCESS  | pre_process:__init__:153 - 转置完成
2024-04-27 17:04:08.062 | SUCCESS  | pre_process:__init__:161 - 转换为张量完成
2024-04-27 17:07:30.606 | INFO     | pre_process:__init__:141 - target_length: 150
2024-04-27 17:07:30.627 | SUCCESS  | pre_process:__init__:148 - 插值完成
2024-04-27 17:07:30.628 | SUCCESS  | pre_process:__init__:153 - 转置完成
2024-04-27 17:07:30.631 | SUCCESS  | pre_process:__init__:161 - 转换为张量完成
2024-04-27 17:07:32.992 | INFO     | pre_process:train_model:227 - epoch [1/30], step [5/27], loss: 1.1580
2024-04-27 17:07:33.521 | INFO     | pre_process:train_model:227 - epoch [1/30], step [10/27], loss: 1.3055
2024-04-27 17:07:33.901 | INFO     | pre_process:train_model:227 - epoch [1/30], step [15/27], loss: 1.3092
2024-04-27 17:07:34.266 | INFO     | pre_process:train_model:227 - epoch [1/30], step [20/27], loss: 1.2817
2024-04-27 17:07:34.633 | INFO     | pre_process:train_model:227 - epoch [1/30], step [25/27], loss: 1.1983
2024-04-27 17:07:34.778 | INFO     | pre_process:train_model:232 - epoch [1/30], avg_loss: 1.1666
2024-04-27 17:07:35.140 | INFO     | pre_process:train_model:227 - epoch [2/30], step [5/27], loss: 0.8614
2024-04-27 17:07:35.498 | INFO     | pre_process:train_model:227 - epoch [2/30], step [10/27], loss: 1.0574
2024-04-27 17:07:35.877 | INFO     | pre_process:train_model:227 - epoch [2/30], step [15/27], loss: 0.8829
2024-04-27 17:07:36.294 | INFO     | pre_process:train_model:227 - epoch [2/30], step [20/27], loss: 0.6178
2024-04-27 17:07:36.717 | INFO     | pre_process:train_model:227 - epoch [2/30], step [25/27], loss: 1.3489
2024-04-27 17:07:36.901 | INFO     | pre_process:train_model:232 - epoch [2/30], avg_loss: 1.0757
2024-04-27 17:07:37.343 | INFO     | pre_process:train_model:227 - epoch [3/30], step [5/27], loss: 1.3939
2024-04-27 17:07:37.784 | INFO     | pre_process:train_model:227 - epoch [3/30], step [10/27], loss: 0.7705
2024-04-27 17:07:38.230 | INFO     | pre_process:train_model:227 - epoch [3/30], step [15/27], loss: 0.5756
2024-04-27 17:07:38.583 | INFO     | pre_process:train_model:227 - epoch [3/30], step [20/27], loss: 0.9797
2024-04-27 17:07:38.877 | INFO     | pre_process:train_model:227 - epoch [3/30], step [25/27], loss: 0.7108
2024-04-27 17:07:38.995 | INFO     | pre_process:train_model:232 - epoch [3/30], avg_loss: 0.9745
2024-04-27 17:07:39.288 | INFO     | pre_process:train_model:227 - epoch [4/30], step [5/27], loss: 1.1744
2024-04-27 17:07:39.579 | INFO     | pre_process:train_model:227 - epoch [4/30], step [10/27], loss: 1.0449
2024-04-27 17:07:39.861 | INFO     | pre_process:train_model:227 - epoch [4/30], step [15/27], loss: 0.2427
2024-04-27 17:07:40.148 | INFO     | pre_process:train_model:227 - epoch [4/30], step [20/27], loss: 0.6960
2024-04-27 17:07:40.436 | INFO     | pre_process:train_model:227 - epoch [4/30], step [25/27], loss: 0.9200
2024-04-27 17:07:40.554 | INFO     | pre_process:train_model:232 - epoch [4/30], avg_loss: 0.8081
2024-04-27 17:07:40.836 | INFO     | pre_process:train_model:227 - epoch [5/30], step [5/27], loss: 0.9791
2024-04-27 17:07:41.122 | INFO     | pre_process:train_model:227 - epoch [5/30], step [10/27], loss: 1.0617
2024-04-27 17:07:41.405 | INFO     | pre_process:train_model:227 - epoch [5/30], step [15/27], loss: 0.2192
2024-04-27 17:07:41.688 | INFO     | pre_process:train_model:227 - epoch [5/30], step [20/27], loss: 0.7259
2024-04-27 17:07:41.972 | INFO     | pre_process:train_model:227 - epoch [5/30], step [25/27], loss: 0.5322
2024-04-27 17:07:42.089 | INFO     | pre_process:train_model:232 - epoch [5/30], avg_loss: 0.8035
2024-04-27 17:07:42.366 | INFO     | pre_process:train_model:227 - epoch [6/30], step [5/27], loss: 0.6135
2024-04-27 17:07:42.651 | INFO     | pre_process:train_model:227 - epoch [6/30], step [10/27], loss: 0.6385
2024-04-27 17:07:42.933 | INFO     | pre_process:train_model:227 - epoch [6/30], step [15/27], loss: 0.6485
2024-04-27 17:07:43.222 | INFO     | pre_process:train_model:227 - epoch [6/30], step [20/27], loss: 0.5560
2024-04-27 17:07:43.580 | INFO     | pre_process:train_model:227 - epoch [6/30], step [25/27], loss: 0.3703
2024-04-27 17:07:43.779 | INFO     | pre_process:train_model:232 - epoch [6/30], avg_loss: 0.7254
2024-04-27 17:07:44.315 | INFO     | pre_process:train_model:227 - epoch [7/30], step [5/27], loss: 0.4545
2024-04-27 17:07:44.790 | INFO     | pre_process:train_model:227 - epoch [7/30], step [10/27], loss: 0.3747
2024-04-27 17:07:45.207 | INFO     | pre_process:train_model:227 - epoch [7/30], step [15/27], loss: 0.3524
2024-04-27 17:07:45.597 | INFO     | pre_process:train_model:227 - epoch [7/30], step [20/27], loss: 1.2345
2024-04-27 17:07:46.038 | INFO     | pre_process:train_model:227 - epoch [7/30], step [25/27], loss: 0.3184
2024-04-27 17:07:46.214 | INFO     | pre_process:train_model:232 - epoch [7/30], avg_loss: 0.5331
2024-04-27 17:07:46.647 | INFO     | pre_process:train_model:227 - epoch [8/30], step [5/27], loss: 0.1655
2024-04-27 17:07:47.112 | INFO     | pre_process:train_model:227 - epoch [8/30], step [10/27], loss: 0.1942
2024-04-27 17:07:47.588 | INFO     | pre_process:train_model:227 - epoch [8/30], step [15/27], loss: 0.3035
2024-04-27 17:07:48.010 | INFO     | pre_process:train_model:227 - epoch [8/30], step [20/27], loss: 0.5694
2024-04-27 17:07:48.443 | INFO     | pre_process:train_model:227 - epoch [8/30], step [25/27], loss: 0.4415
2024-04-27 17:07:48.622 | INFO     | pre_process:train_model:232 - epoch [8/30], avg_loss: 0.4928
2024-04-27 17:07:49.084 | INFO     | pre_process:train_model:227 - epoch [9/30], step [5/27], loss: 0.4294
2024-04-27 17:07:49.546 | INFO     | pre_process:train_model:227 - epoch [9/30], step [10/27], loss: 0.1260
2024-04-27 17:07:49.996 | INFO     | pre_process:train_model:227 - epoch [9/30], step [15/27], loss: 0.5142
2024-04-27 17:07:50.403 | INFO     | pre_process:train_model:227 - epoch [9/30], step [20/27], loss: 0.3414
2024-04-27 17:07:50.778 | INFO     | pre_process:train_model:227 - epoch [9/30], step [25/27], loss: 0.4524
2024-04-27 17:07:50.927 | INFO     | pre_process:train_model:232 - epoch [9/30], avg_loss: 0.5026
2024-04-27 17:07:51.292 | INFO     | pre_process:train_model:227 - epoch [10/30], step [5/27], loss: 0.3720
2024-04-27 17:07:51.738 | INFO     | pre_process:train_model:227 - epoch [10/30], step [10/27], loss: 0.3112
2024-04-27 17:07:52.113 | INFO     | pre_process:train_model:227 - epoch [10/30], step [15/27], loss: 0.0399
2024-04-27 17:07:52.482 | INFO     | pre_process:train_model:227 - epoch [10/30], step [20/27], loss: 0.1446
2024-04-27 17:07:52.851 | INFO     | pre_process:train_model:227 - epoch [10/30], step [25/27], loss: 1.3987
2024-04-27 17:07:53.002 | INFO     | pre_process:train_model:232 - epoch [10/30], avg_loss: 0.5449
2024-04-27 17:07:53.368 | INFO     | pre_process:train_model:227 - epoch [11/30], step [5/27], loss: 1.2087
2024-04-27 17:07:53.734 | INFO     | pre_process:train_model:227 - epoch [11/30], step [10/27], loss: 0.3918
2024-04-27 17:07:54.149 | INFO     | pre_process:train_model:227 - epoch [11/30], step [15/27], loss: 1.1694
2024-04-27 17:07:54.605 | INFO     | pre_process:train_model:227 - epoch [11/30], step [20/27], loss: 0.4467
2024-04-27 17:07:55.106 | INFO     | pre_process:train_model:227 - epoch [11/30], step [25/27], loss: 0.0959
2024-04-27 17:07:55.323 | INFO     | pre_process:train_model:232 - epoch [11/30], avg_loss: 0.5750
2024-04-27 17:07:55.834 | INFO     | pre_process:train_model:227 - epoch [12/30], step [5/27], loss: 0.1157
2024-04-27 17:07:56.123 | INFO     | pre_process:train_model:227 - epoch [12/30], step [10/27], loss: 0.1326
2024-04-27 17:07:56.416 | INFO     | pre_process:train_model:227 - epoch [12/30], step [15/27], loss: 0.2196
2024-04-27 17:07:56.720 | INFO     | pre_process:train_model:227 - epoch [12/30], step [20/27], loss: 0.4499
2024-04-27 17:07:57.006 | INFO     | pre_process:train_model:227 - epoch [12/30], step [25/27], loss: 0.3781
2024-04-27 17:07:57.124 | INFO     | pre_process:train_model:232 - epoch [12/30], avg_loss: 0.4772
2024-04-27 17:07:57.413 | INFO     | pre_process:train_model:227 - epoch [13/30], step [5/27], loss: 0.0569
2024-04-27 17:07:57.717 | INFO     | pre_process:train_model:227 - epoch [13/30], step [10/27], loss: 0.4472
2024-04-27 17:07:58.039 | INFO     | pre_process:train_model:227 - epoch [13/30], step [15/27], loss: 0.1537
2024-04-27 17:07:58.348 | INFO     | pre_process:train_model:227 - epoch [13/30], step [20/27], loss: 0.4674
2024-04-27 17:07:58.642 | INFO     | pre_process:train_model:227 - epoch [13/30], step [25/27], loss: 1.1605
2024-04-27 17:07:58.757 | INFO     | pre_process:train_model:232 - epoch [13/30], avg_loss: 0.5482
2024-04-27 17:07:59.065 | INFO     | pre_process:train_model:227 - epoch [14/30], step [5/27], loss: 1.3345
2024-04-27 17:07:59.369 | INFO     | pre_process:train_model:227 - epoch [14/30], step [10/27], loss: 0.3891
2024-04-27 17:07:59.665 | INFO     | pre_process:train_model:227 - epoch [14/30], step [15/27], loss: 0.5910
2024-04-27 17:07:59.970 | INFO     | pre_process:train_model:227 - epoch [14/30], step [20/27], loss: 0.8583
2024-04-27 17:08:00.288 | INFO     | pre_process:train_model:227 - epoch [14/30], step [25/27], loss: 0.4027
2024-04-27 17:08:00.410 | INFO     | pre_process:train_model:232 - epoch [14/30], avg_loss: 0.4978
2024-04-27 17:08:00.708 | INFO     | pre_process:train_model:227 - epoch [15/30], step [5/27], loss: 0.0449
2024-04-27 17:08:01.088 | INFO     | pre_process:train_model:227 - epoch [15/30], step [10/27], loss: 0.0501
2024-04-27 17:08:01.544 | INFO     | pre_process:train_model:227 - epoch [15/30], step [15/27], loss: 1.1131
2024-04-27 17:08:01.963 | INFO     | pre_process:train_model:227 - epoch [15/30], step [20/27], loss: 0.2329
2024-04-27 17:08:02.411 | INFO     | pre_process:train_model:227 - epoch [15/30], step [25/27], loss: 0.0818
2024-04-27 17:08:02.580 | INFO     | pre_process:train_model:232 - epoch [15/30], avg_loss: 0.4680
2024-04-27 17:08:02.976 | INFO     | pre_process:train_model:227 - epoch [16/30], step [5/27], loss: 0.1049
2024-04-27 17:08:03.426 | INFO     | pre_process:train_model:227 - epoch [16/30], step [10/27], loss: 0.1179
2024-04-27 17:08:03.874 | INFO     | pre_process:train_model:227 - epoch [16/30], step [15/27], loss: 1.5690
2024-04-27 17:08:04.312 | INFO     | pre_process:train_model:227 - epoch [16/30], step [20/27], loss: 0.9796
2024-04-27 17:08:04.732 | INFO     | pre_process:train_model:227 - epoch [16/30], step [25/27], loss: 0.0532
2024-04-27 17:08:04.917 | INFO     | pre_process:train_model:232 - epoch [16/30], avg_loss: 0.4377
2024-04-27 17:08:05.340 | INFO     | pre_process:train_model:227 - epoch [17/30], step [5/27], loss: 0.1627
2024-04-27 17:08:05.804 | INFO     | pre_process:train_model:227 - epoch [17/30], step [10/27], loss: 0.1516
2024-04-27 17:08:06.309 | INFO     | pre_process:train_model:227 - epoch [17/30], step [15/27], loss: 0.2449
2024-04-27 17:08:06.810 | INFO     | pre_process:train_model:227 - epoch [17/30], step [20/27], loss: 0.3266
2024-04-27 17:08:07.269 | INFO     | pre_process:train_model:227 - epoch [17/30], step [25/27], loss: 0.0935
2024-04-27 17:08:07.448 | INFO     | pre_process:train_model:232 - epoch [17/30], avg_loss: 0.3240
2024-04-27 17:08:07.869 | INFO     | pre_process:train_model:227 - epoch [18/30], step [5/27], loss: 0.0274
2024-04-27 17:08:08.242 | INFO     | pre_process:train_model:227 - epoch [18/30], step [10/27], loss: 1.3758
2024-04-27 17:08:08.647 | INFO     | pre_process:train_model:227 - epoch [18/30], step [15/27], loss: 0.0151
2024-04-27 17:08:09.050 | INFO     | pre_process:train_model:227 - epoch [18/30], step [20/27], loss: 0.1237
2024-04-27 17:08:09.410 | INFO     | pre_process:train_model:227 - epoch [18/30], step [25/27], loss: 0.0703
2024-04-27 17:08:09.558 | INFO     | pre_process:train_model:232 - epoch [18/30], avg_loss: 0.5497
2024-04-27 17:08:09.918 | INFO     | pre_process:train_model:227 - epoch [19/30], step [5/27], loss: 0.3506
2024-04-27 17:08:10.284 | INFO     | pre_process:train_model:227 - epoch [19/30], step [10/27], loss: 0.4433
2024-04-27 17:08:10.666 | INFO     | pre_process:train_model:227 - epoch [19/30], step [15/27], loss: 0.5174
2024-04-27 17:08:11.050 | INFO     | pre_process:train_model:227 - epoch [19/30], step [20/27], loss: 0.5140
2024-04-27 17:08:11.421 | INFO     | pre_process:train_model:227 - epoch [19/30], step [25/27], loss: 0.4837
2024-04-27 17:08:11.600 | INFO     | pre_process:train_model:232 - epoch [19/30], avg_loss: 0.4681
2024-04-27 17:08:12.053 | INFO     | pre_process:train_model:227 - epoch [20/30], step [5/27], loss: 0.9407
2024-04-27 17:08:12.483 | INFO     | pre_process:train_model:227 - epoch [20/30], step [10/27], loss: 0.1497
2024-04-27 17:08:12.927 | INFO     | pre_process:train_model:227 - epoch [20/30], step [15/27], loss: 0.1603
2024-04-27 17:08:13.323 | INFO     | pre_process:train_model:227 - epoch [20/30], step [20/27], loss: 1.9880
2024-04-27 17:08:13.620 | INFO     | pre_process:train_model:227 - epoch [20/30], step [25/27], loss: 1.5945
2024-04-27 17:08:13.741 | INFO     | pre_process:train_model:232 - epoch [20/30], avg_loss: 0.6103
2024-04-27 17:08:14.031 | INFO     | pre_process:train_model:227 - epoch [21/30], step [5/27], loss: 0.1319
2024-04-27 17:08:14.317 | INFO     | pre_process:train_model:227 - epoch [21/30], step [10/27], loss: 0.1401
2024-04-27 17:08:14.602 | INFO     | pre_process:train_model:227 - epoch [21/30], step [15/27], loss: 0.0299
2024-04-27 17:08:14.875 | INFO     | pre_process:train_model:227 - epoch [21/30], step [20/27], loss: 0.7631
2024-04-27 17:08:15.176 | INFO     | pre_process:train_model:227 - epoch [21/30], step [25/27], loss: 0.0765
2024-04-27 17:08:15.320 | INFO     | pre_process:train_model:232 - epoch [21/30], avg_loss: 0.5279
2024-04-27 17:08:15.604 | INFO     | pre_process:train_model:227 - epoch [22/30], step [5/27], loss: 0.1073
2024-04-27 17:08:15.875 | INFO     | pre_process:train_model:227 - epoch [22/30], step [10/27], loss: 0.3545
2024-04-27 17:08:16.179 | INFO     | pre_process:train_model:227 - epoch [22/30], step [15/27], loss: 0.3650
2024-04-27 17:08:16.468 | INFO     | pre_process:train_model:227 - epoch [22/30], step [20/27], loss: 1.4653
2024-04-27 17:08:16.779 | INFO     | pre_process:train_model:227 - epoch [22/30], step [25/27], loss: 1.4324
2024-04-27 17:08:16.921 | INFO     | pre_process:train_model:232 - epoch [22/30], avg_loss: 0.7182
2024-04-27 17:08:17.275 | INFO     | pre_process:train_model:227 - epoch [23/30], step [5/27], loss: 1.2480
2024-04-27 17:08:17.588 | INFO     | pre_process:train_model:227 - epoch [23/30], step [10/27], loss: 1.3526
2024-04-27 17:08:17.868 | INFO     | pre_process:train_model:227 - epoch [23/30], step [15/27], loss: 0.7403
2024-04-27 17:08:18.156 | INFO     | pre_process:train_model:227 - epoch [23/30], step [20/27], loss: 0.2050
2024-04-27 17:08:18.542 | INFO     | pre_process:train_model:227 - epoch [23/30], step [25/27], loss: 0.1326
2024-04-27 17:08:18.723 | INFO     | pre_process:train_model:232 - epoch [23/30], avg_loss: 0.4325
2024-04-27 17:08:19.168 | INFO     | pre_process:train_model:227 - epoch [24/30], step [5/27], loss: 0.2506
2024-04-27 17:08:19.618 | INFO     | pre_process:train_model:227 - epoch [24/30], step [10/27], loss: 1.0610
2024-04-27 17:08:20.086 | INFO     | pre_process:train_model:227 - epoch [24/30], step [15/27], loss: 0.1314
2024-04-27 17:08:20.493 | INFO     | pre_process:train_model:227 - epoch [24/30], step [20/27], loss: 0.0369
2024-04-27 17:08:20.947 | INFO     | pre_process:train_model:227 - epoch [24/30], step [25/27], loss: 0.4852
2024-04-27 17:08:21.138 | INFO     | pre_process:train_model:232 - epoch [24/30], avg_loss: 0.4439
2024-04-27 17:08:21.592 | INFO     | pre_process:train_model:227 - epoch [25/30], step [5/27], loss: 0.1147
2024-04-27 17:08:22.019 | INFO     | pre_process:train_model:227 - epoch [25/30], step [10/27], loss: 1.3046
2024-04-27 17:08:22.457 | INFO     | pre_process:train_model:227 - epoch [25/30], step [15/27], loss: 0.3959
2024-04-27 17:08:22.913 | INFO     | pre_process:train_model:227 - epoch [25/30], step [20/27], loss: 1.4832
2024-04-27 17:08:23.369 | INFO     | pre_process:train_model:227 - epoch [25/30], step [25/27], loss: 0.1088
2024-04-27 17:08:23.543 | INFO     | pre_process:train_model:232 - epoch [25/30], avg_loss: 0.5290
2024-04-27 17:08:23.971 | INFO     | pre_process:train_model:227 - epoch [26/30], step [5/27], loss: 0.1116
2024-04-27 17:08:24.414 | INFO     | pre_process:train_model:227 - epoch [26/30], step [10/27], loss: 0.0663
2024-04-27 17:08:24.858 | INFO     | pre_process:train_model:227 - epoch [26/30], step [15/27], loss: 0.7297
2024-04-27 17:08:25.260 | INFO     | pre_process:train_model:227 - epoch [26/30], step [20/27], loss: 0.8680
2024-04-27 17:08:25.633 | INFO     | pre_process:train_model:227 - epoch [26/30], step [25/27], loss: 1.7429
2024-04-27 17:08:25.778 | INFO     | pre_process:train_model:232 - epoch [26/30], avg_loss: 0.5007
2024-04-27 17:08:26.142 | INFO     | pre_process:train_model:227 - epoch [27/30], step [5/27], loss: 0.3748
2024-04-27 17:08:26.503 | INFO     | pre_process:train_model:227 - epoch [27/30], step [10/27], loss: 0.0723
2024-04-27 17:08:26.865 | INFO     | pre_process:train_model:227 - epoch [27/30], step [15/27], loss: 0.9139
2024-04-27 17:08:27.225 | INFO     | pre_process:train_model:227 - epoch [27/30], step [20/27], loss: 0.1450
2024-04-27 17:08:27.639 | INFO     | pre_process:train_model:227 - epoch [27/30], step [25/27], loss: 0.6616
2024-04-27 17:08:27.825 | INFO     | pre_process:train_model:232 - epoch [27/30], avg_loss: 0.4412
2024-04-27 17:08:28.274 | INFO     | pre_process:train_model:227 - epoch [28/30], step [5/27], loss: 0.2279
2024-04-27 17:08:28.654 | INFO     | pre_process:train_model:227 - epoch [28/30], step [10/27], loss: 0.4636
2024-04-27 17:08:29.067 | INFO     | pre_process:train_model:227 - epoch [28/30], step [15/27], loss: 0.7963
2024-04-27 17:08:29.519 | INFO     | pre_process:train_model:227 - epoch [28/30], step [20/27], loss: 0.2247
2024-04-27 17:08:30.014 | INFO     | pre_process:train_model:227 - epoch [28/30], step [25/27], loss: 1.1113
2024-04-27 17:08:30.218 | INFO     | pre_process:train_model:232 - epoch [28/30], avg_loss: 0.6077
2024-04-27 17:08:30.723 | INFO     | pre_process:train_model:227 - epoch [29/30], step [5/27], loss: 1.1636
2024-04-27 17:08:31.049 | INFO     | pre_process:train_model:227 - epoch [29/30], step [10/27], loss: 1.0345
2024-04-27 17:08:31.351 | INFO     | pre_process:train_model:227 - epoch [29/30], step [15/27], loss: 0.8235
2024-04-27 17:08:31.631 | INFO     | pre_process:train_model:227 - epoch [29/30], step [20/27], loss: 0.1347
2024-04-27 17:08:31.927 | INFO     | pre_process:train_model:227 - epoch [29/30], step [25/27], loss: 1.5090
2024-04-27 17:08:32.052 | INFO     | pre_process:train_model:232 - epoch [29/30], avg_loss: 0.6238
2024-04-27 17:08:32.350 | INFO     | pre_process:train_model:227 - epoch [30/30], step [5/27], loss: 1.6943
2024-04-27 17:08:32.633 | INFO     | pre_process:train_model:227 - epoch [30/30], step [10/27], loss: 0.0816
2024-04-27 17:08:32.932 | INFO     | pre_process:train_model:227 - epoch [30/30], step [15/27], loss: 0.0822
2024-04-27 17:08:33.215 | INFO     | pre_process:train_model:227 - epoch [30/30], step [20/27], loss: 0.0275
2024-04-27 17:08:33.507 | INFO     | pre_process:train_model:227 - epoch [30/30], step [25/27], loss: 0.2140
2024-04-27 17:08:33.625 | INFO     | pre_process:train_model:232 - epoch [30/30], avg_loss: 0.3708
2024-04-27 17:08:33.625 | SUCCESS  | pre_process:train_model:234 - 训练完成
2024-04-27 17:11:38.886 | INFO     | pre_process:__init__:141 - target_length: 150
2024-04-27 17:11:38.902 | SUCCESS  | pre_process:__init__:148 - 插值完成
2024-04-27 17:11:38.903 | SUCCESS  | pre_process:__init__:153 - 转置完成
2024-04-27 17:11:38.907 | SUCCESS  | pre_process:__init__:161 - 转换为张量完成
2024-04-27 17:11:41.107 | INFO     | pre_process:train_model:225 - epoch [1/30], step [5/27], loss: 1.1236
2024-04-27 17:11:41.361 | INFO     | pre_process:train_model:225 - epoch [1/30], step [10/27], loss: 1.0200
2024-04-27 17:11:41.610 | INFO     | pre_process:train_model:225 - epoch [1/30], step [15/27], loss: 1.0934
2024-04-27 17:11:41.879 | INFO     | pre_process:train_model:225 - epoch [1/30], step [20/27], loss: 0.9861
2024-04-27 17:11:42.137 | INFO     | pre_process:train_model:225 - epoch [1/30], step [25/27], loss: 0.9187
2024-04-27 17:11:42.242 | INFO     | pre_process:train_model:230 - epoch [1/30], avg_loss: 1.0676
2024-04-27 17:11:42.507 | INFO     | pre_process:train_model:225 - epoch [2/30], step [5/27], loss: 0.7419
2024-04-27 17:11:42.764 | INFO     | pre_process:train_model:225 - epoch [2/30], step [10/27], loss: 0.6537
2024-04-27 17:11:43.036 | INFO     | pre_process:train_model:225 - epoch [2/30], step [15/27], loss: 1.3237
2024-04-27 17:11:43.398 | INFO     | pre_process:train_model:225 - epoch [2/30], step [20/27], loss: 0.8196
2024-04-27 17:11:43.697 | INFO     | pre_process:train_model:225 - epoch [2/30], step [25/27], loss: 0.8267
2024-04-27 17:11:43.837 | INFO     | pre_process:train_model:230 - epoch [2/30], avg_loss: 0.9008
2024-04-27 17:11:44.171 | INFO     | pre_process:train_model:225 - epoch [3/30], step [5/27], loss: 0.6162
2024-04-27 17:11:44.490 | INFO     | pre_process:train_model:225 - epoch [3/30], step [10/27], loss: 1.1140
2024-04-27 17:11:44.814 | INFO     | pre_process:train_model:225 - epoch [3/30], step [15/27], loss: 0.6025
2024-04-27 17:11:45.119 | INFO     | pre_process:train_model:225 - epoch [3/30], step [20/27], loss: 0.3310
2024-04-27 17:11:45.416 | INFO     | pre_process:train_model:225 - epoch [3/30], step [25/27], loss: 0.3084
2024-04-27 17:11:45.535 | INFO     | pre_process:train_model:230 - epoch [3/30], avg_loss: 0.7108
2024-04-27 17:11:45.784 | INFO     | pre_process:train_model:225 - epoch [4/30], step [5/27], loss: 0.4637
2024-04-27 17:11:45.998 | INFO     | pre_process:train_model:225 - epoch [4/30], step [10/27], loss: 0.7169
2024-04-27 17:11:46.207 | INFO     | pre_process:train_model:225 - epoch [4/30], step [15/27], loss: 0.4764
2024-04-27 17:11:46.410 | INFO     | pre_process:train_model:225 - epoch [4/30], step [20/27], loss: 0.2843
2024-04-27 17:11:46.611 | INFO     | pre_process:train_model:225 - epoch [4/30], step [25/27], loss: 0.5121
2024-04-27 17:11:46.693 | INFO     | pre_process:train_model:230 - epoch [4/30], avg_loss: 0.4500
2024-04-27 17:11:46.885 | INFO     | pre_process:train_model:225 - epoch [5/30], step [5/27], loss: 0.6294
2024-04-27 17:11:47.082 | INFO     | pre_process:train_model:225 - epoch [5/30], step [10/27], loss: 0.3055
2024-04-27 17:11:47.277 | INFO     | pre_process:train_model:225 - epoch [5/30], step [15/27], loss: 0.5460
2024-04-27 17:11:47.471 | INFO     | pre_process:train_model:225 - epoch [5/30], step [20/27], loss: 0.3677
2024-04-27 17:11:47.667 | INFO     | pre_process:train_model:225 - epoch [5/30], step [25/27], loss: 0.2330
2024-04-27 17:11:47.745 | INFO     | pre_process:train_model:230 - epoch [5/30], avg_loss: 0.3676
2024-04-27 17:11:47.936 | INFO     | pre_process:train_model:225 - epoch [6/30], step [5/27], loss: 0.1921
2024-04-27 17:11:48.129 | INFO     | pre_process:train_model:225 - epoch [6/30], step [10/27], loss: 0.0243
2024-04-27 17:11:48.326 | INFO     | pre_process:train_model:225 - epoch [6/30], step [15/27], loss: 0.1323
2024-04-27 17:11:48.521 | INFO     | pre_process:train_model:225 - epoch [6/30], step [20/27], loss: 0.0135
2024-04-27 17:11:48.719 | INFO     | pre_process:train_model:225 - epoch [6/30], step [25/27], loss: 0.2028
2024-04-27 17:11:48.798 | INFO     | pre_process:train_model:230 - epoch [6/30], avg_loss: 0.1456
2024-04-27 17:11:48.992 | INFO     | pre_process:train_model:225 - epoch [7/30], step [5/27], loss: 0.0126
2024-04-27 17:11:49.189 | INFO     | pre_process:train_model:225 - epoch [7/30], step [10/27], loss: 0.2289
2024-04-27 17:11:49.384 | INFO     | pre_process:train_model:225 - epoch [7/30], step [15/27], loss: 0.0113
2024-04-27 17:11:49.583 | INFO     | pre_process:train_model:225 - epoch [7/30], step [20/27], loss: 0.1772
2024-04-27 17:11:49.777 | INFO     | pre_process:train_model:225 - epoch [7/30], step [25/27], loss: 0.1301
2024-04-27 17:11:49.858 | INFO     | pre_process:train_model:230 - epoch [7/30], avg_loss: 0.0830
2024-04-27 17:11:50.053 | INFO     | pre_process:train_model:225 - epoch [8/30], step [5/27], loss: 0.0572
2024-04-27 17:11:50.251 | INFO     | pre_process:train_model:225 - epoch [8/30], step [10/27], loss: 0.0051
2024-04-27 17:11:50.444 | INFO     | pre_process:train_model:225 - epoch [8/30], step [15/27], loss: 0.0240
2024-04-27 17:11:50.636 | INFO     | pre_process:train_model:225 - epoch [8/30], step [20/27], loss: 0.0050
2024-04-27 17:11:50.906 | INFO     | pre_process:train_model:225 - epoch [8/30], step [25/27], loss: 0.0102
2024-04-27 17:11:51.029 | INFO     | pre_process:train_model:230 - epoch [8/30], avg_loss: 0.0314
2024-04-27 17:11:51.346 | INFO     | pre_process:train_model:225 - epoch [9/30], step [5/27], loss: 0.0035
2024-04-27 17:11:51.660 | INFO     | pre_process:train_model:225 - epoch [9/30], step [10/27], loss: 0.0097
2024-04-27 17:11:51.954 | INFO     | pre_process:train_model:225 - epoch [9/30], step [15/27], loss: 0.0331
2024-04-27 17:11:52.256 | INFO     | pre_process:train_model:225 - epoch [9/30], step [20/27], loss: 0.0246
2024-04-27 17:11:52.559 | INFO     | pre_process:train_model:225 - epoch [9/30], step [25/27], loss: 0.1215
2024-04-27 17:11:52.702 | INFO     | pre_process:train_model:230 - epoch [9/30], avg_loss: 0.0841
2024-04-27 17:11:53.035 | INFO     | pre_process:train_model:225 - epoch [10/30], step [5/27], loss: 0.0153
2024-04-27 17:11:53.359 | INFO     | pre_process:train_model:225 - epoch [10/30], step [10/27], loss: 0.1277
2024-04-27 17:11:53.648 | INFO     | pre_process:train_model:225 - epoch [10/30], step [15/27], loss: 0.0527
2024-04-27 17:11:53.962 | INFO     | pre_process:train_model:225 - epoch [10/30], step [20/27], loss: 0.1382
2024-04-27 17:11:54.272 | INFO     | pre_process:train_model:225 - epoch [10/30], step [25/27], loss: 0.0303
2024-04-27 17:11:54.385 | INFO     | pre_process:train_model:230 - epoch [10/30], avg_loss: 0.1274
2024-04-27 17:11:54.659 | INFO     | pre_process:train_model:225 - epoch [11/30], step [5/27], loss: 0.0048
2024-04-27 17:11:54.969 | INFO     | pre_process:train_model:225 - epoch [11/30], step [10/27], loss: 0.0180
2024-04-27 17:11:55.277 | INFO     | pre_process:train_model:225 - epoch [11/30], step [15/27], loss: 0.0063
2024-04-27 17:11:55.607 | INFO     | pre_process:train_model:225 - epoch [11/30], step [20/27], loss: 0.0053
2024-04-27 17:11:55.928 | INFO     | pre_process:train_model:225 - epoch [11/30], step [25/27], loss: 0.0290
2024-04-27 17:11:56.060 | INFO     | pre_process:train_model:230 - epoch [11/30], avg_loss: 0.1075
2024-04-27 17:11:56.367 | INFO     | pre_process:train_model:225 - epoch [12/30], step [5/27], loss: 0.3991
2024-04-27 17:11:56.660 | INFO     | pre_process:train_model:225 - epoch [12/30], step [10/27], loss: 1.1688
2024-04-27 17:11:56.962 | INFO     | pre_process:train_model:225 - epoch [12/30], step [15/27], loss: 0.0831
2024-04-27 17:11:57.251 | INFO     | pre_process:train_model:225 - epoch [12/30], step [20/27], loss: 0.0336
2024-04-27 17:11:57.549 | INFO     | pre_process:train_model:225 - epoch [12/30], step [25/27], loss: 0.0835
2024-04-27 17:11:57.658 | INFO     | pre_process:train_model:230 - epoch [12/30], avg_loss: 0.2454
2024-04-27 17:11:57.908 | INFO     | pre_process:train_model:225 - epoch [13/30], step [5/27], loss: 0.0066
2024-04-27 17:11:58.164 | INFO     | pre_process:train_model:225 - epoch [13/30], step [10/27], loss: 0.0246
2024-04-27 17:11:58.410 | INFO     | pre_process:train_model:225 - epoch [13/30], step [15/27], loss: 0.0797
2024-04-27 17:11:58.659 | INFO     | pre_process:train_model:225 - epoch [13/30], step [20/27], loss: 0.0213
2024-04-27 17:11:58.905 | INFO     | pre_process:train_model:225 - epoch [13/30], step [25/27], loss: 0.0473
2024-04-27 17:11:59.007 | INFO     | pre_process:train_model:230 - epoch [13/30], avg_loss: 0.0646
2024-04-27 17:11:59.254 | INFO     | pre_process:train_model:225 - epoch [14/30], step [5/27], loss: 0.0091
2024-04-27 17:11:59.501 | INFO     | pre_process:train_model:225 - epoch [14/30], step [10/27], loss: 0.0054
2024-04-27 17:11:59.747 | INFO     | pre_process:train_model:225 - epoch [14/30], step [15/27], loss: 0.0033
2024-04-27 17:11:59.993 | INFO     | pre_process:train_model:225 - epoch [14/30], step [20/27], loss: 0.0269
2024-04-27 17:12:00.241 | INFO     | pre_process:train_model:225 - epoch [14/30], step [25/27], loss: 0.0073
2024-04-27 17:12:00.346 | INFO     | pre_process:train_model:230 - epoch [14/30], avg_loss: 0.0260
2024-04-27 17:12:00.591 | INFO     | pre_process:train_model:225 - epoch [15/30], step [5/27], loss: 0.0101
2024-04-27 17:12:00.842 | INFO     | pre_process:train_model:225 - epoch [15/30], step [10/27], loss: 0.0096
2024-04-27 17:12:01.113 | INFO     | pre_process:train_model:225 - epoch [15/30], step [15/27], loss: 0.0074
2024-04-27 17:12:01.423 | INFO     | pre_process:train_model:225 - epoch [15/30], step [20/27], loss: 0.0557
2024-04-27 17:12:01.714 | INFO     | pre_process:train_model:225 - epoch [15/30], step [25/27], loss: 0.0074
2024-04-27 17:12:01.834 | INFO     | pre_process:train_model:230 - epoch [15/30], avg_loss: 0.0106
2024-04-27 17:12:02.151 | INFO     | pre_process:train_model:225 - epoch [16/30], step [5/27], loss: 0.0155
2024-04-27 17:12:02.453 | INFO     | pre_process:train_model:225 - epoch [16/30], step [10/27], loss: 0.0047
2024-04-27 17:12:02.737 | INFO     | pre_process:train_model:225 - epoch [16/30], step [15/27], loss: 0.0056
2024-04-27 17:12:02.974 | INFO     | pre_process:train_model:225 - epoch [16/30], step [20/27], loss: 0.0041
2024-04-27 17:12:03.172 | INFO     | pre_process:train_model:225 - epoch [16/30], step [25/27], loss: 0.0048
2024-04-27 17:12:03.250 | INFO     | pre_process:train_model:230 - epoch [16/30], avg_loss: 0.0069
2024-04-27 17:12:03.458 | INFO     | pre_process:train_model:225 - epoch [17/30], step [5/27], loss: 0.0031
2024-04-27 17:12:03.679 | INFO     | pre_process:train_model:225 - epoch [17/30], step [10/27], loss: 0.0026
2024-04-27 17:12:03.885 | INFO     | pre_process:train_model:225 - epoch [17/30], step [15/27], loss: 0.0033
2024-04-27 17:12:04.094 | INFO     | pre_process:train_model:225 - epoch [17/30], step [20/27], loss: 0.0033
2024-04-27 17:12:04.301 | INFO     | pre_process:train_model:225 - epoch [17/30], step [25/27], loss: 0.0028
2024-04-27 17:12:04.420 | INFO     | pre_process:train_model:230 - epoch [17/30], avg_loss: 0.0058
2024-04-27 17:12:04.625 | INFO     | pre_process:train_model:225 - epoch [18/30], step [5/27], loss: 0.0034
2024-04-27 17:12:04.822 | INFO     | pre_process:train_model:225 - epoch [18/30], step [10/27], loss: 0.0013
2024-04-27 17:12:05.038 | INFO     | pre_process:train_model:225 - epoch [18/30], step [15/27], loss: 0.0032
2024-04-27 17:12:05.255 | INFO     | pre_process:train_model:225 - epoch [18/30], step [20/27], loss: 0.0025
2024-04-27 17:12:05.468 | INFO     | pre_process:train_model:225 - epoch [18/30], step [25/27], loss: 0.0038
2024-04-27 17:12:05.551 | INFO     | pre_process:train_model:230 - epoch [18/30], avg_loss: 0.0039
2024-04-27 17:12:05.751 | INFO     | pre_process:train_model:225 - epoch [19/30], step [5/27], loss: 0.0050
2024-04-27 17:12:05.944 | INFO     | pre_process:train_model:225 - epoch [19/30], step [10/27], loss: 0.0056
2024-04-27 17:12:06.138 | INFO     | pre_process:train_model:225 - epoch [19/30], step [15/27], loss: 0.0060
2024-04-27 17:12:06.345 | INFO     | pre_process:train_model:225 - epoch [19/30], step [20/27], loss: 0.0045
2024-04-27 17:12:06.557 | INFO     | pre_process:train_model:225 - epoch [19/30], step [25/27], loss: 0.0018
2024-04-27 17:12:06.648 | INFO     | pre_process:train_model:230 - epoch [19/30], avg_loss: 0.0031
2024-04-27 17:12:06.860 | INFO     | pre_process:train_model:225 - epoch [20/30], step [5/27], loss: 0.0011
2024-04-27 17:12:07.063 | INFO     | pre_process:train_model:225 - epoch [20/30], step [10/27], loss: 0.0012
2024-04-27 17:12:07.264 | INFO     | pre_process:train_model:225 - epoch [20/30], step [15/27], loss: 0.0035
2024-04-27 17:12:07.471 | INFO     | pre_process:train_model:225 - epoch [20/30], step [20/27], loss: 0.0029
2024-04-27 17:12:07.675 | INFO     | pre_process:train_model:225 - epoch [20/30], step [25/27], loss: 0.0043
2024-04-27 17:12:07.757 | INFO     | pre_process:train_model:230 - epoch [20/30], avg_loss: 0.0028
2024-04-27 17:12:07.993 | INFO     | pre_process:train_model:225 - epoch [21/30], step [5/27], loss: 0.0025
2024-04-27 17:12:08.295 | INFO     | pre_process:train_model:225 - epoch [21/30], step [10/27], loss: 0.0023
2024-04-27 17:12:08.605 | INFO     | pre_process:train_model:225 - epoch [21/30], step [15/27], loss: 0.0029
2024-04-27 17:12:08.884 | INFO     | pre_process:train_model:225 - epoch [21/30], step [20/27], loss: 0.0014
2024-04-27 17:12:09.181 | INFO     | pre_process:train_model:225 - epoch [21/30], step [25/27], loss: 0.0013
2024-04-27 17:12:09.307 | INFO     | pre_process:train_model:230 - epoch [21/30], avg_loss: 0.0020
2024-04-27 17:12:09.585 | INFO     | pre_process:train_model:225 - epoch [22/30], step [5/27], loss: 0.0009
2024-04-27 17:12:09.872 | INFO     | pre_process:train_model:225 - epoch [22/30], step [10/27], loss: 0.0013
2024-04-27 17:12:10.160 | INFO     | pre_process:train_model:225 - epoch [22/30], step [15/27], loss: 0.0014
2024-04-27 17:12:10.474 | INFO     | pre_process:train_model:225 - epoch [22/30], step [20/27], loss: 0.0015
2024-04-27 17:12:10.769 | INFO     | pre_process:train_model:225 - epoch [22/30], step [25/27], loss: 0.0063
2024-04-27 17:12:10.885 | INFO     | pre_process:train_model:230 - epoch [22/30], avg_loss: 0.0022
2024-04-27 17:12:11.174 | INFO     | pre_process:train_model:225 - epoch [23/30], step [5/27], loss: 0.0010
2024-04-27 17:12:11.457 | INFO     | pre_process:train_model:225 - epoch [23/30], step [10/27], loss: 0.0030
2024-04-27 17:12:11.764 | INFO     | pre_process:train_model:225 - epoch [23/30], step [15/27], loss: 0.0050
2024-04-27 17:12:12.029 | INFO     | pre_process:train_model:225 - epoch [23/30], step [20/27], loss: 0.0008
2024-04-27 17:12:12.330 | INFO     | pre_process:train_model:225 - epoch [23/30], step [25/27], loss: 0.0007
2024-04-27 17:12:12.458 | INFO     | pre_process:train_model:230 - epoch [23/30], avg_loss: 0.0019
2024-04-27 17:12:12.766 | INFO     | pre_process:train_model:225 - epoch [24/30], step [5/27], loss: 0.0028
2024-04-27 17:12:13.074 | INFO     | pre_process:train_model:225 - epoch [24/30], step [10/27], loss: 0.0006
2024-04-27 17:12:13.379 | INFO     | pre_process:train_model:225 - epoch [24/30], step [15/27], loss: 0.0011
2024-04-27 17:12:13.681 | INFO     | pre_process:train_model:225 - epoch [24/30], step [20/27], loss: 0.0010
2024-04-27 17:12:13.990 | INFO     | pre_process:train_model:225 - epoch [24/30], step [25/27], loss: 0.0007
2024-04-27 17:12:14.121 | INFO     | pre_process:train_model:230 - epoch [24/30], avg_loss: 0.0018
2024-04-27 17:12:14.433 | INFO     | pre_process:train_model:225 - epoch [25/30], step [5/27], loss: 0.0030
2024-04-27 17:12:14.737 | INFO     | pre_process:train_model:225 - epoch [25/30], step [10/27], loss: 0.0012
2024-04-27 17:12:15.022 | INFO     | pre_process:train_model:225 - epoch [25/30], step [15/27], loss: 0.0037
2024-04-27 17:12:15.287 | INFO     | pre_process:train_model:225 - epoch [25/30], step [20/27], loss: 0.0022
2024-04-27 17:12:15.559 | INFO     | pre_process:train_model:225 - epoch [25/30], step [25/27], loss: 0.0011
2024-04-27 17:12:15.674 | INFO     | pre_process:train_model:230 - epoch [25/30], avg_loss: 0.0015
2024-04-27 17:12:15.946 | INFO     | pre_process:train_model:225 - epoch [26/30], step [5/27], loss: 0.0009
2024-04-27 17:12:16.220 | INFO     | pre_process:train_model:225 - epoch [26/30], step [10/27], loss: 0.0008
2024-04-27 17:12:16.471 | INFO     | pre_process:train_model:225 - epoch [26/30], step [15/27], loss: 0.0003
2024-04-27 17:12:16.718 | INFO     | pre_process:train_model:225 - epoch [26/30], step [20/27], loss: 0.0035
2024-04-27 17:12:16.981 | INFO     | pre_process:train_model:225 - epoch [26/30], step [25/27], loss: 0.0011
2024-04-27 17:12:17.099 | INFO     | pre_process:train_model:230 - epoch [26/30], avg_loss: 0.0013
2024-04-27 17:12:17.378 | INFO     | pre_process:train_model:225 - epoch [27/30], step [5/27], loss: 0.0012
2024-04-27 17:12:17.645 | INFO     | pre_process:train_model:225 - epoch [27/30], step [10/27], loss: 0.0017
2024-04-27 17:12:17.909 | INFO     | pre_process:train_model:225 - epoch [27/30], step [15/27], loss: 0.0005
2024-04-27 17:12:18.175 | INFO     | pre_process:train_model:225 - epoch [27/30], step [20/27], loss: 0.0001
2024-04-27 17:12:18.435 | INFO     | pre_process:train_model:225 - epoch [27/30], step [25/27], loss: 0.0004
2024-04-27 17:12:18.536 | INFO     | pre_process:train_model:230 - epoch [27/30], avg_loss: 0.0017
2024-04-27 17:12:18.833 | INFO     | pre_process:train_model:225 - epoch [28/30], step [5/27], loss: 0.0009
2024-04-27 17:12:19.142 | INFO     | pre_process:train_model:225 - epoch [28/30], step [10/27], loss: 0.0003
2024-04-27 17:12:19.458 | INFO     | pre_process:train_model:225 - epoch [28/30], step [15/27], loss: 0.0003
2024-04-27 17:12:19.758 | INFO     | pre_process:train_model:225 - epoch [28/30], step [20/27], loss: 0.0002
2024-04-27 17:12:20.070 | INFO     | pre_process:train_model:225 - epoch [28/30], step [25/27], loss: 0.0001
2024-04-27 17:12:20.196 | INFO     | pre_process:train_model:230 - epoch [28/30], avg_loss: 0.0009
2024-04-27 17:12:20.455 | INFO     | pre_process:train_model:225 - epoch [29/30], step [5/27], loss: 0.0005
2024-04-27 17:12:20.660 | INFO     | pre_process:train_model:225 - epoch [29/30], step [10/27], loss: 0.0002
2024-04-27 17:12:20.856 | INFO     | pre_process:train_model:225 - epoch [29/30], step [15/27], loss: 0.0002
2024-04-27 17:12:21.056 | INFO     | pre_process:train_model:225 - epoch [29/30], step [20/27], loss: 0.0003
2024-04-27 17:12:21.250 | INFO     | pre_process:train_model:225 - epoch [29/30], step [25/27], loss: 0.0006
2024-04-27 17:12:21.331 | INFO     | pre_process:train_model:230 - epoch [29/30], avg_loss: 0.0011
2024-04-27 17:12:21.528 | INFO     | pre_process:train_model:225 - epoch [30/30], step [5/27], loss: 0.0010
2024-04-27 17:12:21.722 | INFO     | pre_process:train_model:225 - epoch [30/30], step [10/27], loss: 0.0001
2024-04-27 17:12:21.913 | INFO     | pre_process:train_model:225 - epoch [30/30], step [15/27], loss: 0.0008
2024-04-27 17:12:22.107 | INFO     | pre_process:train_model:225 - epoch [30/30], step [20/27], loss: 0.0010
2024-04-27 17:12:22.288 | INFO     | pre_process:train_model:225 - epoch [30/30], step [25/27], loss: 0.0011
2024-04-27 17:12:22.378 | INFO     | pre_process:train_model:230 - epoch [30/30], avg_loss: 0.0009
2024-04-27 17:12:22.379 | SUCCESS  | pre_process:train_model:232 - 训练完成
2024-04-27 17:12:43.773 | INFO     | pre_process:__init__:141 - target_length: 150
2024-04-27 17:12:43.777 | SUCCESS  | pre_process:__init__:148 - 插值完成
2024-04-27 17:12:43.778 | SUCCESS  | pre_process:__init__:153 - 转置完成
2024-04-27 17:12:43.779 | SUCCESS  | pre_process:__init__:161 - 转换为张量完成
2024-04-27 17:12:43.894 | SUCCESS  | pre_process:test_model:294 - all equal
2024-04-27 17:12:43.916 | SUCCESS  | pre_process:test_model:294 - all equal
2024-04-27 17:12:43.938 | SUCCESS  | pre_process:test_model:294 - all equal
2024-04-27 17:12:43.967 | SUCCESS  | pre_process:test_model:294 - all equal
2024-04-27 17:12:43.989 | SUCCESS  | pre_process:test_model:294 - all equal
2024-04-27 17:12:44.008 | SUCCESS  | pre_process:test_model:294 - all equal
2024-04-27 17:12:44.025 | SUCCESS  | pre_process:test_model:294 - all equal
2024-04-27 17:12:44.042 | SUCCESS  | pre_process:test_model:294 - all equal
2024-04-27 17:12:44.057 | SUCCESS  | pre_process:test_model:294 - all equal
2024-04-27 17:12:44.073 | SUCCESS  | pre_process:test_model:294 - all equal
2024-04-27 17:12:44.089 | SUCCESS  | pre_process:test_model:294 - all equal
2024-04-27 17:12:44.105 | SUCCESS  | pre_process:test_model:294 - all equal
2024-04-27 17:12:44.120 | SUCCESS  | pre_process:test_model:294 - all equal
2024-04-27 17:12:44.135 | SUCCESS  | pre_process:test_model:294 - all equal
2024-04-27 17:12:44.150 | SUCCESS  | pre_process:test_model:294 - all equal
2024-04-27 17:12:44.165 | SUCCESS  | pre_process:test_model:294 - all equal
2024-04-27 17:12:44.180 | SUCCESS  | pre_process:test_model:294 - all equal
2024-04-27 17:12:44.195 | SUCCESS  | pre_process:test_model:294 - all equal
2024-04-27 17:12:44.210 | SUCCESS  | pre_process:test_model:294 - all equal
2024-04-27 17:12:44.225 | SUCCESS  | pre_process:test_model:294 - all equal
2024-04-27 17:12:44.225 | DEBUG    | pre_process:test_model:301 - Accuracy on the test set: 100.00%
2024-04-27 17:13:15.251 | INFO     | pre_process:__init__:141 - target_length: 150
2024-04-27 17:13:15.259 | SUCCESS  | pre_process:__init__:148 - 插值完成
2024-04-27 17:13:15.259 | SUCCESS  | pre_process:__init__:153 - 转置完成
2024-04-27 17:13:15.261 | SUCCESS  | pre_process:__init__:161 - 转换为张量完成
2024-04-27 17:13:15.469 | INFO     | pre_process:train_model:225 - epoch [1/30], step [5/27], loss: 1.0531
2024-04-27 17:13:15.671 | INFO     | pre_process:train_model:225 - epoch [1/30], step [10/27], loss: 1.0850
2024-04-27 17:13:15.874 | INFO     | pre_process:train_model:225 - epoch [1/30], step [15/27], loss: 1.0133
2024-04-27 17:13:16.081 | INFO     | pre_process:train_model:225 - epoch [1/30], step [20/27], loss: 1.2275
2024-04-27 17:13:16.290 | INFO     | pre_process:train_model:225 - epoch [1/30], step [25/27], loss: 0.9567
2024-04-27 17:13:16.371 | INFO     | pre_process:train_model:230 - epoch [1/30], avg_loss: 1.0492
2024-04-27 17:13:16.593 | INFO     | pre_process:train_model:225 - epoch [2/30], step [5/27], loss: 0.8377
2024-04-27 17:13:16.888 | INFO     | pre_process:train_model:225 - epoch [2/30], step [10/27], loss: 1.0354
2024-04-27 17:13:17.239 | INFO     | pre_process:train_model:225 - epoch [2/30], step [15/27], loss: 0.6723
2024-04-27 17:13:17.593 | INFO     | pre_process:train_model:225 - epoch [2/30], step [20/27], loss: 1.1618
2024-04-27 17:13:17.952 | INFO     | pre_process:train_model:225 - epoch [2/30], step [25/27], loss: 1.0561
2024-04-27 17:13:18.089 | INFO     | pre_process:train_model:230 - epoch [2/30], avg_loss: 0.9392
2024-04-27 17:13:18.426 | INFO     | pre_process:train_model:225 - epoch [3/30], step [5/27], loss: 1.2861
2024-04-27 17:13:18.750 | INFO     | pre_process:train_model:225 - epoch [3/30], step [10/27], loss: 0.9472
2024-04-27 17:13:19.066 | INFO     | pre_process:train_model:225 - epoch [3/30], step [15/27], loss: 0.7573
2024-04-27 17:13:19.376 | INFO     | pre_process:train_model:225 - epoch [3/30], step [20/27], loss: 0.8022
2024-04-27 17:13:19.669 | INFO     | pre_process:train_model:225 - epoch [3/30], step [25/27], loss: 0.7339
2024-04-27 17:13:19.793 | INFO     | pre_process:train_model:230 - epoch [3/30], avg_loss: 0.8479
2024-04-27 17:13:20.089 | INFO     | pre_process:train_model:225 - epoch [4/30], step [5/27], loss: 0.8001
2024-04-27 17:13:20.389 | INFO     | pre_process:train_model:225 - epoch [4/30], step [10/27], loss: 0.5129
2024-04-27 17:13:20.678 | INFO     | pre_process:train_model:225 - epoch [4/30], step [15/27], loss: 0.6318
2024-04-27 17:13:21.040 | INFO     | pre_process:train_model:225 - epoch [4/30], step [20/27], loss: 0.7246
2024-04-27 17:13:21.466 | INFO     | pre_process:train_model:225 - epoch [4/30], step [25/27], loss: 0.2538
2024-04-27 17:13:21.613 | INFO     | pre_process:train_model:230 - epoch [4/30], avg_loss: 0.4649
2024-04-27 17:13:21.965 | INFO     | pre_process:train_model:225 - epoch [5/30], step [5/27], loss: 0.2294
2024-04-27 17:13:22.364 | INFO     | pre_process:train_model:225 - epoch [5/30], step [10/27], loss: 0.3983
2024-04-27 17:13:22.780 | INFO     | pre_process:train_model:225 - epoch [5/30], step [15/27], loss: 0.3587
2024-04-27 17:13:23.148 | INFO     | pre_process:train_model:225 - epoch [5/30], step [20/27], loss: 0.4678
2024-04-27 17:13:23.459 | INFO     | pre_process:train_model:225 - epoch [5/30], step [25/27], loss: 0.0656
2024-04-27 17:13:23.599 | INFO     | pre_process:train_model:230 - epoch [5/30], avg_loss: 0.3682
2024-04-27 17:13:24.032 | INFO     | pre_process:train_model:225 - epoch [6/30], step [5/27], loss: 0.0254
2024-04-27 17:13:24.392 | INFO     | pre_process:train_model:225 - epoch [6/30], step [10/27], loss: 0.0221
2024-04-27 17:13:24.677 | INFO     | pre_process:train_model:225 - epoch [6/30], step [15/27], loss: 0.1050
2024-04-27 17:13:24.958 | INFO     | pre_process:train_model:225 - epoch [6/30], step [20/27], loss: 0.6255
2024-04-27 17:13:25.233 | INFO     | pre_process:train_model:225 - epoch [6/30], step [25/27], loss: 0.5875
2024-04-27 17:13:25.339 | INFO     | pre_process:train_model:230 - epoch [6/30], avg_loss: 0.2216
2024-04-27 17:13:25.615 | INFO     | pre_process:train_model:225 - epoch [7/30], step [5/27], loss: 0.3380
2024-04-27 17:13:25.886 | INFO     | pre_process:train_model:225 - epoch [7/30], step [10/27], loss: 0.1899
2024-04-27 17:13:26.161 | INFO     | pre_process:train_model:225 - epoch [7/30], step [15/27], loss: 0.4781
2024-04-27 17:13:26.425 | INFO     | pre_process:train_model:225 - epoch [7/30], step [20/27], loss: 0.0939
2024-04-27 17:13:26.682 | INFO     | pre_process:train_model:225 - epoch [7/30], step [25/27], loss: 0.1504
2024-04-27 17:13:26.784 | INFO     | pre_process:train_model:230 - epoch [7/30], avg_loss: 0.2410
2024-04-27 17:13:27.038 | INFO     | pre_process:train_model:225 - epoch [8/30], step [5/27], loss: 0.5260
2024-04-27 17:13:27.288 | INFO     | pre_process:train_model:225 - epoch [8/30], step [10/27], loss: 0.0309
2024-04-27 17:13:27.537 | INFO     | pre_process:train_model:225 - epoch [8/30], step [15/27], loss: 0.6092
2024-04-27 17:13:27.792 | INFO     | pre_process:train_model:225 - epoch [8/30], step [20/27], loss: 0.0835
2024-04-27 17:13:28.080 | INFO     | pre_process:train_model:225 - epoch [8/30], step [25/27], loss: 0.2380
2024-04-27 17:13:28.200 | INFO     | pre_process:train_model:230 - epoch [8/30], avg_loss: 0.1095
2024-04-27 17:13:28.625 | INFO     | pre_process:train_model:225 - epoch [9/30], step [5/27], loss: 0.0097
2024-04-27 17:13:28.936 | INFO     | pre_process:train_model:225 - epoch [9/30], step [10/27], loss: 0.0276
2024-04-27 17:13:29.236 | INFO     | pre_process:train_model:225 - epoch [9/30], step [15/27], loss: 0.0194
2024-04-27 17:13:29.609 | INFO     | pre_process:train_model:225 - epoch [9/30], step [20/27], loss: 0.0532
2024-04-27 17:13:29.896 | INFO     | pre_process:train_model:225 - epoch [9/30], step [25/27], loss: 0.0079
2024-04-27 17:13:29.981 | INFO     | pre_process:train_model:230 - epoch [9/30], avg_loss: 0.1243
2024-04-27 17:13:30.169 | INFO     | pre_process:train_model:225 - epoch [10/30], step [5/27], loss: 0.1368
2024-04-27 17:13:30.368 | INFO     | pre_process:train_model:225 - epoch [10/30], step [10/27], loss: 0.0524
2024-04-27 17:13:30.594 | INFO     | pre_process:train_model:225 - epoch [10/30], step [15/27], loss: 0.0232
2024-04-27 17:13:30.820 | INFO     | pre_process:train_model:225 - epoch [10/30], step [20/27], loss: 0.0562
2024-04-27 17:13:31.029 | INFO     | pre_process:train_model:225 - epoch [10/30], step [25/27], loss: 0.0209
2024-04-27 17:13:31.114 | INFO     | pre_process:train_model:230 - epoch [10/30], avg_loss: 0.0424
2024-04-27 17:13:31.329 | INFO     | pre_process:train_model:225 - epoch [11/30], step [5/27], loss: 0.0044
2024-04-27 17:13:31.534 | INFO     | pre_process:train_model:225 - epoch [11/30], step [10/27], loss: 0.2043
2024-04-27 17:13:31.743 | INFO     | pre_process:train_model:225 - epoch [11/30], step [15/27], loss: 0.0506
2024-04-27 17:13:31.966 | INFO     | pre_process:train_model:225 - epoch [11/30], step [20/27], loss: 0.0555
2024-04-27 17:13:32.185 | INFO     | pre_process:train_model:225 - epoch [11/30], step [25/27], loss: 0.0054
2024-04-27 17:13:32.273 | INFO     | pre_process:train_model:230 - epoch [11/30], avg_loss: 0.0243
2024-04-27 17:13:32.484 | INFO     | pre_process:train_model:225 - epoch [12/30], step [5/27], loss: 0.0128
2024-04-27 17:13:32.690 | INFO     | pre_process:train_model:225 - epoch [12/30], step [10/27], loss: 0.0017
2024-04-27 17:13:32.897 | INFO     | pre_process:train_model:225 - epoch [12/30], step [15/27], loss: 0.0142
2024-04-27 17:13:33.111 | INFO     | pre_process:train_model:225 - epoch [12/30], step [20/27], loss: 0.0152
2024-04-27 17:13:33.332 | INFO     | pre_process:train_model:225 - epoch [12/30], step [25/27], loss: 0.0047
2024-04-27 17:13:33.422 | INFO     | pre_process:train_model:230 - epoch [12/30], avg_loss: 0.0081
2024-04-27 17:13:33.646 | INFO     | pre_process:train_model:225 - epoch [13/30], step [5/27], loss: 0.0055
2024-04-27 17:13:33.863 | INFO     | pre_process:train_model:225 - epoch [13/30], step [10/27], loss: 0.0030
2024-04-27 17:13:34.069 | INFO     | pre_process:train_model:225 - epoch [13/30], step [15/27], loss: 0.0105
2024-04-27 17:13:34.278 | INFO     | pre_process:train_model:225 - epoch [13/30], step [20/27], loss: 0.0381
2024-04-27 17:13:34.517 | INFO     | pre_process:train_model:225 - epoch [13/30], step [25/27], loss: 0.0030
2024-04-27 17:13:34.612 | INFO     | pre_process:train_model:230 - epoch [13/30], avg_loss: 0.0260
2024-04-27 17:13:34.862 | INFO     | pre_process:train_model:225 - epoch [14/30], step [5/27], loss: 0.0178
2024-04-27 17:13:35.170 | INFO     | pre_process:train_model:225 - epoch [14/30], step [10/27], loss: 0.0040
2024-04-27 17:13:35.494 | INFO     | pre_process:train_model:225 - epoch [14/30], step [15/27], loss: 0.0110
2024-04-27 17:13:35.817 | INFO     | pre_process:train_model:225 - epoch [14/30], step [20/27], loss: 0.0093
2024-04-27 17:13:36.110 | INFO     | pre_process:train_model:225 - epoch [14/30], step [25/27], loss: 0.0228
2024-04-27 17:13:36.225 | INFO     | pre_process:train_model:230 - epoch [14/30], avg_loss: 0.0242
2024-04-27 17:13:36.537 | INFO     | pre_process:train_model:225 - epoch [15/30], step [5/27], loss: 0.0072
2024-04-27 17:13:36.846 | INFO     | pre_process:train_model:225 - epoch [15/30], step [10/27], loss: 0.0101
2024-04-27 17:13:37.118 | INFO     | pre_process:train_model:225 - epoch [15/30], step [15/27], loss: 0.0045
2024-04-27 17:13:37.425 | INFO     | pre_process:train_model:225 - epoch [15/30], step [20/27], loss: 0.0607
2024-04-27 17:13:37.740 | INFO     | pre_process:train_model:225 - epoch [15/30], step [25/27], loss: 0.0319
2024-04-27 17:13:37.861 | INFO     | pre_process:train_model:230 - epoch [15/30], avg_loss: 0.0177
2024-04-27 17:13:38.233 | INFO     | pre_process:train_model:225 - epoch [16/30], step [5/27], loss: 0.0058
2024-04-27 17:13:38.531 | INFO     | pre_process:train_model:225 - epoch [16/30], step [10/27], loss: 0.0905
2024-04-27 17:13:38.843 | INFO     | pre_process:train_model:225 - epoch [16/30], step [15/27], loss: 0.0071
2024-04-27 17:13:39.154 | INFO     | pre_process:train_model:225 - epoch [16/30], step [20/27], loss: 0.0010
2024-04-27 17:13:39.466 | INFO     | pre_process:train_model:225 - epoch [16/30], step [25/27], loss: 0.0167
2024-04-27 17:13:39.586 | INFO     | pre_process:train_model:230 - epoch [16/30], avg_loss: 0.0114
2024-04-27 17:13:39.901 | INFO     | pre_process:train_model:225 - epoch [17/30], step [5/27], loss: 0.0070
2024-04-27 17:13:40.195 | INFO     | pre_process:train_model:225 - epoch [17/30], step [10/27], loss: 0.0016
2024-04-27 17:13:40.496 | INFO     | pre_process:train_model:225 - epoch [17/30], step [15/27], loss: 0.0008
2024-04-27 17:13:40.784 | INFO     | pre_process:train_model:225 - epoch [17/30], step [20/27], loss: 0.0010
2024-04-27 17:13:41.096 | INFO     | pre_process:train_model:225 - epoch [17/30], step [25/27], loss: 0.0035
2024-04-27 17:13:41.220 | INFO     | pre_process:train_model:230 - epoch [17/30], avg_loss: 0.0053
2024-04-27 17:13:41.515 | INFO     | pre_process:train_model:225 - epoch [18/30], step [5/27], loss: 0.0040
2024-04-27 17:13:41.808 | INFO     | pre_process:train_model:225 - epoch [18/30], step [10/27], loss: 0.0008
2024-04-27 17:13:42.063 | INFO     | pre_process:train_model:225 - epoch [18/30], step [15/27], loss: 0.0017
2024-04-27 17:13:42.310 | INFO     | pre_process:train_model:225 - epoch [18/30], step [20/27], loss: 0.0020
2024-04-27 17:13:42.568 | INFO     | pre_process:train_model:225 - epoch [18/30], step [25/27], loss: 0.0026
2024-04-27 17:13:42.676 | INFO     | pre_process:train_model:230 - epoch [18/30], avg_loss: 0.0028
2024-04-27 17:13:42.939 | INFO     | pre_process:train_model:225 - epoch [19/30], step [5/27], loss: 0.0020
2024-04-27 17:13:43.211 | INFO     | pre_process:train_model:225 - epoch [19/30], step [10/27], loss: 0.0078
2024-04-27 17:13:43.480 | INFO     | pre_process:train_model:225 - epoch [19/30], step [15/27], loss: 0.0007
2024-04-27 17:13:43.765 | INFO     | pre_process:train_model:225 - epoch [19/30], step [20/27], loss: 0.0016
2024-04-27 17:13:44.037 | INFO     | pre_process:train_model:225 - epoch [19/30], step [25/27], loss: 0.0013
2024-04-27 17:13:44.148 | INFO     | pre_process:train_model:230 - epoch [19/30], avg_loss: 0.0024
2024-04-27 17:13:44.416 | INFO     | pre_process:train_model:225 - epoch [20/30], step [5/27], loss: 0.0039
2024-04-27 17:13:44.670 | INFO     | pre_process:train_model:225 - epoch [20/30], step [10/27], loss: 0.0005
2024-04-27 17:13:44.951 | INFO     | pre_process:train_model:225 - epoch [20/30], step [15/27], loss: 0.0029
2024-04-27 17:13:45.207 | INFO     | pre_process:train_model:225 - epoch [20/30], step [20/27], loss: 0.0026
2024-04-27 17:13:45.495 | INFO     | pre_process:train_model:225 - epoch [20/30], step [25/27], loss: 0.0011
2024-04-27 17:13:45.636 | INFO     | pre_process:train_model:230 - epoch [20/30], avg_loss: 0.0024
2024-04-27 17:13:46.031 | INFO     | pre_process:train_model:225 - epoch [21/30], step [5/27], loss: 0.0005
2024-04-27 17:13:46.363 | INFO     | pre_process:train_model:225 - epoch [21/30], step [10/27], loss: 0.0060
2024-04-27 17:13:46.680 | INFO     | pre_process:train_model:225 - epoch [21/30], step [15/27], loss: 0.0006
2024-04-27 17:13:46.966 | INFO     | pre_process:train_model:225 - epoch [21/30], step [20/27], loss: 0.0015
2024-04-27 17:13:47.271 | INFO     | pre_process:train_model:225 - epoch [21/30], step [25/27], loss: 0.0012
2024-04-27 17:13:47.404 | INFO     | pre_process:train_model:230 - epoch [21/30], avg_loss: 0.0021
2024-04-27 17:13:47.656 | INFO     | pre_process:train_model:225 - epoch [22/30], step [5/27], loss: 0.0013
2024-04-27 17:13:47.858 | INFO     | pre_process:train_model:225 - epoch [22/30], step [10/27], loss: 0.0007
2024-04-27 17:13:48.061 | INFO     | pre_process:train_model:225 - epoch [22/30], step [15/27], loss: 0.0050
2024-04-27 17:13:48.260 | INFO     | pre_process:train_model:225 - epoch [22/30], step [20/27], loss: 0.0058
2024-04-27 17:13:48.458 | INFO     | pre_process:train_model:225 - epoch [22/30], step [25/27], loss: 0.0007
2024-04-27 17:13:48.540 | INFO     | pre_process:train_model:230 - epoch [22/30], avg_loss: 0.0025
2024-04-27 17:13:48.747 | INFO     | pre_process:train_model:225 - epoch [23/30], step [5/27], loss: 0.0023
2024-04-27 17:13:48.957 | INFO     | pre_process:train_model:225 - epoch [23/30], step [10/27], loss: 0.0007
2024-04-27 17:13:49.182 | INFO     | pre_process:train_model:225 - epoch [23/30], step [15/27], loss: 0.0026
2024-04-27 17:13:49.395 | INFO     | pre_process:train_model:225 - epoch [23/30], step [20/27], loss: 0.0002
2024-04-27 17:13:49.599 | INFO     | pre_process:train_model:225 - epoch [23/30], step [25/27], loss: 0.0004
2024-04-27 17:13:49.680 | INFO     | pre_process:train_model:230 - epoch [23/30], avg_loss: 0.0016
2024-04-27 17:13:49.886 | INFO     | pre_process:train_model:225 - epoch [24/30], step [5/27], loss: 0.0023
2024-04-27 17:13:50.097 | INFO     | pre_process:train_model:225 - epoch [24/30], step [10/27], loss: 0.0008
2024-04-27 17:13:50.298 | INFO     | pre_process:train_model:225 - epoch [24/30], step [15/27], loss: 0.0007
2024-04-27 17:13:50.499 | INFO     | pre_process:train_model:225 - epoch [24/30], step [20/27], loss: 0.0005
2024-04-27 17:13:50.694 | INFO     | pre_process:train_model:225 - epoch [24/30], step [25/27], loss: 0.0012
2024-04-27 17:13:50.764 | INFO     | pre_process:train_model:230 - epoch [24/30], avg_loss: 0.0020
2024-04-27 17:13:50.980 | INFO     | pre_process:train_model:225 - epoch [25/30], step [5/27], loss: 0.0006
2024-04-27 17:13:51.179 | INFO     | pre_process:train_model:225 - epoch [25/30], step [10/27], loss: 0.0005
2024-04-27 17:13:51.382 | INFO     | pre_process:train_model:225 - epoch [25/30], step [15/27], loss: 0.0006
2024-04-27 17:13:51.582 | INFO     | pre_process:train_model:225 - epoch [25/30], step [20/27], loss: 0.0012
2024-04-27 17:13:51.786 | INFO     | pre_process:train_model:225 - epoch [25/30], step [25/27], loss: 0.0024
2024-04-27 17:13:51.869 | INFO     | pre_process:train_model:230 - epoch [25/30], avg_loss: 0.0014
2024-04-27 17:13:52.073 | INFO     | pre_process:train_model:225 - epoch [26/30], step [5/27], loss: 0.0018
2024-04-27 17:13:52.279 | INFO     | pre_process:train_model:225 - epoch [26/30], step [10/27], loss: 0.0016
2024-04-27 17:13:52.481 | INFO     | pre_process:train_model:225 - epoch [26/30], step [15/27], loss: 0.0003
2024-04-27 17:13:52.749 | INFO     | pre_process:train_model:225 - epoch [26/30], step [20/27], loss: 0.0010
2024-04-27 17:13:53.055 | INFO     | pre_process:train_model:225 - epoch [26/30], step [25/27], loss: 0.0028
2024-04-27 17:13:53.174 | INFO     | pre_process:train_model:230 - epoch [26/30], avg_loss: 0.0011
2024-04-27 17:13:53.574 | INFO     | pre_process:train_model:225 - epoch [27/30], step [5/27], loss: 0.0004
2024-04-27 17:13:53.896 | INFO     | pre_process:train_model:225 - epoch [27/30], step [10/27], loss: 0.0014
2024-04-27 17:13:54.231 | INFO     | pre_process:train_model:225 - epoch [27/30], step [15/27], loss: 0.0002
2024-04-27 17:13:54.584 | INFO     | pre_process:train_model:225 - epoch [27/30], step [20/27], loss: 0.0008
2024-04-27 17:13:54.911 | INFO     | pre_process:train_model:225 - epoch [27/30], step [25/27], loss: 0.0004
2024-04-27 17:13:55.053 | INFO     | pre_process:train_model:230 - epoch [27/30], avg_loss: 0.0015
2024-04-27 17:13:55.380 | INFO     | pre_process:train_model:225 - epoch [28/30], step [5/27], loss: 0.0024
2024-04-27 17:13:55.687 | INFO     | pre_process:train_model:225 - epoch [28/30], step [10/27], loss: 0.0023
2024-04-27 17:13:55.993 | INFO     | pre_process:train_model:225 - epoch [28/30], step [15/27], loss: 0.0016
2024-04-27 17:13:56.309 | INFO     | pre_process:train_model:225 - epoch [28/30], step [20/27], loss: 0.0008
2024-04-27 17:13:56.640 | INFO     | pre_process:train_model:225 - epoch [28/30], step [25/27], loss: 0.0002
2024-04-27 17:13:56.784 | INFO     | pre_process:train_model:230 - epoch [28/30], avg_loss: 0.0012
2024-04-27 17:13:57.196 | INFO     | pre_process:train_model:225 - epoch [29/30], step [5/27], loss: 0.0003
2024-04-27 17:13:57.498 | INFO     | pre_process:train_model:225 - epoch [29/30], step [10/27], loss: 0.0015
2024-04-27 17:13:57.767 | INFO     | pre_process:train_model:225 - epoch [29/30], step [15/27], loss: 0.0030
2024-04-27 17:13:58.060 | INFO     | pre_process:train_model:225 - epoch [29/30], step [20/27], loss: 0.0002
2024-04-27 17:13:58.358 | INFO     | pre_process:train_model:225 - epoch [29/30], step [25/27], loss: 0.0014
2024-04-27 17:13:58.487 | INFO     | pre_process:train_model:230 - epoch [29/30], avg_loss: 0.0010
2024-04-27 17:13:58.802 | INFO     | pre_process:train_model:225 - epoch [30/30], step [5/27], loss: 0.0010
2024-04-27 17:13:59.117 | INFO     | pre_process:train_model:225 - epoch [30/30], step [10/27], loss: 0.0006
2024-04-27 17:13:59.366 | INFO     | pre_process:train_model:225 - epoch [30/30], step [15/27], loss: 0.0002
2024-04-27 17:13:59.609 | INFO     | pre_process:train_model:225 - epoch [30/30], step [20/27], loss: 0.0031
2024-04-27 17:13:59.848 | INFO     | pre_process:train_model:225 - epoch [30/30], step [25/27], loss: 0.0006
2024-04-27 17:13:59.951 | INFO     | pre_process:train_model:230 - epoch [30/30], avg_loss: 0.0012
2024-04-27 17:13:59.952 | SUCCESS  | pre_process:train_model:232 - 训练完成
2024-04-27 17:14:20.411 | INFO     | pre_process:__init__:141 - target_length: 150
2024-04-27 17:14:20.428 | SUCCESS  | pre_process:__init__:148 - 插值完成
2024-04-27 17:14:20.429 | SUCCESS  | pre_process:__init__:153 - 转置完成
2024-04-27 17:14:20.430 | SUCCESS  | pre_process:__init__:161 - 转换为张量完成
2024-04-27 17:14:20.446 | SUCCESS  | pre_process:test_model:294 - all equal
2024-04-27 17:14:20.469 | SUCCESS  | pre_process:test_model:294 - all equal
2024-04-27 17:14:20.491 | SUCCESS  | pre_process:test_model:294 - all equal
2024-04-27 17:14:20.511 | SUCCESS  | pre_process:test_model:294 - all equal
2024-04-27 17:14:20.533 | SUCCESS  | pre_process:test_model:294 - all equal
2024-04-27 17:14:20.554 | SUCCESS  | pre_process:test_model:294 - all equal
2024-04-27 17:14:20.574 | SUCCESS  | pre_process:test_model:294 - all equal
2024-04-27 17:14:20.595 | SUCCESS  | pre_process:test_model:294 - all equal
2024-04-27 17:14:20.612 | SUCCESS  | pre_process:test_model:294 - all equal
2024-04-27 17:14:20.637 | SUCCESS  | pre_process:test_model:294 - all equal
2024-04-27 17:14:20.659 | SUCCESS  | pre_process:test_model:294 - all equal
2024-04-27 17:14:20.679 | SUCCESS  | pre_process:test_model:294 - all equal
2024-04-27 17:14:20.702 | SUCCESS  | pre_process:test_model:294 - all equal
2024-04-27 17:14:20.723 | SUCCESS  | pre_process:test_model:294 - all equal
2024-04-27 17:14:20.746 | SUCCESS  | pre_process:test_model:294 - all equal
2024-04-27 17:14:20.766 | SUCCESS  | pre_process:test_model:294 - all equal
2024-04-27 17:14:20.788 | SUCCESS  | pre_process:test_model:294 - all equal
2024-04-27 17:14:20.809 | SUCCESS  | pre_process:test_model:294 - all equal
2024-04-27 17:14:20.829 | SUCCESS  | pre_process:test_model:294 - all equal
2024-04-27 17:14:20.853 | SUCCESS  | pre_process:test_model:294 - all equal
2024-04-27 17:14:20.853 | DEBUG    | pre_process:test_model:301 - Accuracy on the test set: 100.00%
2024-04-27 17:14:52.396 | INFO     | pre_process:__init__:141 - target_length: 150
2024-04-27 17:14:52.402 | SUCCESS  | pre_process:__init__:148 - 插值完成
2024-04-27 17:14:52.402 | SUCCESS  | pre_process:__init__:153 - 转置完成
2024-04-27 17:14:52.406 | SUCCESS  | pre_process:__init__:161 - 转换为张量完成
2024-04-27 17:14:52.681 | INFO     | pre_process:train_model:225 - epoch [1/30], step [5/27], loss: 1.1206
2024-04-27 17:14:52.952 | INFO     | pre_process:train_model:225 - epoch [1/30], step [10/27], loss: 0.9268
2024-04-27 17:14:53.253 | INFO     | pre_process:train_model:225 - epoch [1/30], step [15/27], loss: 0.9539
2024-04-27 17:14:53.553 | INFO     | pre_process:train_model:225 - epoch [1/30], step [20/27], loss: 0.7871
2024-04-27 17:14:53.824 | INFO     | pre_process:train_model:225 - epoch [1/30], step [25/27], loss: 2.1060
2024-04-27 17:14:53.925 | INFO     | pre_process:train_model:230 - epoch [1/30], avg_loss: 1.0632
2024-04-27 17:14:54.171 | INFO     | pre_process:train_model:225 - epoch [2/30], step [5/27], loss: 0.8071
2024-04-27 17:14:54.416 | INFO     | pre_process:train_model:225 - epoch [2/30], step [10/27], loss: 1.0884
2024-04-27 17:14:54.714 | INFO     | pre_process:train_model:225 - epoch [2/30], step [15/27], loss: 1.0197
2024-04-27 17:14:55.012 | INFO     | pre_process:train_model:225 - epoch [2/30], step [20/27], loss: 1.0896
2024-04-27 17:14:55.368 | INFO     | pre_process:train_model:225 - epoch [2/30], step [25/27], loss: 1.0364
2024-04-27 17:14:55.498 | INFO     | pre_process:train_model:230 - epoch [2/30], avg_loss: 0.9170
2024-04-27 17:14:55.812 | INFO     | pre_process:train_model:225 - epoch [3/30], step [5/27], loss: 1.2060
2024-04-27 17:14:56.149 | INFO     | pre_process:train_model:225 - epoch [3/30], step [10/27], loss: 0.8266
2024-04-27 17:14:56.432 | INFO     | pre_process:train_model:225 - epoch [3/30], step [15/27], loss: 0.6527
2024-04-27 17:14:56.664 | INFO     | pre_process:train_model:225 - epoch [3/30], step [20/27], loss: 0.7562
2024-04-27 17:14:56.893 | INFO     | pre_process:train_model:225 - epoch [3/30], step [25/27], loss: 1.2004
2024-04-27 17:14:56.978 | INFO     | pre_process:train_model:230 - epoch [3/30], avg_loss: 0.8392
2024-04-27 17:14:57.177 | INFO     | pre_process:train_model:225 - epoch [4/30], step [5/27], loss: 0.4203
2024-04-27 17:14:57.387 | INFO     | pre_process:train_model:225 - epoch [4/30], step [10/27], loss: 0.3760
2024-04-27 17:14:57.580 | INFO     | pre_process:train_model:225 - epoch [4/30], step [15/27], loss: 0.6043
2024-04-27 17:14:57.790 | INFO     | pre_process:train_model:225 - epoch [4/30], step [20/27], loss: 0.3917
2024-04-27 17:14:58.017 | INFO     | pre_process:train_model:225 - epoch [4/30], step [25/27], loss: 0.1564
2024-04-27 17:14:58.104 | INFO     | pre_process:train_model:230 - epoch [4/30], avg_loss: 0.5294
2024-04-27 17:14:58.313 | INFO     | pre_process:train_model:225 - epoch [5/30], step [5/27], loss: 0.3912
2024-04-27 17:14:58.515 | INFO     | pre_process:train_model:225 - epoch [5/30], step [10/27], loss: 0.3047
2024-04-27 17:14:58.711 | INFO     | pre_process:train_model:225 - epoch [5/30], step [15/27], loss: 0.2943
2024-04-27 17:14:58.910 | INFO     | pre_process:train_model:225 - epoch [5/30], step [20/27], loss: 0.0909
2024-04-27 17:14:59.114 | INFO     | pre_process:train_model:225 - epoch [5/30], step [25/27], loss: 0.0594
2024-04-27 17:14:59.206 | INFO     | pre_process:train_model:230 - epoch [5/30], avg_loss: 0.2857
2024-04-27 17:14:59.473 | INFO     | pre_process:train_model:225 - epoch [6/30], step [5/27], loss: 0.3119
2024-04-27 17:14:59.718 | INFO     | pre_process:train_model:225 - epoch [6/30], step [10/27], loss: 0.0496
2024-04-27 17:14:59.958 | INFO     | pre_process:train_model:225 - epoch [6/30], step [15/27], loss: 0.2436
2024-04-27 17:15:00.170 | INFO     | pre_process:train_model:225 - epoch [6/30], step [20/27], loss: 0.1313
2024-04-27 17:15:00.379 | INFO     | pre_process:train_model:225 - epoch [6/30], step [25/27], loss: 0.0404
2024-04-27 17:15:00.488 | INFO     | pre_process:train_model:230 - epoch [6/30], avg_loss: 0.1405
2024-04-27 17:15:00.717 | INFO     | pre_process:train_model:225 - epoch [7/30], step [5/27], loss: 0.2969
2024-04-27 17:15:00.926 | INFO     | pre_process:train_model:225 - epoch [7/30], step [10/27], loss: 0.8473
2024-04-27 17:15:01.130 | INFO     | pre_process:train_model:225 - epoch [7/30], step [15/27], loss: 0.0691
2024-04-27 17:15:01.346 | INFO     | pre_process:train_model:225 - epoch [7/30], step [20/27], loss: 0.1274
2024-04-27 17:15:01.635 | INFO     | pre_process:train_model:225 - epoch [7/30], step [25/27], loss: 0.2950
2024-04-27 17:15:01.827 | INFO     | pre_process:train_model:230 - epoch [7/30], avg_loss: 0.2253
2024-04-27 17:15:02.237 | INFO     | pre_process:train_model:225 - epoch [8/30], step [5/27], loss: 0.0740
2024-04-27 17:15:02.626 | INFO     | pre_process:train_model:225 - epoch [8/30], step [10/27], loss: 0.0677
2024-04-27 17:15:02.954 | INFO     | pre_process:train_model:225 - epoch [8/30], step [15/27], loss: 0.0435
2024-04-27 17:15:03.259 | INFO     | pre_process:train_model:225 - epoch [8/30], step [20/27], loss: 0.0072
2024-04-27 17:15:03.631 | INFO     | pre_process:train_model:225 - epoch [8/30], step [25/27], loss: 0.0355
2024-04-27 17:15:03.769 | INFO     | pre_process:train_model:230 - epoch [8/30], avg_loss: 0.0540
2024-04-27 17:15:04.130 | INFO     | pre_process:train_model:225 - epoch [9/30], step [5/27], loss: 0.2035
2024-04-27 17:15:04.458 | INFO     | pre_process:train_model:225 - epoch [9/30], step [10/27], loss: 0.0089
2024-04-27 17:15:04.824 | INFO     | pre_process:train_model:225 - epoch [9/30], step [15/27], loss: 0.0059
2024-04-27 17:15:05.149 | INFO     | pre_process:train_model:225 - epoch [9/30], step [20/27], loss: 0.0124
2024-04-27 17:15:05.459 | INFO     | pre_process:train_model:225 - epoch [9/30], step [25/27], loss: 0.0074
2024-04-27 17:15:05.583 | INFO     | pre_process:train_model:230 - epoch [9/30], avg_loss: 0.0238
2024-04-27 17:15:05.903 | INFO     | pre_process:train_model:225 - epoch [10/30], step [5/27], loss: 0.0064
2024-04-27 17:15:06.206 | INFO     | pre_process:train_model:225 - epoch [10/30], step [10/27], loss: 0.0071
2024-04-27 17:15:06.495 | INFO     | pre_process:train_model:225 - epoch [10/30], step [15/27], loss: 0.0129
2024-04-27 17:15:06.797 | INFO     | pre_process:train_model:225 - epoch [10/30], step [20/27], loss: 0.0130
2024-04-27 17:15:07.105 | INFO     | pre_process:train_model:225 - epoch [10/30], step [25/27], loss: 0.0058
2024-04-27 17:15:07.226 | INFO     | pre_process:train_model:230 - epoch [10/30], avg_loss: 0.0090
2024-04-27 17:15:07.527 | INFO     | pre_process:train_model:225 - epoch [11/30], step [5/27], loss: 0.0071
2024-04-27 17:15:07.822 | INFO     | pre_process:train_model:225 - epoch [11/30], step [10/27], loss: 0.0026
2024-04-27 17:15:08.085 | INFO     | pre_process:train_model:225 - epoch [11/30], step [15/27], loss: 0.0241
2024-04-27 17:15:08.334 | INFO     | pre_process:train_model:225 - epoch [11/30], step [20/27], loss: 0.0033
2024-04-27 17:15:08.585 | INFO     | pre_process:train_model:225 - epoch [11/30], step [25/27], loss: 0.0104
2024-04-27 17:15:08.693 | INFO     | pre_process:train_model:230 - epoch [11/30], avg_loss: 0.0081
2024-04-27 17:15:08.980 | INFO     | pre_process:train_model:225 - epoch [12/30], step [5/27], loss: 0.0028
2024-04-27 17:15:09.284 | INFO     | pre_process:train_model:225 - epoch [12/30], step [10/27], loss: 0.0082
2024-04-27 17:15:09.594 | INFO     | pre_process:train_model:225 - epoch [12/30], step [15/27], loss: 0.0057
2024-04-27 17:15:09.871 | INFO     | pre_process:train_model:225 - epoch [12/30], step [20/27], loss: 0.0025
2024-04-27 17:15:10.132 | INFO     | pre_process:train_model:225 - epoch [12/30], step [25/27], loss: 0.0054
2024-04-27 17:15:10.249 | INFO     | pre_process:train_model:230 - epoch [12/30], avg_loss: 0.0052
2024-04-27 17:15:10.512 | INFO     | pre_process:train_model:225 - epoch [13/30], step [5/27], loss: 0.0034
2024-04-27 17:15:10.771 | INFO     | pre_process:train_model:225 - epoch [13/30], step [10/27], loss: 0.0035
2024-04-27 17:15:11.039 | INFO     | pre_process:train_model:225 - epoch [13/30], step [15/27], loss: 0.0024
2024-04-27 17:15:11.312 | INFO     | pre_process:train_model:225 - epoch [13/30], step [20/27], loss: 0.0045
2024-04-27 17:15:11.618 | INFO     | pre_process:train_model:225 - epoch [13/30], step [25/27], loss: 0.0025
2024-04-27 17:15:11.741 | INFO     | pre_process:train_model:230 - epoch [13/30], avg_loss: 0.0053
2024-04-27 17:15:12.053 | INFO     | pre_process:train_model:225 - epoch [14/30], step [5/27], loss: 0.0041
2024-04-27 17:15:12.371 | INFO     | pre_process:train_model:225 - epoch [14/30], step [10/27], loss: 0.0035
2024-04-27 17:15:12.675 | INFO     | pre_process:train_model:225 - epoch [14/30], step [15/27], loss: 0.0009
2024-04-27 17:15:13.017 | INFO     | pre_process:train_model:225 - epoch [14/30], step [20/27], loss: 0.0065
2024-04-27 17:15:13.356 | INFO     | pre_process:train_model:225 - epoch [14/30], step [25/27], loss: 0.0033
2024-04-27 17:15:13.450 | INFO     | pre_process:train_model:230 - epoch [14/30], avg_loss: 0.0048
2024-04-27 17:15:13.696 | INFO     | pre_process:train_model:225 - epoch [15/30], step [5/27], loss: 0.0044
2024-04-27 17:15:13.932 | INFO     | pre_process:train_model:225 - epoch [15/30], step [10/27], loss: 0.0022
2024-04-27 17:15:14.153 | INFO     | pre_process:train_model:225 - epoch [15/30], step [15/27], loss: 0.0013
2024-04-27 17:15:14.358 | INFO     | pre_process:train_model:225 - epoch [15/30], step [20/27], loss: 0.0026
2024-04-27 17:15:14.588 | INFO     | pre_process:train_model:225 - epoch [15/30], step [25/27], loss: 0.0029
2024-04-27 17:15:14.676 | INFO     | pre_process:train_model:230 - epoch [15/30], avg_loss: 0.0030
2024-04-27 17:15:14.901 | INFO     | pre_process:train_model:225 - epoch [16/30], step [5/27], loss: 0.0008
2024-04-27 17:15:15.129 | INFO     | pre_process:train_model:225 - epoch [16/30], step [10/27], loss: 0.0013
2024-04-27 17:15:15.355 | INFO     | pre_process:train_model:225 - epoch [16/30], step [15/27], loss: 0.0043
2024-04-27 17:15:15.568 | INFO     | pre_process:train_model:225 - epoch [16/30], step [20/27], loss: 0.0017
2024-04-27 17:15:15.769 | INFO     | pre_process:train_model:225 - epoch [16/30], step [25/27], loss: 0.0004
2024-04-27 17:15:15.851 | INFO     | pre_process:train_model:230 - epoch [16/30], avg_loss: 0.0024
2024-04-27 17:15:16.055 | INFO     | pre_process:train_model:225 - epoch [17/30], step [5/27], loss: 0.0016
2024-04-27 17:15:16.260 | INFO     | pre_process:train_model:225 - epoch [17/30], step [10/27], loss: 0.0013
2024-04-27 17:15:16.459 | INFO     | pre_process:train_model:225 - epoch [17/30], step [15/27], loss: 0.0014
2024-04-27 17:15:16.659 | INFO     | pre_process:train_model:225 - epoch [17/30], step [20/27], loss: 0.0015
2024-04-27 17:15:16.861 | INFO     | pre_process:train_model:225 - epoch [17/30], step [25/27], loss: 0.0007
2024-04-27 17:15:16.944 | INFO     | pre_process:train_model:230 - epoch [17/30], avg_loss: 0.0019
2024-04-27 17:15:17.146 | INFO     | pre_process:train_model:225 - epoch [18/30], step [5/27], loss: 0.0014
2024-04-27 17:15:17.358 | INFO     | pre_process:train_model:225 - epoch [18/30], step [10/27], loss: 0.0004
2024-04-27 17:15:17.556 | INFO     | pre_process:train_model:225 - epoch [18/30], step [15/27], loss: 0.0021
2024-04-27 17:15:17.756 | INFO     | pre_process:train_model:225 - epoch [18/30], step [20/27], loss: 0.0002
2024-04-27 17:15:17.954 | INFO     | pre_process:train_model:225 - epoch [18/30], step [25/27], loss: 0.0015
2024-04-27 17:15:18.035 | INFO     | pre_process:train_model:230 - epoch [18/30], avg_loss: 0.0017
2024-04-27 17:15:18.230 | INFO     | pre_process:train_model:225 - epoch [19/30], step [5/27], loss: 0.0007
2024-04-27 17:15:18.481 | INFO     | pre_process:train_model:225 - epoch [19/30], step [10/27], loss: 0.0032
2024-04-27 17:15:18.798 | INFO     | pre_process:train_model:225 - epoch [19/30], step [15/27], loss: 0.0028
2024-04-27 17:15:19.111 | INFO     | pre_process:train_model:225 - epoch [19/30], step [20/27], loss: 0.0018
2024-04-27 17:15:19.420 | INFO     | pre_process:train_model:225 - epoch [19/30], step [25/27], loss: 0.0023
2024-04-27 17:15:19.538 | INFO     | pre_process:train_model:230 - epoch [19/30], avg_loss: 0.0017
2024-04-27 17:15:19.856 | INFO     | pre_process:train_model:225 - epoch [20/30], step [5/27], loss: 0.0015
2024-04-27 17:15:20.173 | INFO     | pre_process:train_model:225 - epoch [20/30], step [10/27], loss: 0.0049
2024-04-27 17:15:20.490 | INFO     | pre_process:train_model:225 - epoch [20/30], step [15/27], loss: 0.0002
2024-04-27 17:15:20.823 | INFO     | pre_process:train_model:225 - epoch [20/30], step [20/27], loss: 0.0013
2024-04-27 17:15:21.170 | INFO     | pre_process:train_model:225 - epoch [20/30], step [25/27], loss: 0.0013
2024-04-27 17:15:21.302 | INFO     | pre_process:train_model:230 - epoch [20/30], avg_loss: 0.0013
2024-04-27 17:15:21.632 | INFO     | pre_process:train_model:225 - epoch [21/30], step [5/27], loss: 0.0016
2024-04-27 17:15:21.959 | INFO     | pre_process:train_model:225 - epoch [21/30], step [10/27], loss: 0.0016
2024-04-27 17:15:22.273 | INFO     | pre_process:train_model:225 - epoch [21/30], step [15/27], loss: 0.0006
2024-04-27 17:15:22.594 | INFO     | pre_process:train_model:225 - epoch [21/30], step [20/27], loss: 0.0032
2024-04-27 17:15:22.961 | INFO     | pre_process:train_model:225 - epoch [21/30], step [25/27], loss: 0.0020
2024-04-27 17:15:23.149 | INFO     | pre_process:train_model:230 - epoch [21/30], avg_loss: 0.0015
2024-04-27 17:15:23.495 | INFO     | pre_process:train_model:225 - epoch [22/30], step [5/27], loss: 0.0033
2024-04-27 17:15:23.858 | INFO     | pre_process:train_model:225 - epoch [22/30], step [10/27], loss: 0.0005
2024-04-27 17:15:24.242 | INFO     | pre_process:train_model:225 - epoch [22/30], step [15/27], loss: 0.0012
2024-04-27 17:15:24.589 | INFO     | pre_process:train_model:225 - epoch [22/30], step [20/27], loss: 0.0007
2024-04-27 17:15:24.923 | INFO     | pre_process:train_model:225 - epoch [22/30], step [25/27], loss: 0.0005
2024-04-27 17:15:25.051 | INFO     | pre_process:train_model:230 - epoch [22/30], avg_loss: 0.0014
2024-04-27 17:15:25.321 | INFO     | pre_process:train_model:225 - epoch [23/30], step [5/27], loss: 0.0009
2024-04-27 17:15:25.611 | INFO     | pre_process:train_model:225 - epoch [23/30], step [10/27], loss: 0.0008
2024-04-27 17:15:25.904 | INFO     | pre_process:train_model:225 - epoch [23/30], step [15/27], loss: 0.0012
2024-04-27 17:15:26.183 | INFO     | pre_process:train_model:225 - epoch [23/30], step [20/27], loss: 0.0011
2024-04-27 17:15:26.449 | INFO     | pre_process:train_model:225 - epoch [23/30], step [25/27], loss: 0.0008
2024-04-27 17:15:26.556 | INFO     | pre_process:train_model:230 - epoch [23/30], avg_loss: 0.0009
2024-04-27 17:15:26.814 | INFO     | pre_process:train_model:225 - epoch [24/30], step [5/27], loss: 0.0004
2024-04-27 17:15:27.073 | INFO     | pre_process:train_model:225 - epoch [24/30], step [10/27], loss: 0.0008
2024-04-27 17:15:27.334 | INFO     | pre_process:train_model:225 - epoch [24/30], step [15/27], loss: 0.0007
2024-04-27 17:15:27.587 | INFO     | pre_process:train_model:225 - epoch [24/30], step [20/27], loss: 0.0007
2024-04-27 17:15:27.835 | INFO     | pre_process:train_model:225 - epoch [24/30], step [25/27], loss: 0.0003
2024-04-27 17:15:27.937 | INFO     | pre_process:train_model:230 - epoch [24/30], avg_loss: 0.0007
2024-04-27 17:15:28.194 | INFO     | pre_process:train_model:225 - epoch [25/30], step [5/27], loss: 0.0005
2024-04-27 17:15:28.448 | INFO     | pre_process:train_model:225 - epoch [25/30], step [10/27], loss: 0.0004
2024-04-27 17:15:28.714 | INFO     | pre_process:train_model:225 - epoch [25/30], step [15/27], loss: 0.0011
2024-04-27 17:15:29.027 | INFO     | pre_process:train_model:225 - epoch [25/30], step [20/27], loss: 0.0016
2024-04-27 17:15:29.321 | INFO     | pre_process:train_model:225 - epoch [25/30], step [25/27], loss: 0.0003
2024-04-27 17:15:29.438 | INFO     | pre_process:train_model:230 - epoch [25/30], avg_loss: 0.0008
2024-04-27 17:15:29.755 | INFO     | pre_process:train_model:225 - epoch [26/30], step [5/27], loss: 0.0008
2024-04-27 17:15:30.050 | INFO     | pre_process:train_model:225 - epoch [26/30], step [10/27], loss: 0.0007
2024-04-27 17:15:30.360 | INFO     | pre_process:train_model:225 - epoch [26/30], step [15/27], loss: 0.0012
2024-04-27 17:15:30.639 | INFO     | pre_process:train_model:225 - epoch [26/30], step [20/27], loss: 0.0023
2024-04-27 17:15:30.848 | INFO     | pre_process:train_model:225 - epoch [26/30], step [25/27], loss: 0.0005
2024-04-27 17:15:30.932 | INFO     | pre_process:train_model:230 - epoch [26/30], avg_loss: 0.0010
2024-04-27 17:15:31.132 | INFO     | pre_process:train_model:225 - epoch [27/30], step [5/27], loss: 0.0012
2024-04-27 17:15:31.329 | INFO     | pre_process:train_model:225 - epoch [27/30], step [10/27], loss: 0.0011
2024-04-27 17:15:31.525 | INFO     | pre_process:train_model:225 - epoch [27/30], step [15/27], loss: 0.0003
2024-04-27 17:15:31.719 | INFO     | pre_process:train_model:225 - epoch [27/30], step [20/27], loss: 0.0009
2024-04-27 17:15:31.913 | INFO     | pre_process:train_model:225 - epoch [27/30], step [25/27], loss: 0.0011
2024-04-27 17:15:31.985 | INFO     | pre_process:train_model:230 - epoch [27/30], avg_loss: 0.0008
2024-04-27 17:15:32.190 | INFO     | pre_process:train_model:225 - epoch [28/30], step [5/27], loss: 0.0002
2024-04-27 17:15:32.384 | INFO     | pre_process:train_model:225 - epoch [28/30], step [10/27], loss: 0.0005
2024-04-27 17:15:32.578 | INFO     | pre_process:train_model:225 - epoch [28/30], step [15/27], loss: 0.0009
2024-04-27 17:15:32.792 | INFO     | pre_process:train_model:225 - epoch [28/30], step [20/27], loss: 0.0009
2024-04-27 17:15:33.004 | INFO     | pre_process:train_model:225 - epoch [28/30], step [25/27], loss: 0.0002
2024-04-27 17:15:33.091 | INFO     | pre_process:train_model:230 - epoch [28/30], avg_loss: 0.0008
2024-04-27 17:15:33.305 | INFO     | pre_process:train_model:225 - epoch [29/30], step [5/27], loss: 0.0003
2024-04-27 17:15:33.511 | INFO     | pre_process:train_model:225 - epoch [29/30], step [10/27], loss: 0.0002
2024-04-27 17:15:33.710 | INFO     | pre_process:train_model:225 - epoch [29/30], step [15/27], loss: 0.0003
2024-04-27 17:15:33.911 | INFO     | pre_process:train_model:225 - epoch [29/30], step [20/27], loss: 0.0002
2024-04-27 17:15:34.109 | INFO     | pre_process:train_model:225 - epoch [29/30], step [25/27], loss: 0.0008
2024-04-27 17:15:34.189 | INFO     | pre_process:train_model:230 - epoch [29/30], avg_loss: 0.0006
2024-04-27 17:15:34.397 | INFO     | pre_process:train_model:225 - epoch [30/30], step [5/27], loss: 0.0003
2024-04-27 17:15:34.634 | INFO     | pre_process:train_model:225 - epoch [30/30], step [10/27], loss: 0.0001
2024-04-27 17:15:34.989 | INFO     | pre_process:train_model:225 - epoch [30/30], step [15/27], loss: 0.0005
2024-04-27 17:15:35.260 | INFO     | pre_process:train_model:225 - epoch [30/30], step [20/27], loss: 0.0009
2024-04-27 17:15:35.488 | INFO     | pre_process:train_model:225 - epoch [30/30], step [25/27], loss: 0.0009
2024-04-27 17:15:35.586 | INFO     | pre_process:train_model:230 - epoch [30/30], avg_loss: 0.0006
2024-04-27 17:15:35.586 | SUCCESS  | pre_process:train_model:232 - 训练完成
